<?xml version="1.0" encoding="UTF-8"?>
<testsuite xmlns:xsi="http://www.w3.org/2001/XMLSchema-instance" xsi:noNamespaceSchemaLocation="https://maven.apache.org/surefire/maven-surefire-plugin/xsd/surefire-test-report-3.0.xsd" version="3.0" name="TestSuite" time="307.07" tests="6" errors="0" skipped="2" failures="1">
  <properties>
    <property name="sun.desktop" value="windows"/>
    <property name="awt.toolkit" value="sun.awt.windows.WToolkit"/>
    <property name="file.encoding.pkg" value="sun.io"/>
    <property name="java.specification.version" value="1.8"/>
    <property name="webdriver.chrome.driver" value="C:\Users\Admin\.cache\selenium\chromedriver\win32\97.0.4692.71\chromedriver.exe"/>
    <property name="sun.cpu.isalist" value="amd64"/>
    <property name="sun.jnu.encoding" value="Cp1252"/>
    <property name="java.class.path" value="D:\AUTOMATION\OMSAutomation\target\test-classes;D:\AUTOMATION\OMSAutomation\target\classes;C:\Users\Admin\.m2\repository\junit\junit\4.11\junit-4.11.jar;C:\Users\Admin\.m2\repository\org\hamcrest\hamcrest-core\1.3\hamcrest-core-1.3.jar;C:\Users\Admin\.m2\repository\javax\xml\bind\jaxb-api\2.3.1\jaxb-api-2.3.1.jar;C:\Users\Admin\.m2\repository\javax\activation\javax.activation-api\1.2.0\javax.activation-api-1.2.0.jar;C:\Users\Admin\.m2\repository\org\testng\testng\7.4.0\testng-7.4.0.jar;C:\Users\Admin\.m2\repository\com\beust\jcommander\1.78\jcommander-1.78.jar;C:\Users\Admin\.m2\repository\org\webjars\jquery\3.5.1\jquery-3.5.1.jar;C:\Users\Admin\.m2\repository\log4j\log4j\1.2.17\log4j-1.2.17.jar;C:\Users\Admin\.m2\repository\org\slf4j\slf4j-api\1.7.32\slf4j-api-1.7.32.jar;C:\Users\Admin\.m2\repository\org\slf4j\slf4j-simple\1.7.32\slf4j-simple-1.7.32.jar;C:\Users\Admin\.m2\repository\com\aventstack\extentreports\5.0.8\extentreports-5.0.8.jar;C:\Users\Admin\.m2\repository\io\reactivex\rxjava3\rxjava\3.0.4\rxjava-3.0.4.jar;C:\Users\Admin\.m2\repository\org\reactivestreams\reactive-streams\1.0.3\reactive-streams-1.0.3.jar;C:\Users\Admin\.m2\repository\org\freemarker\freemarker\2.3.30\freemarker-2.3.30.jar;C:\Users\Admin\.m2\repository\org\projectlombok\lombok\1.18.12\lombok-1.18.12.jar;C:\Users\Admin\.m2\repository\com\googlecode\json-simple\json-simple\1.1.1\json-simple-1.1.1.jar;C:\Users\Admin\.m2\repository\commons-io\commons-io\2.4\commons-io-2.4.jar;C:\Users\Admin\.m2\repository\io\rest-assured\rest-assured\4.4.0\rest-assured-4.4.0.jar;C:\Users\Admin\.m2\repository\org\codehaus\groovy\groovy\3.0.8\groovy-3.0.8.jar;C:\Users\Admin\.m2\repository\org\codehaus\groovy\groovy-xml\3.0.8\groovy-xml-3.0.8.jar;C:\Users\Admin\.m2\repository\org\apache\httpcomponents\httpclient\4.5.13\httpclient-4.5.13.jar;C:\Users\Admin\.m2\repository\org\apache\httpcomponents\httpcore\4.4.13\httpcore-4.4.13.jar;C:\Users\Admin\.m2\repository\commons-logging\commons-logging\1.2\commons-logging-1.2.jar;C:\Users\Admin\.m2\repository\org\apache\httpcomponents\httpmime\4.5.13\httpmime-4.5.13.jar;C:\Users\Admin\.m2\repository\org\hamcrest\hamcrest\2.1\hamcrest-2.1.jar;C:\Users\Admin\.m2\repository\org\ccil\cowan\tagsoup\tagsoup\1.2.1\tagsoup-1.2.1.jar;C:\Users\Admin\.m2\repository\io\rest-assured\json-path\4.4.0\json-path-4.4.0.jar;C:\Users\Admin\.m2\repository\org\codehaus\groovy\groovy-json\3.0.8\groovy-json-3.0.8.jar;C:\Users\Admin\.m2\repository\io\rest-assured\rest-assured-common\4.4.0\rest-assured-common-4.4.0.jar;C:\Users\Admin\.m2\repository\io\rest-assured\json-schema-validator\4.4.0\json-schema-validator-4.4.0.jar;C:\Users\Admin\.m2\repository\com\github\java-json-tools\json-schema-validator\2.2.14\json-schema-validator-2.2.14.jar;C:\Users\Admin\.m2\repository\com\github\java-json-tools\jackson-coreutils-equivalence\1.0\jackson-coreutils-equivalence-1.0.jar;C:\Users\Admin\.m2\repository\com\github\java-json-tools\jackson-coreutils\2.0\jackson-coreutils-2.0.jar;C:\Users\Admin\.m2\repository\com\github\java-json-tools\msg-simple\1.2\msg-simple-1.2.jar;C:\Users\Admin\.m2\repository\com\github\java-json-tools\btf\1.3\btf-1.3.jar;C:\Users\Admin\.m2\repository\com\github\java-json-tools\json-schema-core\1.2.14\json-schema-core-1.2.14.jar;C:\Users\Admin\.m2\repository\com\github\java-json-tools\uri-template\0.10\uri-template-0.10.jar;C:\Users\Admin\.m2\repository\org\mozilla\rhino\1.7.7.2\rhino-1.7.7.2.jar;C:\Users\Admin\.m2\repository\com\sun\mail\mailapi\1.6.2\mailapi-1.6.2.jar;C:\Users\Admin\.m2\repository\joda-time\joda-time\2.10.5\joda-time-2.10.5.jar;C:\Users\Admin\.m2\repository\com\googlecode\libphonenumber\libphonenumber\8.11.1\libphonenumber-8.11.1.jar;C:\Users\Admin\.m2\repository\com\google\code\findbugs\jsr305\3.0.2\jsr305-3.0.2.jar;C:\Users\Admin\.m2\repository\net\sf\jopt-simple\jopt-simple\5.0.4\jopt-simple-5.0.4.jar;C:\Users\Admin\.m2\repository\io\rest-assured\xml-path\4.4.0\xml-path-4.4.0.jar;C:\Users\Admin\.m2\repository\org\apache\commons\commons-lang3\3.11\commons-lang3-3.11.jar;C:\Users\Admin\.m2\repository\jakarta\xml\bind\jakarta.xml.bind-api\2.3.3\jakarta.xml.bind-api-2.3.3.jar;C:\Users\Admin\.m2\repository\jakarta\activation\jakarta.activation-api\1.2.2\jakarta.activation-api-1.2.2.jar;C:\Users\Admin\.m2\repository\com\sun\xml\bind\jaxb-impl\2.3.3\jaxb-impl-2.3.3.jar;C:\Users\Admin\.m2\repository\org\json\json\20180813\json-20180813.jar;C:\Users\Admin\.m2\repository\org\apache\poi\poi\5.0.0\poi-5.0.0.jar;C:\Users\Admin\.m2\repository\org\slf4j\jcl-over-slf4j\1.7.30\jcl-over-slf4j-1.7.30.jar;C:\Users\Admin\.m2\repository\commons-codec\commons-codec\1.15\commons-codec-1.15.jar;C:\Users\Admin\.m2\repository\org\apache\commons\commons-collections4\4.4\commons-collections4-4.4.jar;C:\Users\Admin\.m2\repository\org\apache\commons\commons-math3\3.6.1\commons-math3-3.6.1.jar;C:\Users\Admin\.m2\repository\com\zaxxer\SparseBitSet\1.2\SparseBitSet-1.2.jar;C:\Users\Admin\.m2\repository\org\apache\poi\poi-ooxml\5.0.0\poi-ooxml-5.0.0.jar;C:\Users\Admin\.m2\repository\org\apache\poi\poi-ooxml-lite\5.0.0\poi-ooxml-lite-5.0.0.jar;C:\Users\Admin\.m2\repository\org\apache\xmlbeans\xmlbeans\4.0.0\xmlbeans-4.0.0.jar;C:\Users\Admin\.m2\repository\xml-apis\xml-apis\1.4.01\xml-apis-1.4.01.jar;C:\Users\Admin\.m2\repository\org\apache\commons\commons-compress\1.20\commons-compress-1.20.jar;C:\Users\Admin\.m2\repository\com\github\virtuald\curvesapi\1.06\curvesapi-1.06.jar;C:\Users\Admin\.m2\repository\org\bouncycastle\bcpkix-jdk15on\1.68\bcpkix-jdk15on-1.68.jar;C:\Users\Admin\.m2\repository\org\bouncycastle\bcprov-jdk15on\1.68\bcprov-jdk15on-1.68.jar;C:\Users\Admin\.m2\repository\org\apache\santuario\xmlsec\2.2.1\xmlsec-2.2.1.jar;C:\Users\Admin\.m2\repository\com\fasterxml\woodstox\woodstox-core\5.2.1\woodstox-core-5.2.1.jar;C:\Users\Admin\.m2\repository\org\codehaus\woodstox\stax2-api\4.2\stax2-api-4.2.jar;C:\Users\Admin\.m2\repository\org\apache\xmlgraphics\batik-all\1.13\batik-all-1.13.jar;C:\Users\Admin\.m2\repository\org\apache\xmlgraphics\batik-anim\1.13\batik-anim-1.13.jar;C:\Users\Admin\.m2\repository\org\apache\xmlgraphics\batik-shared-resources\1.13\batik-shared-resources-1.13.jar;C:\Users\Admin\.m2\repository\xml-apis\xml-apis-ext\1.3.04\xml-apis-ext-1.3.04.jar;C:\Users\Admin\.m2\repository\org\apache\xmlgraphics\batik-awt-util\1.13\batik-awt-util-1.13.jar;C:\Users\Admin\.m2\repository\org\apache\xmlgraphics\xmlgraphics-commons\2.4\xmlgraphics-commons-2.4.jar;C:\Users\Admin\.m2\repository\org\apache\xmlgraphics\batik-bridge\1.13\batik-bridge-1.13.jar;C:\Users\Admin\.m2\repository\org\apache\xmlgraphics\batik-codec\1.13\batik-codec-1.13.jar;C:\Users\Admin\.m2\repository\org\apache\xmlgraphics\batik-constants\1.13\batik-constants-1.13.jar;C:\Users\Admin\.m2\repository\org\apache\xmlgraphics\batik-css\1.13\batik-css-1.13.jar;C:\Users\Admin\.m2\repository\org\apache\xmlgraphics\batik-dom\1.13\batik-dom-1.13.jar;C:\Users\Admin\.m2\repository\xalan\xalan\2.7.2\xalan-2.7.2.jar;C:\Users\Admin\.m2\repository\xalan\serializer\2.7.2\serializer-2.7.2.jar;C:\Users\Admin\.m2\repository\org\apache\xmlgraphics\batik-ext\1.13\batik-ext-1.13.jar;C:\Users\Admin\.m2\repository\org\apache\xmlgraphics\batik-extension\1.13\batik-extension-1.13.jar;C:\Users\Admin\.m2\repository\org\apache\xmlgraphics\batik-gui-util\1.13\batik-gui-util-1.13.jar;C:\Users\Admin\.m2\repository\org\apache\xmlgraphics\batik-gvt\1.13\batik-gvt-1.13.jar;C:\Users\Admin\.m2\repository\org\apache\xmlgraphics\batik-i18n\1.13\batik-i18n-1.13.jar;C:\Users\Admin\.m2\repository\org\apache\xmlgraphics\batik-parser\1.13\batik-parser-1.13.jar;C:\Users\Admin\.m2\repository\org\apache\xmlgraphics\batik-rasterizer-ext\1.13\batik-rasterizer-ext-1.13.jar;C:\Users\Admin\.m2\repository\org\apache\xmlgraphics\batik-rasterizer\1.13\batik-rasterizer-1.13.jar;C:\Users\Admin\.m2\repository\org\apache\xmlgraphics\batik-script\1.13\batik-script-1.13.jar;C:\Users\Admin\.m2\repository\org\apache\xmlgraphics\batik-slideshow\1.13\batik-slideshow-1.13.jar;C:\Users\Admin\.m2\repository\org\apache\xmlgraphics\batik-squiggle-ext\1.13\batik-squiggle-ext-1.13.jar;C:\Users\Admin\.m2\repository\org\apache\xmlgraphics\batik-squiggle\1.13\batik-squiggle-1.13.jar;C:\Users\Admin\.m2\repository\org\apache\xmlgraphics\batik-svg-dom\1.13\batik-svg-dom-1.13.jar;C:\Users\Admin\.m2\repository\org\apache\xmlgraphics\batik-svgbrowser\1.13\batik-svgbrowser-1.13.jar;C:\Users\Admin\.m2\repository\org\apache\xmlgraphics\batik-svggen\1.13\batik-svggen-1.13.jar;C:\Users\Admin\.m2\repository\org\apache\xmlgraphics\batik-svgpp\1.13\batik-svgpp-1.13.jar;C:\Users\Admin\.m2\repository\org\apache\xmlgraphics\batik-svgrasterizer\1.13\batik-svgrasterizer-1.13.jar;C:\Users\Admin\.m2\repository\org\apache\xmlgraphics\batik-swing\1.13\batik-swing-1.13.jar;C:\Users\Admin\.m2\repository\org\apache\xmlgraphics\batik-transcoder\1.13\batik-transcoder-1.13.jar;C:\Users\Admin\.m2\repository\org\apache\xmlgraphics\batik-util\1.13\batik-util-1.13.jar;C:\Users\Admin\.m2\repository\org\apache\xmlgraphics\batik-ttf2svg\1.13\batik-ttf2svg-1.13.jar;C:\Users\Admin\.m2\repository\org\apache\xmlgraphics\batik-xml\1.13\batik-xml-1.13.jar;C:\Users\Admin\.m2\repository\de\rototor\pdfbox\graphics2d\0.30\graphics2d-0.30.jar;C:\Users\Admin\.m2\repository\org\apache\pdfbox\pdfbox\2.0.22\pdfbox-2.0.22.jar;C:\Users\Admin\.m2\repository\org\apache\pdfbox\fontbox\2.0.22\fontbox-2.0.22.jar;C:\Users\Admin\.m2\repository\com\google\code\gson\gson\2.8.5\gson-2.8.5.jar;C:\Users\Admin\.m2\repository\commons-collections\commons-collections\3.2.1\commons-collections-3.2.1.jar;C:\Users\Admin\.m2\repository\com\vimalselvam\cucumber-extentsreport\3.0.2\cucumber-extentsreport-3.0.2.jar;C:\Users\Admin\.m2\repository\info\cukes\cucumber-testng\1.2.4\cucumber-testng-1.2.4.jar;C:\Users\Admin\.m2\repository\info\cukes\gherkin\2.12.2\gherkin-2.12.2.jar;C:\Users\Admin\.m2\repository\info\cukes\cucumber-java\1.2.4\cucumber-java-1.2.4.jar;C:\Users\Admin\.m2\repository\info\cukes\cucumber-core\1.2.4\cucumber-core-1.2.4.jar;C:\Users\Admin\.m2\repository\info\cukes\cucumber-html\0.2.3\cucumber-html-0.2.3.jar;C:\Users\Admin\.m2\repository\info\cukes\cucumber-jvm-deps\1.0.5\cucumber-jvm-deps-1.0.5.jar;C:\Users\Admin\.m2\repository\org\seleniumhq\selenium\selenium-java\3.141.59\selenium-java-3.141.59.jar;C:\Users\Admin\.m2\repository\org\seleniumhq\selenium\selenium-api\3.141.59\selenium-api-3.141.59.jar;C:\Users\Admin\.m2\repository\org\seleniumhq\selenium\selenium-chrome-driver\3.141.59\selenium-chrome-driver-3.141.59.jar;C:\Users\Admin\.m2\repository\org\seleniumhq\selenium\selenium-edge-driver\3.141.59\selenium-edge-driver-3.141.59.jar;C:\Users\Admin\.m2\repository\org\seleniumhq\selenium\selenium-firefox-driver\3.141.59\selenium-firefox-driver-3.141.59.jar;C:\Users\Admin\.m2\repository\org\seleniumhq\selenium\selenium-ie-driver\3.141.59\selenium-ie-driver-3.141.59.jar;C:\Users\Admin\.m2\repository\org\seleniumhq\selenium\selenium-opera-driver\3.141.59\selenium-opera-driver-3.141.59.jar;C:\Users\Admin\.m2\repository\org\seleniumhq\selenium\selenium-remote-driver\3.141.59\selenium-remote-driver-3.141.59.jar;C:\Users\Admin\.m2\repository\org\seleniumhq\selenium\selenium-safari-driver\3.141.59\selenium-safari-driver-3.141.59.jar;C:\Users\Admin\.m2\repository\org\seleniumhq\selenium\selenium-support\3.141.59\selenium-support-3.141.59.jar;C:\Users\Admin\.m2\repository\net\bytebuddy\byte-buddy\1.8.15\byte-buddy-1.8.15.jar;C:\Users\Admin\.m2\repository\org\apache\commons\commons-exec\1.3\commons-exec-1.3.jar;C:\Users\Admin\.m2\repository\com\google\guava\guava\25.0-jre\guava-25.0-jre.jar;C:\Users\Admin\.m2\repository\org\checkerframework\checker-compat-qual\2.0.0\checker-compat-qual-2.0.0.jar;C:\Users\Admin\.m2\repository\com\google\errorprone\error_prone_annotations\2.1.3\error_prone_annotations-2.1.3.jar;C:\Users\Admin\.m2\repository\com\google\j2objc\j2objc-annotations\1.1\j2objc-annotations-1.1.jar;C:\Users\Admin\.m2\repository\org\codehaus\mojo\animal-sniffer-annotations\1.14\animal-sniffer-annotations-1.14.jar;C:\Users\Admin\.m2\repository\com\squareup\okhttp3\okhttp\3.11.0\okhttp-3.11.0.jar;C:\Users\Admin\.m2\repository\com\squareup\okio\okio\1.14.0\okio-1.14.0.jar;C:\Users\Admin\.m2\repository\io\github\bonigarcia\webdrivermanager\5.0.3\webdrivermanager-5.0.3.jar;C:\Users\Admin\.m2\repository\org\jsoup\jsoup\1.14.2\jsoup-1.14.2.jar;C:\Users\Admin\.m2\repository\com\github\docker-java\docker-java\3.2.12\docker-java-3.2.12.jar;C:\Users\Admin\.m2\repository\com\github\docker-java\docker-java-core\3.2.12\docker-java-core-3.2.12.jar;C:\Users\Admin\.m2\repository\com\github\docker-java\docker-java-api\3.2.12\docker-java-api-3.2.12.jar;C:\Users\Admin\.m2\repository\commons-lang\commons-lang\2.6\commons-lang-2.6.jar;C:\Users\Admin\.m2\repository\com\github\docker-java\docker-java-transport-httpclient5\3.2.12\docker-java-transport-httpclient5-3.2.12.jar;C:\Users\Admin\.m2\repository\com\github\docker-java\docker-java-transport\3.2.12\docker-java-transport-3.2.12.jar;C:\Users\Admin\.m2\repository\org\apache\httpcomponents\client5\httpclient5\5.0.3\httpclient5-5.0.3.jar;C:\Users\Admin\.m2\repository\org\apache\httpcomponents\core5\httpcore5\5.0.2\httpcore5-5.0.2.jar;C:\Users\Admin\.m2\repository\net\java\dev\jna\jna\5.8.0\jna-5.8.0.jar;C:\Users\Admin\.m2\repository\org\brotli\dec\0.1.2\dec-0.1.2.jar;C:\Users\Admin\.m2\repository\com\fasterxml\jackson\core\jackson-databind\2.9.0.pr2\jackson-databind-2.9.0.pr2.jar;C:\Users\Admin\.m2\repository\com\fasterxml\jackson\core\jackson-annotations\2.9.0.pr2\jackson-annotations-2.9.0.pr2.jar;C:\Users\Admin\.m2\repository\com\fasterxml\jackson\core\jackson-core\2.9.0.pr2\jackson-core-2.9.0.pr2.jar;C:\Users\Admin\.m2\repository\javax\mail\mail\1.4\mail-1.4.jar;C:\Users\Admin\.m2\repository\javax\activation\activation\1.1.1\activation-1.1.1.jar;"/>
    <property name="java.vm.vendor" value="Oracle Corporation"/>
    <property name="sun.arch.data.model" value="64"/>
    <property name="user.variant" value=""/>
    <property name="java.vendor.url" value="http://java.oracle.com/"/>
    <property name="user.timezone" value="Asia/Calcutta"/>
    <property name="java.vm.specification.version" value="1.8"/>
    <property name="os.name" value="Windows 10"/>
    <property name="webdriver.chrome.silentOutput" value="true"/>
    <property name="user.country" value="US"/>
    <property name="sun.java.launcher" value="SUN_STANDARD"/>
    <property name="sun.boot.library.path" value="C:\Program Files\Java\jdk1.8.0_271\jre\bin"/>
    <property name="sun.java.command" value="C:\Users\Admin\AppData\Local\Temp\surefire9045408134423225123\surefirebooter2399589434315368202.jar C:\Users\Admin\AppData\Local\Temp\surefire9045408134423225123 2022-01-19T13-29-31_659-jvmRun1 surefire2402512344972488714tmp surefire_05547065427623072980tmp"/>
    <property name="surefire.test.class.path" value="D:\AUTOMATION\OMSAutomation\target\test-classes;D:\AUTOMATION\OMSAutomation\target\classes;C:\Users\Admin\.m2\repository\junit\junit\4.11\junit-4.11.jar;C:\Users\Admin\.m2\repository\org\hamcrest\hamcrest-core\1.3\hamcrest-core-1.3.jar;C:\Users\Admin\.m2\repository\javax\xml\bind\jaxb-api\2.3.1\jaxb-api-2.3.1.jar;C:\Users\Admin\.m2\repository\javax\activation\javax.activation-api\1.2.0\javax.activation-api-1.2.0.jar;C:\Users\Admin\.m2\repository\org\testng\testng\7.4.0\testng-7.4.0.jar;C:\Users\Admin\.m2\repository\com\beust\jcommander\1.78\jcommander-1.78.jar;C:\Users\Admin\.m2\repository\org\webjars\jquery\3.5.1\jquery-3.5.1.jar;C:\Users\Admin\.m2\repository\log4j\log4j\1.2.17\log4j-1.2.17.jar;C:\Users\Admin\.m2\repository\org\slf4j\slf4j-api\1.7.32\slf4j-api-1.7.32.jar;C:\Users\Admin\.m2\repository\org\slf4j\slf4j-simple\1.7.32\slf4j-simple-1.7.32.jar;C:\Users\Admin\.m2\repository\com\aventstack\extentreports\5.0.8\extentreports-5.0.8.jar;C:\Users\Admin\.m2\repository\io\reactivex\rxjava3\rxjava\3.0.4\rxjava-3.0.4.jar;C:\Users\Admin\.m2\repository\org\reactivestreams\reactive-streams\1.0.3\reactive-streams-1.0.3.jar;C:\Users\Admin\.m2\repository\org\freemarker\freemarker\2.3.30\freemarker-2.3.30.jar;C:\Users\Admin\.m2\repository\org\projectlombok\lombok\1.18.12\lombok-1.18.12.jar;C:\Users\Admin\.m2\repository\com\googlecode\json-simple\json-simple\1.1.1\json-simple-1.1.1.jar;C:\Users\Admin\.m2\repository\commons-io\commons-io\2.4\commons-io-2.4.jar;C:\Users\Admin\.m2\repository\io\rest-assured\rest-assured\4.4.0\rest-assured-4.4.0.jar;C:\Users\Admin\.m2\repository\org\codehaus\groovy\groovy\3.0.8\groovy-3.0.8.jar;C:\Users\Admin\.m2\repository\org\codehaus\groovy\groovy-xml\3.0.8\groovy-xml-3.0.8.jar;C:\Users\Admin\.m2\repository\org\apache\httpcomponents\httpclient\4.5.13\httpclient-4.5.13.jar;C:\Users\Admin\.m2\repository\org\apache\httpcomponents\httpcore\4.4.13\httpcore-4.4.13.jar;C:\Users\Admin\.m2\repository\commons-logging\commons-logging\1.2\commons-logging-1.2.jar;C:\Users\Admin\.m2\repository\org\apache\httpcomponents\httpmime\4.5.13\httpmime-4.5.13.jar;C:\Users\Admin\.m2\repository\org\hamcrest\hamcrest\2.1\hamcrest-2.1.jar;C:\Users\Admin\.m2\repository\org\ccil\cowan\tagsoup\tagsoup\1.2.1\tagsoup-1.2.1.jar;C:\Users\Admin\.m2\repository\io\rest-assured\json-path\4.4.0\json-path-4.4.0.jar;C:\Users\Admin\.m2\repository\org\codehaus\groovy\groovy-json\3.0.8\groovy-json-3.0.8.jar;C:\Users\Admin\.m2\repository\io\rest-assured\rest-assured-common\4.4.0\rest-assured-common-4.4.0.jar;C:\Users\Admin\.m2\repository\io\rest-assured\json-schema-validator\4.4.0\json-schema-validator-4.4.0.jar;C:\Users\Admin\.m2\repository\com\github\java-json-tools\json-schema-validator\2.2.14\json-schema-validator-2.2.14.jar;C:\Users\Admin\.m2\repository\com\github\java-json-tools\jackson-coreutils-equivalence\1.0\jackson-coreutils-equivalence-1.0.jar;C:\Users\Admin\.m2\repository\com\github\java-json-tools\jackson-coreutils\2.0\jackson-coreutils-2.0.jar;C:\Users\Admin\.m2\repository\com\github\java-json-tools\msg-simple\1.2\msg-simple-1.2.jar;C:\Users\Admin\.m2\repository\com\github\java-json-tools\btf\1.3\btf-1.3.jar;C:\Users\Admin\.m2\repository\com\github\java-json-tools\json-schema-core\1.2.14\json-schema-core-1.2.14.jar;C:\Users\Admin\.m2\repository\com\github\java-json-tools\uri-template\0.10\uri-template-0.10.jar;C:\Users\Admin\.m2\repository\org\mozilla\rhino\1.7.7.2\rhino-1.7.7.2.jar;C:\Users\Admin\.m2\repository\com\sun\mail\mailapi\1.6.2\mailapi-1.6.2.jar;C:\Users\Admin\.m2\repository\joda-time\joda-time\2.10.5\joda-time-2.10.5.jar;C:\Users\Admin\.m2\repository\com\googlecode\libphonenumber\libphonenumber\8.11.1\libphonenumber-8.11.1.jar;C:\Users\Admin\.m2\repository\com\google\code\findbugs\jsr305\3.0.2\jsr305-3.0.2.jar;C:\Users\Admin\.m2\repository\net\sf\jopt-simple\jopt-simple\5.0.4\jopt-simple-5.0.4.jar;C:\Users\Admin\.m2\repository\io\rest-assured\xml-path\4.4.0\xml-path-4.4.0.jar;C:\Users\Admin\.m2\repository\org\apache\commons\commons-lang3\3.11\commons-lang3-3.11.jar;C:\Users\Admin\.m2\repository\jakarta\xml\bind\jakarta.xml.bind-api\2.3.3\jakarta.xml.bind-api-2.3.3.jar;C:\Users\Admin\.m2\repository\jakarta\activation\jakarta.activation-api\1.2.2\jakarta.activation-api-1.2.2.jar;C:\Users\Admin\.m2\repository\com\sun\xml\bind\jaxb-impl\2.3.3\jaxb-impl-2.3.3.jar;C:\Users\Admin\.m2\repository\org\json\json\20180813\json-20180813.jar;C:\Users\Admin\.m2\repository\org\apache\poi\poi\5.0.0\poi-5.0.0.jar;C:\Users\Admin\.m2\repository\org\slf4j\jcl-over-slf4j\1.7.30\jcl-over-slf4j-1.7.30.jar;C:\Users\Admin\.m2\repository\commons-codec\commons-codec\1.15\commons-codec-1.15.jar;C:\Users\Admin\.m2\repository\org\apache\commons\commons-collections4\4.4\commons-collections4-4.4.jar;C:\Users\Admin\.m2\repository\org\apache\commons\commons-math3\3.6.1\commons-math3-3.6.1.jar;C:\Users\Admin\.m2\repository\com\zaxxer\SparseBitSet\1.2\SparseBitSet-1.2.jar;C:\Users\Admin\.m2\repository\org\apache\poi\poi-ooxml\5.0.0\poi-ooxml-5.0.0.jar;C:\Users\Admin\.m2\repository\org\apache\poi\poi-ooxml-lite\5.0.0\poi-ooxml-lite-5.0.0.jar;C:\Users\Admin\.m2\repository\org\apache\xmlbeans\xmlbeans\4.0.0\xmlbeans-4.0.0.jar;C:\Users\Admin\.m2\repository\xml-apis\xml-apis\1.4.01\xml-apis-1.4.01.jar;C:\Users\Admin\.m2\repository\org\apache\commons\commons-compress\1.20\commons-compress-1.20.jar;C:\Users\Admin\.m2\repository\com\github\virtuald\curvesapi\1.06\curvesapi-1.06.jar;C:\Users\Admin\.m2\repository\org\bouncycastle\bcpkix-jdk15on\1.68\bcpkix-jdk15on-1.68.jar;C:\Users\Admin\.m2\repository\org\bouncycastle\bcprov-jdk15on\1.68\bcprov-jdk15on-1.68.jar;C:\Users\Admin\.m2\repository\org\apache\santuario\xmlsec\2.2.1\xmlsec-2.2.1.jar;C:\Users\Admin\.m2\repository\com\fasterxml\woodstox\woodstox-core\5.2.1\woodstox-core-5.2.1.jar;C:\Users\Admin\.m2\repository\org\codehaus\woodstox\stax2-api\4.2\stax2-api-4.2.jar;C:\Users\Admin\.m2\repository\org\apache\xmlgraphics\batik-all\1.13\batik-all-1.13.jar;C:\Users\Admin\.m2\repository\org\apache\xmlgraphics\batik-anim\1.13\batik-anim-1.13.jar;C:\Users\Admin\.m2\repository\org\apache\xmlgraphics\batik-shared-resources\1.13\batik-shared-resources-1.13.jar;C:\Users\Admin\.m2\repository\xml-apis\xml-apis-ext\1.3.04\xml-apis-ext-1.3.04.jar;C:\Users\Admin\.m2\repository\org\apache\xmlgraphics\batik-awt-util\1.13\batik-awt-util-1.13.jar;C:\Users\Admin\.m2\repository\org\apache\xmlgraphics\xmlgraphics-commons\2.4\xmlgraphics-commons-2.4.jar;C:\Users\Admin\.m2\repository\org\apache\xmlgraphics\batik-bridge\1.13\batik-bridge-1.13.jar;C:\Users\Admin\.m2\repository\org\apache\xmlgraphics\batik-codec\1.13\batik-codec-1.13.jar;C:\Users\Admin\.m2\repository\org\apache\xmlgraphics\batik-constants\1.13\batik-constants-1.13.jar;C:\Users\Admin\.m2\repository\org\apache\xmlgraphics\batik-css\1.13\batik-css-1.13.jar;C:\Users\Admin\.m2\repository\org\apache\xmlgraphics\batik-dom\1.13\batik-dom-1.13.jar;C:\Users\Admin\.m2\repository\xalan\xalan\2.7.2\xalan-2.7.2.jar;C:\Users\Admin\.m2\repository\xalan\serializer\2.7.2\serializer-2.7.2.jar;C:\Users\Admin\.m2\repository\org\apache\xmlgraphics\batik-ext\1.13\batik-ext-1.13.jar;C:\Users\Admin\.m2\repository\org\apache\xmlgraphics\batik-extension\1.13\batik-extension-1.13.jar;C:\Users\Admin\.m2\repository\org\apache\xmlgraphics\batik-gui-util\1.13\batik-gui-util-1.13.jar;C:\Users\Admin\.m2\repository\org\apache\xmlgraphics\batik-gvt\1.13\batik-gvt-1.13.jar;C:\Users\Admin\.m2\repository\org\apache\xmlgraphics\batik-i18n\1.13\batik-i18n-1.13.jar;C:\Users\Admin\.m2\repository\org\apache\xmlgraphics\batik-parser\1.13\batik-parser-1.13.jar;C:\Users\Admin\.m2\repository\org\apache\xmlgraphics\batik-rasterizer-ext\1.13\batik-rasterizer-ext-1.13.jar;C:\Users\Admin\.m2\repository\org\apache\xmlgraphics\batik-rasterizer\1.13\batik-rasterizer-1.13.jar;C:\Users\Admin\.m2\repository\org\apache\xmlgraphics\batik-script\1.13\batik-script-1.13.jar;C:\Users\Admin\.m2\repository\org\apache\xmlgraphics\batik-slideshow\1.13\batik-slideshow-1.13.jar;C:\Users\Admin\.m2\repository\org\apache\xmlgraphics\batik-squiggle-ext\1.13\batik-squiggle-ext-1.13.jar;C:\Users\Admin\.m2\repository\org\apache\xmlgraphics\batik-squiggle\1.13\batik-squiggle-1.13.jar;C:\Users\Admin\.m2\repository\org\apache\xmlgraphics\batik-svg-dom\1.13\batik-svg-dom-1.13.jar;C:\Users\Admin\.m2\repository\org\apache\xmlgraphics\batik-svgbrowser\1.13\batik-svgbrowser-1.13.jar;C:\Users\Admin\.m2\repository\org\apache\xmlgraphics\batik-svggen\1.13\batik-svggen-1.13.jar;C:\Users\Admin\.m2\repository\org\apache\xmlgraphics\batik-svgpp\1.13\batik-svgpp-1.13.jar;C:\Users\Admin\.m2\repository\org\apache\xmlgraphics\batik-svgrasterizer\1.13\batik-svgrasterizer-1.13.jar;C:\Users\Admin\.m2\repository\org\apache\xmlgraphics\batik-swing\1.13\batik-swing-1.13.jar;C:\Users\Admin\.m2\repository\org\apache\xmlgraphics\batik-transcoder\1.13\batik-transcoder-1.13.jar;C:\Users\Admin\.m2\repository\org\apache\xmlgraphics\batik-util\1.13\batik-util-1.13.jar;C:\Users\Admin\.m2\repository\org\apache\xmlgraphics\batik-ttf2svg\1.13\batik-ttf2svg-1.13.jar;C:\Users\Admin\.m2\repository\org\apache\xmlgraphics\batik-xml\1.13\batik-xml-1.13.jar;C:\Users\Admin\.m2\repository\de\rototor\pdfbox\graphics2d\0.30\graphics2d-0.30.jar;C:\Users\Admin\.m2\repository\org\apache\pdfbox\pdfbox\2.0.22\pdfbox-2.0.22.jar;C:\Users\Admin\.m2\repository\org\apache\pdfbox\fontbox\2.0.22\fontbox-2.0.22.jar;C:\Users\Admin\.m2\repository\com\google\code\gson\gson\2.8.5\gson-2.8.5.jar;C:\Users\Admin\.m2\repository\commons-collections\commons-collections\3.2.1\commons-collections-3.2.1.jar;C:\Users\Admin\.m2\repository\com\vimalselvam\cucumber-extentsreport\3.0.2\cucumber-extentsreport-3.0.2.jar;C:\Users\Admin\.m2\repository\info\cukes\cucumber-testng\1.2.4\cucumber-testng-1.2.4.jar;C:\Users\Admin\.m2\repository\info\cukes\gherkin\2.12.2\gherkin-2.12.2.jar;C:\Users\Admin\.m2\repository\info\cukes\cucumber-java\1.2.4\cucumber-java-1.2.4.jar;C:\Users\Admin\.m2\repository\info\cukes\cucumber-core\1.2.4\cucumber-core-1.2.4.jar;C:\Users\Admin\.m2\repository\info\cukes\cucumber-html\0.2.3\cucumber-html-0.2.3.jar;C:\Users\Admin\.m2\repository\info\cukes\cucumber-jvm-deps\1.0.5\cucumber-jvm-deps-1.0.5.jar;C:\Users\Admin\.m2\repository\org\seleniumhq\selenium\selenium-java\3.141.59\selenium-java-3.141.59.jar;C:\Users\Admin\.m2\repository\org\seleniumhq\selenium\selenium-api\3.141.59\selenium-api-3.141.59.jar;C:\Users\Admin\.m2\repository\org\seleniumhq\selenium\selenium-chrome-driver\3.141.59\selenium-chrome-driver-3.141.59.jar;C:\Users\Admin\.m2\repository\org\seleniumhq\selenium\selenium-edge-driver\3.141.59\selenium-edge-driver-3.141.59.jar;C:\Users\Admin\.m2\repository\org\seleniumhq\selenium\selenium-firefox-driver\3.141.59\selenium-firefox-driver-3.141.59.jar;C:\Users\Admin\.m2\repository\org\seleniumhq\selenium\selenium-ie-driver\3.141.59\selenium-ie-driver-3.141.59.jar;C:\Users\Admin\.m2\repository\org\seleniumhq\selenium\selenium-opera-driver\3.141.59\selenium-opera-driver-3.141.59.jar;C:\Users\Admin\.m2\repository\org\seleniumhq\selenium\selenium-remote-driver\3.141.59\selenium-remote-driver-3.141.59.jar;C:\Users\Admin\.m2\repository\org\seleniumhq\selenium\selenium-safari-driver\3.141.59\selenium-safari-driver-3.141.59.jar;C:\Users\Admin\.m2\repository\org\seleniumhq\selenium\selenium-support\3.141.59\selenium-support-3.141.59.jar;C:\Users\Admin\.m2\repository\net\bytebuddy\byte-buddy\1.8.15\byte-buddy-1.8.15.jar;C:\Users\Admin\.m2\repository\org\apache\commons\commons-exec\1.3\commons-exec-1.3.jar;C:\Users\Admin\.m2\repository\com\google\guava\guava\25.0-jre\guava-25.0-jre.jar;C:\Users\Admin\.m2\repository\org\checkerframework\checker-compat-qual\2.0.0\checker-compat-qual-2.0.0.jar;C:\Users\Admin\.m2\repository\com\google\errorprone\error_prone_annotations\2.1.3\error_prone_annotations-2.1.3.jar;C:\Users\Admin\.m2\repository\com\google\j2objc\j2objc-annotations\1.1\j2objc-annotations-1.1.jar;C:\Users\Admin\.m2\repository\org\codehaus\mojo\animal-sniffer-annotations\1.14\animal-sniffer-annotations-1.14.jar;C:\Users\Admin\.m2\repository\com\squareup\okhttp3\okhttp\3.11.0\okhttp-3.11.0.jar;C:\Users\Admin\.m2\repository\com\squareup\okio\okio\1.14.0\okio-1.14.0.jar;C:\Users\Admin\.m2\repository\io\github\bonigarcia\webdrivermanager\5.0.3\webdrivermanager-5.0.3.jar;C:\Users\Admin\.m2\repository\org\jsoup\jsoup\1.14.2\jsoup-1.14.2.jar;C:\Users\Admin\.m2\repository\com\github\docker-java\docker-java\3.2.12\docker-java-3.2.12.jar;C:\Users\Admin\.m2\repository\com\github\docker-java\docker-java-core\3.2.12\docker-java-core-3.2.12.jar;C:\Users\Admin\.m2\repository\com\github\docker-java\docker-java-api\3.2.12\docker-java-api-3.2.12.jar;C:\Users\Admin\.m2\repository\commons-lang\commons-lang\2.6\commons-lang-2.6.jar;C:\Users\Admin\.m2\repository\com\github\docker-java\docker-java-transport-httpclient5\3.2.12\docker-java-transport-httpclient5-3.2.12.jar;C:\Users\Admin\.m2\repository\com\github\docker-java\docker-java-transport\3.2.12\docker-java-transport-3.2.12.jar;C:\Users\Admin\.m2\repository\org\apache\httpcomponents\client5\httpclient5\5.0.3\httpclient5-5.0.3.jar;C:\Users\Admin\.m2\repository\org\apache\httpcomponents\core5\httpcore5\5.0.2\httpcore5-5.0.2.jar;C:\Users\Admin\.m2\repository\net\java\dev\jna\jna\5.8.0\jna-5.8.0.jar;C:\Users\Admin\.m2\repository\org\brotli\dec\0.1.2\dec-0.1.2.jar;C:\Users\Admin\.m2\repository\com\fasterxml\jackson\core\jackson-databind\2.9.0.pr2\jackson-databind-2.9.0.pr2.jar;C:\Users\Admin\.m2\repository\com\fasterxml\jackson\core\jackson-annotations\2.9.0.pr2\jackson-annotations-2.9.0.pr2.jar;C:\Users\Admin\.m2\repository\com\fasterxml\jackson\core\jackson-core\2.9.0.pr2\jackson-core-2.9.0.pr2.jar;C:\Users\Admin\.m2\repository\javax\mail\mail\1.4\mail-1.4.jar;C:\Users\Admin\.m2\repository\javax\activation\activation\1.1.1\activation-1.1.1.jar;"/>
    <property name="sun.cpu.endian" value="little"/>
    <property name="user.home" value="C:\Users\Admin"/>
    <property name="user.language" value="en"/>
    <property name="java.specification.vendor" value="Oracle Corporation"/>
    <property name="java.home" value="C:\Program Files\Java\jdk1.8.0_271\jre"/>
    <property name="basedir" value="D:\AUTOMATION\OMSAutomation"/>
    <property name="file.separator" value="\"/>
    <property name="line.separator" value="&#10;"/>
    <property name="java.vm.specification.vendor" value="Oracle Corporation"/>
    <property name="java.specification.name" value="Java Platform API Specification"/>
    <property name="java.awt.graphicsenv" value="sun.awt.Win32GraphicsEnvironment"/>
    <property name="surefire.real.class.path" value="C:\Users\Admin\AppData\Local\Temp\surefire9045408134423225123\surefirebooter2399589434315368202.jar"/>
    <property name="outputdir" value="D:\AUTOMATION\OMSAutomation\target"/>
    <property name="sun.boot.class.path" value="C:\Program Files\Java\jdk1.8.0_271\jre\lib\resources.jar;C:\Program Files\Java\jdk1.8.0_271\jre\lib\rt.jar;C:\Program Files\Java\jdk1.8.0_271\jre\lib\sunrsasign.jar;C:\Program Files\Java\jdk1.8.0_271\jre\lib\jsse.jar;C:\Program Files\Java\jdk1.8.0_271\jre\lib\jce.jar;C:\Program Files\Java\jdk1.8.0_271\jre\lib\charsets.jar;C:\Program Files\Java\jdk1.8.0_271\jre\lib\jfr.jar;C:\Program Files\Java\jdk1.8.0_271\jre\classes"/>
    <property name="user.script" value=""/>
    <property name="sun.management.compiler" value="HotSpot 64-Bit Tiered Compilers"/>
    <property name="java.runtime.version" value="1.8.0_271-b09"/>
    <property name="java.net.preferIPv4Stack" value="true"/>
    <property name="user.name" value="Admin"/>
    <property name="path.separator" value=";"/>
    <property name="os.version" value="10.0"/>
    <property name="java.endorsed.dirs" value="C:\Program Files\Java\jdk1.8.0_271\jre\lib\endorsed"/>
    <property name="java.runtime.name" value="Java(TM) SE Runtime Environment"/>
    <property name="file.encoding" value="Cp1252"/>
    <property name="java.vm.name" value="Java HotSpot(TM) 64-Bit Server VM"/>
    <property name="localRepository" value="C:\Users\Admin\.m2\repository"/>
    <property name="java.vendor.url.bug" value="http://bugreport.sun.com/bugreport/"/>
    <property name="java.io.tmpdir" value="C:\Users\Admin\AppData\Local\Temp\"/>
    <property name="java.version" value="1.8.0_271"/>
    <property name="user.dir" value="D:\AUTOMATION\OMSAutomation"/>
    <property name="os.arch" value="amd64"/>
    <property name="java.vm.specification.name" value="Java Virtual Machine Specification"/>
    <property name="java.awt.printerjob" value="sun.awt.windows.WPrinterJob"/>
    <property name="sun.os.patch.level" value=""/>
    <property name="java.library.path" value="C:\Program Files\Java\jdk1.8.0_271\jre\bin;C:\Windows\Sun\Java\bin;C:\Windows\system32;C:\Windows;D:\apache-maven-3.6.3/bin;C:\Program Files\Java\jdk1.8.0_271/bin;C:\Program Files\Java\jdk1.8.0_271/bin;C:\Program Files (x86)\Common Files\Oracle\Java\javapath;C:\oraclexe\app\oracle\product\11.2.0\server\bin;;C:\Users\Admin\AppData\Roaming\ActiveState\bin;C:\Windows\system32;C:\Windows;C:\Windows\System32\Wbem;C:\Windows\System32\WindowsPowerShell\v1.0\;C:\Windows\System32\OpenSSH\;C:\Program Files\PuTTY\;C:\Program Files\Java\jdk1.8.0_271\bin;C:\Strawberry\c\bin;C:\Strawberry\perl\site\bin;C:\Strawberry\perl\bin;C:\Program Files\Git\cmd;D:\apache-maven-3.6.3\bin;C:\Program Files\nodejs\;C:\Program Files (x86)\dotnet\;C:\Users\Admin\AppData\Local\Microsoft\WindowsApps;C:\Users\Admin\AppData\Local\Programs\Microsoft VS Code\bin;C:\Users\Admin\AppData\Roaming\npm;C:\Program Files\JetBrains\IntelliJ IDEA Community Edition 2021.2.2\bin;;."/>
    <property name="java.vm.info" value="mixed mode"/>
    <property name="java.vendor" value="Oracle Corporation"/>
    <property name="java.vm.version" value="25.271-b09"/>
    <property name="java.ext.dirs" value="C:\Program Files\Java\jdk1.8.0_271\jre\lib\ext;C:\Windows\Sun\Java\lib\ext"/>
    <property name="sun.io.unicode.encoding" value="UnicodeLittle"/>
    <property name="java.class.version" value="52.0"/>
  </properties>
  <testcase name="TC05_COM_LoginFunctionality" classname="com.perfaware.automation.oms.sterling.common.testcases.COM_LoginFunctionality" time="0">
    <skipped message="expected [Invalid Credentials passed. Please try again...] but found [The combination of user name and password you entered does not match any existing accounts. Please try again.]"/>
    <system-out><![CDATA[[INFO]-[2022-01-19 13:29:40.172]-[TestNG-test=OMS-3]-[onTestStart]-[TestListener.java:56]--------------------------------------------------------------------------------------------------------------------------
[INFO]-[2022-01-19 13:29:40.192]-[TestNG-test=OMS-3]-[onTestStart]-[TestListener.java:57]-Starting new testcase :TC01_XML_BOPIS_SL_OrderFulfillment
COCC60532141
[INFO]-[2022-01-19 13:29:40.510]-[TestNG-test=OMS-3]-[requestCreationInOMS]-[RequestHelper.java:80]-Pre-condition for Test: Load Item 
[INFO]-[2022-01-19 13:29:41.794]-[TestNG-test=OMS-3]-[sendAPIRequest]-[RestAssuredRequest.java:20]-Calling POST request with end point : https://localhost:9443/smcfs/restapi/invoke/manageItem
io.restassured.internal.RequestSpecificationImpl@7d0e42b2
io.restassured.internal.RestAssuredResponseImpl@1fa42e6d
[INFO]-[2022-01-19 13:29:46.881]-[TestNG-test=OMS-3]-[logRequestResponse]-[RequestPayload.java:171]-API Request sent : 
[INFO]-[2022-01-19 13:29:46.883]-[TestNG-test=OMS-3]-[logRequestResponse]-[RequestPayload.java:172]-Request method:	POST
Request URI:	https://localhost:9443/smcfs/restapi/invoke/manageItem
Proxy:			<none>
Request params:	<none>
Query params:	<none>
Form params:	<none>
Path params:	<none>
Headers:		Accept=application/xml
				Authorization=Basic YWRtaW46cGFzc3dvcmQ=
				Content-Type=application/xml
Cookies:		<none>
Multiparts:		<none>
Body:
<ItemList>
  <Item Action="Manage" AssociateItemToCategories="N" ItemGroupCode="PROD" ItemID="461366" OrganizationCode="FCVColombiaInc" UnitOfMeasure="EACH">
    <PrimaryInformation ColorCode="" Description="Gaviscon (5+2.67+1.6)% Suspension Oral Frasco X 300mL Menta" ExtendedDescription="Gaviscon (5+2.67+1.6)% Suspension Oral Frasco X 300mL Menta" ImageID="ImglogoCV_OMS.jpg" ImageLocation="https://www.cruzverde.com.co/dw/image/v2/BDPM_PRD/on/demandware.static/-/Sites-masterCatalog_Colombia/default/dw2418520f/images/large/" IsDeliveryAllowed="Y" IsPickupAllowed="Y" IsProcurementAllowed="N" IsReturnable="Y" IsShippingAllowed="Y" ItemType="MP" ManufacturerName="RB HEALTH COLOMBIA SAS" ShortDescription="Gaviscon (5+2.67+1.6)% Suspension Oral Frasco X 300mL Menta" Status="3000"/>
    <InventoryParameters ATPRule="FCVColombia_ATP" InventoryMonitorRule="FCVColombia_RTAMATP" NodeLevelInventoryMonitorRule="FCVColombia_RTAMATP"/>
    <ItemAliasList>
      <ItemAlias Action="Modify" AliasName="EAN_VENDOR1" AliasValue="884248615049"/>
    </ItemAliasList>
    <Extn ExtnIsBioEquivalent="N" ExtnIsRegulatedItem="N" ExtnItemAroma="" ExtnItemCategory="OTHER" ExtnItemChemicalName="Sod " ExtnItemChemicalWeight="" ExtnItemDetails="" ExtnItemFormat="" ExtnItemVolUOM="cm3" ExtnItemVolume="0"/>
  </Item>
</ItemList>

[INFO]-[2022-01-19 13:29:47.243]-[TestNG-test=OMS-3]-[logRequestResponse]-[RequestPayload.java:174]-API Response received : 
[INFO]-[2022-01-19 13:29:47.245]-[TestNG-test=OMS-3]-[logRequestResponse]-[RequestPayload.java:175]-HTTP/1.1 204 No Content
X-FRAME-OPTIONS: SAMEORIGIN
X-UA-Compatible: IE=EmulateIE8
Access-Control-Max-Age: 3600
Access-Control-Allow-Credentials: true
Access-Control-Allow-Origin: *
Content-Language: en-US
Content-Length: 0
Date: Wed, 19 Jan 2022 07:59:47 GMT

[INFO]-[2022-01-19 13:29:47.274]-[TestNG-test=OMS-3]-[requestCreationInOMS]-[RequestHelper.java:96]-Pre-condition for Test: Adjust Inventory 
[INFO]-[2022-01-19 13:29:47.280]-[TestNG-test=OMS-3]-[sendAPIRequest]-[RestAssuredRequest.java:20]-Calling POST request with end point : https://localhost:9443/smcfs/restapi/invoke/adjustInventory
io.restassured.internal.RequestSpecificationImpl@38c70945
io.restassured.internal.RestAssuredResponseImpl@302a248
[INFO]-[2022-01-19 13:29:48.255]-[TestNG-test=OMS-3]-[logRequestResponse]-[RequestPayload.java:171]-API Request sent : 
[INFO]-[2022-01-19 13:29:48.256]-[TestNG-test=OMS-3]-[logRequestResponse]-[RequestPayload.java:172]-Request method:	POST
Request URI:	https://localhost:9443/smcfs/restapi/invoke/adjustInventory
Proxy:			<none>
Request params:	<none>
Query params:	<none>
Form params:	<none>
Path params:	<none>
Headers:		Accept=application/xml
				Authorization=Basic YWRtaW46cGFzc3dvcmQ=
				Content-Type=application/xml
Cookies:		<none>
Multiparts:		<none>
Body:
<Items>
  <Item AdjustmentType="ADJUSTMENT" ItemID="461366" OrganizationCode="FCVColombiaInc" ProductClass="REGULAR" Quantity="3" ShipNode="457" SupplyType="ONHAND" UnitOfMeasure="EACH"/>
</Items>

[INFO]-[2022-01-19 13:29:48.258]-[TestNG-test=OMS-3]-[logRequestResponse]-[RequestPayload.java:174]-API Response received : 
[INFO]-[2022-01-19 13:29:48.258]-[TestNG-test=OMS-3]-[logRequestResponse]-[RequestPayload.java:175]-HTTP/1.1 204 No Content
X-FRAME-OPTIONS: SAMEORIGIN
X-UA-Compatible: IE=EmulateIE8
Access-Control-Max-Age: 3600
Access-Control-Allow-Credentials: true
Access-Control-Allow-Origin: *
Content-Language: en-US
Content-Length: 0
Date: Wed, 19 Jan 2022 07:59:48 GMT

[INFO]-[2022-01-19 13:29:48.334]-[TestNG-test=OMS-3]-[requestCreationInOMS]-[RequestHelper.java:113]-Pre-condition for Test: Create Order 
[INFO]-[2022-01-19 13:29:48.338]-[TestNG-test=OMS-3]-[sendAPIRequest]-[RestAssuredRequest.java:20]-Calling POST request with end point : https://localhost:9443/smcfs/restapi/invoke/createOrder
io.restassured.internal.RequestSpecificationImpl@593a081e
io.restassured.internal.RestAssuredResponseImpl@6943259c
[INFO]-[2022-01-19 13:29:49.768]-[TestNG-test=OMS-3]-[logRequestResponse]-[RequestPayload.java:171]-API Request sent : 
[INFO]-[2022-01-19 13:29:49.769]-[TestNG-test=OMS-3]-[logRequestResponse]-[RequestPayload.java:172]-Request method:	POST
Request URI:	https://localhost:9443/smcfs/restapi/invoke/createOrder
Proxy:			<none>
Request params:	<none>
Query params:	<none>
Form params:	<none>
Path params:	<none>
Headers:		Accept=application/xml
				Authorization=Basic YWRtaW46cGFzc3dvcmQ=
				Content-Type=application/xml
Cookies:		<none>
Multiparts:		<none>
Body:
<Order AllocationRuleID="DIF_SCH" BillToID="00198505" CustomerContactID="" CustomerEMailID="tremere27@gmail.com" CustomerFirstName="test" CustomerLastName="test" CustomerPhoneNo="" DocumentType="0001" EnteredBy="00198505" EnterpriseCode="FCVColombia" EntryType="CustomerOnWeb" OrderNo="COCC60532141" OrderType="ONLINE" PaymentRuleId="FCVCOL_WEB_CARD_RULE" PaymentStatus="PAID" SellerOrganizationCode="FCV.CO">
  <PriceInfo Currency="COP"/>
  <Extn ExtnRUNRUTNIT="1010102239"/>
  <HeaderCharges>
    <HeaderCharge ChargeAmount="2990" ChargeCategory="SHIPPING" ChargeName="SHIPPING_CHARGE" IsManual="Y"/>
  </HeaderCharges>
  <HeaderTaxes>
    <HeaderTax ChargeCategory="TAX" ChargeName="SHIPPING_TAX" Tax="477" TaxName="SHIPPING_TAX" TaxableFlag="Y"/>
  </HeaderTaxes>
  <PersonInfoBillTo AddressLine1="Carrera 70 # 99-8" AddressLine2="" AddressLine4="Bogota" City="Bogota" Country="CO" DayPhone="(+57) 1111111111" EMailID="test_user_66074730@testuser.com" FirstName="test" LastName="test" State="Bogota"/>
  <PersonInfoShipTo AddressLine1="Carrera 70 # 99-8" AddressLine2="" AddressLine4="Bogota" City="Bogota" Country="CO" DayPhone="(+57) 1111111111" EMailID="test_user_66074730@testuser.com" FirstName="test" LastName="test" MobilePhone="(+57) 1111111111" State="Bogota"/>
  <OrderLines>
    <OrderLine DeliveryMethod="PICK" IsFirmPredefinedNode="Y" IsProcurementAllowed="Y" ItemGroupCode="PROD" LevelOfService="NextDay" LineType="CnC" OrderedQty="3" PrimeLineNo="1" ReqShipDate="2021-11-03T13:31:37.000Z" ShipNode="457" SubLineNo="1">
      <Item CostCurrency="COP" ItemID="461366" ItemShortDesc="Stevia Endulzante Natural X 200 Ta Caja X 200" ProductClass="REGULAR" UnitCost="11990" UnitOfMeasure="EACH"/>
      <LinePriceInfo IsPriceLocked="Y" ListPrice="11990" UnitPrice="11990"/>
      <Promotions>
        <Promotion PromotionId="001"/>
      </Promotions>
      <PersonInfoShipTo AddressLine1="Carrera 70 # 99-8" AddressLine2="" AddressLine4="Bogota" City="Bogota" Country="CO" DayPhone="(+57) 1111111111" EMailID="test_user_66074730@testuser.com" FirstName="test" LastName="test" Latitude="4.69381580" Longitude="-74.07590060" MobilePhone="(+57) 1111111111" State="Bogota"/>
      <Extn ExtnIsNightShipping="" ExtnIsPickUpByAuthPerson="N" ExtnIsPrescriptionHoldRequired="N" ExtnIsPrescriptionVerified="Y" ExtnVerifyPrescriptionAtPick="N"/>
      <LineTaxes>
        <LineTax ChargeCategory="TAX" ChargeName="SALES_TAX" Tax="1914" TaxName="SalesTax" TaxableFlag="Y"/>
      </LineTaxes>
    </OrderLine>
  </OrderLines>
  <PaymentMethods>
    <PaymentMethod ChargeSequence="1" CreditCardExpDate="20251101" CreditCardName="Luis Gino Beltran" CreditCardNo="371180" CreditCardType="AMEX" DisplayCreditCardNo="7522" FirstName="371180" LastName="Gino Beltran" MaxChargeLimit="35970.00" PaymentReference1="" PaymentReference2="MPAGO_CREDIT" PaymentReference3="1023936477" PaymentReference4="3" PaymentReference5="" PaymentReference6="MercadoPago" PaymentReference7="" PaymentReference8="" PaymentReference9="486481632" PaymentType="CREDIT_CARD" UnlimitedCharges="N">
      <PersonInfoBillTo AddressLine1="Carrera 70 # 99-8" AddressLine2="" AddressLine4="Bogota" City="Bogota" Country="CO" DayPhone="(+57) 1111111111" EMailID="test_user_66074730@testuser.com" FirstName="test" LastName="test" State="Bogota"/>
      <PaymentDetailsList>
        <PaymentDetails AuthCode="1234546089" AuthorizationID="" ChargeType="CHARGE" ProcessedAmount="35970.00" RequestAmount="35970.00" RequestProcessed="Y"/>
      </PaymentDetailsList>
    </PaymentMethod>
  </PaymentMethods>
</Order>

[INFO]-[2022-01-19 13:29:49.771]-[TestNG-test=OMS-3]-[logRequestResponse]-[RequestPayload.java:174]-API Response received : 
[INFO]-[2022-01-19 13:29:49.771]-[TestNG-test=OMS-3]-[logRequestResponse]-[RequestPayload.java:175]-HTTP/1.1 200 OK
X-FRAME-OPTIONS: SAMEORIGIN
X-UA-Compatible: IE=EmulateIE8
Access-Control-Max-Age: 3600
Access-Control-Allow-Credentials: true
Access-Control-Allow-Origin: *
Content-Type: application/xml; charset=UTF-8
Content-Encoding: gzip
Content-Language: en-US
Content-Length: 164
Date: Wed, 19 Jan 2022 07:59:50 GMT

<Order DocumentType="0001" EnterpriseCode="FCVColombia" OrderHeaderKey="2022011907594968172406" OrderNo="COCC60532141"/>

[INFO]-[2022-01-19 13:29:52.762]-[TestNG-test=OMS-3]-[requestCreationInOMS]-[RequestHelper.java:140]-Pre-condition for Test: getOrderDetails
[INFO]-[2022-01-19 13:29:52.774]-[TestNG-test=OMS-3]-[sendAPIRequest]-[RestAssuredRequest.java:20]-Calling POST request with end point : https://localhost:9443/smcfs/restapi/invoke/getOrderDetails
io.restassured.internal.RequestSpecificationImpl@3ce54e5e
io.restassured.internal.RestAssuredResponseImpl@25fbb0b7
[INFO]-[2022-01-19 13:29:54.751]-[TestNG-test=OMS-3]-[logRequestResponse]-[RequestPayload.java:171]-API Request sent : 
[INFO]-[2022-01-19 13:29:54.752]-[TestNG-test=OMS-3]-[logRequestResponse]-[RequestPayload.java:172]-Request method:	POST
Request URI:	https://localhost:9443/smcfs/restapi/invoke/getOrderDetails
Proxy:			<none>
Request params:	<none>
Query params:	<none>
Form params:	<none>
Path params:	<none>
Headers:		Accept=application/xml
				Authorization=Basic YWRtaW46cGFzc3dvcmQ=
				Content-Type=application/xml
Cookies:		<none>
Multiparts:		<none>
Body:
<Order DocumentType="0001" EnterpriseCode="FCVColombia" OrderHeaderKey="" OrderNo="COCC60532141"/>

[INFO]-[2022-01-19 13:29:54.754]-[TestNG-test=OMS-3]-[logRequestResponse]-[RequestPayload.java:174]-API Response received : 
[INFO]-[2022-01-19 13:29:54.755]-[TestNG-test=OMS-3]-[logRequestResponse]-[RequestPayload.java:175]-HTTP/1.1 200 OK
X-FRAME-OPTIONS: SAMEORIGIN
X-UA-Compatible: IE=EmulateIE8
Access-Control-Max-Age: 3600
Access-Control-Allow-Credentials: true
Access-Control-Allow-Origin: *
Content-Type: application/xml; charset=UTF-8
Content-Encoding: gzip
Content-Language: en-US
Content-Length: 3958
Date: Wed, 19 Jan 2022 07:59:55 GMT

<Order AllocationRuleID="DIF_SCH" AuthorizationExpirationDate="2022-01-19T07:59:49+00:00" BillToID="00198505" BuyerOrganizationCode="FCV.CO" CarrierAccountNo="" CarrierServiceCode="" ChainType="" ChargeActualFreightFlag="N" CustCustPONo="" CustomerEMailID="tremere27@gmail.com" CustomerPONo="" DeliveryCode="" Division="" DocumentType="0001" DraftOrderFlag="N" EnteredBy="00198505" EnterpriseCode="FCVColombia" EntryType="CustomerOnWeb" FreightTerms="" HasDeliveryLines="N" HasProductLines="Y" HasServiceLines="N" HoldFlag="N" HoldReasonCode="" MaxOrderStatus="1100" MaxOrderStatusDesc="Created" MinOrderStatus="1100" MinOrderStatusDesc="Created" NotifyAfterShipmentFlag="N" OrderDate="2022-01-19T07:59:49+00:00" OrderHeaderKey="2022011907594968172406" OrderName="" OrderNo="COCC60532141" OrderType="PICK" OriginalTax="0.00" OriginalTotalAmount="38960.00" OtherCharges="2990.00" PaymentStatus="PAID" PendingTransferIn="0.00" PersonalizeCode="" PriorityCode="" PriorityNumber="0" Purpose="" ReturnByGiftRecipient="" SCAC="" ScacAndService="" ScacAndServiceKey="" SearchCriteria1="" SearchCriteria2="" SellerOrganizationCode="FCV.CO" ShipToID="00198505" Status="Created" TaxExemptFlag="N" TaxExemptionCertificate="" TaxJurisdiction="" TaxPayerId="" TermsCode="" TotalAdjustmentAmount="0.00" isHistory="N">
  <AllowedModifications>
    <Modification ModificationType="REMOVE_PROMOTION" ThroughOverride="N"/>
    <Modification ModificationType="ORDER_NAME" ThroughOverride="N"/>
    <Modification ModificationType="CONTACT_INFO" ThroughOverride="N"/>
    <Modification ModificationType="CHANGE_ITERATION" ThroughOverride="Y"/>
    <Modification ModificationType="BILLTO" ThroughOverride="N"/>
    <Modification ModificationType="TAX" ThroughOverride="N"/>
    <Modification ModificationType="CHANGE_PROMOTION" ThroughOverride="N"/>
    <Modification ModificationType="SHIPTO" ThroughOverride="N"/>
    <Modification ModificationType="FREIGHT_TERMS" ThroughOverride="N"/>
    <Modification ModificationType="ADD_NOTE" ThroughOverride="N"/>
    <Modification ModificationType="CHANGE_STATUS" ThroughOverride="Y"/>
    <Modification ModificationType="ADD_LINE" ThroughOverride="N"/>
    <Modification ModificationType="CARRIER" ThroughOverride="N"/>
    <Modification ModificationType="ADDITIONADDR" ThroughOverride="N"/>
    <Modification ModificationType="SOLDTO" ThroughOverride="N"/>
    <Modification ModificationType="REQ_SHIP_DATE" ThroughOverride="N"/>
    <Modification ModificationType="PAYMENT_STATUS" ThroughOverride="N"/>
    <Modification ModificationType="ADD_INSTRUCTION" ThroughOverride="N"/>
    <Modification ModificationType="CHANGE_NOTE" ThroughOverride="Y"/>
    <Modification ModificationType="CARRIER_ACCOUNT_NO" ThroughOverride="N"/>
    <Modification ModificationType="CHANGE_ORDER_DATE" ThroughOverride="N"/>
    <Modification ModificationType="REMOVE_NOTE" ThroughOverride="N"/>
    <Modification ModificationType="CHANGE_SCHEDULE" ThroughOverride="N"/>
    <Modification ModificationType="HOLD" ThroughOverride="N"/>
    <Modification ModificationType="SPECIAL_SERVICE" ThroughOverride="N"/>
    <Modification ModificationType="RULE_ID" ThroughOverride="N"/>
    <Modification ModificationType="PRICE" ThroughOverride="N"/>
    <Modification ModificationType="CARRIER_SERVICE_CODE" ThroughOverride="N"/>
    <Modification ModificationType="PAYMENT_METHOD" ThroughOverride="N"/>
    <Modification ModificationType="CHANGE_CUSTOM_ATTRIBUTES" ThroughOverride="N"/>
    <Modification ModificationType="RELEASE" ThroughOverride="N"/>
    <Modification ModificationType="SHIP_NODE" ThroughOverride="N"/>
    <Modification ModificationType="ANSWER_SET" ThroughOverride="N"/>
    <Modification ModificationType="MARKFOR" ThroughOverride="N"/>
    <Modification ModificationType="RECEIVING_NODE" ThroughOverride="N"/>
    <Modification ModificationType="SHORT" ThroughOverride="N"/>
    <Modification ModificationType="BUYER_USER_ID" ThroughOverride="Y"/>
    <Modification ModificationType="OTHERS" ThroughOverride="N"/>
    <Modification ModificationType="DELIVERY_CODE" ThroughOverride="N"/>
    <Modification ModificationType="LEVEL_OF_SERVICE" ThroughOverride="Y"/>
    <Modification ModificationType="CANCEL" ThroughOverride="N"/>
    <Modification ModificationType="CHANGE_INSTRUCTION" ThroughOverride="N"/>
    <Modification ModificationType="HOLD_TYPE" ThroughOverride="N"/>
    <Modification ModificationType="REFERENCES" ThroughOverride="N"/>
  </AllowedModifications>
  <PriceInfo Currency="COP" EnterpriseCurrency="COP" ReportingConversionDate="2022-01-19T07:59:49+00:00" ReportingConversionRate="1.00" TotalAmount="38960.00"/>
  <OrderLines>
    <OrderLine AllocationDate="2021-11-03" ApptStatus="" AwaitingDeliveryRequest="N" CanAddServiceLines="N" CarrierAccountNo="" CarrierServiceCode="" CustomerLinePONo="" CustomerPONo="" DeliveryCode="" DeliveryMethod="PICK" DepartmentCode="" FreightTerms="" FulfillmentType="" HasDeliveryLines="N" HasServiceLines="N" HoldFlag="N" HoldReasonCode="" ImportLicenseNo="" InvoicedQty="0" IsBundleParent="N" ItemGroupCode="PROD" KitCode="" LineSeqNo="1.1" LineType="CnC" MaxLineStatus="1100" MaxLineStatusDesc="Created" MinLineStatus="1100" MinLineStatusDesc="Created" OpenQty="3" OrderHeaderKey="2022011907594968172406" OrderLineKey="2022011907594968172407" OrderedQty="3" OriginalOrderedQty="3" OtherCharges="0.00" PackListType="" PersonalizeCode="" PersonalizeFlag="" PickableFlag="Y" PrimeLineNo="1" Purpose="" RemainingQty="3" ReqShipDate="2021-11-03T13:31:37+00:00" ReservationID="" ReservationPool="" SCAC="" ScacAndService="" ScacAndServiceKey="" Segment="" SegmentType="" SerialNo="" ShipNode="457" ShipToID="00198505" ShipTogetherNo="" SplitQty="0" Status="Created" StatusQuantity="3" SubLineNo="1" SubstituteItemID="" SubstituteItemUOM="" isHistory="N">
      <Item CostCurrency="COP" CountryOfOrigin="" CustomerItem="461366" CustomerItemDesc="Gaviscon (5+2.67+1.6)% Suspension Oral Frasco X 300mL Menta" ECCNNo="" HarmonizedCode="" ISBN="" ItemDesc="Gaviscon (5+2.67+1.6)% Suspension Oral Frasco X 300mL Menta" ItemID="461366" ItemShortDesc="Stevia Endulzante Natural X 200 Ta Caja X 200" ItemWeight="0.00" ItemWeightUOM="LBS" ManufacturerItem="" ManufacturerItemDesc="" ManufacturerName="RB HEALTH COLOMBIA SAS" NMFCClass="" NMFCCode="" NMFCDescription="" ProductClass="REGULAR" ProductLine="" ScheduleBCode="" SupplierItem="" SupplierItemDesc="" TaxProductCode="" UPCCode="" UnitCost="11990.00" UnitOfMeasure="EACH"/>
      <LinePriceInfo ActualPricingQty="3" DiscountPercentage="0.00" InvoicedPricingQty="0" IsPriceLocked="Y" LineTotal="35970.00" ListPrice="11990.00" OrderedPricingQty="3" PricingQtyConversionFactor="0" PricingUOM="EACH" RetailPrice="0.00" SettledAmount="0.00" SettledQuantity="0" TaxableFlag="N" UnitPrice="11990.00"/>
      <OrderLineOptions/>
      <WorkOrders NumberOfWorkOrders="0"/>
      <PersonInfoShipTo AddressLine1="Carrera 70 # 99-8" AddressLine2="" AddressLine3="" AddressLine4="Bogota" AddressLine5="" AddressLine6="" AlternateEmailID="" Beeper="" City="Bogota" Company="" Country="CO" DayFaxNo="" DayPhone="(+57) 1111111111" Department="" EMailID="test_user_66074730@testuser.com" EveningFaxNo="" EveningPhone="" FirstName="test" JobTitle="" LastName="test" MiddleName="" MobilePhone="(+57) 1111111111" OtherPhone="" PersonID="" PersonInfoKey="2021112515060161885970" State="Bogota" Suffix="" Title="" ZipCode=""/>
      <Instructions NumberOfInstructions="0"/>
      <References/>
      <KitLines NumberOfKitLines="0"/>
      <ProductItems/>
      <AdditionalAddresses NumberOfAdditionalAddresses="0"/>
      <Notes NumberOfNotes="0"/>
      <ServiceAssociations/>
      <ProductAssociations/>
      <DeliveryAssociations/>
      <Schedules>
        <Schedule ExpectedDeliveryDate="2021-11-03T13:31:37+00:00" ExpectedShipmentDate="2021-11-03T13:31:37+00:00" OrderHeaderKey="2022011907594968172406" OrderLineKey="2022011907594968172407" OrderLineScheduleKey="202201190713594968172412" Quantity="3" ScheduleNo="1" TagNumber=""/>
      </Schedules>
      <LineOverallTotals Charges="0.00" Discount="0.00" ExtendedPrice="35970.00" LineTotal="35970.00" OptionPrice="0.00" PricingQty="3.00" Tax="0.00" UnitPrice="11990.00"/>
      <LineInvoicedTotals AdditionalLinePriceTotal="0.00" Charges="0.00" Discount="0.00" ExtendedPrice="0.00" LineTotal="0.00" OptionPrice="0.00" PricingQty="0.00" Tax="0.00" UnitPrice="0.00"/>
      <LineRemainingTotals AdditionalLinePriceTotal="0.00" Charges="0.00" Discount="0.00" ExtendedPrice="35970.00" LineTotal="35970.00" OptionPrice="0.00" PricingQty="3.00" Tax="0.00" UnitPrice="11990.00"/>
      <LineCharges/>
      <LineTaxes>
        <LineTax ChargeCategory="TAX" ChargeName="SALES_TAX" ChargeNameKey="20200210111055508944842" InvoicedTax="0.00" Reference_1="" Reference_2="" Reference_3="" RemainingTax="1914.00" Tax="1914.00" TaxName="SalesTax" TaxPercentage="0.00"/>
        <TaxSummary>
          <TaxSummaryDetail InvoicedTax="0.00" OverallTax="1914.00" RemainingTax="1914.00" TaxName="SalesTax"/>
        </TaxSummary>
      </LineTaxes>
      <OrderStatuses>
        <OrderStatus OrderHeaderKey="2022011907594968172406" OrderLineKey="2022011907594968172407" OrderLineScheduleKey="202201190713594968172412" OrderReleaseStatusKey="202201190728594968172413" PipelineKey="202004200551401016291479" ShipNode="457" Status="1100" StatusDate="2022-01-19T07:59:49+00:00" StatusDescription="Created" StatusQty="3" TotalQuantity="3">
          <Details ExpectedDeliveryDate="2021-11-03T13:31:37+00:00" ExpectedShipmentDate="2021-11-03T13:31:37+00:00" TagNumber="">
            <KitDetails/>
          </Details>
        </OrderStatus>
      </OrderStatuses>
      <CapacityAllocations/>
    </OrderLine>
  </OrderLines>
  <Instructions NumberOfInstructions="0"/>
  <PersonInfoShipTo AddressLine1="Carrera 70 # 99-8" AddressLine2="" AddressLine3="" AddressLine4="Bogota" AddressLine5="" AddressLine6="" AlternateEmailID="" Beeper="" City="Bogota" Company="" Country="CO" DayFaxNo="" DayPhone="(+57) 1111111111" Department="" EMailID="test_user_66074730@testuser.com" EveningFaxNo="" EveningPhone="" FirstName="test" JobTitle="" LastName="test" MiddleName="" MobilePhone="(+57) 1111111111" OtherPhone="" PersonID="" PersonInfoKey="2021112515060161885970" State="Bogota" Suffix="" Title="" ZipCode=""/>
  <PersonInfoBillTo AddressLine1="Carrera 70 # 99-8" AddressLine2="" AddressLine3="" AddressLine4="Bogota" AddressLine5="" AddressLine6="" AlternateEmailID="" Beeper="" City="Bogota" Company="" Country="CO" DayFaxNo="" DayPhone="(+57) 1111111111" Department="" EMailID="test_user_66074730@testuser.com" EveningFaxNo="" EveningPhone="" FirstName="test" JobTitle="" LastName="test" MiddleName="" MobilePhone="" OtherPhone="" PersonID="" PersonInfoKey="2021112515060161885971" State="Bogota" Suffix="" Title="" ZipCode=""/>
  <AdditionalAddresses NumberOfAdditionalAddresses="0"/>
  <References/>
  <PaymentMethods>
    <PaymentMethod CheckNo="" CheckReference="" CreditCardExpDate="20251101" CreditCardName="Luis Gino Beltran" CreditCardNo="371180" CreditCardType="AMEX" CustomerPONo="" DisplayCreditCardNo="7522" DisplayCustomerAccountNo="" DisplayPaymentReference1="" DisplaySvcNo="" FundsAvailable="0.00" GetFundsAvailableUserExitInvoked="N" PaymentReference1="" PaymentReference2="MPAGO_CREDIT" PaymentReference3="1023936477" PaymentType="CREDIT_CARD"/>
  </PaymentMethods>
  <ChargeTransactionDetails AdditionalExpectedAuthorizations="0.00" TotalCredits="35970.00" TotalDebits="0.00" TotalOpenAuthorizations="0.00" TotalOpenBookings="38960.00" TotalTransferredIn="0.00" TotalTransferredOut="0.00">
    <ChargeTransactionDetail AuditTransactionID="" AuthorizationExpirationDate="2022-01-19T07:59:49+00:00" AuthorizationID="" BookAmount="0.00" ChargeTransactionKey="2022011907594968172409" ChargeType="CHARGE" CollectionDate="2022-01-19T07:59:49+00:00" CreditAmount="35970.00" DebitAmount="0.00" DistributedAmount="0.00" HoldAgainstBook="Y" OpenAuthorizedAmount="0.00" OrderHeaderKey="2022011907594968172406" OrderInvoiceKey="" PaymentKey="202201190768594968172408" RequestAmount="35970.00" SettledAmount="0.00" Status="CLOSED" TransactionDate="2022-01-19T07:59:49+00:00" TransferFromOhKey="" TransferToOhKey="" UserExitStatus="">
      <InvoiceCollectionDetails/>
      <CreditCardTransactions>
        <CreditCardTransaction AuthAmount="35970.00" AuthAvs="" AuthCode="1234546089" AuthReturnCode="" AuthReturnFlag="" AuthReturnMessage="" AuthTime="2022-01-19T07:59:49+00:00" CVVAuthCode="" ChargeTransactionKey="2022011907594968172409" CreditCardTransactionKey="202201190757594968172410" InternalReturnCode="" InternalReturnFlag="" InternalReturnMessage="" ParentKey="" Reference1="" Reference2="" RequestId="" TranAmount="35970.00" TranRequestTime="2022-01-19T07:59:49+00:00" TranReturnCode="" TranReturnFlag="" TranReturnMessage="" TranType="CHARGE"/>
      </CreditCardTransactions>
      <TransferToOrder/>
      <TransferFromOrder/>
    </ChargeTransactionDetail>
    <ChargeTransactionDetail AuditTransactionID="" AuthorizationExpirationDate="2022-01-19T07:59:49+00:00" AuthorizationID="" BookAmount="38960.00" ChargeTransactionKey="2022011907594968172415" ChargeType="CREATE_ORDER" CollectionDate="2022-01-19T07:59:49+00:00" CreditAmount="0.00" DebitAmount="0.00" DistributedAmount="0.00" HoldAgainstBook="" OpenAuthorizedAmount="0.00" OrderHeaderKey="2022011907594968172406" OrderInvoiceKey="" PaymentKey="" RequestAmount="0.00" SettledAmount="0.00" Status="OPEN" TransactionDate="2022-01-19T07:59:49+00:00" TransferFromOhKey="" TransferToOhKey="" UserExitStatus="">
      <InvoiceCollectionDetails/>
      <CreditCardTransactions/>
      <TransferToOrder/>
      <TransferFromOrder/>
    </ChargeTransactionDetail>
  </ChargeTransactionDetails>
  <ProductServiceAssocs/>
  <OverallTotals GrandCharges="2990.00" GrandDiscount="0.00" GrandTax="0.00" GrandTotal="38960.00" HdrCharges="2990.00" HdrDiscount="0.00" HdrTax="0.00" HdrTotal="2990.00" LineSubTotal="35970.00"/>
  <InvoicedTotals GrandCharges="0.00" GrandDiscount="0.00" GrandTax="0.00" GrandTotal="0.00" HdrCharges="0.00" HdrDiscount="0.00" HdrTax="0.00" HdrTotal="0.00" LineSubTotal="0.00"/>
  <RemainingTotals GrandCharges="2990.00" GrandDiscount="0.00" GrandTax="0.00" GrandTotal="38960.00" HdrCharges="2990.00" HdrDiscount="0.00" HdrTax="0.00" HdrTotal="2990.00" LineSubTotal="35970.00"/>
  <HeaderCharges>
    <HeaderCharge ChargeAmount="2990.00" ChargeCategory="SHIPPING" ChargeName="SHIPPING_CHARGE" ChargeNameKey="20200210110952508937952" InvoicedChargeAmount="0.00" IsBillable="Y" IsDiscount="N" Reference="" RemainingChargeAmount="2990.00"/>
  </HeaderCharges>
  <HeaderTaxes>
    <HeaderTax ChargeCategory="TAX" ChargeName="SHIPPING_TAX" ChargeNameKey="20200210111104508945910" InvoicedTax="0.00" Reference_1="" Reference_2="" Reference_3="" RemainingTax="477.00" Tax="477.00" TaxName="SHIPPING_TAX" TaxPercentage="0.00" TaxableFlag="Y"/>
    <TaxSummary>
      <TaxSummaryDetail InvoicedTax="0.00" OverallTax="477.00" RemainingTax="477.00" TaxName="SHIPPING_TAX"/>
    </TaxSummary>
  </HeaderTaxes>
  <OrderStatuses>
    <OrderStatus OrderHeaderKey="2022011907594968172406" OrderLineKey="2022011907594968172407" OrderLineScheduleKey="202201190713594968172412" OrderReleaseStatusKey="202201190728594968172413" PipelineKey="202004200551401016291479" ShipNode="457" Status="1100" StatusDate="2022-01-19T07:59:49+00:00" StatusDescription="Created" StatusQty="3" TotalQuantity="3">
      <Details ExpectedDeliveryDate="2021-11-03T13:31:37+00:00" ExpectedShipmentDate="2021-11-03T13:31:37+00:00" TagNumber=""/>
    </OrderStatus>
  </OrderStatuses>
  <ExchangeOrders/>
</Order>

[INFO]-[2022-01-19 13:29:55.253]-[TestNG-test=OMS-3]-[requestCreationInOMS]-[RequestHelper.java:175]-Pre-condition for Test: Change Order for resolving the holds
[INFO]-[2022-01-19 13:29:55.259]-[TestNG-test=OMS-3]-[sendAPIRequest]-[RestAssuredRequest.java:20]-Calling POST request with end point : https://localhost:9443/smcfs/restapi/invoke/scheduleOrder
io.restassured.internal.RequestSpecificationImpl@6bee7193
io.restassured.internal.RestAssuredResponseImpl@247ea59d
[INFO]-[2022-01-19 13:29:56.690]-[TestNG-test=OMS-3]-[logRequestResponse]-[RequestPayload.java:171]-API Request sent : 
[INFO]-[2022-01-19 13:29:56.691]-[TestNG-test=OMS-3]-[logRequestResponse]-[RequestPayload.java:172]-Request method:	POST
Request URI:	https://localhost:9443/smcfs/restapi/invoke/scheduleOrder
Proxy:			<none>
Request params:	<none>
Query params:	<none>
Form params:	<none>
Path params:	<none>
Headers:		Accept=application/xml
				Authorization=Basic YWRtaW46cGFzc3dvcmQ=
				Content-Type=application/xml
Cookies:		<none>
Multiparts:		<none>
Body:
<ScheduleOrder CheckInventory="Y" DocumentType="0001" EnterpriseCode="FCVColombia" OrderHeaderKey="" OrderNo="COCC60532141"/>

[INFO]-[2022-01-19 13:29:56.693]-[TestNG-test=OMS-3]-[logRequestResponse]-[RequestPayload.java:174]-API Response received : 
[INFO]-[2022-01-19 13:29:56.694]-[TestNG-test=OMS-3]-[logRequestResponse]-[RequestPayload.java:175]-HTTP/1.1 204 No Content
X-FRAME-OPTIONS: SAMEORIGIN
X-UA-Compatible: IE=EmulateIE8
Access-Control-Max-Age: 3600
Access-Control-Allow-Credentials: true
Access-Control-Allow-Origin: *
Content-Language: en-US
Content-Length: 0
Date: Wed, 19 Jan 2022 07:59:56 GMT

[INFO]-[2022-01-19 13:29:56.707]-[TestNG-test=OMS-3]-[requestCreationInOMS]-[RequestHelper.java:140]-Pre-condition for Test: getOrderDetails
[INFO]-[2022-01-19 13:29:56.717]-[TestNG-test=OMS-3]-[sendAPIRequest]-[RestAssuredRequest.java:20]-Calling POST request with end point : https://localhost:9443/smcfs/restapi/invoke/getOrderDetails
io.restassured.internal.RequestSpecificationImpl@265b0f5c
io.restassured.internal.RestAssuredResponseImpl@218f3f67
[INFO]-[2022-01-19 13:29:58.194]-[TestNG-test=OMS-3]-[logRequestResponse]-[RequestPayload.java:171]-API Request sent : 
[INFO]-[2022-01-19 13:29:58.198]-[TestNG-test=OMS-3]-[logRequestResponse]-[RequestPayload.java:172]-Request method:	POST
Request URI:	https://localhost:9443/smcfs/restapi/invoke/getOrderDetails
Proxy:			<none>
Request params:	<none>
Query params:	<none>
Form params:	<none>
Path params:	<none>
Headers:		Accept=application/xml
				Authorization=Basic YWRtaW46cGFzc3dvcmQ=
				Content-Type=application/xml
Cookies:		<none>
Multiparts:		<none>
Body:
<Order DocumentType="0001" EnterpriseCode="FCVColombia" OrderHeaderKey="" OrderNo="COCC60532141"/>

[INFO]-[2022-01-19 13:29:58.200]-[TestNG-test=OMS-3]-[logRequestResponse]-[RequestPayload.java:174]-API Response received : 
[INFO]-[2022-01-19 13:29:58.201]-[TestNG-test=OMS-3]-[logRequestResponse]-[RequestPayload.java:175]-HTTP/1.1 200 OK
X-FRAME-OPTIONS: SAMEORIGIN
X-UA-Compatible: IE=EmulateIE8
Access-Control-Max-Age: 3600
Access-Control-Allow-Credentials: true
Access-Control-Allow-Origin: *
Content-Type: application/xml; charset=UTF-8
Content-Encoding: gzip
Content-Language: en-US
Content-Length: 3976
Date: Wed, 19 Jan 2022 07:59:58 GMT

<Order AllocationRuleID="DIF_SCH" AuthorizationExpirationDate="2022-01-19T07:59:49+00:00" BillToID="00198505" BuyerOrganizationCode="FCV.CO" CarrierAccountNo="" CarrierServiceCode="" ChainType="" ChargeActualFreightFlag="N" CustCustPONo="" CustomerEMailID="tremere27@gmail.com" CustomerPONo="" DeliveryCode="" Division="" DocumentType="0001" DraftOrderFlag="N" EnteredBy="00198505" EnterpriseCode="FCVColombia" EntryType="CustomerOnWeb" FreightTerms="" HasDeliveryLines="N" HasProductLines="Y" HasServiceLines="N" HoldFlag="N" HoldReasonCode="" MaxOrderStatus="1500" MaxOrderStatusDesc="Scheduled" MinOrderStatus="1500" MinOrderStatusDesc="Scheduled" NotifyAfterShipmentFlag="N" OrderDate="2022-01-19T07:59:49+00:00" OrderHeaderKey="2022011907594968172406" OrderName="" OrderNo="COCC60532141" OrderType="PICK" OriginalTax="0.00" OriginalTotalAmount="38960.00" OtherCharges="2990.00" PaymentStatus="PAID" PendingTransferIn="0.00" PersonalizeCode="" PriorityCode="" PriorityNumber="0" Purpose="" ReturnByGiftRecipient="" SCAC="" ScacAndService="" ScacAndServiceKey="" SearchCriteria1="" SearchCriteria2="" SellerOrganizationCode="FCV.CO" ShipToID="00198505" Status="Scheduled" TaxExemptFlag="N" TaxExemptionCertificate="" TaxJurisdiction="" TaxPayerId="" TermsCode="" TotalAdjustmentAmount="0.00" isHistory="N">
  <AllowedModifications>
    <Modification ModificationType="REMOVE_PROMOTION" ThroughOverride="Y"/>
    <Modification ModificationType="ORDER_NAME" ThroughOverride="Y"/>
    <Modification ModificationType="CONTACT_INFO" ThroughOverride="Y"/>
    <Modification ModificationType="CHANGE_ITERATION" ThroughOverride="Y"/>
    <Modification ModificationType="BILLTO" ThroughOverride="Y"/>
    <Modification ModificationType="TAX" ThroughOverride="Y"/>
    <Modification ModificationType="CHANGE_PROMOTION" ThroughOverride="Y"/>
    <Modification ModificationType="SHIPTO" ThroughOverride="Y"/>
    <Modification ModificationType="FREIGHT_TERMS" ThroughOverride="Y"/>
    <Modification ModificationType="ADD_NOTE" ThroughOverride="N"/>
    <Modification ModificationType="CHANGE_STATUS" ThroughOverride="Y"/>
    <Modification ModificationType="ADD_LINE" ThroughOverride="Y"/>
    <Modification ModificationType="CARRIER" ThroughOverride="Y"/>
    <Modification ModificationType="ADDITIONADDR" ThroughOverride="Y"/>
    <Modification ModificationType="SOLDTO" ThroughOverride="Y"/>
    <Modification ModificationType="REQ_SHIP_DATE" ThroughOverride="Y"/>
    <Modification ModificationType="PAYMENT_STATUS" ThroughOverride="Y"/>
    <Modification ModificationType="ADD_INSTRUCTION" ThroughOverride="Y"/>
    <Modification ModificationType="CHANGE_NOTE" ThroughOverride="Y"/>
    <Modification ModificationType="CARRIER_ACCOUNT_NO" ThroughOverride="Y"/>
    <Modification ModificationType="CHANGE_ORDER_DATE" ThroughOverride="Y"/>
    <Modification ModificationType="REMOVE_NOTE" ThroughOverride="Y"/>
    <Modification ModificationType="CHANGE_SCHEDULE" ThroughOverride="Y"/>
    <Modification ModificationType="HOLD" ThroughOverride="N"/>
    <Modification ModificationType="SPECIAL_SERVICE" ThroughOverride="Y"/>
    <Modification ModificationType="RULE_ID" ThroughOverride="N"/>
    <Modification ModificationType="PRICE" ThroughOverride="Y"/>
    <Modification ModificationType="CARRIER_SERVICE_CODE" ThroughOverride="Y"/>
    <Modification ModificationType="PAYMENT_METHOD" ThroughOverride="Y"/>
    <Modification ModificationType="CHANGE_CUSTOM_ATTRIBUTES" ThroughOverride="N"/>
    <Modification ModificationType="RELEASE" ThroughOverride="N"/>
    <Modification ModificationType="SHIP_NODE" ThroughOverride="N"/>
    <Modification ModificationType="ANSWER_SET" ThroughOverride="Y"/>
    <Modification ModificationType="MARKFOR" ThroughOverride="Y"/>
    <Modification ModificationType="RECEIVING_NODE" ThroughOverride="Y"/>
    <Modification ModificationType="SHORT" ThroughOverride="Y"/>
    <Modification ModificationType="BUYER_USER_ID" ThroughOverride="Y"/>
    <Modification ModificationType="OTHERS" ThroughOverride="N"/>
    <Modification ModificationType="DELIVERY_CODE" ThroughOverride="Y"/>
    <Modification ModificationType="LEVEL_OF_SERVICE" ThroughOverride="Y"/>
    <Modification ModificationType="CANCEL" ThroughOverride="N"/>
    <Modification ModificationType="UNSCHEDULE" ThroughOverride="N"/>
    <Modification ModificationType="CHANGE_INSTRUCTION" ThroughOverride="Y"/>
    <Modification ModificationType="HOLD_TYPE" ThroughOverride="N"/>
    <Modification ModificationType="REFERENCES" ThroughOverride="Y"/>
  </AllowedModifications>
  <PriceInfo Currency="COP" EnterpriseCurrency="COP" ReportingConversionDate="2022-01-19T07:59:49+00:00" ReportingConversionRate="1.00" TotalAmount="38960.00"/>
  <OrderLines>
    <OrderLine AllocationDate="2021-11-03" ApptStatus="" AwaitingDeliveryRequest="N" CanAddServiceLines="N" CarrierAccountNo="" CarrierServiceCode="" CustomerLinePONo="" CustomerPONo="" DeliveryCode="" DeliveryMethod="PICK" DepartmentCode="" FreightTerms="" FulfillmentType="" HasDeliveryLines="N" HasServiceLines="N" HoldFlag="N" HoldReasonCode="" ImportLicenseNo="" InvoicedQty="0" IsBundleParent="N" ItemGroupCode="PROD" KitCode="" LineSeqNo="1.1" LineType="CnC" MaxLineStatus="1500" MaxLineStatusDesc="Scheduled" MinLineStatus="1500" MinLineStatusDesc="Scheduled" OpenQty="3" OrderHeaderKey="2022011907594968172406" OrderLineKey="2022011907594968172407" OrderedQty="3" OriginalOrderedQty="3" OtherCharges="0.00" PackListType="" PersonalizeCode="" PersonalizeFlag="" PickableFlag="Y" PrimeLineNo="1" Purpose="" RemainingQty="3" ReqShipDate="2021-11-03T13:31:37+00:00" ReservationID="" ReservationPool="" SCAC="" ScacAndService="" ScacAndServiceKey="" Segment="" SegmentType="" SerialNo="" ShipNode="457" ShipToID="00198505" ShipTogetherNo="" SplitQty="0" Status="Scheduled" StatusQuantity="3" SubLineNo="1" SubstituteItemID="" SubstituteItemUOM="" isHistory="N">
      <Item CostCurrency="COP" CountryOfOrigin="" CustomerItem="461366" CustomerItemDesc="Gaviscon (5+2.67+1.6)% Suspension Oral Frasco X 300mL Menta" ECCNNo="" HarmonizedCode="" ISBN="" ItemDesc="Gaviscon (5+2.67+1.6)% Suspension Oral Frasco X 300mL Menta" ItemID="461366" ItemShortDesc="Stevia Endulzante Natural X 200 Ta Caja X 200" ItemWeight="0.00" ItemWeightUOM="LBS" ManufacturerItem="" ManufacturerItemDesc="" ManufacturerName="RB HEALTH COLOMBIA SAS" NMFCClass="" NMFCCode="" NMFCDescription="" ProductClass="REGULAR" ProductLine="" ScheduleBCode="" SupplierItem="" SupplierItemDesc="" TaxProductCode="" UPCCode="" UnitCost="11990.00" UnitOfMeasure="EACH"/>
      <LinePriceInfo ActualPricingQty="3" DiscountPercentage="0.00" InvoicedPricingQty="0" IsPriceLocked="Y" LineTotal="35970.00" ListPrice="11990.00" OrderedPricingQty="3" PricingQtyConversionFactor="0" PricingUOM="EACH" RetailPrice="0.00" SettledAmount="0.00" SettledQuantity="0" TaxableFlag="N" UnitPrice="11990.00"/>
      <OrderLineOptions/>
      <WorkOrders NumberOfWorkOrders="0"/>
      <PersonInfoShipTo AddressLine1="Carrera 70 # 99-8" AddressLine2="" AddressLine3="" AddressLine4="Bogota" AddressLine5="" AddressLine6="" AlternateEmailID="" Beeper="" City="Bogota" Company="" Country="CO" DayFaxNo="" DayPhone="(+57) 1111111111" Department="" EMailID="test_user_66074730@testuser.com" EveningFaxNo="" EveningPhone="" FirstName="test" JobTitle="" LastName="test" MiddleName="" MobilePhone="(+57) 1111111111" OtherPhone="" PersonID="" PersonInfoKey="2021112515060161885970" State="Bogota" Suffix="" Title="" ZipCode=""/>
      <Instructions NumberOfInstructions="0"/>
      <References/>
      <KitLines NumberOfKitLines="0"/>
      <ProductItems/>
      <AdditionalAddresses NumberOfAdditionalAddresses="0"/>
      <Notes NumberOfNotes="0"/>
      <ServiceAssociations/>
      <ProductAssociations/>
      <DeliveryAssociations/>
      <Schedules>
        <Schedule ExpectedDeliveryDate="2022-01-19T07:59:56+00:00" ExpectedShipmentDate="2022-01-19T07:59:56+00:00" OrderHeaderKey="2022011907594968172406" OrderLineKey="2022011907594968172407" OrderLineScheduleKey="202201190741595668172422" Quantity="3" ScheduleNo="2" TagNumber=""/>
      </Schedules>
      <LineOverallTotals Charges="0.00" Discount="0.00" ExtendedPrice="35970.00" LineTotal="35970.00" OptionPrice="0.00" PricingQty="3.00" Tax="0.00" UnitPrice="11990.00"/>
      <LineInvoicedTotals AdditionalLinePriceTotal="0.00" Charges="0.00" Discount="0.00" ExtendedPrice="0.00" LineTotal="0.00" OptionPrice="0.00" PricingQty="0.00" Tax="0.00" UnitPrice="0.00"/>
      <LineRemainingTotals AdditionalLinePriceTotal="0.00" Charges="0.00" Discount="0.00" ExtendedPrice="35970.00" LineTotal="35970.00" OptionPrice="0.00" PricingQty="3.00" Tax="0.00" UnitPrice="11990.00"/>
      <LineCharges/>
      <LineTaxes>
        <LineTax ChargeCategory="TAX" ChargeName="SALES_TAX" ChargeNameKey="20200210111055508944842" InvoicedTax="0.00" Reference_1="" Reference_2="" Reference_3="" RemainingTax="1914.00" Tax="1914.00" TaxName="SalesTax" TaxPercentage="0.00"/>
        <TaxSummary>
          <TaxSummaryDetail InvoicedTax="0.00" OverallTax="1914.00" RemainingTax="1914.00" TaxName="SalesTax"/>
        </TaxSummary>
      </LineTaxes>
      <OrderStatuses>
        <OrderStatus OrderHeaderKey="2022011907594968172406" OrderLineKey="2022011907594968172407" OrderLineScheduleKey="202201190741595668172422" OrderReleaseStatusKey="202201190755595668172423" PipelineKey="202004200551401016291479" ShipNode="457" Status="1500" StatusDate="2022-01-19T07:59:56+00:00" StatusDescription="Scheduled" StatusQty="3" TotalQuantity="3">
          <Details ExpectedDeliveryDate="2022-01-19T07:59:56+00:00" ExpectedShipmentDate="2022-01-19T07:59:56+00:00" TagNumber="">
            <KitDetails/>
          </Details>
        </OrderStatus>
      </OrderStatuses>
      <CapacityAllocations/>
    </OrderLine>
  </OrderLines>
  <Instructions NumberOfInstructions="0"/>
  <PersonInfoShipTo AddressLine1="Carrera 70 # 99-8" AddressLine2="" AddressLine3="" AddressLine4="Bogota" AddressLine5="" AddressLine6="" AlternateEmailID="" Beeper="" City="Bogota" Company="" Country="CO" DayFaxNo="" DayPhone="(+57) 1111111111" Department="" EMailID="test_user_66074730@testuser.com" EveningFaxNo="" EveningPhone="" FirstName="test" JobTitle="" LastName="test" MiddleName="" MobilePhone="(+57) 1111111111" OtherPhone="" PersonID="" PersonInfoKey="2021112515060161885970" State="Bogota" Suffix="" Title="" ZipCode=""/>
  <PersonInfoBillTo AddressLine1="Carrera 70 # 99-8" AddressLine2="" AddressLine3="" AddressLine4="Bogota" AddressLine5="" AddressLine6="" AlternateEmailID="" Beeper="" City="Bogota" Company="" Country="CO" DayFaxNo="" DayPhone="(+57) 1111111111" Department="" EMailID="test_user_66074730@testuser.com" EveningFaxNo="" EveningPhone="" FirstName="test" JobTitle="" LastName="test" MiddleName="" MobilePhone="" OtherPhone="" PersonID="" PersonInfoKey="2021112515060161885971" State="Bogota" Suffix="" Title="" ZipCode=""/>
  <AdditionalAddresses NumberOfAdditionalAddresses="0"/>
  <References/>
  <PaymentMethods>
    <PaymentMethod CheckNo="" CheckReference="" CreditCardExpDate="20251101" CreditCardName="Luis Gino Beltran" CreditCardNo="371180" CreditCardType="AMEX" CustomerPONo="" DisplayCreditCardNo="7522" DisplayCustomerAccountNo="" DisplayPaymentReference1="" DisplaySvcNo="" FundsAvailable="0.00" GetFundsAvailableUserExitInvoked="N" PaymentReference1="" PaymentReference2="MPAGO_CREDIT" PaymentReference3="1023936477" PaymentType="CREDIT_CARD"/>
  </PaymentMethods>
  <ChargeTransactionDetails AdditionalExpectedAuthorizations="0.00" TotalCredits="35970.00" TotalDebits="0.00" TotalOpenAuthorizations="0.00" TotalOpenBookings="38960.00" TotalTransferredIn="0.00" TotalTransferredOut="0.00">
    <ChargeTransactionDetail AuditTransactionID="" AuthorizationExpirationDate="2022-01-19T07:59:49+00:00" AuthorizationID="" BookAmount="0.00" ChargeTransactionKey="2022011907594968172409" ChargeType="CHARGE" CollectionDate="2022-01-19T07:59:49+00:00" CreditAmount="35970.00" DebitAmount="0.00" DistributedAmount="0.00" HoldAgainstBook="Y" OpenAuthorizedAmount="0.00" OrderHeaderKey="2022011907594968172406" OrderInvoiceKey="" PaymentKey="202201190768594968172408" RequestAmount="35970.00" SettledAmount="0.00" Status="CLOSED" TransactionDate="2022-01-19T07:59:49+00:00" TransferFromOhKey="" TransferToOhKey="" UserExitStatus="">
      <InvoiceCollectionDetails/>
      <CreditCardTransactions>
        <CreditCardTransaction AuthAmount="35970.00" AuthAvs="" AuthCode="1234546089" AuthReturnCode="" AuthReturnFlag="" AuthReturnMessage="" AuthTime="2022-01-19T07:59:49+00:00" CVVAuthCode="" ChargeTransactionKey="2022011907594968172409" CreditCardTransactionKey="202201190757594968172410" InternalReturnCode="" InternalReturnFlag="" InternalReturnMessage="" ParentKey="" Reference1="" Reference2="" RequestId="" TranAmount="35970.00" TranRequestTime="2022-01-19T07:59:49+00:00" TranReturnCode="" TranReturnFlag="" TranReturnMessage="" TranType="CHARGE"/>
      </CreditCardTransactions>
      <TransferToOrder/>
      <TransferFromOrder/>
    </ChargeTransactionDetail>
    <ChargeTransactionDetail AuditTransactionID="" AuthorizationExpirationDate="2022-01-19T07:59:49+00:00" AuthorizationID="" BookAmount="38960.00" ChargeTransactionKey="2022011907594968172415" ChargeType="CREATE_ORDER" CollectionDate="2022-01-19T07:59:49+00:00" CreditAmount="0.00" DebitAmount="0.00" DistributedAmount="0.00" HoldAgainstBook="" OpenAuthorizedAmount="0.00" OrderHeaderKey="2022011907594968172406" OrderInvoiceKey="" PaymentKey="" RequestAmount="0.00" SettledAmount="0.00" Status="OPEN" TransactionDate="2022-01-19T07:59:49+00:00" TransferFromOhKey="" TransferToOhKey="" UserExitStatus="">
      <InvoiceCollectionDetails/>
      <CreditCardTransactions/>
      <TransferToOrder/>
      <TransferFromOrder/>
    </ChargeTransactionDetail>
  </ChargeTransactionDetails>
  <ProductServiceAssocs/>
  <OverallTotals GrandCharges="2990.00" GrandDiscount="0.00" GrandTax="0.00" GrandTotal="38960.00" HdrCharges="2990.00" HdrDiscount="0.00" HdrTax="0.00" HdrTotal="2990.00" LineSubTotal="35970.00"/>
  <InvoicedTotals GrandCharges="0.00" GrandDiscount="0.00" GrandTax="0.00" GrandTotal="0.00" HdrCharges="0.00" HdrDiscount="0.00" HdrTax="0.00" HdrTotal="0.00" LineSubTotal="0.00"/>
  <RemainingTotals GrandCharges="2990.00" GrandDiscount="0.00" GrandTax="0.00" GrandTotal="38960.00" HdrCharges="2990.00" HdrDiscount="0.00" HdrTax="0.00" HdrTotal="2990.00" LineSubTotal="35970.00"/>
  <HeaderCharges>
    <HeaderCharge ChargeAmount="2990.00" ChargeCategory="SHIPPING" ChargeName="SHIPPING_CHARGE" ChargeNameKey="20200210110952508937952" InvoicedChargeAmount="0.00" IsBillable="Y" IsDiscount="N" Reference="" RemainingChargeAmount="2990.00"/>
  </HeaderCharges>
  <HeaderTaxes>
    <HeaderTax ChargeCategory="TAX" ChargeName="SHIPPING_TAX" ChargeNameKey="20200210111104508945910" InvoicedTax="0.00" Reference_1="" Reference_2="" Reference_3="" RemainingTax="477.00" Tax="477.00" TaxName="SHIPPING_TAX" TaxPercentage="0.00" TaxableFlag="Y"/>
    <TaxSummary>
      <TaxSummaryDetail InvoicedTax="0.00" OverallTax="477.00" RemainingTax="477.00" TaxName="SHIPPING_TAX"/>
    </TaxSummary>
  </HeaderTaxes>
  <OrderStatuses>
    <OrderStatus OrderHeaderKey="2022011907594968172406" OrderLineKey="2022011907594968172407" OrderLineScheduleKey="202201190741595668172422" OrderReleaseStatusKey="202201190755595668172423" PipelineKey="202004200551401016291479" ShipNode="457" Status="1500" StatusDate="2022-01-19T07:59:56+00:00" StatusDescription="Scheduled" StatusQty="3" TotalQuantity="3">
      <Details ExpectedDeliveryDate="2022-01-19T07:59:56+00:00" ExpectedShipmentDate="2022-01-19T07:59:56+00:00" TagNumber=""/>
    </OrderStatus>
  </OrderStatuses>
  <ExchangeOrders/>
</Order>

[INFO]-[2022-01-19 13:29:58.601]-[TestNG-test=OMS-3]-[requestCreationInOMS]-[RequestHelper.java:184]-Pre-condition for Test: Change Order for resolving the holds
[INFO]-[2022-01-19 13:29:58.626]-[TestNG-test=OMS-3]-[sendAPIRequest]-[RestAssuredRequest.java:20]-Calling POST request with end point : https://localhost:9443/smcfs/restapi/invoke/releaseOrder
io.restassured.internal.RequestSpecificationImpl@54fe0c4e
io.restassured.internal.RestAssuredResponseImpl@c3b5d1c
[INFO]-[2022-01-19 13:29:59.694]-[TestNG-test=OMS-3]-[logRequestResponse]-[RequestPayload.java:171]-API Request sent : 
[INFO]-[2022-01-19 13:29:59.695]-[TestNG-test=OMS-3]-[logRequestResponse]-[RequestPayload.java:172]-Request method:	POST
Request URI:	https://localhost:9443/smcfs/restapi/invoke/releaseOrder
Proxy:			<none>
Request params:	<none>
Query params:	<none>
Form params:	<none>
Path params:	<none>
Headers:		Accept=application/xml
				Authorization=Basic YWRtaW46cGFzc3dvcmQ=
				Content-Type=application/xml
Cookies:		<none>
Multiparts:		<none>
Body:
<ReleaseOrder CheckInventory="Y" DocumentType="0001" EnterpriseCode="FCVColombia" OrderHeaderKey="" OrderNo="COCC60532141"/>

[INFO]-[2022-01-19 13:29:59.697]-[TestNG-test=OMS-3]-[logRequestResponse]-[RequestPayload.java:174]-API Response received : 
[INFO]-[2022-01-19 13:29:59.698]-[TestNG-test=OMS-3]-[logRequestResponse]-[RequestPayload.java:175]-HTTP/1.1 204 No Content
X-FRAME-OPTIONS: SAMEORIGIN
X-UA-Compatible: IE=EmulateIE8
Access-Control-Max-Age: 3600
Access-Control-Allow-Credentials: true
Access-Control-Allow-Origin: *
Content-Language: en-US
Content-Length: 0
Date: Wed, 19 Jan 2022 08:00:00 GMT

[INFO]-[2022-01-19 13:29:59.705]-[TestNG-test=OMS-3]-[requestCreationInOMS]-[RequestHelper.java:140]-Pre-condition for Test: getOrderDetails
[INFO]-[2022-01-19 13:29:59.709]-[TestNG-test=OMS-3]-[sendAPIRequest]-[RestAssuredRequest.java:20]-Calling POST request with end point : https://localhost:9443/smcfs/restapi/invoke/getOrderDetails
io.restassured.internal.RequestSpecificationImpl@5a436eb8
io.restassured.internal.RestAssuredResponseImpl@2dc5adc6
[INFO]-[2022-01-19 13:30:00.577]-[TestNG-test=OMS-3]-[logRequestResponse]-[RequestPayload.java:171]-API Request sent : 
[INFO]-[2022-01-19 13:30:00.579]-[TestNG-test=OMS-3]-[logRequestResponse]-[RequestPayload.java:172]-Request method:	POST
Request URI:	https://localhost:9443/smcfs/restapi/invoke/getOrderDetails
Proxy:			<none>
Request params:	<none>
Query params:	<none>
Form params:	<none>
Path params:	<none>
Headers:		Accept=application/xml
				Authorization=Basic YWRtaW46cGFzc3dvcmQ=
				Content-Type=application/xml
Cookies:		<none>
Multiparts:		<none>
Body:
<Order DocumentType="0001" EnterpriseCode="FCVColombia" OrderHeaderKey="" OrderNo="COCC60532141"/>

[INFO]-[2022-01-19 13:30:00.581]-[TestNG-test=OMS-3]-[logRequestResponse]-[RequestPayload.java:174]-API Response received : 
[INFO]-[2022-01-19 13:30:00.582]-[TestNG-test=OMS-3]-[logRequestResponse]-[RequestPayload.java:175]-HTTP/1.1 200 OK
X-FRAME-OPTIONS: SAMEORIGIN
X-UA-Compatible: IE=EmulateIE8
Access-Control-Max-Age: 3600
Access-Control-Allow-Credentials: true
Access-Control-Allow-Origin: *
Content-Type: application/xml; charset=UTF-8
Content-Encoding: gzip
Content-Language: en-US
Content-Length: 3982
Date: Wed, 19 Jan 2022 08:00:00 GMT

<Order AllocationRuleID="DIF_SCH" AuthorizationExpirationDate="2022-01-19T07:59:49+00:00" BillToID="00198505" BuyerOrganizationCode="FCV.CO" CarrierAccountNo="" CarrierServiceCode="" ChainType="" ChargeActualFreightFlag="N" CustCustPONo="" CustomerEMailID="tremere27@gmail.com" CustomerPONo="" DeliveryCode="" Division="" DocumentType="0001" DraftOrderFlag="N" EnteredBy="00198505" EnterpriseCode="FCVColombia" EntryType="CustomerOnWeb" FreightTerms="" HasDeliveryLines="N" HasProductLines="Y" HasServiceLines="N" HoldFlag="N" HoldReasonCode="" MaxOrderStatus="3200" MaxOrderStatusDesc="Released to store" MinOrderStatus="3200" MinOrderStatusDesc="Released to store" NotifyAfterShipmentFlag="N" OrderDate="2022-01-19T07:59:49+00:00" OrderHeaderKey="2022011907594968172406" OrderName="" OrderNo="COCC60532141" OrderType="PICK" OriginalTax="0.00" OriginalTotalAmount="38960.00" OtherCharges="2990.00" PaymentStatus="PAID" PendingTransferIn="0.00" PersonalizeCode="" PriorityCode="" PriorityNumber="0" Purpose="" ReturnByGiftRecipient="" SCAC="" ScacAndService="" ScacAndServiceKey="" SearchCriteria1="" SearchCriteria2="" SellerOrganizationCode="FCV.CO" ShipToID="00198505" Status="Released to store" TaxExemptFlag="N" TaxExemptionCertificate="" TaxJurisdiction="" TaxPayerId="" TermsCode="" TotalAdjustmentAmount="0.00" isHistory="N">
  <AllowedModifications>
    <Modification ModificationType="REMOVE_PROMOTION" ThroughOverride="Y"/>
    <Modification ModificationType="ORDER_NAME" ThroughOverride="Y"/>
    <Modification ModificationType="CONTACT_INFO" ThroughOverride="Y"/>
    <Modification ModificationType="CHANGE_ITERATION" ThroughOverride="Y"/>
    <Modification ModificationType="BILLTO" ThroughOverride="Y"/>
    <Modification ModificationType="TAX" ThroughOverride="Y"/>
    <Modification ModificationType="CHANGE_PROMOTION" ThroughOverride="Y"/>
    <Modification ModificationType="FREIGHT_TERMS" ThroughOverride="Y"/>
    <Modification ModificationType="ADD_NOTE" ThroughOverride="Y"/>
    <Modification ModificationType="CHANGE_STATUS" ThroughOverride="Y"/>
    <Modification ModificationType="ADD_LINE" ThroughOverride="Y"/>
    <Modification ModificationType="CARRIER" ThroughOverride="Y"/>
    <Modification ModificationType="ADDITIONADDR" ThroughOverride="Y"/>
    <Modification ModificationType="SOLDTO" ThroughOverride="Y"/>
    <Modification ModificationType="REQ_SHIP_DATE" ThroughOverride="Y"/>
    <Modification ModificationType="PAYMENT_STATUS" ThroughOverride="Y"/>
    <Modification ModificationType="ADD_INSTRUCTION" ThroughOverride="Y"/>
    <Modification ModificationType="CHANGE_NOTE" ThroughOverride="Y"/>
    <Modification ModificationType="CARRIER_ACCOUNT_NO" ThroughOverride="Y"/>
    <Modification ModificationType="CHANGE_ORDER_DATE" ThroughOverride="Y"/>
    <Modification ModificationType="REMOVE_NOTE" ThroughOverride="Y"/>
    <Modification ModificationType="CHANGE_SCHEDULE" ThroughOverride="Y"/>
    <Modification ModificationType="HOLD" ThroughOverride="N"/>
    <Modification ModificationType="SPECIAL_SERVICE" ThroughOverride="Y"/>
    <Modification ModificationType="RULE_ID" ThroughOverride="Y"/>
    <Modification ModificationType="PRICE" ThroughOverride="Y"/>
    <Modification ModificationType="CARRIER_SERVICE_CODE" ThroughOverride="Y"/>
    <Modification ModificationType="PAYMENT_METHOD" ThroughOverride="Y"/>
    <Modification ModificationType="CHANGE_CUSTOM_ATTRIBUTES" ThroughOverride="Y"/>
    <Modification ModificationType="RELEASE" ThroughOverride="Y"/>
    <Modification ModificationType="SHIP_NODE" ThroughOverride="Y"/>
    <Modification ModificationType="ANSWER_SET" ThroughOverride="Y"/>
    <Modification ModificationType="MARKFOR" ThroughOverride="Y"/>
    <Modification ModificationType="RECEIVING_NODE" ThroughOverride="Y"/>
    <Modification ModificationType="SHORT" ThroughOverride="N"/>
    <Modification ModificationType="BUYER_USER_ID" ThroughOverride="Y"/>
    <Modification ModificationType="OTHERS" ThroughOverride="N"/>
    <Modification ModificationType="DELIVERY_CODE" ThroughOverride="Y"/>
    <Modification ModificationType="LEVEL_OF_SERVICE" ThroughOverride="Y"/>
    <Modification ModificationType="CANCEL" ThroughOverride="N"/>
    <Modification ModificationType="UNSCHEDULE" ThroughOverride="Y"/>
    <Modification ModificationType="CHANGE_INSTRUCTION" ThroughOverride="Y"/>
    <Modification ModificationType="HOLD_TYPE" ThroughOverride="N"/>
    <Modification ModificationType="REFERENCES" ThroughOverride="Y"/>
  </AllowedModifications>
  <PriceInfo Currency="COP" EnterpriseCurrency="COP" ReportingConversionDate="2022-01-19T07:59:49+00:00" ReportingConversionRate="1.00" TotalAmount="38960.00"/>
  <OrderLines>
    <OrderLine AllocationDate="2021-11-03" ApptStatus="" AwaitingDeliveryRequest="N" CanAddServiceLines="N" CarrierAccountNo="" CarrierServiceCode="" CustomerLinePONo="" CustomerPONo="" DeliveryCode="" DeliveryMethod="PICK" DepartmentCode="" FreightTerms="" FulfillmentType="" HasDeliveryLines="N" HasServiceLines="N" HoldFlag="N" HoldReasonCode="" ImportLicenseNo="" InvoicedQty="0" IsBundleParent="N" ItemGroupCode="PROD" KitCode="" LineSeqNo="1.1" LineType="CnC" MaxLineStatus="3200" MaxLineStatusDesc="Released to store" MinLineStatus="3200" MinLineStatusDesc="Released to store" OpenQty="3" OrderHeaderKey="2022011907594968172406" OrderLineKey="2022011907594968172407" OrderedQty="3" OriginalOrderedQty="3" OtherCharges="0.00" PackListType="" PersonalizeCode="" PersonalizeFlag="" PickableFlag="Y" PrimeLineNo="1" Purpose="" RemainingQty="3" ReqShipDate="2021-11-03T13:31:37+00:00" ReservationID="" ReservationPool="" SCAC="" ScacAndService="" ScacAndServiceKey="" Segment="" SegmentType="" SerialNo="" ShipNode="457" ShipToID="00198505" ShipTogetherNo="" SplitQty="0" Status="Released to store" StatusQuantity="3" SubLineNo="1" SubstituteItemID="" SubstituteItemUOM="" isHistory="N">
      <Item CostCurrency="COP" CountryOfOrigin="" CustomerItem="461366" CustomerItemDesc="Gaviscon (5+2.67+1.6)% Suspension Oral Frasco X 300mL Menta" ECCNNo="" HarmonizedCode="" ISBN="" ItemDesc="Gaviscon (5+2.67+1.6)% Suspension Oral Frasco X 300mL Menta" ItemID="461366" ItemShortDesc="Stevia Endulzante Natural X 200 Ta Caja X 200" ItemWeight="0.00" ItemWeightUOM="LBS" ManufacturerItem="" ManufacturerItemDesc="" ManufacturerName="RB HEALTH COLOMBIA SAS" NMFCClass="" NMFCCode="" NMFCDescription="" ProductClass="REGULAR" ProductLine="" ScheduleBCode="" SupplierItem="" SupplierItemDesc="" TaxProductCode="" UPCCode="" UnitCost="11990.00" UnitOfMeasure="EACH"/>
      <LinePriceInfo ActualPricingQty="3" DiscountPercentage="0.00" InvoicedPricingQty="0" IsPriceLocked="Y" LineTotal="35970.00" ListPrice="11990.00" OrderedPricingQty="3" PricingQtyConversionFactor="0" PricingUOM="EACH" RetailPrice="0.00" SettledAmount="0.00" SettledQuantity="0" TaxableFlag="N" UnitPrice="11990.00"/>
      <OrderLineOptions/>
      <WorkOrders NumberOfWorkOrders="0"/>
      <PersonInfoShipTo AddressLine1="Carrera 70 # 99-8" AddressLine2="" AddressLine3="" AddressLine4="Bogota" AddressLine5="" AddressLine6="" AlternateEmailID="" Beeper="" City="Bogota" Company="" Country="CO" DayFaxNo="" DayPhone="(+57) 1111111111" Department="" EMailID="test_user_66074730@testuser.com" EveningFaxNo="" EveningPhone="" FirstName="test" JobTitle="" LastName="test" MiddleName="" MobilePhone="(+57) 1111111111" OtherPhone="" PersonID="" PersonInfoKey="2021112515060161885970" State="Bogota" Suffix="" Title="" ZipCode=""/>
      <Instructions NumberOfInstructions="0"/>
      <References/>
      <KitLines NumberOfKitLines="0"/>
      <ProductItems/>
      <AdditionalAddresses NumberOfAdditionalAddresses="0"/>
      <Notes NumberOfNotes="0"/>
      <ServiceAssociations/>
      <ProductAssociations/>
      <DeliveryAssociations/>
      <Schedules>
        <Schedule ExpectedDeliveryDate="2022-01-19T07:59:59+00:00" ExpectedShipmentDate="2022-01-19T07:59:59+00:00" OrderHeaderKey="2022011907594968172406" OrderLineKey="2022011907594968172407" OrderLineScheduleKey="202201190774595968172430" Quantity="3" ScheduleNo="3" TagNumber=""/>
      </Schedules>
      <LineOverallTotals Charges="0.00" Discount="0.00" ExtendedPrice="35970.00" LineTotal="35970.00" OptionPrice="0.00" PricingQty="3.00" Tax="0.00" UnitPrice="11990.00"/>
      <LineInvoicedTotals AdditionalLinePriceTotal="0.00" Charges="0.00" Discount="0.00" ExtendedPrice="0.00" LineTotal="0.00" OptionPrice="0.00" PricingQty="0.00" Tax="0.00" UnitPrice="0.00"/>
      <LineRemainingTotals AdditionalLinePriceTotal="0.00" Charges="0.00" Discount="0.00" ExtendedPrice="35970.00" LineTotal="35970.00" OptionPrice="0.00" PricingQty="3.00" Tax="0.00" UnitPrice="11990.00"/>
      <LineCharges/>
      <LineTaxes>
        <LineTax ChargeCategory="TAX" ChargeName="SALES_TAX" ChargeNameKey="20200210111055508944842" InvoicedTax="0.00" Reference_1="" Reference_2="" Reference_3="" RemainingTax="1914.00" Tax="1914.00" TaxName="SalesTax" TaxPercentage="0.00"/>
        <TaxSummary>
          <TaxSummaryDetail InvoicedTax="0.00" OverallTax="1914.00" RemainingTax="1914.00" TaxName="SalesTax"/>
        </TaxSummary>
      </LineTaxes>
      <OrderStatuses>
        <OrderStatus OrderHeaderKey="2022011907594968172406" OrderLineKey="2022011907594968172407" OrderLineScheduleKey="202201190774595968172430" OrderReleaseKey="2022011907595968172429" OrderReleaseStatusKey="202201190775595968172431" PipelineKey="202004200551401016291479" ShipNode="457" Status="3200" StatusDate="2022-01-19T07:59:59+00:00" StatusDescription="Released to store" StatusQty="3" TotalQuantity="3">
          <Details ExpectedDeliveryDate="2022-01-19T07:59:59+00:00" ExpectedShipmentDate="2022-01-19T07:59:59+00:00" TagNumber="">
            <KitDetails/>
          </Details>
        </OrderStatus>
      </OrderStatuses>
      <CapacityAllocations/>
    </OrderLine>
  </OrderLines>
  <Instructions NumberOfInstructions="0"/>
  <PersonInfoShipTo AddressLine1="Carrera 70 # 99-8" AddressLine2="" AddressLine3="" AddressLine4="Bogota" AddressLine5="" AddressLine6="" AlternateEmailID="" Beeper="" City="Bogota" Company="" Country="CO" DayFaxNo="" DayPhone="(+57) 1111111111" Department="" EMailID="test_user_66074730@testuser.com" EveningFaxNo="" EveningPhone="" FirstName="test" JobTitle="" LastName="test" MiddleName="" MobilePhone="(+57) 1111111111" OtherPhone="" PersonID="" PersonInfoKey="2021112515060161885970" State="Bogota" Suffix="" Title="" ZipCode=""/>
  <PersonInfoBillTo AddressLine1="Carrera 70 # 99-8" AddressLine2="" AddressLine3="" AddressLine4="Bogota" AddressLine5="" AddressLine6="" AlternateEmailID="" Beeper="" City="Bogota" Company="" Country="CO" DayFaxNo="" DayPhone="(+57) 1111111111" Department="" EMailID="test_user_66074730@testuser.com" EveningFaxNo="" EveningPhone="" FirstName="test" JobTitle="" LastName="test" MiddleName="" MobilePhone="" OtherPhone="" PersonID="" PersonInfoKey="2021112515060161885971" State="Bogota" Suffix="" Title="" ZipCode=""/>
  <AdditionalAddresses NumberOfAdditionalAddresses="0"/>
  <References/>
  <PaymentMethods>
    <PaymentMethod CheckNo="" CheckReference="" CreditCardExpDate="20251101" CreditCardName="Luis Gino Beltran" CreditCardNo="371180" CreditCardType="AMEX" CustomerPONo="" DisplayCreditCardNo="7522" DisplayCustomerAccountNo="" DisplayPaymentReference1="" DisplaySvcNo="" FundsAvailable="0.00" GetFundsAvailableUserExitInvoked="N" PaymentReference1="" PaymentReference2="MPAGO_CREDIT" PaymentReference3="1023936477" PaymentType="CREDIT_CARD"/>
  </PaymentMethods>
  <ChargeTransactionDetails AdditionalExpectedAuthorizations="0.00" TotalCredits="35970.00" TotalDebits="0.00" TotalOpenAuthorizations="0.00" TotalOpenBookings="38960.00" TotalTransferredIn="0.00" TotalTransferredOut="0.00">
    <ChargeTransactionDetail AuditTransactionID="" AuthorizationExpirationDate="2022-01-19T07:59:49+00:00" AuthorizationID="" BookAmount="0.00" ChargeTransactionKey="2022011907594968172409" ChargeType="CHARGE" CollectionDate="2022-01-19T07:59:49+00:00" CreditAmount="35970.00" DebitAmount="0.00" DistributedAmount="0.00" HoldAgainstBook="Y" OpenAuthorizedAmount="0.00" OrderHeaderKey="2022011907594968172406" OrderInvoiceKey="" PaymentKey="202201190768594968172408" RequestAmount="35970.00" SettledAmount="0.00" Status="CLOSED" TransactionDate="2022-01-19T07:59:49+00:00" TransferFromOhKey="" TransferToOhKey="" UserExitStatus="">
      <InvoiceCollectionDetails/>
      <CreditCardTransactions>
        <CreditCardTransaction AuthAmount="35970.00" AuthAvs="" AuthCode="1234546089" AuthReturnCode="" AuthReturnFlag="" AuthReturnMessage="" AuthTime="2022-01-19T07:59:49+00:00" CVVAuthCode="" ChargeTransactionKey="2022011907594968172409" CreditCardTransactionKey="202201190757594968172410" InternalReturnCode="" InternalReturnFlag="" InternalReturnMessage="" ParentKey="" Reference1="" Reference2="" RequestId="" TranAmount="35970.00" TranRequestTime="2022-01-19T07:59:49+00:00" TranReturnCode="" TranReturnFlag="" TranReturnMessage="" TranType="CHARGE"/>
      </CreditCardTransactions>
      <TransferToOrder/>
      <TransferFromOrder/>
    </ChargeTransactionDetail>
    <ChargeTransactionDetail AuditTransactionID="" AuthorizationExpirationDate="2022-01-19T07:59:49+00:00" AuthorizationID="" BookAmount="38960.00" ChargeTransactionKey="2022011907594968172415" ChargeType="CREATE_ORDER" CollectionDate="2022-01-19T07:59:49+00:00" CreditAmount="0.00" DebitAmount="0.00" DistributedAmount="0.00" HoldAgainstBook="" OpenAuthorizedAmount="0.00" OrderHeaderKey="2022011907594968172406" OrderInvoiceKey="" PaymentKey="" RequestAmount="0.00" SettledAmount="0.00" Status="OPEN" TransactionDate="2022-01-19T07:59:49+00:00" TransferFromOhKey="" TransferToOhKey="" UserExitStatus="">
      <InvoiceCollectionDetails/>
      <CreditCardTransactions/>
      <TransferToOrder/>
      <TransferFromOrder/>
    </ChargeTransactionDetail>
  </ChargeTransactionDetails>
  <ProductServiceAssocs/>
  <OverallTotals GrandCharges="2990.00" GrandDiscount="0.00" GrandTax="0.00" GrandTotal="38960.00" HdrCharges="2990.00" HdrDiscount="0.00" HdrTax="0.00" HdrTotal="2990.00" LineSubTotal="35970.00"/>
  <InvoicedTotals GrandCharges="0.00" GrandDiscount="0.00" GrandTax="0.00" GrandTotal="0.00" HdrCharges="0.00" HdrDiscount="0.00" HdrTax="0.00" HdrTotal="0.00" LineSubTotal="0.00"/>
  <RemainingTotals GrandCharges="2990.00" GrandDiscount="0.00" GrandTax="0.00" GrandTotal="38960.00" HdrCharges="2990.00" HdrDiscount="0.00" HdrTax="0.00" HdrTotal="2990.00" LineSubTotal="35970.00"/>
  <HeaderCharges>
    <HeaderCharge ChargeAmount="2990.00" ChargeCategory="SHIPPING" ChargeName="SHIPPING_CHARGE" ChargeNameKey="20200210110952508937952" InvoicedChargeAmount="0.00" IsBillable="Y" IsDiscount="N" Reference="" RemainingChargeAmount="2990.00"/>
  </HeaderCharges>
  <HeaderTaxes>
    <HeaderTax ChargeCategory="TAX" ChargeName="SHIPPING_TAX" ChargeNameKey="20200210111104508945910" InvoicedTax="0.00" Reference_1="" Reference_2="" Reference_3="" RemainingTax="477.00" Tax="477.00" TaxName="SHIPPING_TAX" TaxPercentage="0.00" TaxableFlag="Y"/>
    <TaxSummary>
      <TaxSummaryDetail InvoicedTax="0.00" OverallTax="477.00" RemainingTax="477.00" TaxName="SHIPPING_TAX"/>
    </TaxSummary>
  </HeaderTaxes>
  <OrderStatuses>
    <OrderStatus OrderHeaderKey="2022011907594968172406" OrderLineKey="2022011907594968172407" OrderLineScheduleKey="202201190774595968172430" OrderReleaseKey="2022011907595968172429" OrderReleaseStatusKey="202201190775595968172431" PipelineKey="202004200551401016291479" ShipNode="457" Status="3200" StatusDate="2022-01-19T07:59:59+00:00" StatusDescription="Released to store" StatusQty="3" TotalQuantity="3">
      <Details ExpectedDeliveryDate="2022-01-19T07:59:59+00:00" ExpectedShipmentDate="2022-01-19T07:59:59+00:00" TagNumber=""/>
    </OrderStatus>
  </OrderStatuses>
  <ExchangeOrders/>
</Order>

[INFO]-[2022-01-19 13:30:00.659]-[TestNG-test=OMS-3]-[requestCreationInOMS]-[RequestHelper.java:140]-Pre-condition for Test: getOrderDetails
[INFO]-[2022-01-19 13:30:00.664]-[TestNG-test=OMS-3]-[sendAPIRequest]-[RestAssuredRequest.java:20]-Calling POST request with end point : https://localhost:9443/smcfs/restapi/invoke/getOrderDetails
io.restassured.internal.RequestSpecificationImpl@44b85b81
[INFO]-[2022-01-19 13:30:01.239]-[TestNG-test=OMS-1]-[onTestStart]-[TestListener.java:56]--------------------------------------------------------------------------------------------------------------------------
[INFO]-[2022-01-19 13:30:01.240]-[TestNG-test=OMS-1]-[onTestStart]-[TestListener.java:57]-Starting new testcase :TC04_COM_RegisteredUser_SFS_ML_OrderFulfillment
io.restassured.internal.RestAssuredResponseImpl@31386530
[INFO]-[2022-01-19 13:30:02.003]-[TestNG-test=OMS-3]-[logRequestResponse]-[RequestPayload.java:171]-API Request sent : 
[INFO]-[2022-01-19 13:30:02.004]-[TestNG-test=OMS-3]-[logRequestResponse]-[RequestPayload.java:172]-Request method:	POST
Request URI:	https://localhost:9443/smcfs/restapi/invoke/getOrderDetails
Proxy:			<none>
Request params:	<none>
Query params:	<none>
Form params:	<none>
Path params:	<none>
Headers:		Accept=application/xml
				Authorization=Basic YWRtaW46cGFzc3dvcmQ=
				Content-Type=application/xml
Cookies:		<none>
Multiparts:		<none>
Body:
<Order DocumentType="0001" EnterpriseCode="FCVColombia" OrderHeaderKey="" OrderNo="COCC60532141"/>

[INFO]-[2022-01-19 13:30:02.005]-[TestNG-test=OMS-3]-[logRequestResponse]-[RequestPayload.java:174]-API Response received : 
[INFO]-[2022-01-19 13:30:02.008]-[TestNG-test=OMS-3]-[logRequestResponse]-[RequestPayload.java:175]-HTTP/1.1 200 OK
X-FRAME-OPTIONS: SAMEORIGIN
X-UA-Compatible: IE=EmulateIE8
Access-Control-Max-Age: 3600
Access-Control-Allow-Credentials: true
Access-Control-Allow-Origin: *
Content-Type: application/xml; charset=UTF-8
Content-Encoding: gzip
Content-Language: en-US
Content-Length: 3982
Date: Wed, 19 Jan 2022 08:00:02 GMT

<Order AllocationRuleID="DIF_SCH" AuthorizationExpirationDate="2022-01-19T07:59:49+00:00" BillToID="00198505" BuyerOrganizationCode="FCV.CO" CarrierAccountNo="" CarrierServiceCode="" ChainType="" ChargeActualFreightFlag="N" CustCustPONo="" CustomerEMailID="tremere27@gmail.com" CustomerPONo="" DeliveryCode="" Division="" DocumentType="0001" DraftOrderFlag="N" EnteredBy="00198505" EnterpriseCode="FCVColombia" EntryType="CustomerOnWeb" FreightTerms="" HasDeliveryLines="N" HasProductLines="Y" HasServiceLines="N" HoldFlag="N" HoldReasonCode="" MaxOrderStatus="3200" MaxOrderStatusDesc="Released to store" MinOrderStatus="3200" MinOrderStatusDesc="Released to store" NotifyAfterShipmentFlag="N" OrderDate="2022-01-19T07:59:49+00:00" OrderHeaderKey="2022011907594968172406" OrderName="" OrderNo="COCC60532141" OrderType="PICK" OriginalTax="0.00" OriginalTotalAmount="38960.00" OtherCharges="2990.00" PaymentStatus="PAID" PendingTransferIn="0.00" PersonalizeCode="" PriorityCode="" PriorityNumber="0" Purpose="" ReturnByGiftRecipient="" SCAC="" ScacAndService="" ScacAndServiceKey="" SearchCriteria1="" SearchCriteria2="" SellerOrganizationCode="FCV.CO" ShipToID="00198505" Status="Released to store" TaxExemptFlag="N" TaxExemptionCertificate="" TaxJurisdiction="" TaxPayerId="" TermsCode="" TotalAdjustmentAmount="0.00" isHistory="N">
  <AllowedModifications>
    <Modification ModificationType="REMOVE_PROMOTION" ThroughOverride="Y"/>
    <Modification ModificationType="ORDER_NAME" ThroughOverride="Y"/>
    <Modification ModificationType="CONTACT_INFO" ThroughOverride="Y"/>
    <Modification ModificationType="CHANGE_ITERATION" ThroughOverride="Y"/>
    <Modification ModificationType="BILLTO" ThroughOverride="Y"/>
    <Modification ModificationType="TAX" ThroughOverride="Y"/>
    <Modification ModificationType="CHANGE_PROMOTION" ThroughOverride="Y"/>
    <Modification ModificationType="FREIGHT_TERMS" ThroughOverride="Y"/>
    <Modification ModificationType="ADD_NOTE" ThroughOverride="Y"/>
    <Modification ModificationType="CHANGE_STATUS" ThroughOverride="Y"/>
    <Modification ModificationType="ADD_LINE" ThroughOverride="Y"/>
    <Modification ModificationType="CARRIER" ThroughOverride="Y"/>
    <Modification ModificationType="ADDITIONADDR" ThroughOverride="Y"/>
    <Modification ModificationType="SOLDTO" ThroughOverride="Y"/>
    <Modification ModificationType="REQ_SHIP_DATE" ThroughOverride="Y"/>
    <Modification ModificationType="PAYMENT_STATUS" ThroughOverride="Y"/>
    <Modification ModificationType="ADD_INSTRUCTION" ThroughOverride="Y"/>
    <Modification ModificationType="CHANGE_NOTE" ThroughOverride="Y"/>
    <Modification ModificationType="CARRIER_ACCOUNT_NO" ThroughOverride="Y"/>
    <Modification ModificationType="CHANGE_ORDER_DATE" ThroughOverride="Y"/>
    <Modification ModificationType="REMOVE_NOTE" ThroughOverride="Y"/>
    <Modification ModificationType="CHANGE_SCHEDULE" ThroughOverride="Y"/>
    <Modification ModificationType="HOLD" ThroughOverride="N"/>
    <Modification ModificationType="SPECIAL_SERVICE" ThroughOverride="Y"/>
    <Modification ModificationType="RULE_ID" ThroughOverride="Y"/>
    <Modification ModificationType="PRICE" ThroughOverride="Y"/>
    <Modification ModificationType="CARRIER_SERVICE_CODE" ThroughOverride="Y"/>
    <Modification ModificationType="PAYMENT_METHOD" ThroughOverride="Y"/>
    <Modification ModificationType="CHANGE_CUSTOM_ATTRIBUTES" ThroughOverride="Y"/>
    <Modification ModificationType="RELEASE" ThroughOverride="Y"/>
    <Modification ModificationType="SHIP_NODE" ThroughOverride="Y"/>
    <Modification ModificationType="ANSWER_SET" ThroughOverride="Y"/>
    <Modification ModificationType="MARKFOR" ThroughOverride="Y"/>
    <Modification ModificationType="RECEIVING_NODE" ThroughOverride="Y"/>
    <Modification ModificationType="SHORT" ThroughOverride="N"/>
    <Modification ModificationType="BUYER_USER_ID" ThroughOverride="Y"/>
    <Modification ModificationType="OTHERS" ThroughOverride="N"/>
    <Modification ModificationType="DELIVERY_CODE" ThroughOverride="Y"/>
    <Modification ModificationType="LEVEL_OF_SERVICE" ThroughOverride="Y"/>
    <Modification ModificationType="CANCEL" ThroughOverride="N"/>
    <Modification ModificationType="UNSCHEDULE" ThroughOverride="Y"/>
    <Modification ModificationType="CHANGE_INSTRUCTION" ThroughOverride="Y"/>
    <Modification ModificationType="HOLD_TYPE" ThroughOverride="N"/>
    <Modification ModificationType="REFERENCES" ThroughOverride="Y"/>
  </AllowedModifications>
  <PriceInfo Currency="COP" EnterpriseCurrency="COP" ReportingConversionDate="2022-01-19T07:59:49+00:00" ReportingConversionRate="1.00" TotalAmount="38960.00"/>
  <OrderLines>
    <OrderLine AllocationDate="2021-11-03" ApptStatus="" AwaitingDeliveryRequest="N" CanAddServiceLines="N" CarrierAccountNo="" CarrierServiceCode="" CustomerLinePONo="" CustomerPONo="" DeliveryCode="" DeliveryMethod="PICK" DepartmentCode="" FreightTerms="" FulfillmentType="" HasDeliveryLines="N" HasServiceLines="N" HoldFlag="N" HoldReasonCode="" ImportLicenseNo="" InvoicedQty="0" IsBundleParent="N" ItemGroupCode="PROD" KitCode="" LineSeqNo="1.1" LineType="CnC" MaxLineStatus="3200" MaxLineStatusDesc="Released to store" MinLineStatus="3200" MinLineStatusDesc="Released to store" OpenQty="3" OrderHeaderKey="2022011907594968172406" OrderLineKey="2022011907594968172407" OrderedQty="3" OriginalOrderedQty="3" OtherCharges="0.00" PackListType="" PersonalizeCode="" PersonalizeFlag="" PickableFlag="Y" PrimeLineNo="1" Purpose="" RemainingQty="3" ReqShipDate="2021-11-03T13:31:37+00:00" ReservationID="" ReservationPool="" SCAC="" ScacAndService="" ScacAndServiceKey="" Segment="" SegmentType="" SerialNo="" ShipNode="457" ShipToID="00198505" ShipTogetherNo="" SplitQty="0" Status="Released to store" StatusQuantity="3" SubLineNo="1" SubstituteItemID="" SubstituteItemUOM="" isHistory="N">
      <Item CostCurrency="COP" CountryOfOrigin="" CustomerItem="461366" CustomerItemDesc="Gaviscon (5+2.67+1.6)% Suspension Oral Frasco X 300mL Menta" ECCNNo="" HarmonizedCode="" ISBN="" ItemDesc="Gaviscon (5+2.67+1.6)% Suspension Oral Frasco X 300mL Menta" ItemID="461366" ItemShortDesc="Stevia Endulzante Natural X 200 Ta Caja X 200" ItemWeight="0.00" ItemWeightUOM="LBS" ManufacturerItem="" ManufacturerItemDesc="" ManufacturerName="RB HEALTH COLOMBIA SAS" NMFCClass="" NMFCCode="" NMFCDescription="" ProductClass="REGULAR" ProductLine="" ScheduleBCode="" SupplierItem="" SupplierItemDesc="" TaxProductCode="" UPCCode="" UnitCost="11990.00" UnitOfMeasure="EACH"/>
      <LinePriceInfo ActualPricingQty="3" DiscountPercentage="0.00" InvoicedPricingQty="0" IsPriceLocked="Y" LineTotal="35970.00" ListPrice="11990.00" OrderedPricingQty="3" PricingQtyConversionFactor="0" PricingUOM="EACH" RetailPrice="0.00" SettledAmount="0.00" SettledQuantity="0" TaxableFlag="N" UnitPrice="11990.00"/>
      <OrderLineOptions/>
      <WorkOrders NumberOfWorkOrders="0"/>
      <PersonInfoShipTo AddressLine1="Carrera 70 # 99-8" AddressLine2="" AddressLine3="" AddressLine4="Bogota" AddressLine5="" AddressLine6="" AlternateEmailID="" Beeper="" City="Bogota" Company="" Country="CO" DayFaxNo="" DayPhone="(+57) 1111111111" Department="" EMailID="test_user_66074730@testuser.com" EveningFaxNo="" EveningPhone="" FirstName="test" JobTitle="" LastName="test" MiddleName="" MobilePhone="(+57) 1111111111" OtherPhone="" PersonID="" PersonInfoKey="2021112515060161885970" State="Bogota" Suffix="" Title="" ZipCode=""/>
      <Instructions NumberOfInstructions="0"/>
      <References/>
      <KitLines NumberOfKitLines="0"/>
      <ProductItems/>
      <AdditionalAddresses NumberOfAdditionalAddresses="0"/>
      <Notes NumberOfNotes="0"/>
      <ServiceAssociations/>
      <ProductAssociations/>
      <DeliveryAssociations/>
      <Schedules>
        <Schedule ExpectedDeliveryDate="2022-01-19T07:59:59+00:00" ExpectedShipmentDate="2022-01-19T07:59:59+00:00" OrderHeaderKey="2022011907594968172406" OrderLineKey="2022011907594968172407" OrderLineScheduleKey="202201190774595968172430" Quantity="3" ScheduleNo="3" TagNumber=""/>
      </Schedules>
      <LineOverallTotals Charges="0.00" Discount="0.00" ExtendedPrice="35970.00" LineTotal="35970.00" OptionPrice="0.00" PricingQty="3.00" Tax="0.00" UnitPrice="11990.00"/>
      <LineInvoicedTotals AdditionalLinePriceTotal="0.00" Charges="0.00" Discount="0.00" ExtendedPrice="0.00" LineTotal="0.00" OptionPrice="0.00" PricingQty="0.00" Tax="0.00" UnitPrice="0.00"/>
      <LineRemainingTotals AdditionalLinePriceTotal="0.00" Charges="0.00" Discount="0.00" ExtendedPrice="35970.00" LineTotal="35970.00" OptionPrice="0.00" PricingQty="3.00" Tax="0.00" UnitPrice="11990.00"/>
      <LineCharges/>
      <LineTaxes>
        <LineTax ChargeCategory="TAX" ChargeName="SALES_TAX" ChargeNameKey="20200210111055508944842" InvoicedTax="0.00" Reference_1="" Reference_2="" Reference_3="" RemainingTax="1914.00" Tax="1914.00" TaxName="SalesTax" TaxPercentage="0.00"/>
        <TaxSummary>
          <TaxSummaryDetail InvoicedTax="0.00" OverallTax="1914.00" RemainingTax="1914.00" TaxName="SalesTax"/>
        </TaxSummary>
      </LineTaxes>
      <OrderStatuses>
        <OrderStatus OrderHeaderKey="2022011907594968172406" OrderLineKey="2022011907594968172407" OrderLineScheduleKey="202201190774595968172430" OrderReleaseKey="2022011907595968172429" OrderReleaseStatusKey="202201190775595968172431" PipelineKey="202004200551401016291479" ShipNode="457" Status="3200" StatusDate="2022-01-19T07:59:59+00:00" StatusDescription="Released to store" StatusQty="3" TotalQuantity="3">
          <Details ExpectedDeliveryDate="2022-01-19T07:59:59+00:00" ExpectedShipmentDate="2022-01-19T07:59:59+00:00" TagNumber="">
            <KitDetails/>
          </Details>
        </OrderStatus>
      </OrderStatuses>
      <CapacityAllocations/>
    </OrderLine>
  </OrderLines>
  <Instructions NumberOfInstructions="0"/>
  <PersonInfoShipTo AddressLine1="Carrera 70 # 99-8" AddressLine2="" AddressLine3="" AddressLine4="Bogota" AddressLine5="" AddressLine6="" AlternateEmailID="" Beeper="" City="Bogota" Company="" Country="CO" DayFaxNo="" DayPhone="(+57) 1111111111" Department="" EMailID="test_user_66074730@testuser.com" EveningFaxNo="" EveningPhone="" FirstName="test" JobTitle="" LastName="test" MiddleName="" MobilePhone="(+57) 1111111111" OtherPhone="" PersonID="" PersonInfoKey="2021112515060161885970" State="Bogota" Suffix="" Title="" ZipCode=""/>
  <PersonInfoBillTo AddressLine1="Carrera 70 # 99-8" AddressLine2="" AddressLine3="" AddressLine4="Bogota" AddressLine5="" AddressLine6="" AlternateEmailID="" Beeper="" City="Bogota" Company="" Country="CO" DayFaxNo="" DayPhone="(+57) 1111111111" Department="" EMailID="test_user_66074730@testuser.com" EveningFaxNo="" EveningPhone="" FirstName="test" JobTitle="" LastName="test" MiddleName="" MobilePhone="" OtherPhone="" PersonID="" PersonInfoKey="2021112515060161885971" State="Bogota" Suffix="" Title="" ZipCode=""/>
  <AdditionalAddresses NumberOfAdditionalAddresses="0"/>
  <References/>
  <PaymentMethods>
    <PaymentMethod CheckNo="" CheckReference="" CreditCardExpDate="20251101" CreditCardName="Luis Gino Beltran" CreditCardNo="371180" CreditCardType="AMEX" CustomerPONo="" DisplayCreditCardNo="7522" DisplayCustomerAccountNo="" DisplayPaymentReference1="" DisplaySvcNo="" FundsAvailable="0.00" GetFundsAvailableUserExitInvoked="N" PaymentReference1="" PaymentReference2="MPAGO_CREDIT" PaymentReference3="1023936477" PaymentType="CREDIT_CARD"/>
  </PaymentMethods>
  <ChargeTransactionDetails AdditionalExpectedAuthorizations="0.00" TotalCredits="35970.00" TotalDebits="0.00" TotalOpenAuthorizations="0.00" TotalOpenBookings="38960.00" TotalTransferredIn="0.00" TotalTransferredOut="0.00">
    <ChargeTransactionDetail AuditTransactionID="" AuthorizationExpirationDate="2022-01-19T07:59:49+00:00" AuthorizationID="" BookAmount="0.00" ChargeTransactionKey="2022011907594968172409" ChargeType="CHARGE" CollectionDate="2022-01-19T07:59:49+00:00" CreditAmount="35970.00" DebitAmount="0.00" DistributedAmount="0.00" HoldAgainstBook="Y" OpenAuthorizedAmount="0.00" OrderHeaderKey="2022011907594968172406" OrderInvoiceKey="" PaymentKey="202201190768594968172408" RequestAmount="35970.00" SettledAmount="0.00" Status="CLOSED" TransactionDate="2022-01-19T07:59:49+00:00" TransferFromOhKey="" TransferToOhKey="" UserExitStatus="">
      <InvoiceCollectionDetails/>
      <CreditCardTransactions>
        <CreditCardTransaction AuthAmount="35970.00" AuthAvs="" AuthCode="1234546089" AuthReturnCode="" AuthReturnFlag="" AuthReturnMessage="" AuthTime="2022-01-19T07:59:49+00:00" CVVAuthCode="" ChargeTransactionKey="2022011907594968172409" CreditCardTransactionKey="202201190757594968172410" InternalReturnCode="" InternalReturnFlag="" InternalReturnMessage="" ParentKey="" Reference1="" Reference2="" RequestId="" TranAmount="35970.00" TranRequestTime="2022-01-19T07:59:49+00:00" TranReturnCode="" TranReturnFlag="" TranReturnMessage="" TranType="CHARGE"/>
      </CreditCardTransactions>
      <TransferToOrder/>
      <TransferFromOrder/>
    </ChargeTransactionDetail>
    <ChargeTransactionDetail AuditTransactionID="" AuthorizationExpirationDate="2022-01-19T07:59:49+00:00" AuthorizationID="" BookAmount="38960.00" ChargeTransactionKey="2022011907594968172415" ChargeType="CREATE_ORDER" CollectionDate="2022-01-19T07:59:49+00:00" CreditAmount="0.00" DebitAmount="0.00" DistributedAmount="0.00" HoldAgainstBook="" OpenAuthorizedAmount="0.00" OrderHeaderKey="2022011907594968172406" OrderInvoiceKey="" PaymentKey="" RequestAmount="0.00" SettledAmount="0.00" Status="OPEN" TransactionDate="2022-01-19T07:59:49+00:00" TransferFromOhKey="" TransferToOhKey="" UserExitStatus="">
      <InvoiceCollectionDetails/>
      <CreditCardTransactions/>
      <TransferToOrder/>
      <TransferFromOrder/>
    </ChargeTransactionDetail>
  </ChargeTransactionDetails>
  <ProductServiceAssocs/>
  <OverallTotals GrandCharges="2990.00" GrandDiscount="0.00" GrandTax="0.00" GrandTotal="38960.00" HdrCharges="2990.00" HdrDiscount="0.00" HdrTax="0.00" HdrTotal="2990.00" LineSubTotal="35970.00"/>
  <InvoicedTotals GrandCharges="0.00" GrandDiscount="0.00" GrandTax="0.00" GrandTotal="0.00" HdrCharges="0.00" HdrDiscount="0.00" HdrTax="0.00" HdrTotal="0.00" LineSubTotal="0.00"/>
  <RemainingTotals GrandCharges="2990.00" GrandDiscount="0.00" GrandTax="0.00" GrandTotal="38960.00" HdrCharges="2990.00" HdrDiscount="0.00" HdrTax="0.00" HdrTotal="2990.00" LineSubTotal="35970.00"/>
  <HeaderCharges>
    <HeaderCharge ChargeAmount="2990.00" ChargeCategory="SHIPPING" ChargeName="SHIPPING_CHARGE" ChargeNameKey="20200210110952508937952" InvoicedChargeAmount="0.00" IsBillable="Y" IsDiscount="N" Reference="" RemainingChargeAmount="2990.00"/>
  </HeaderCharges>
  <HeaderTaxes>
    <HeaderTax ChargeCategory="TAX" ChargeName="SHIPPING_TAX" ChargeNameKey="20200210111104508945910" InvoicedTax="0.00" Reference_1="" Reference_2="" Reference_3="" RemainingTax="477.00" Tax="477.00" TaxName="SHIPPING_TAX" TaxPercentage="0.00" TaxableFlag="Y"/>
    <TaxSummary>
      <TaxSummaryDetail InvoicedTax="0.00" OverallTax="477.00" RemainingTax="477.00" TaxName="SHIPPING_TAX"/>
    </TaxSummary>
  </HeaderTaxes>
  <OrderStatuses>
    <OrderStatus OrderHeaderKey="2022011907594968172406" OrderLineKey="2022011907594968172407" OrderLineScheduleKey="202201190774595968172430" OrderReleaseKey="2022011907595968172429" OrderReleaseStatusKey="202201190775595968172431" PipelineKey="202004200551401016291479" ShipNode="457" Status="3200" StatusDate="2022-01-19T07:59:59+00:00" StatusDescription="Released to store" StatusQty="3" TotalQuantity="3">
      <Details ExpectedDeliveryDate="2022-01-19T07:59:59+00:00" ExpectedShipmentDate="2022-01-19T07:59:59+00:00" TagNumber=""/>
    </OrderStatus>
  </OrderStatuses>
  <ExchangeOrders/>
</Order>

[INFO]-[2022-01-19 13:30:02.304]-[TestNG-test=OMS-2]-[onTestStart]-[TestListener.java:56]--------------------------------------------------------------------------------------------------------------------------
[INFO]-[2022-01-19 13:30:02.306]-[TestNG-test=OMS-2]-[onTestStart]-[TestListener.java:57]-Starting new testcase :TC05_COM_LoginFunctionality
[INFO]-[2022-01-19 13:30:12.190]-[TestNG-test=OMS-3]-[requestCreationInOMS]-[RequestHelper.java:140]-Pre-condition for Test: getOrderDetails
[INFO]-[2022-01-19 13:30:12.195]-[TestNG-test=OMS-3]-[sendAPIRequest]-[RestAssuredRequest.java:20]-Calling POST request with end point : https://localhost:9443/smcfs/restapi/invoke/getOrderDetails
io.restassured.internal.RequestSpecificationImpl@5faff642
io.restassured.internal.RestAssuredResponseImpl@23534d20
[INFO]-[2022-01-19 13:30:13.409]-[TestNG-test=OMS-3]-[logRequestResponse]-[RequestPayload.java:171]-API Request sent : 
[INFO]-[2022-01-19 13:30:13.411]-[TestNG-test=OMS-3]-[logRequestResponse]-[RequestPayload.java:172]-Request method:	POST
Request URI:	https://localhost:9443/smcfs/restapi/invoke/getOrderDetails
Proxy:			<none>
Request params:	<none>
Query params:	<none>
Form params:	<none>
Path params:	<none>
Headers:		Accept=application/xml
				Authorization=Basic YWRtaW46cGFzc3dvcmQ=
				Content-Type=application/xml
Cookies:		<none>
Multiparts:		<none>
Body:
<Order DocumentType="0001" EnterpriseCode="FCVColombia" OrderHeaderKey="" OrderNo="COCC60532141"/>

[INFO]-[2022-01-19 13:30:13.413]-[TestNG-test=OMS-3]-[logRequestResponse]-[RequestPayload.java:174]-API Response received : 
[INFO]-[2022-01-19 13:30:13.414]-[TestNG-test=OMS-3]-[logRequestResponse]-[RequestPayload.java:175]-HTTP/1.1 200 OK
X-FRAME-OPTIONS: SAMEORIGIN
X-UA-Compatible: IE=EmulateIE8
Access-Control-Max-Age: 3600
Access-Control-Allow-Credentials: true
Access-Control-Allow-Origin: *
Content-Type: application/xml; charset=UTF-8
Content-Encoding: gzip
Content-Language: en-US
Content-Length: 4008
Date: Wed, 19 Jan 2022 08:00:13 GMT

<Order AllocationRuleID="DIF_SCH" BillToID="00198505" BuyerOrganizationCode="FCV.CO" CarrierAccountNo="" CarrierServiceCode="" ChainType="" ChargeActualFreightFlag="N" CustCustPONo="" CustomerEMailID="tremere27@gmail.com" CustomerPONo="" DeliveryCode="" Division="" DocumentType="0001" DraftOrderFlag="N" EnteredBy="00198505" EnterpriseCode="FCVColombia" EntryType="CustomerOnWeb" FreightTerms="" HasDeliveryLines="N" HasProductLines="Y" HasServiceLines="N" HoldFlag="N" HoldReasonCode="" MaxOrderStatus="3350.1000" MaxOrderStatusDesc="Ready for Backroom pick" MinOrderStatus="3350.1000" MinOrderStatusDesc="Ready for Backroom pick" NotifyAfterShipmentFlag="N" OrderDate="2022-01-19T07:59:49+00:00" OrderHeaderKey="2022011907594968172406" OrderName="" OrderNo="COCC60532141" OrderType="PICK" OriginalTax="0.00" OriginalTotalAmount="38960.00" OtherCharges="2990.00" PaymentStatus="AUTHORIZED" PendingTransferIn="0.00" PersonalizeCode="" PriorityCode="" PriorityNumber="0" Purpose="" ReturnByGiftRecipient="" SCAC="" ScacAndService="" ScacAndServiceKey="" SearchCriteria1="" SearchCriteria2="" SellerOrganizationCode="FCV.CO" ShipToID="00198505" Status="Ready for Backroom pick" TaxExemptFlag="N" TaxExemptionCertificate="" TaxJurisdiction="" TaxPayerId="" TermsCode="" TotalAdjustmentAmount="0.00" isHistory="N">
  <AllowedModifications>
    <Modification ModificationType="REMOVE_PROMOTION" ThroughOverride="Y"/>
    <Modification ModificationType="ORDER_NAME" ThroughOverride="Y"/>
    <Modification ModificationType="CONTACT_INFO" ThroughOverride="Y"/>
    <Modification ModificationType="CHANGE_ITERATION" ThroughOverride="Y"/>
    <Modification ModificationType="BILLTO" ThroughOverride="Y"/>
    <Modification ModificationType="TAX" ThroughOverride="Y"/>
    <Modification ModificationType="CHANGE_PROMOTION" ThroughOverride="Y"/>
    <Modification ModificationType="FREIGHT_TERMS" ThroughOverride="Y"/>
    <Modification ModificationType="ADD_NOTE" ThroughOverride="N"/>
    <Modification ModificationType="CHANGE_STATUS" ThroughOverride="Y"/>
    <Modification ModificationType="ADD_LINE" ThroughOverride="Y"/>
    <Modification ModificationType="CARRIER" ThroughOverride="Y"/>
    <Modification ModificationType="ADDITIONADDR" ThroughOverride="Y"/>
    <Modification ModificationType="SOLDTO" ThroughOverride="Y"/>
    <Modification ModificationType="REQ_SHIP_DATE" ThroughOverride="Y"/>
    <Modification ModificationType="PAYMENT_STATUS" ThroughOverride="Y"/>
    <Modification ModificationType="ADD_INSTRUCTION" ThroughOverride="Y"/>
    <Modification ModificationType="CHANGE_NOTE" ThroughOverride="Y"/>
    <Modification ModificationType="CARRIER_ACCOUNT_NO" ThroughOverride="Y"/>
    <Modification ModificationType="CHANGE_ORDER_DATE" ThroughOverride="Y"/>
    <Modification ModificationType="REMOVE_NOTE" ThroughOverride="Y"/>
    <Modification ModificationType="HOLD" ThroughOverride="N"/>
    <Modification ModificationType="SPECIAL_SERVICE" ThroughOverride="Y"/>
    <Modification ModificationType="RULE_ID" ThroughOverride="Y"/>
    <Modification ModificationType="PRICE" ThroughOverride="Y"/>
    <Modification ModificationType="CARRIER_SERVICE_CODE" ThroughOverride="Y"/>
    <Modification ModificationType="PAYMENT_METHOD" ThroughOverride="Y"/>
    <Modification ModificationType="CHANGE_CUSTOM_ATTRIBUTES" ThroughOverride="Y"/>
    <Modification ModificationType="RELEASE" ThroughOverride="Y"/>
    <Modification ModificationType="SHIP_NODE" ThroughOverride="Y"/>
    <Modification ModificationType="ANSWER_SET" ThroughOverride="Y"/>
    <Modification ModificationType="MARKFOR" ThroughOverride="Y"/>
    <Modification ModificationType="RECEIVING_NODE" ThroughOverride="Y"/>
    <Modification ModificationType="SHORT" ThroughOverride="Y"/>
    <Modification ModificationType="BUYER_USER_ID" ThroughOverride="Y"/>
    <Modification ModificationType="OTHERS" ThroughOverride="N"/>
    <Modification ModificationType="DELIVERY_CODE" ThroughOverride="Y"/>
    <Modification ModificationType="LEVEL_OF_SERVICE" ThroughOverride="Y"/>
    <Modification ModificationType="CANCEL" ThroughOverride="N"/>
    <Modification ModificationType="UNSCHEDULE" ThroughOverride="Y"/>
    <Modification ModificationType="CHANGE_INSTRUCTION" ThroughOverride="Y"/>
    <Modification ModificationType="HOLD_TYPE" ThroughOverride="N"/>
    <Modification ModificationType="REFERENCES" ThroughOverride="N"/>
  </AllowedModifications>
  <PriceInfo Currency="COP" EnterpriseCurrency="COP" ReportingConversionDate="2022-01-19T07:59:49+00:00" ReportingConversionRate="1.00" TotalAmount="38960.00"/>
  <OrderLines>
    <OrderLine AllocationDate="2021-11-03" ApptStatus="" AwaitingDeliveryRequest="N" CanAddServiceLines="N" CarrierAccountNo="" CarrierServiceCode="" CustomerLinePONo="" CustomerPONo="" DeliveryCode="" DeliveryMethod="PICK" DepartmentCode="" FreightTerms="" FulfillmentType="" HasDeliveryLines="N" HasServiceLines="N" HoldFlag="N" HoldReasonCode="" ImportLicenseNo="" InvoicedQty="0" IsBundleParent="N" ItemGroupCode="PROD" KitCode="" LineSeqNo="1.1" LineType="CnC" MaxLineStatus="3350.1000" MaxLineStatusDesc="Ready for Backroom pick" MinLineStatus="3350.1000" MinLineStatusDesc="Ready for Backroom pick" OpenQty="3" OrderHeaderKey="2022011907594968172406" OrderLineKey="2022011907594968172407" OrderedQty="3" OriginalOrderedQty="3" OtherCharges="0.00" PackListType="" PersonalizeCode="" PersonalizeFlag="" PickableFlag="Y" PrimeLineNo="1" Purpose="" RemainingQty="3" ReqShipDate="2021-11-03T13:31:37+00:00" ReservationID="" ReservationPool="" SCAC="" ScacAndService="" ScacAndServiceKey="" Segment="" SegmentType="" SerialNo="" ShipNode="457" ShipToID="00198505" ShipTogetherNo="" SplitQty="0" Status="Ready for Backroom pick" StatusQuantity="3" SubLineNo="1" SubstituteItemID="" SubstituteItemUOM="" isHistory="N">
      <Item CostCurrency="COP" CountryOfOrigin="" CustomerItem="461366" CustomerItemDesc="Gaviscon (5+2.67+1.6)% Suspension Oral Frasco X 300mL Menta" ECCNNo="" HarmonizedCode="" ISBN="" ItemDesc="Gaviscon (5+2.67+1.6)% Suspension Oral Frasco X 300mL Menta" ItemID="461366" ItemShortDesc="Stevia Endulzante Natural X 200 Ta Caja X 200" ItemWeight="0.00" ItemWeightUOM="LBS" ManufacturerItem="" ManufacturerItemDesc="" ManufacturerName="RB HEALTH COLOMBIA SAS" NMFCClass="" NMFCCode="" NMFCDescription="" ProductClass="REGULAR" ProductLine="" ScheduleBCode="" SupplierItem="" SupplierItemDesc="" TaxProductCode="" UPCCode="" UnitCost="11990.00" UnitOfMeasure="EACH"/>
      <LinePriceInfo ActualPricingQty="3" DiscountPercentage="0.00" InvoicedPricingQty="0" IsPriceLocked="Y" LineTotal="35970.00" ListPrice="11990.00" OrderedPricingQty="3" PricingQtyConversionFactor="0" PricingUOM="EACH" RetailPrice="0.00" SettledAmount="0.00" SettledQuantity="0" TaxableFlag="N" UnitPrice="11990.00"/>
      <OrderLineOptions/>
      <WorkOrders NumberOfWorkOrders="0"/>
      <PersonInfoShipTo AddressLine1="Carrera 70 # 99-8" AddressLine2="" AddressLine3="" AddressLine4="Bogota" AddressLine5="" AddressLine6="" AlternateEmailID="" Beeper="" City="Bogota" Company="" Country="CO" DayFaxNo="" DayPhone="(+57) 1111111111" Department="" EMailID="test_user_66074730@testuser.com" EveningFaxNo="" EveningPhone="" FirstName="test" JobTitle="" LastName="test" MiddleName="" MobilePhone="(+57) 1111111111" OtherPhone="" PersonID="" PersonInfoKey="2021112515060161885970" State="Bogota" Suffix="" Title="" ZipCode=""/>
      <Instructions NumberOfInstructions="0"/>
      <References/>
      <KitLines NumberOfKitLines="0"/>
      <ProductItems/>
      <AdditionalAddresses NumberOfAdditionalAddresses="0"/>
      <Notes NumberOfNotes="0"/>
      <ServiceAssociations/>
      <ProductAssociations/>
      <DeliveryAssociations/>
      <Schedules>
        <Schedule ExpectedDeliveryDate="2022-01-19T07:59:59+00:00" ExpectedShipmentDate="2022-01-19T07:59:59+00:00" OrderHeaderKey="2022011907594968172406" OrderLineKey="2022011907594968172407" OrderLineScheduleKey="202201190774595968172430" Quantity="3" ScheduleNo="3" TagNumber=""/>
      </Schedules>
      <LineOverallTotals Charges="0.00" Discount="0.00" ExtendedPrice="35970.00" LineTotal="35970.00" OptionPrice="0.00" PricingQty="3.00" Tax="0.00" UnitPrice="11990.00"/>
      <LineInvoicedTotals AdditionalLinePriceTotal="0.00" Charges="0.00" Discount="0.00" ExtendedPrice="0.00" LineTotal="0.00" OptionPrice="0.00" PricingQty="0.00" Tax="0.00" UnitPrice="0.00"/>
      <LineRemainingTotals AdditionalLinePriceTotal="0.00" Charges="0.00" Discount="0.00" ExtendedPrice="35970.00" LineTotal="35970.00" OptionPrice="0.00" PricingQty="3.00" Tax="0.00" UnitPrice="11990.00"/>
      <LineCharges/>
      <LineTaxes>
        <LineTax ChargeCategory="TAX" ChargeName="SALES_TAX" ChargeNameKey="20200210111055508944842" InvoicedTax="0.00" Reference_1="" Reference_2="" Reference_3="" RemainingTax="1914.00" Tax="1914.00" TaxName="SalesTax" TaxPercentage="0.00"/>
        <TaxSummary>
          <TaxSummaryDetail InvoicedTax="0.00" OverallTax="1914.00" RemainingTax="1914.00" TaxName="SalesTax"/>
        </TaxSummary>
      </LineTaxes>
      <OrderStatuses>
        <OrderStatus OrderHeaderKey="2022011907594968172406" OrderLineKey="2022011907594968172407" OrderLineScheduleKey="202201190774595968172430" OrderReleaseKey="2022011907595968172429" OrderReleaseStatusKey="202201190846000768172708" PipelineKey="202004200551401016291479" ShipNode="457" Status="3350.1000" StatusDate="2022-01-19T08:00:07+00:00" StatusDescription="Ready for Backroom pick" StatusQty="3" TotalQuantity="3">
          <Details ExpectedDeliveryDate="2022-01-19T07:59:59+00:00" ExpectedShipmentDate="2022-01-19T07:59:59+00:00" TagNumber="">
            <KitDetails/>
          </Details>
        </OrderStatus>
      </OrderStatuses>
      <CapacityAllocations/>
    </OrderLine>
  </OrderLines>
  <Instructions NumberOfInstructions="0"/>
  <PersonInfoShipTo AddressLine1="Carrera 70 # 99-8" AddressLine2="" AddressLine3="" AddressLine4="Bogota" AddressLine5="" AddressLine6="" AlternateEmailID="" Beeper="" City="Bogota" Company="" Country="CO" DayFaxNo="" DayPhone="(+57) 1111111111" Department="" EMailID="test_user_66074730@testuser.com" EveningFaxNo="" EveningPhone="" FirstName="test" JobTitle="" LastName="test" MiddleName="" MobilePhone="(+57) 1111111111" OtherPhone="" PersonID="" PersonInfoKey="2021112515060161885970" State="Bogota" Suffix="" Title="" ZipCode=""/>
  <PersonInfoBillTo AddressLine1="Carrera 70 # 99-8" AddressLine2="" AddressLine3="" AddressLine4="Bogota" AddressLine5="" AddressLine6="" AlternateEmailID="" Beeper="" City="Bogota" Company="" Country="CO" DayFaxNo="" DayPhone="(+57) 1111111111" Department="" EMailID="test_user_66074730@testuser.com" EveningFaxNo="" EveningPhone="" FirstName="test" JobTitle="" LastName="test" MiddleName="" MobilePhone="" OtherPhone="" PersonID="" PersonInfoKey="2021112515060161885971" State="Bogota" Suffix="" Title="" ZipCode=""/>
  <AdditionalAddresses NumberOfAdditionalAddresses="0"/>
  <References/>
  <PaymentMethods>
    <PaymentMethod CheckNo="" CheckReference="" CreditCardExpDate="20251101" CreditCardName="Luis Gino Beltran" CreditCardNo="371180" CreditCardType="AMEX" CustomerPONo="" DisplayCreditCardNo="7522" DisplayCustomerAccountNo="" DisplayPaymentReference1="" DisplaySvcNo="" FundsAvailable="0.00" GetFundsAvailableUserExitInvoked="N" PaymentReference1="" PaymentReference2="MPAGO_CREDIT" PaymentReference3="1023936477" PaymentType="CREDIT_CARD"/>
  </PaymentMethods>
  <ChargeTransactionDetails AdditionalExpectedAuthorizations="0.00" TotalCredits="35970.00" TotalDebits="0.00" TotalOpenAuthorizations="0.00" TotalOpenBookings="38960.00" TotalTransferredIn="0.00" TotalTransferredOut="0.00">
    <ChargeTransactionDetail AuditTransactionID="" AuthorizationExpirationDate="2022-01-19T07:59:49+00:00" AuthorizationID="" BookAmount="0.00" ChargeTransactionKey="2022011907594968172409" ChargeType="CHARGE" CollectionDate="2022-01-19T07:59:49+00:00" CreditAmount="35970.00" DebitAmount="0.00" DistributedAmount="0.00" HoldAgainstBook="Y" OpenAuthorizedAmount="0.00" OrderHeaderKey="2022011907594968172406" OrderInvoiceKey="" PaymentKey="202201190768594968172408" RequestAmount="35970.00" SettledAmount="0.00" Status="CHECKED" TransactionDate="2022-01-19T08:00:12+00:00" TransferFromOhKey="" TransferToOhKey="" UserExitStatus="">
      <InvoiceCollectionDetails/>
      <CreditCardTransactions>
        <CreditCardTransaction AuthAmount="35970.00" AuthAvs="" AuthCode="1234546089" AuthReturnCode="" AuthReturnFlag="" AuthReturnMessage="" AuthTime="2022-01-19T07:59:49+00:00" CVVAuthCode="" ChargeTransactionKey="2022011907594968172409" CreditCardTransactionKey="202201190757594968172410" InternalReturnCode="" InternalReturnFlag="" InternalReturnMessage="" ParentKey="" Reference1="" Reference2="" RequestId="" TranAmount="35970.00" TranRequestTime="2022-01-19T07:59:49+00:00" TranReturnCode="" TranReturnFlag="" TranReturnMessage="" TranType="CHARGE"/>
      </CreditCardTransactions>
      <TransferToOrder/>
      <TransferFromOrder/>
    </ChargeTransactionDetail>
    <ChargeTransactionDetail AuditTransactionID="" AuthorizationExpirationDate="2022-01-19T07:59:49+00:00" AuthorizationID="" BookAmount="38960.00" ChargeTransactionKey="2022011907594968172415" ChargeType="CREATE_ORDER" CollectionDate="2022-01-19T07:59:49+00:00" CreditAmount="0.00" DebitAmount="0.00" DistributedAmount="0.00" HoldAgainstBook="" OpenAuthorizedAmount="0.00" OrderHeaderKey="2022011907594968172406" OrderInvoiceKey="" PaymentKey="" RequestAmount="0.00" SettledAmount="0.00" Status="CHECKED" TransactionDate="2022-01-19T08:00:12+00:00" TransferFromOhKey="" TransferToOhKey="" UserExitStatus="">
      <InvoiceCollectionDetails/>
      <CreditCardTransactions/>
      <TransferToOrder/>
      <TransferFromOrder/>
    </ChargeTransactionDetail>
  </ChargeTransactionDetails>
  <ProductServiceAssocs/>
  <OverallTotals GrandCharges="2990.00" GrandDiscount="0.00" GrandTax="0.00" GrandTotal="38960.00" HdrCharges="2990.00" HdrDiscount="0.00" HdrTax="0.00" HdrTotal="2990.00" LineSubTotal="35970.00"/>
  <InvoicedTotals GrandCharges="0.00" GrandDiscount="0.00" GrandTax="0.00" GrandTotal="0.00" HdrCharges="0.00" HdrDiscount="0.00" HdrTax="0.00" HdrTotal="0.00" LineSubTotal="0.00"/>
  <RemainingTotals GrandCharges="2990.00" GrandDiscount="0.00" GrandTax="0.00" GrandTotal="38960.00" HdrCharges="2990.00" HdrDiscount="0.00" HdrTax="0.00" HdrTotal="2990.00" LineSubTotal="35970.00"/>
  <HeaderCharges>
    <HeaderCharge ChargeAmount="2990.00" ChargeCategory="SHIPPING" ChargeName="SHIPPING_CHARGE" ChargeNameKey="20200210110952508937952" InvoicedChargeAmount="0.00" IsBillable="Y" IsDiscount="N" Reference="" RemainingChargeAmount="2990.00"/>
  </HeaderCharges>
  <HeaderTaxes>
    <HeaderTax ChargeCategory="TAX" ChargeName="SHIPPING_TAX" ChargeNameKey="20200210111104508945910" InvoicedTax="0.00" Reference_1="" Reference_2="" Reference_3="" RemainingTax="477.00" Tax="477.00" TaxName="SHIPPING_TAX" TaxPercentage="0.00" TaxableFlag="Y"/>
    <TaxSummary>
      <TaxSummaryDetail InvoicedTax="0.00" OverallTax="477.00" RemainingTax="477.00" TaxName="SHIPPING_TAX"/>
    </TaxSummary>
  </HeaderTaxes>
  <OrderStatuses>
    <OrderStatus OrderHeaderKey="2022011907594968172406" OrderLineKey="2022011907594968172407" OrderLineScheduleKey="202201190774595968172430" OrderReleaseKey="2022011907595968172429" OrderReleaseStatusKey="202201190846000768172708" PipelineKey="202004200551401016291479" ShipNode="457" Status="3350.1000" StatusDate="2022-01-19T08:00:07+00:00" StatusDescription="Ready for Backroom pick" StatusQty="3" TotalQuantity="3">
      <Details ExpectedDeliveryDate="2022-01-19T07:59:59+00:00" ExpectedShipmentDate="2022-01-19T07:59:59+00:00" TagNumber=""/>
    </OrderStatus>
  </OrderStatuses>
  <ExchangeOrders/>
</Order>

<?xml version="1.0" encoding="UTF-8"?><Order OrderHeaderKey="2022011907594968172406"/>
[INFO]-[2022-01-19 13:30:13.482]-[TestNG-test=OMS-3]-[requestCreationInOMS]-[RequestHelper.java:221]-Pre-condition for Test: getOrderReleaseList
[INFO]-[2022-01-19 13:30:13.485]-[TestNG-test=OMS-3]-[sendAPIRequest]-[RestAssuredRequest.java:20]-Calling POST request with end point : https://localhost:9443/smcfs/restapi/executeFlow/DifarmaGetShipmentListForOrder
io.restassured.internal.RequestSpecificationImpl@19916e95
io.restassured.internal.RestAssuredResponseImpl@1c219cd0
[INFO]-[2022-01-19 13:30:14.338]-[TestNG-test=OMS-3]-[logRequestResponse]-[RequestPayload.java:171]-API Request sent : 
[INFO]-[2022-01-19 13:30:14.339]-[TestNG-test=OMS-3]-[logRequestResponse]-[RequestPayload.java:172]-Request method:	POST
Request URI:	https://localhost:9443/smcfs/restapi/executeFlow/DifarmaGetShipmentListForOrder
Proxy:			<none>
Request params:	<none>
Query params:	<none>
Form params:	<none>
Path params:	<none>
Headers:		Accept=application/xml
				Authorization=Basic YWRtaW46cGFzc3dvcmQ=
				Content-Type=application/xml
Cookies:		<none>
Multiparts:		<none>
Body:
<Order OrderHeaderKey="2022011907594968172406"/>

[INFO]-[2022-01-19 13:30:14.340]-[TestNG-test=OMS-3]-[logRequestResponse]-[RequestPayload.java:174]-API Response received : 
[INFO]-[2022-01-19 13:30:14.340]-[TestNG-test=OMS-3]-[logRequestResponse]-[RequestPayload.java:175]-HTTP/1.1 200 OK
X-FRAME-OPTIONS: SAMEORIGIN
X-UA-Compatible: IE=EmulateIE8
Access-Control-Max-Age: 3600
Access-Control-Allow-Credentials: true
Access-Control-Allow-Origin: *
Content-Type: application/xml; charset=UTF-8
Content-Encoding: gzip
Content-Language: en-US
Content-Length: 202
Date: Wed, 19 Jan 2022 08:00:13 GMT

<ShipmentList>
  <Shipment DeliveryMethod="PICK" DocumentType="0001" EnterpriseCode="FCVColombia" ShipNode="457" ShipmentKey="2022011908000668172699" Status="1100.70.06.10"/>
</ShipmentList>

[INFO]-[2022-01-19 13:30:14.464]-[TestNG-test=OMS-3]-[requestCreationInOMS]-[RequestHelper.java:211]-Pre-condition for Test: getOrderReleaseList
[INFO]-[2022-01-19 13:30:14.485]-[TestNG-test=OMS-3]-[sendAPIRequest]-[RestAssuredRequest.java:20]-Calling POST request with end point : https://localhost:9443/smcfs/restapi/executeFlow/DifarmaGetShipmentList
io.restassured.internal.RequestSpecificationImpl@c82df18
io.restassured.internal.RestAssuredResponseImpl@26fbd5d4
[INFO]-[2022-01-19 13:30:15.422]-[TestNG-test=OMS-3]-[logRequestResponse]-[RequestPayload.java:171]-API Request sent : 
[INFO]-[2022-01-19 13:30:15.423]-[TestNG-test=OMS-3]-[logRequestResponse]-[RequestPayload.java:172]-Request method:	POST
Request URI:	https://localhost:9443/smcfs/restapi/executeFlow/DifarmaGetShipmentList
Proxy:			<none>
Request params:	<none>
Query params:	<none>
Form params:	<none>
Path params:	<none>
Headers:		Accept=application/xml
				Authorization=Basic YWRtaW46cGFzc3dvcmQ=
				Content-Type=application/xml
Cookies:		<none>
Multiparts:		<none>
Body:
<Shipment ShipmentKey="2022011908000668172699"/>

[INFO]-[2022-01-19 13:30:15.426]-[TestNG-test=OMS-3]-[logRequestResponse]-[RequestPayload.java:174]-API Response received : 
[INFO]-[2022-01-19 13:30:15.427]-[TestNG-test=OMS-3]-[logRequestResponse]-[RequestPayload.java:175]-HTTP/1.1 200 OK
X-FRAME-OPTIONS: SAMEORIGIN
X-UA-Compatible: IE=EmulateIE8
Access-Control-Max-Age: 3600
Access-Control-Allow-Credentials: true
Access-Control-Allow-Origin: *
Content-Type: application/xml; charset=UTF-8
Content-Encoding: gzip
Content-Language: en-US
Content-Length: 4322
Date: Wed, 19 Jan 2022 08:00:15 GMT

<Shipments>
  <Shipment Action="" ActualFreightCharge="0.00" AllowOverage="N" AssociationAction="" BBNMinVolume="0.00" BBNMinWeight="0.00" BillToAddressKey="2021112515060161885971" BillToCustomerId="00198505" BuyerOrganizationCode="FCV.CO" CODPayMethod="" CarrierAccountNo="" CarrierPickupTime="2022-01-19T08:00:06+00:00" CarrierServiceCode="" CarrierSortLocationId="" CarrierType="" Code="" CommercialValue="0.00" ContainerizedQuantity="0" Createprogid="CONSOLIDATE_TO_SHIPMENT_0001" Createts="2022-01-19T08:00:06+00:00" Createuserid="DifarmaConsolidateToShipmentAgentServer" Currency="COP" CustomerPoNo="" DeliveryCode="" DeliveryMethod="PICK" DeliveryTS="2022-01-19" DepartmentCode="" DestinationZone="" DoNotConsolidate="Y" DoNotVerifyCaseContent="N" DoNotVerifyPalletContent="N" DocumentType="0001" DownLoadCount="0" EnterpriseCode="FCVColombia" EspCheckRequired="N" EstimatedPrice="35970.00" ExpectedDeliveryDate="2022-01-19T07:59:59+00:00" ExpectedPickDate="2022-01-19T07:59:59+00:00" ExpectedShipmentDate="2022-01-19T07:59:59+00:00" ExportLicenseExpDate="2022-01-19" ExportLicenseNo="" ExportTaxpayerID="" FreightTerms="" FromAddressKey="20210105075420561242010" FromAppointment="2022-01-19" GiftFlag="N" HasNodeExceptions="N" HasOtherShipments="N" HazardousMaterialFlag="N" ITDate="2022-01-19" IsAppointmentReqd="N" IsPackProcessComplete="N" IsProductPlacingComplete="N" IsSingleOrder="N" ItemClassification="" LevelOfService="NextDay" LinesEntered="Y" LocationId="" Lockid="3" ManuallyEntered="N" Modifyprogid="CONSOLIDATE_TO_SHIPMENT_0001" Modifyts="2022-01-19T08:00:07+00:00" Modifyuserid="DifarmaConsolidateToShipmentAgentServer" MustShipBeforeDate="2022-01-19T07:59:59+00:00" NextAlertTs="1900-01-01T00:00:00+00:00" NotificationSent="N" NumOfCartons="1" NumOfPallets="0" OrderAvailableOnSystem="Y" OrderType="PICK" OriginZone="" OverrideManualShipmentEntry="N" PackAndHold="N" PackListType="" PipelineKey="20200219111103596469788" PlacedQuantity="0" PriorityCode="" ReleaseNo="0" RequestedCarrierServiceCode="" RequestedDeliveryDate="2022-01-19T07:59:59+00:00" RequestedShipmentDate="2022-01-19T07:59:59+00:00" RequiresApptConfirmation="N" RoutingContactInfo="" RoutingErrorCode="" RoutingGuideMaintained="03" RoutingSource="" SCAC="" ScacIntegrationRequired="N" SellerOrganizationCode="FCV.CO" ShipDate="2022-01-19T07:59:59+00:00" ShipMode="" ShipNode="457" ShipToCustomerId="00198505" ShipVia="" ShipmentClosedFlag="N" ShipmentConfirmUpdatesDone="N" ShipmentContainerizedFlag="01" ShipmentDeliverUpdatesDone="N" ShipmentGroupId="" ShipmentKey="2022011908000668172699" ShipmentNo="100013620" ShipmentPlannedFlag="N" ShipmentSortLocationId="" ShipmentType="" Status="1100.70.06.10" StatusDate="2022-01-19T08:00:07+00:00" ToAddressKey="2021112515060161885970" ToAppointment="2022-01-19" TotalActualCharge="0.00" TotalEstimatedCharge="0.00" TotalQuantity="3" TotalVolume="0.00" TotalVolumeUOM="CIN" TotalWeight="0.00" TotalWeightUOM="LBS" UnplacedQuantity="3" isHistory="N">
    <Extn ExtnETFulfilment="N" ExtnIsPreSalesEnabled="" ExtnOrderDate="2022-01-19T07:59:49+00:00"/>
    <ShipmentLines>
      <ShipmentLine Action="" BackroomPickedQuantity="" CountryOfOrigin="" Createprogid="CONSOLIDATE_TO_SHIPMENT_0001" Createts="2022-01-19T08:00:06+00:00" Createuserid="DifarmaConsolidateToShipmentAgentServer" CustomerPoLineNo="" CustomerPoNo="" DepartmentCode="" FifoNo="0" GiftFlag="N" IsPickable="Y" ItemDesc="Gaviscon (5+2.67+1.6)% Suspension Oral Frasco X 300mL Menta" ItemID="461366" KitCode="" KitQty="0" LevelOfService="NextDay" Lockid="0" Modifyprogid="CONSOLIDATE_TO_SHIPMENT_0001" Modifyts="2022-01-19T08:00:06+00:00" Modifyuserid="DifarmaConsolidateToShipmentAgentServer" NetWeight="0.00" NetWeightUom="" OrderHeaderKey="2022011907594968172406" OrderLineKey="2022011907594968172407" OrderNo="COCC60532141" OrderReleaseKey="2022011907595968172429" OrderType="PICK" OriginalQuantity="3" OverShipQuantity="0" PrimeLineNo="1" ProductClass="REGULAR" Quantity="3" ReleaseNo="1" RequestedSerialNo="" Segment="" SegmentType="" ShipToCustomerId="00198505" ShipmentKey="2022011908000668172699" ShipmentLineKey="2022011908000668172698" ShipmentLineNo="1" ShipmentSubLineNo="0" ShortageQty="0" SubLineNo="1" UnitOfMeasure="EACH" WaveNo="" isHistory="N">
        <OrderLine AddToOrderReleaseKey="" ApptStatus="" BackorderNotificationQty="0" BasicCapacityRequired="0" CanAddServiceLines="N" CannotMeetAppt="" CapacityUOM="" CarrierAccountNo="" CarrierServiceCode="" ConditionVariable1="" ConditionVariable2="" Createprogid="RestServlet" Createts="2022-01-19T07:59:49+00:00" Createuserid="admin" CustomerLinePONo="" CustomerPONo="" DeliveryCode="" DeliveryMethod="PICK" DepartmentCode="" DependencyRatio="0" EarliestDeliveryDate="2021-11-03T13:31:37+00:00" EarliestShipDate="2021-11-03T13:31:37+00:00" FillQuantity="0" FixedCapacityQtyPerLine="0" FixedPricingQtyPerLine="0" FreightTerms="" FulfillmentType="" GiftFlag="N" HoldFlag="N" HoldReasonCode="" ImportLicenseNo="" IntentionalBackorder="N" InvoiceBasedOnActuals="N" InvoiceComplete="N" InvoicedExtendedPrice="0.00" InvoicedQuantity="0" IsCapacityOverridden="N" IsCostOverridden="Y" IsFirmPredefinedNode="Y" IsPriceMatched="N" IsProcurementAllowed="Y" IsStandaloneService="" ItemGroupCode="PROD" KitCode="" LevelOfService="NextDay" LineSeqNo="1.1" LineType="CnC" Lockid="0" MaintainRatio="" Modifyprogid="RestServlet" Modifyts="2022-01-19T07:59:49+00:00" Modifyuserid="admin" OptionCapacityRequired="0" OrderClass="NEW" OrderHeaderKey="2022011907594968172406" OrderLineKey="2022011907594968172407" OrderedQty="3" OrderingUOM="EACH" OriginalOrderedQty="3" OtherCharges="0.00" OverReceiptQuantity="0" PackListType="" ParentOfDependentGroup="N" PersonalizeCode="" PersonalizeFlag="" PickableFlag="Y" PipelineKey="202004200551401016291479" PricingDate="2022-01-19" PrimeLineNo="1" PropagationQty="0" PropagationToParentRequired="" Purpose="" QuantityToSplit="0" ReceivedAsComponents="" ReceivedQty="0" ReqShipDate="2021-11-03T13:31:37+00:00" ReservationID="" ReservationMandatory="N" ReservationPool="" ReturnReason="" SCAC="" SchedFailureReasonCode="" Segment="" SegmentType="" SerialNo="" ShipNode="457" ShipToID="00198505" ShipToKey="2021112515060161885970" ShipTogetherNo="" ShippedQuantity="0" SplitFromLineKey="" SplitFromPrimeLineNo="0" SplitFromSubLineNo="0" SplitQty="0" SubLineNo="1" Timezone="" TotalQtyToCancel="0" TranDiscrepancyQty="0" TransactionalLineId="" WaitForSeqLine="N" isHistory="N">
          <Extn ExtnCustomerPromiseDate="2021-11-03T13:31:37.000Z" ExtnIsBigStoreSch="N" ExtnIsJumpFlowSch="N" ExtnIsPickUpByAuthPerson="N" ExtnIsPrescriptionHoldRequired="N" ExtnIsPrescriptionVerified="Y" ExtnOriginalReqShipDate="2021-11-03T13:31:37.000Z" ExtnVerifyPrescriptionAtPick="N"/>
          <PersonInfoShipTo AddressLine1="Carrera 70 # 99-8" AddressLine2="" AddressLine3="" AddressLine4="Bogota" AddressLine5="" AddressLine6="" AlternateEmailID="" Beeper="" City="Bogota" Company="" Country="CO" Createprogid="RestServlet" Createts="2021-11-25T15:06:01+00:00" Createuserid="OMSRESTAPIUSER" DayFaxNo="" DayPhone="(+57) 1111111111" Department="" EMailID="test_user_66074730@testuser.com" ErrorTxt="" EveningFaxNo="" EveningPhone="" FirstName="test" HttpUrl="" JobTitle="" LastName="test" Latitude="4.6938158" Lockid="0" Longitude="-74.0759006" MiddleName="" MobilePhone="(+57) 1111111111" Modifyprogid="RestServlet" Modifyts="2021-11-25T15:06:01+00:00" Modifyuserid="OMSRESTAPIUSER" OtherPhone="" PersonID="" PersonInfoKey="2021112515060161885970" PreferredShipAddress="" State="Bogota" Suffix="" Title="" UseCount="0" VerificationStatus="" ZipCode="" isHistory="N"/>
        </OrderLine>
      </ShipmentLine>
    </ShipmentLines>
    <ShipNode AcceptanceRequired="N" ActivateFlag="" AdvanceNotificationTime="0.00" AgentCriteriaGroup="" BolPrefix="00" CanShipToAllNodes="Y" CanShipToOtherAddresses="Y" ContactAddressKey="20201118224110524185958" Createprogid=".YCPOrgDetailsAPI" Createts="2020-10-30T13:22:16+00:00" Createuserid="admin" CurrentBolNumber="" DcmIntegrationRealTime="N" DefaultDeclaredValue="0.00" DelayedInventoryAllocationSupport="N" Description="457-Avenida Eliodoro Yañez 1281" ExportLicenseExpDate="" ExportLicenseNo="" ExportTaxpayerId="" GLN="" GenerateBolNumber="N" IdentifiedByParentAs="457" IgnorePendingAllocation="N" InheritConfigFromShipNode="" InterfaceSubType="" InterfaceType="YFX" InventoryTracked="Y" Inventorytype="TRACK" IsFulfillmentNode="Y" IsItemBasedAllocationAllowed="Y" IsYard="N" Latitude="-33.433443" Localecode="es_ES_CL" Lockid="26" Longitude="-70.617553" MaintainInventoryCost="N" MaxConcurrentWaves="0" MaxDaysToScheduleBefore="0" MinNotificationTime="0" Modifyprogid=".YCPOrgDetailsAPI" Modifyts="2021-11-12T10:08:50+00:00" Modifyuserid="admin" NodeOrgCode="457" NodeType="Store" OwnerKey="FCVChile" OwnerType="" PackAdjRsnCode="PACK" PicklistType="" ProcureToShipAllowed="Y" ReceiptProcessingTime="0.00" ReceiptProcessingTimeForForwarding="0.00" ReceiptProcessingTimeForFutureInventory="0" ReceiveAdjRsnCode="RECEIPT" ReceivingCalendarKey="2021111210071960344143" ReceivingNode="N" RequireTransferAcceptance="N" RequiresChangeRequest="" ReturnCenterFlag="N" ReturnsNode="N" SerialTrackedOnTransfer="Y" SerialTracking="N" ShipAdjRsnCode="SHIP" ShipNode="457" ShipNodeAddressKey="20210105075420561242010" ShipNodeClass="TIER_1" ShipnodeKey="457" ShipnodeType="" ShippingCalendarKey="2021111210071960344143" ShippingNode="Y" SubstitutionAllowed="" SupplierKey="" TagTrackedAtReceipt="Y" TagTrackedInInventory="Y" ThreePlNode="N" TimeDiff="0.00" UseEndOfShiftTime="" WorkOrderCreationAllowed="N" XDocNode="">
      <ShipNodePersonInfo AddressLine1="Avenida Eliodoro Yañez 1281" AddressLine2="Avenida Eliodoro Yañez 1281" AddressLine3="" AddressLine4="Providencia" AddressLine5="" AddressLine6="" AlternateEmailID="" Beeper="" City="Santiago" Company="" Country="CL" Createprogid="DifarmaStoreUploadServer" Createts="2021-01-05T07:54:20+00:00" Createuserid="DifarmaStoreUploadServer" DayFaxNo="" DayPhone="" Department="" EMailID="F_CV016@farmacruzverde.cl" ErrorTxt="" EveningFaxNo="" EveningPhone="" FirstName="" HttpUrl="" JobTitle="" LastName="" Latitude="-33.433443" Lockid="0" Longitude="-70.617553" MiddleName="" MobilePhone="" Modifyprogid="YDKConfigDeploy" Modifyts="2021-01-05T07:54:20+00:00" Modifyuserid="omdb2" OtherPhone="" PersonID="" PersonInfoKey="20210105075420561242010" PreferredShipAddress="" State="Metropolitana de Santiago" Suffix="" Title="" UseCount="0" VerificationStatus="" ZipCode="" isHistory="N"/>
    </ShipNode>
    <ToAddress AddressLine1="Carrera 70 # 99-8" AddressLine2="" AddressLine3="" AddressLine4="Bogota" AddressLine5="" AddressLine6="" AlternateEmailID="" Beeper="" City="Bogota" Company="" Country="CO" Createprogid="RestServlet" Createts="2021-11-25T15:06:01+00:00" Createuserid="OMSRESTAPIUSER" DayFaxNo="" DayPhone="(+57) 1111111111" Department="" EMailID="test_user_66074730@testuser.com" ErrorTxt="" EveningFaxNo="" EveningPhone="" FirstName="test" HttpUrl="" JobTitle="" LastName="test" Latitude="4.6938158" Lockid="0" Longitude="-74.0759006" MiddleName="" MobilePhone="(+57) 1111111111" Modifyprogid="RestServlet" Modifyts="2021-11-25T15:06:01+00:00" Modifyuserid="OMSRESTAPIUSER" OtherPhone="" PersonID="" PersonInfoKey="2021112515060161885970" PreferredShipAddress="" State="Bogota" Suffix="" Title="" UseCount="0" VerificationStatus="" ZipCode="" isHistory="N"/>
    <Containers TotalNumberOfRecords="0"/>
    <Status Createprogid="XMLMigrator" Createts="2019-07-03T00:17:10+00:00" Createuserid="SYSTEM" Description="Ready For Backroom Pick" Lockid="0" Modifyprogid="XMLMigrator" Modifyts="2019-07-03T00:17:10+00:00" Modifyuserid="SYSTEM" OwnerKey="DEFAULT" ProcessTypeKey="ORDER_DELIVERY" RequiresCollaboration="" Status="1100.70.06.10" StatusKey="YCD_READY_BACKROOM_PICK" StatusName="Ready For Backroom Pick" StatusType="USER"/>
  </Shipment>
</Shipments>

[INFO]-[2022-01-19 13:30:16.716]-[TestNG-test=OMS-3]-[requestCreationInOMS]-[RequestHelper.java:231]-Pre-condition for Test: getOrderReleaseList
[INFO]-[2022-01-19 13:30:16.719]-[TestNG-test=OMS-3]-[sendAPIRequest]-[RestAssuredRequest.java:20]-Calling POST request with end point : https://localhost:9443/smcfs/restapi/executeFlow/DifarmaMobileRecordPickCompletion
io.restassured.internal.RequestSpecificationImpl@6c58078a
io.restassured.internal.RestAssuredResponseImpl@72e53372
[INFO]-[2022-01-19 13:30:18.282]-[TestNG-test=OMS-3]-[logRequestResponse]-[RequestPayload.java:171]-API Request sent : 
[INFO]-[2022-01-19 13:30:18.283]-[TestNG-test=OMS-3]-[logRequestResponse]-[RequestPayload.java:172]-Request method:	POST
Request URI:	https://localhost:9443/smcfs/restapi/executeFlow/DifarmaMobileRecordPickCompletion
Proxy:			<none>
Request params:	<none>
Query params:	<none>
Form params:	<none>
Path params:	<none>
Headers:		Accept=application/xml
				Authorization=Basic YWRtaW46cGFzc3dvcmQ=
				Content-Type=application/xml
Cookies:		<none>
Multiparts:		<none>
Body:
<Shipment DeliveryMethod="PICK" DocumentType="0001" ShipNode="457" ShipmentKey="2022011908000668172699">
  <ShipmentLines>
    <ShipmentLine BackroomPickedQuantity="3" OrderHeaderKey="2022011907594968172406" OrderLineKey="2022011907594968172407" Quantity="3" ShipmentLineKey="2022011908000668172698" ShortageQty="0"/>
  </ShipmentLines>
</Shipment>

[INFO]-[2022-01-19 13:30:18.285]-[TestNG-test=OMS-3]-[logRequestResponse]-[RequestPayload.java:174]-API Response received : 
[INFO]-[2022-01-19 13:30:18.285]-[TestNG-test=OMS-3]-[logRequestResponse]-[RequestPayload.java:175]-HTTP/1.1 200 OK
X-FRAME-OPTIONS: SAMEORIGIN
X-UA-Compatible: IE=EmulateIE8
Access-Control-Max-Age: 3600
Access-Control-Allow-Credentials: true
Access-Control-Allow-Origin: *
Content-Type: application/xml; charset=UTF-8
Content-Encoding: gzip
Content-Language: en-US
Content-Length: 134
Date: Wed, 19 Jan 2022 08:00:18 GMT

<Shipment ShipmentKey="2022011908000668172699" ShipmentValidationStatus="pickComplete"/>

[INFO]-[2022-01-19 13:30:18.417]-[TestNG-test=OMS-3]-[requestCreationInOMS]-[RequestHelper.java:140]-Pre-condition for Test: getOrderDetails
[INFO]-[2022-01-19 13:30:18.420]-[TestNG-test=OMS-3]-[sendAPIRequest]-[RestAssuredRequest.java:20]-Calling POST request with end point : https://localhost:9443/smcfs/restapi/invoke/getOrderDetails
io.restassured.internal.RequestSpecificationImpl@adcbebf
Retrying TC05_COM_LoginFunctionality again and the count is 1
]]></system-out>
    <system-err><![CDATA[[TestNG-test=OMS-2] INFO io.github.bonigarcia.wdm.WebDriverManager - Using chromedriver 97.0.4692.71 (resolved driver for Chrome 97)
[TestNG-test=OMS-2] INFO io.github.bonigarcia.wdm.WebDriverManager - Exporting webdriver.chrome.driver as C:\Users\Admin\.cache\selenium\chromedriver\win32\97.0.4692.71\chromedriver.exe
[TestNG-test=OMS-1] INFO io.github.bonigarcia.wdm.WebDriverManager - Using chromedriver 97.0.4692.71 (resolved driver for Chrome 97)
[TestNG-test=OMS-1] INFO io.github.bonigarcia.wdm.WebDriverManager - Exporting webdriver.chrome.driver as C:\Users\Admin\.cache\selenium\chromedriver\win32\97.0.4692.71\chromedriver.exe
ChromeDriver was started successfully.
ChromeDriver was started successfully.
Jan 19, 2022 1:29:51 PM org.openqa.selenium.remote.ProtocolHandshake createSession
INFO: Detected dialect: W3C
Jan 19, 2022 1:29:53 PM org.openqa.selenium.remote.ProtocolHandshake createSession
INFO: Detected dialect: W3C
]]></system-err>
  </testcase>
  <testcase name="TC05_COM_LoginFunctionality" classname="com.perfaware.automation.oms.sterling.common.testcases.COM_LoginFunctionality" time="13.532">
    <failure message="expected [Invalid Credentials passed. Please try again...] but found [The combination of user name and password you entered does not match any existing accounts. Please try again.]" type="java.lang.AssertionError"><![CDATA[java.lang.AssertionError: expected [Invalid Credentials passed. Please try again...] but found [The combination of user name and password you entered does not match any existing accounts. Please try again.]
	at com.perfaware.automation.oms.sterling.common.testcases.COM_LoginFunctionality.TC05_COM_LoginFunctionality(COM_LoginFunctionality.java:92)
]]></failure>
    <system-out><![CDATA[io.restassured.internal.RestAssuredResponseImpl@37575cac
[INFO]-[2022-01-19 13:30:19.318]-[TestNG-test=OMS-3]-[logRequestResponse]-[RequestPayload.java:171]-API Request sent : 
[INFO]-[2022-01-19 13:30:19.320]-[TestNG-test=OMS-3]-[logRequestResponse]-[RequestPayload.java:172]-Request method:	POST
Request URI:	https://localhost:9443/smcfs/restapi/invoke/getOrderDetails
Proxy:			<none>
Request params:	<none>
Query params:	<none>
Form params:	<none>
Path params:	<none>
Headers:		Accept=application/xml
				Authorization=Basic YWRtaW46cGFzc3dvcmQ=
				Content-Type=application/xml
Cookies:		<none>
Multiparts:		<none>
Body:
<Order DocumentType="0001" EnterpriseCode="FCVColombia" OrderHeaderKey="" OrderNo="COCC60532141"/>

[INFO]-[2022-01-19 13:30:19.321]-[TestNG-test=OMS-3]-[logRequestResponse]-[RequestPayload.java:174]-API Response received : 
[INFO]-[2022-01-19 13:30:19.322]-[TestNG-test=OMS-3]-[logRequestResponse]-[RequestPayload.java:175]-HTTP/1.1 200 OK
X-FRAME-OPTIONS: SAMEORIGIN
X-UA-Compatible: IE=EmulateIE8
Access-Control-Max-Age: 3600
Access-Control-Allow-Credentials: true
Access-Control-Allow-Origin: *
Content-Type: application/xml; charset=UTF-8
Content-Encoding: gzip
Content-Language: en-US
Content-Length: 3987
Date: Wed, 19 Jan 2022 08:00:19 GMT

<Order AllocationRuleID="DIF_SCH" BillToID="00198505" BuyerOrganizationCode="FCV.CO" CarrierAccountNo="" CarrierServiceCode="" ChainType="" ChargeActualFreightFlag="N" CustCustPONo="" CustomerEMailID="tremere27@gmail.com" CustomerPONo="" DeliveryCode="" Division="" DocumentType="0001" DraftOrderFlag="N" EnteredBy="00198505" EnterpriseCode="FCVColombia" EntryType="CustomerOnWeb" FreightTerms="" HasDeliveryLines="N" HasProductLines="Y" HasServiceLines="N" HoldFlag="N" HoldReasonCode="" MaxOrderStatus="3350.3000" MaxOrderStatusDesc="Ready for Customer" MinOrderStatus="3350.3000" MinOrderStatusDesc="Ready for Customer" NotifyAfterShipmentFlag="N" OrderDate="2022-01-19T07:59:49+00:00" OrderHeaderKey="2022011907594968172406" OrderName="" OrderNo="COCC60532141" OrderType="PICK" OriginalTax="0.00" OriginalTotalAmount="38960.00" OtherCharges="2990.00" PaymentStatus="AUTHORIZED" PendingTransferIn="0.00" PersonalizeCode="" PriorityCode="" PriorityNumber="0" Purpose="" ReturnByGiftRecipient="" SCAC="" ScacAndService="" ScacAndServiceKey="" SearchCriteria1="" SearchCriteria2="" SellerOrganizationCode="FCV.CO" ShipToID="00198505" Status="Ready for Customer" TaxExemptFlag="N" TaxExemptionCertificate="" TaxJurisdiction="" TaxPayerId="" TermsCode="" TotalAdjustmentAmount="0.00" isHistory="N">
  <AllowedModifications>
    <Modification ModificationType="REMOVE_PROMOTION" ThroughOverride="Y"/>
    <Modification ModificationType="ORDER_NAME" ThroughOverride="Y"/>
    <Modification ModificationType="CONTACT_INFO" ThroughOverride="Y"/>
    <Modification ModificationType="CHANGE_ITERATION" ThroughOverride="Y"/>
    <Modification ModificationType="BILLTO" ThroughOverride="Y"/>
    <Modification ModificationType="TAX" ThroughOverride="Y"/>
    <Modification ModificationType="CHANGE_PROMOTION" ThroughOverride="Y"/>
    <Modification ModificationType="FREIGHT_TERMS" ThroughOverride="Y"/>
    <Modification ModificationType="ADD_NOTE" ThroughOverride="N"/>
    <Modification ModificationType="CHANGE_STATUS" ThroughOverride="Y"/>
    <Modification ModificationType="ADD_LINE" ThroughOverride="Y"/>
    <Modification ModificationType="CARRIER" ThroughOverride="Y"/>
    <Modification ModificationType="ADDITIONADDR" ThroughOverride="Y"/>
    <Modification ModificationType="SOLDTO" ThroughOverride="Y"/>
    <Modification ModificationType="REQ_SHIP_DATE" ThroughOverride="Y"/>
    <Modification ModificationType="PAYMENT_STATUS" ThroughOverride="Y"/>
    <Modification ModificationType="ADD_INSTRUCTION" ThroughOverride="Y"/>
    <Modification ModificationType="CHANGE_NOTE" ThroughOverride="Y"/>
    <Modification ModificationType="CARRIER_ACCOUNT_NO" ThroughOverride="Y"/>
    <Modification ModificationType="CHANGE_ORDER_DATE" ThroughOverride="Y"/>
    <Modification ModificationType="REMOVE_NOTE" ThroughOverride="Y"/>
    <Modification ModificationType="HOLD" ThroughOverride="N"/>
    <Modification ModificationType="SPECIAL_SERVICE" ThroughOverride="Y"/>
    <Modification ModificationType="RULE_ID" ThroughOverride="Y"/>
    <Modification ModificationType="PRICE" ThroughOverride="Y"/>
    <Modification ModificationType="CARRIER_SERVICE_CODE" ThroughOverride="Y"/>
    <Modification ModificationType="PAYMENT_METHOD" ThroughOverride="Y"/>
    <Modification ModificationType="CHANGE_CUSTOM_ATTRIBUTES" ThroughOverride="Y"/>
    <Modification ModificationType="RELEASE" ThroughOverride="Y"/>
    <Modification ModificationType="SHIP_NODE" ThroughOverride="Y"/>
    <Modification ModificationType="ANSWER_SET" ThroughOverride="Y"/>
    <Modification ModificationType="MARKFOR" ThroughOverride="Y"/>
    <Modification ModificationType="RECEIVING_NODE" ThroughOverride="Y"/>
    <Modification ModificationType="SHORT" ThroughOverride="Y"/>
    <Modification ModificationType="BUYER_USER_ID" ThroughOverride="Y"/>
    <Modification ModificationType="OTHERS" ThroughOverride="N"/>
    <Modification ModificationType="DELIVERY_CODE" ThroughOverride="Y"/>
    <Modification ModificationType="LEVEL_OF_SERVICE" ThroughOverride="Y"/>
    <Modification ModificationType="CANCEL" ThroughOverride="N"/>
    <Modification ModificationType="UNSCHEDULE" ThroughOverride="Y"/>
    <Modification ModificationType="CHANGE_INSTRUCTION" ThroughOverride="Y"/>
    <Modification ModificationType="HOLD_TYPE" ThroughOverride="N"/>
    <Modification ModificationType="REFERENCES" ThroughOverride="Y"/>
  </AllowedModifications>
  <PriceInfo Currency="COP" EnterpriseCurrency="COP" ReportingConversionDate="2022-01-19T07:59:49+00:00" ReportingConversionRate="1.00" TotalAmount="38960.00"/>
  <OrderLines>
    <OrderLine AllocationDate="2021-11-03" ApptStatus="" AwaitingDeliveryRequest="N" CanAddServiceLines="N" CarrierAccountNo="" CarrierServiceCode="" CustomerLinePONo="" CustomerPONo="" DeliveryCode="" DeliveryMethod="PICK" DepartmentCode="" FreightTerms="" FulfillmentType="" HasDeliveryLines="N" HasServiceLines="N" HoldFlag="N" HoldReasonCode="" ImportLicenseNo="" InvoicedQty="0" IsBundleParent="N" ItemGroupCode="PROD" KitCode="" LineSeqNo="1.1" LineType="CnC" MaxLineStatus="3350.3000" MaxLineStatusDesc="Ready for Customer" MinLineStatus="3350.3000" MinLineStatusDesc="Ready for Customer" OpenQty="3" OrderHeaderKey="2022011907594968172406" OrderLineKey="2022011907594968172407" OrderedQty="3" OriginalOrderedQty="3" OtherCharges="0.00" PackListType="" PersonalizeCode="" PersonalizeFlag="" PickableFlag="Y" PrimeLineNo="1" Purpose="" RemainingQty="3" ReqShipDate="2021-11-03T13:31:37+00:00" ReservationID="" ReservationPool="" SCAC="" ScacAndService="" ScacAndServiceKey="" Segment="" SegmentType="" SerialNo="" ShipNode="457" ShipToID="00198505" ShipTogetherNo="" SplitQty="0" Status="Ready for Customer" StatusQuantity="3" SubLineNo="1" SubstituteItemID="" SubstituteItemUOM="" isHistory="N">
      <Item CostCurrency="COP" CountryOfOrigin="" CustomerItem="461366" CustomerItemDesc="Gaviscon (5+2.67+1.6)% Suspension Oral Frasco X 300mL Menta" ECCNNo="" HarmonizedCode="" ISBN="" ItemDesc="Gaviscon (5+2.67+1.6)% Suspension Oral Frasco X 300mL Menta" ItemID="461366" ItemShortDesc="Stevia Endulzante Natural X 200 Ta Caja X 200" ItemWeight="0.00" ItemWeightUOM="LBS" ManufacturerItem="" ManufacturerItemDesc="" ManufacturerName="RB HEALTH COLOMBIA SAS" NMFCClass="" NMFCCode="" NMFCDescription="" ProductClass="REGULAR" ProductLine="" ScheduleBCode="" SupplierItem="" SupplierItemDesc="" TaxProductCode="" UPCCode="" UnitCost="11990.00" UnitOfMeasure="EACH"/>
      <LinePriceInfo ActualPricingQty="3" DiscountPercentage="0.00" InvoicedPricingQty="0" IsPriceLocked="Y" LineTotal="35970.00" ListPrice="11990.00" OrderedPricingQty="3" PricingQtyConversionFactor="0" PricingUOM="EACH" RetailPrice="0.00" SettledAmount="0.00" SettledQuantity="0" TaxableFlag="N" UnitPrice="11990.00"/>
      <OrderLineOptions/>
      <WorkOrders NumberOfWorkOrders="0"/>
      <PersonInfoShipTo AddressLine1="Carrera 70 # 99-8" AddressLine2="" AddressLine3="" AddressLine4="Bogota" AddressLine5="" AddressLine6="" AlternateEmailID="" Beeper="" City="Bogota" Company="" Country="CO" DayFaxNo="" DayPhone="(+57) 1111111111" Department="" EMailID="test_user_66074730@testuser.com" EveningFaxNo="" EveningPhone="" FirstName="test" JobTitle="" LastName="test" MiddleName="" MobilePhone="(+57) 1111111111" OtherPhone="" PersonID="" PersonInfoKey="2021112515060161885970" State="Bogota" Suffix="" Title="" ZipCode=""/>
      <Instructions NumberOfInstructions="0"/>
      <References/>
      <KitLines NumberOfKitLines="0"/>
      <ProductItems/>
      <AdditionalAddresses NumberOfAdditionalAddresses="0"/>
      <Notes NumberOfNotes="0"/>
      <ServiceAssociations/>
      <ProductAssociations/>
      <DeliveryAssociations/>
      <Schedules>
        <Schedule ExpectedDeliveryDate="2022-01-19T07:59:59+00:00" ExpectedShipmentDate="2022-01-19T07:59:59+00:00" OrderHeaderKey="2022011907594968172406" OrderLineKey="2022011907594968172407" OrderLineScheduleKey="202201190774595968172430" Quantity="3" ScheduleNo="3" TagNumber=""/>
      </Schedules>
      <LineOverallTotals Charges="0.00" Discount="0.00" ExtendedPrice="35970.00" LineTotal="35970.00" OptionPrice="0.00" PricingQty="3.00" Tax="0.00" UnitPrice="11990.00"/>
      <LineInvoicedTotals AdditionalLinePriceTotal="0.00" Charges="0.00" Discount="0.00" ExtendedPrice="0.00" LineTotal="0.00" OptionPrice="0.00" PricingQty="0.00" Tax="0.00" UnitPrice="0.00"/>
      <LineRemainingTotals AdditionalLinePriceTotal="0.00" Charges="0.00" Discount="0.00" ExtendedPrice="35970.00" LineTotal="35970.00" OptionPrice="0.00" PricingQty="3.00" Tax="0.00" UnitPrice="11990.00"/>
      <LineCharges/>
      <LineTaxes>
        <LineTax ChargeCategory="TAX" ChargeName="SALES_TAX" ChargeNameKey="20200210111055508944842" InvoicedTax="0.00" Reference_1="" Reference_2="" Reference_3="" RemainingTax="1914.00" Tax="1914.00" TaxName="SalesTax" TaxPercentage="0.00"/>
        <TaxSummary>
          <TaxSummaryDetail InvoicedTax="0.00" OverallTax="1914.00" RemainingTax="1914.00" TaxName="SalesTax"/>
        </TaxSummary>
      </LineTaxes>
      <OrderStatuses>
        <OrderStatus OrderHeaderKey="2022011907594968172406" OrderLineKey="2022011907594968172407" OrderLineScheduleKey="202201190774595968172430" OrderReleaseKey="2022011907595968172429" OrderReleaseStatusKey="202201190814001868172724" PipelineKey="202004200551401016291479" ShipNode="457" Status="3350.3000" StatusDate="2022-01-19T08:00:18+00:00" StatusDescription="Ready for Customer" StatusQty="3" TotalQuantity="3">
          <Details ExpectedDeliveryDate="2022-01-19T07:59:59+00:00" ExpectedShipmentDate="2022-01-19T07:59:59+00:00" TagNumber="">
            <KitDetails/>
          </Details>
        </OrderStatus>
      </OrderStatuses>
      <CapacityAllocations/>
    </OrderLine>
  </OrderLines>
  <Instructions NumberOfInstructions="0"/>
  <PersonInfoShipTo AddressLine1="Carrera 70 # 99-8" AddressLine2="" AddressLine3="" AddressLine4="Bogota" AddressLine5="" AddressLine6="" AlternateEmailID="" Beeper="" City="Bogota" Company="" Country="CO" DayFaxNo="" DayPhone="(+57) 1111111111" Department="" EMailID="test_user_66074730@testuser.com" EveningFaxNo="" EveningPhone="" FirstName="test" JobTitle="" LastName="test" MiddleName="" MobilePhone="(+57) 1111111111" OtherPhone="" PersonID="" PersonInfoKey="2021112515060161885970" State="Bogota" Suffix="" Title="" ZipCode=""/>
  <PersonInfoBillTo AddressLine1="Carrera 70 # 99-8" AddressLine2="" AddressLine3="" AddressLine4="Bogota" AddressLine5="" AddressLine6="" AlternateEmailID="" Beeper="" City="Bogota" Company="" Country="CO" DayFaxNo="" DayPhone="(+57) 1111111111" Department="" EMailID="test_user_66074730@testuser.com" EveningFaxNo="" EveningPhone="" FirstName="test" JobTitle="" LastName="test" MiddleName="" MobilePhone="" OtherPhone="" PersonID="" PersonInfoKey="2021112515060161885971" State="Bogota" Suffix="" Title="" ZipCode=""/>
  <AdditionalAddresses NumberOfAdditionalAddresses="0"/>
  <References/>
  <PaymentMethods>
    <PaymentMethod CheckNo="" CheckReference="" CreditCardExpDate="20251101" CreditCardName="Luis Gino Beltran" CreditCardNo="371180" CreditCardType="AMEX" CustomerPONo="" DisplayCreditCardNo="7522" DisplayCustomerAccountNo="" DisplayPaymentReference1="" DisplaySvcNo="" FundsAvailable="0.00" GetFundsAvailableUserExitInvoked="N" PaymentReference1="" PaymentReference2="MPAGO_CREDIT" PaymentReference3="1023936477" PaymentType="CREDIT_CARD"/>
  </PaymentMethods>
  <ChargeTransactionDetails AdditionalExpectedAuthorizations="0.00" TotalCredits="35970.00" TotalDebits="0.00" TotalOpenAuthorizations="0.00" TotalOpenBookings="38960.00" TotalTransferredIn="0.00" TotalTransferredOut="0.00">
    <ChargeTransactionDetail AuditTransactionID="" AuthorizationExpirationDate="2022-01-19T07:59:49+00:00" AuthorizationID="" BookAmount="0.00" ChargeTransactionKey="2022011907594968172409" ChargeType="CHARGE" CollectionDate="2022-01-19T07:59:49+00:00" CreditAmount="35970.00" DebitAmount="0.00" DistributedAmount="0.00" HoldAgainstBook="Y" OpenAuthorizedAmount="0.00" OrderHeaderKey="2022011907594968172406" OrderInvoiceKey="" PaymentKey="202201190768594968172408" RequestAmount="35970.00" SettledAmount="0.00" Status="CHECKED" TransactionDate="2022-01-19T08:00:12+00:00" TransferFromOhKey="" TransferToOhKey="" UserExitStatus="">
      <InvoiceCollectionDetails/>
      <CreditCardTransactions>
        <CreditCardTransaction AuthAmount="35970.00" AuthAvs="" AuthCode="1234546089" AuthReturnCode="" AuthReturnFlag="" AuthReturnMessage="" AuthTime="2022-01-19T07:59:49+00:00" CVVAuthCode="" ChargeTransactionKey="2022011907594968172409" CreditCardTransactionKey="202201190757594968172410" InternalReturnCode="" InternalReturnFlag="" InternalReturnMessage="" ParentKey="" Reference1="" Reference2="" RequestId="" TranAmount="35970.00" TranRequestTime="2022-01-19T07:59:49+00:00" TranReturnCode="" TranReturnFlag="" TranReturnMessage="" TranType="CHARGE"/>
      </CreditCardTransactions>
      <TransferToOrder/>
      <TransferFromOrder/>
    </ChargeTransactionDetail>
    <ChargeTransactionDetail AuditTransactionID="" AuthorizationExpirationDate="2022-01-19T07:59:49+00:00" AuthorizationID="" BookAmount="38960.00" ChargeTransactionKey="2022011907594968172415" ChargeType="CREATE_ORDER" CollectionDate="2022-01-19T07:59:49+00:00" CreditAmount="0.00" DebitAmount="0.00" DistributedAmount="0.00" HoldAgainstBook="" OpenAuthorizedAmount="0.00" OrderHeaderKey="2022011907594968172406" OrderInvoiceKey="" PaymentKey="" RequestAmount="0.00" SettledAmount="0.00" Status="CHECKED" TransactionDate="2022-01-19T08:00:12+00:00" TransferFromOhKey="" TransferToOhKey="" UserExitStatus="">
      <InvoiceCollectionDetails/>
      <CreditCardTransactions/>
      <TransferToOrder/>
      <TransferFromOrder/>
    </ChargeTransactionDetail>
  </ChargeTransactionDetails>
  <ProductServiceAssocs/>
  <OverallTotals GrandCharges="2990.00" GrandDiscount="0.00" GrandTax="0.00" GrandTotal="38960.00" HdrCharges="2990.00" HdrDiscount="0.00" HdrTax="0.00" HdrTotal="2990.00" LineSubTotal="35970.00"/>
  <InvoicedTotals GrandCharges="0.00" GrandDiscount="0.00" GrandTax="0.00" GrandTotal="0.00" HdrCharges="0.00" HdrDiscount="0.00" HdrTax="0.00" HdrTotal="0.00" LineSubTotal="0.00"/>
  <RemainingTotals GrandCharges="2990.00" GrandDiscount="0.00" GrandTax="0.00" GrandTotal="38960.00" HdrCharges="2990.00" HdrDiscount="0.00" HdrTax="0.00" HdrTotal="2990.00" LineSubTotal="35970.00"/>
  <HeaderCharges>
    <HeaderCharge ChargeAmount="2990.00" ChargeCategory="SHIPPING" ChargeName="SHIPPING_CHARGE" ChargeNameKey="20200210110952508937952" InvoicedChargeAmount="0.00" IsBillable="Y" IsDiscount="N" Reference="" RemainingChargeAmount="2990.00"/>
  </HeaderCharges>
  <HeaderTaxes>
    <HeaderTax ChargeCategory="TAX" ChargeName="SHIPPING_TAX" ChargeNameKey="20200210111104508945910" InvoicedTax="0.00" Reference_1="" Reference_2="" Reference_3="" RemainingTax="477.00" Tax="477.00" TaxName="SHIPPING_TAX" TaxPercentage="0.00" TaxableFlag="Y"/>
    <TaxSummary>
      <TaxSummaryDetail InvoicedTax="0.00" OverallTax="477.00" RemainingTax="477.00" TaxName="SHIPPING_TAX"/>
    </TaxSummary>
  </HeaderTaxes>
  <OrderStatuses>
    <OrderStatus OrderHeaderKey="2022011907594968172406" OrderLineKey="2022011907594968172407" OrderLineScheduleKey="202201190774595968172430" OrderReleaseKey="2022011907595968172429" OrderReleaseStatusKey="202201190814001868172724" PipelineKey="202004200551401016291479" ShipNode="457" Status="3350.3000" StatusDate="2022-01-19T08:00:18+00:00" StatusDescription="Ready for Customer" StatusQty="3" TotalQuantity="3">
      <Details ExpectedDeliveryDate="2022-01-19T07:59:59+00:00" ExpectedShipmentDate="2022-01-19T07:59:59+00:00" TagNumber=""/>
    </OrderStatus>
  </OrderStatuses>
  <ExchangeOrders/>
</Order>

[INFO]-[2022-01-19 13:30:29.492]-[TestNG-test=OMS-3]-[requestCreationInOMS]-[RequestHelper.java:279]-Pre-condition for Test: getOrderReleaseList
[INFO]-[2022-01-19 13:30:29.495]-[TestNG-test=OMS-3]-[sendAPIRequest]-[RestAssuredRequest.java:20]-Calling POST request with end point : https://localhost:9443/smcfs/restapi/executeFlow/DifarmaMobileFinishCustomerPickService
io.restassured.internal.RequestSpecificationImpl@1025f684
[INFO]-[2022-01-19 13:30:32.899]-[TestNG-test=OMS-2]-[onTestStart]-[TestListener.java:56]--------------------------------------------------------------------------------------------------------------------------
[INFO]-[2022-01-19 13:30:32.900]-[TestNG-test=OMS-2]-[onTestStart]-[TestListener.java:57]-Starting new testcase :TC05_COM_LoginFunctionality
[ERROR]-[2022-01-19 13:30:46.093]-[TestNG-test=OMS-2]-[onTestFailure]-[TestListener.java:73]-Test failed : TC05_COM_LoginFunctionality
[ERROR]-[2022-01-19 13:30:46.094]-[TestNG-test=OMS-2]-[onTestFailure]-[TestListener.java:76]-java.lang.AssertionError: expected [Invalid Credentials passed. Please try again...] but found [The combination of user name and password you entered does not match any existing accounts. Please try again.]
	at org.testng.Assert.fail(Assert.java:99)
	at org.testng.Assert.failNotEquals(Assert.java:1037)
	at org.testng.Assert.assertEqualsImpl(Assert.java:140)
	at org.testng.Assert.assertEquals(Assert.java:122)
	at org.testng.Assert.assertEquals(Assert.java:629)
	at org.testng.Assert.assertEquals(Assert.java:639)
	at com.perfaware.automation.oms.sterling.common.com.pageobjects.Page_COM_Login.captureLoginError(Page_COM_Login.java:72)
	at com.perfaware.automation.oms.sterling.common.testcases.COM_LoginFunctionality.TC05_COM_LoginFunctionality(COM_LoginFunctionality.java:92)
	at sun.reflect.NativeMethodAccessorImpl.invoke0(Native Method)
	at sun.reflect.NativeMethodAccessorImpl.invoke(NativeMethodAccessorImpl.java:62)
	at sun.reflect.DelegatingMethodAccessorImpl.invoke(DelegatingMethodAccessorImpl.java:43)
	at java.lang.reflect.Method.invoke(Method.java:498)
	at org.testng.internal.MethodInvocationHelper.invokeMethod(MethodInvocationHelper.java:133)
	at org.testng.internal.TestInvoker.invokeMethod(TestInvoker.java:598)
	at org.testng.internal.TestInvoker.retryFailed(TestInvoker.java:213)
	at org.testng.internal.MethodRunner.runInSequence(MethodRunner.java:58)
	at org.testng.internal.TestInvoker$MethodInvocationAgent.invoke(TestInvoker.java:824)
	at org.testng.internal.TestInvoker.invokeTestMethods(TestInvoker.java:146)
	at org.testng.internal.TestMethodWorker.invokeTestMethods(TestMethodWorker.java:146)
	at org.testng.internal.TestMethodWorker.run(TestMethodWorker.java:128)
	at java.util.concurrent.ThreadPoolExecutor.runWorker(ThreadPoolExecutor.java:1149)
	at java.util.concurrent.ThreadPoolExecutor$Worker.run(ThreadPoolExecutor.java:624)
	at java.lang.Thread.run(Thread.java:748)

]]></system-out>
    <system-err><![CDATA[[TestNG-test=OMS-2] INFO io.github.bonigarcia.wdm.WebDriverManager - Using chromedriver 97.0.4692.71 (resolved driver for Chrome 97)
[TestNG-test=OMS-2] INFO io.github.bonigarcia.wdm.WebDriverManager - Exporting webdriver.chrome.driver as C:\Users\Admin\.cache\selenium\chromedriver\win32\97.0.4692.71\chromedriver.exe
ChromeDriver was started successfully.
Jan 19, 2022 1:30:25 PM org.openqa.selenium.remote.ProtocolHandshake createSession
INFO: Detected dialect: W3C
]]></system-err>
  </testcase>
  <testcase name="TC01_XML_BOPIS_SL_OrderFulfillment" classname="com.perfaware.automation.oms.sterling.common.testcases.XML_BOPIS_OrderFulfillment" time="0">
    <skipped message="Status code for DifarmaMobileFinishCustomerPickService matches with expected code expected [200] but found [400]"/>
    <system-out><![CDATA[io.restassured.internal.RestAssuredResponseImpl@71ba2e7b
[INFO]-[2022-01-19 13:30:48.219]-[TestNG-test=OMS-3]-[logRequestResponse]-[RequestPayload.java:171]-API Request sent : 
[INFO]-[2022-01-19 13:30:48.221]-[TestNG-test=OMS-3]-[logRequestResponse]-[RequestPayload.java:172]-Request method:	POST
Request URI:	https://localhost:9443/smcfs/restapi/executeFlow/DifarmaMobileFinishCustomerPickService
Proxy:			<none>
Request params:	<none>
Query params:	<none>
Form params:	<none>
Path params:	<none>
Headers:		Accept=application/xml
				Authorization=Basic YWRtaW46cGFzc3dvcmQ=
				Content-Type=application/xml
Cookies:		<none>
Multiparts:		<none>
Body:
<Shipment AddVerificationMethod="Y" SellerOrganizationCode="FCV.CO" ShipNode="457" ShipmentKey="2022011908000668172699" ShipmentNo="100013620" TransactionId="CONFIRM_SHIPMENT">
  <Notes>
    <Note ContactReference="" ContactType="" ContactUser="" NoteText="Customer Picked the products" Priority="0" ReasonCode="YCD_CUSTOMER_VERIFICATION" VisibleToAll="Y"/>
  </Notes>
  <ShipmentLines>
    <ShipmentLine PickedQty="3" Quantity="3" ReasonCode="" ShipmentLineKey="2022011908000668172698" ShipmentLineNo="1" ShipmentSubLineNo="1" ShortageQuantity="0" ShortageReason=""/>
  </ShipmentLines>
</Shipment>

[INFO]-[2022-01-19 13:30:48.222]-[TestNG-test=OMS-3]-[logRequestResponse]-[RequestPayload.java:174]-API Response received : 
[INFO]-[2022-01-19 13:30:48.223]-[TestNG-test=OMS-3]-[logRequestResponse]-[RequestPayload.java:175]-HTTP/1.1 400 Bad Request
X-FRAME-OPTIONS: SAMEORIGIN
X-UA-Compatible: IE=EmulateIE8
Access-Control-Max-Age: 3600
Access-Control-Allow-Credentials: true
Access-Control-Allow-Origin: *
Content-Type: application/xml; charset=UTF-8
Content-Encoding: gzip
Content-Language: en-US
Content-Length: 220
Connection: Close
Date: Wed, 19 Jan 2022 08:00:48 GMT

<Errors>
  <Error ErrorCode="API_EXECUTION_ERR: OOTB Code : YFC0006" ErrorDescription="Error description not available" HttpCode="400">
    <Attribute Name="ErrorDescription" Value="Error description not available"/>
    <Attribute Name="ErrorCode" Value="API_EXECUTION_ERR: OOTB Code : YFC0006"/>
    <Attribute Name="HttpCode" Value="400"/>
  </Error>
</Errors>

Retrying TC01_XML_BOPIS_SL_OrderFulfillment again and the count is 1
]]></system-out>
  </testcase>
  <testcase name="TC01_XML_BOPIS_SL_OrderFulfillment" classname="com.perfaware.automation.oms.sterling.common.testcases.XML_BOPIS_OrderFulfillment" time="39.874">
    <system-out><![CDATA[[INFO]-[2022-01-19 13:30:48.226]-[TestNG-test=OMS-3]-[onTestStart]-[TestListener.java:56]--------------------------------------------------------------------------------------------------------------------------
[INFO]-[2022-01-19 13:30:48.226]-[TestNG-test=OMS-3]-[onTestStart]-[TestListener.java:57]-Starting new testcase :TC01_XML_BOPIS_SL_OrderFulfillment
COCC89508680
[INFO]-[2022-01-19 13:30:48.238]-[TestNG-test=OMS-3]-[requestCreationInOMS]-[RequestHelper.java:80]-Pre-condition for Test: Load Item 
[INFO]-[2022-01-19 13:30:48.248]-[TestNG-test=OMS-3]-[sendAPIRequest]-[RestAssuredRequest.java:20]-Calling POST request with end point : https://localhost:9443/smcfs/restapi/invoke/manageItem
io.restassured.internal.RequestSpecificationImpl@64388bb6
Shipping
io.restassured.internal.RestAssuredResponseImpl@7eb07381
[INFO]-[2022-01-19 13:30:50.263]-[TestNG-test=OMS-3]-[logRequestResponse]-[RequestPayload.java:171]-API Request sent : 
[INFO]-[2022-01-19 13:30:50.264]-[TestNG-test=OMS-3]-[logRequestResponse]-[RequestPayload.java:172]-Request method:	POST
Request URI:	https://localhost:9443/smcfs/restapi/invoke/manageItem
Proxy:			<none>
Request params:	<none>
Query params:	<none>
Form params:	<none>
Path params:	<none>
Headers:		Accept=application/xml
				Authorization=Basic YWRtaW46cGFzc3dvcmQ=
				Content-Type=application/xml
Cookies:		<none>
Multiparts:		<none>
Body:
<ItemList>
  <Item Action="Manage" AssociateItemToCategories="N" ItemGroupCode="PROD" ItemID="383949" OrganizationCode="FCVColombiaInc" UnitOfMeasure="EACH">
    <PrimaryInformation ColorCode="" Description="Gaviscon (5+2.67+1.6)% Suspension Oral Frasco X 300mL Menta" ExtendedDescription="Gaviscon (5+2.67+1.6)% Suspension Oral Frasco X 300mL Menta" ImageID="ImglogoCV_OMS.jpg" ImageLocation="https://www.cruzverde.com.co/dw/image/v2/BDPM_PRD/on/demandware.static/-/Sites-masterCatalog_Colombia/default/dw2418520f/images/large/" IsDeliveryAllowed="Y" IsPickupAllowed="Y" IsProcurementAllowed="N" IsReturnable="Y" IsShippingAllowed="Y" ItemType="MP" ManufacturerName="RB HEALTH COLOMBIA SAS" ShortDescription="Gaviscon (5+2.67+1.6)% Suspension Oral Frasco X 300mL Menta" Status="3000"/>
    <InventoryParameters ATPRule="FCVColombia_ATP" InventoryMonitorRule="FCVColombia_RTAMATP" NodeLevelInventoryMonitorRule="FCVColombia_RTAMATP"/>
    <ItemAliasList>
      <ItemAlias Action="Modify" AliasName="EAN_VENDOR1" AliasValue="089212603484"/>
    </ItemAliasList>
    <Extn ExtnIsBioEquivalent="N" ExtnIsRegulatedItem="N" ExtnItemAroma="" ExtnItemCategory="OTHER" ExtnItemChemicalName="Sod " ExtnItemChemicalWeight="" ExtnItemDetails="" ExtnItemFormat="" ExtnItemVolUOM="cm3" ExtnItemVolume="0"/>
  </Item>
</ItemList>

[INFO]-[2022-01-19 13:30:50.265]-[TestNG-test=OMS-3]-[logRequestResponse]-[RequestPayload.java:174]-API Response received : 
[INFO]-[2022-01-19 13:30:50.265]-[TestNG-test=OMS-3]-[logRequestResponse]-[RequestPayload.java:175]-HTTP/1.1 204 No Content
X-FRAME-OPTIONS: SAMEORIGIN
X-UA-Compatible: IE=EmulateIE8
Access-Control-Max-Age: 3600
Access-Control-Allow-Credentials: true
Access-Control-Allow-Origin: *
Content-Language: en-US
Content-Length: 0
Date: Wed, 19 Jan 2022 08:00:50 GMT

[INFO]-[2022-01-19 13:30:50.277]-[TestNG-test=OMS-3]-[requestCreationInOMS]-[RequestHelper.java:96]-Pre-condition for Test: Adjust Inventory 
[INFO]-[2022-01-19 13:30:50.280]-[TestNG-test=OMS-3]-[sendAPIRequest]-[RestAssuredRequest.java:20]-Calling POST request with end point : https://localhost:9443/smcfs/restapi/invoke/adjustInventory
io.restassured.internal.RequestSpecificationImpl@a9b28cc
Shipping
io.restassured.internal.RestAssuredResponseImpl@28976b5
[INFO]-[2022-01-19 13:30:51.117]-[TestNG-test=OMS-3]-[logRequestResponse]-[RequestPayload.java:171]-API Request sent : 
[INFO]-[2022-01-19 13:30:51.118]-[TestNG-test=OMS-3]-[logRequestResponse]-[RequestPayload.java:172]-Request method:	POST
Request URI:	https://localhost:9443/smcfs/restapi/invoke/adjustInventory
Proxy:			<none>
Request params:	<none>
Query params:	<none>
Form params:	<none>
Path params:	<none>
Headers:		Accept=application/xml
				Authorization=Basic YWRtaW46cGFzc3dvcmQ=
				Content-Type=application/xml
Cookies:		<none>
Multiparts:		<none>
Body:
<Items>
  <Item AdjustmentType="ADJUSTMENT" ItemID="383949" OrganizationCode="FCVColombiaInc" ProductClass="REGULAR" Quantity="3" ShipNode="457" SupplyType="ONHAND" UnitOfMeasure="EACH"/>
</Items>

[INFO]-[2022-01-19 13:30:51.120]-[TestNG-test=OMS-3]-[logRequestResponse]-[RequestPayload.java:174]-API Response received : 
[INFO]-[2022-01-19 13:30:51.120]-[TestNG-test=OMS-3]-[logRequestResponse]-[RequestPayload.java:175]-HTTP/1.1 204 No Content
X-FRAME-OPTIONS: SAMEORIGIN
X-UA-Compatible: IE=EmulateIE8
Access-Control-Max-Age: 3600
Access-Control-Allow-Credentials: true
Access-Control-Allow-Origin: *
Content-Language: en-US
Content-Length: 0
Date: Wed, 19 Jan 2022 08:00:51 GMT

[INFO]-[2022-01-19 13:30:51.163]-[TestNG-test=OMS-3]-[requestCreationInOMS]-[RequestHelper.java:113]-Pre-condition for Test: Create Order 
[INFO]-[2022-01-19 13:30:51.168]-[TestNG-test=OMS-3]-[sendAPIRequest]-[RestAssuredRequest.java:20]-Calling POST request with end point : https://localhost:9443/smcfs/restapi/invoke/createOrder
io.restassured.internal.RequestSpecificationImpl@68c9b9b7
io.restassured.internal.RestAssuredResponseImpl@3bb9da2a
[INFO]-[2022-01-19 13:30:52.510]-[TestNG-test=OMS-3]-[logRequestResponse]-[RequestPayload.java:171]-API Request sent : 
[INFO]-[2022-01-19 13:30:52.511]-[TestNG-test=OMS-3]-[logRequestResponse]-[RequestPayload.java:172]-Request method:	POST
Request URI:	https://localhost:9443/smcfs/restapi/invoke/createOrder
Proxy:			<none>
Request params:	<none>
Query params:	<none>
Form params:	<none>
Path params:	<none>
Headers:		Accept=application/xml
				Authorization=Basic YWRtaW46cGFzc3dvcmQ=
				Content-Type=application/xml
Cookies:		<none>
Multiparts:		<none>
Body:
<Order AllocationRuleID="DIF_SCH" BillToID="00198505" CustomerContactID="" CustomerEMailID="tremere27@gmail.com" CustomerFirstName="test" CustomerLastName="test" CustomerPhoneNo="" DocumentType="0001" EnteredBy="00198505" EnterpriseCode="FCVColombia" EntryType="CustomerOnWeb" OrderNo="COCC89508680" OrderType="ONLINE" PaymentRuleId="FCVCOL_WEB_CARD_RULE" PaymentStatus="PAID" SellerOrganizationCode="FCV.CO">
  <PriceInfo Currency="COP"/>
  <Extn ExtnRUNRUTNIT="1010102239"/>
  <HeaderCharges>
    <HeaderCharge ChargeAmount="2990" ChargeCategory="SHIPPING" ChargeName="SHIPPING_CHARGE" IsManual="Y"/>
  </HeaderCharges>
  <HeaderTaxes>
    <HeaderTax ChargeCategory="TAX" ChargeName="SHIPPING_TAX" Tax="477" TaxName="SHIPPING_TAX" TaxableFlag="Y"/>
  </HeaderTaxes>
  <PersonInfoBillTo AddressLine1="Carrera 70 # 99-8" AddressLine2="" AddressLine4="Bogota" City="Bogota" Country="CO" DayPhone="(+57) 1111111111" EMailID="test_user_66074730@testuser.com" FirstName="test" LastName="test" State="Bogota"/>
  <PersonInfoShipTo AddressLine1="Carrera 70 # 99-8" AddressLine2="" AddressLine4="Bogota" City="Bogota" Country="CO" DayPhone="(+57) 1111111111" EMailID="test_user_66074730@testuser.com" FirstName="test" LastName="test" MobilePhone="(+57) 1111111111" State="Bogota"/>
  <OrderLines>
    <OrderLine DeliveryMethod="PICK" IsFirmPredefinedNode="Y" IsProcurementAllowed="Y" ItemGroupCode="PROD" LevelOfService="NextDay" LineType="CnC" OrderedQty="3" PrimeLineNo="1" ReqShipDate="2021-11-03T13:31:37.000Z" ShipNode="457" SubLineNo="1">
      <Item CostCurrency="COP" ItemID="383949" ItemShortDesc="Stevia Endulzante Natural X 200 Ta Caja X 200" ProductClass="REGULAR" UnitCost="11990" UnitOfMeasure="EACH"/>
      <LinePriceInfo IsPriceLocked="Y" ListPrice="11990" UnitPrice="11990"/>
      <Promotions>
        <Promotion PromotionId="001"/>
      </Promotions>
      <PersonInfoShipTo AddressLine1="Carrera 70 # 99-8" AddressLine2="" AddressLine4="Bogota" City="Bogota" Country="CO" DayPhone="(+57) 1111111111" EMailID="test_user_66074730@testuser.com" FirstName="test" LastName="test" Latitude="4.69381580" Longitude="-74.07590060" MobilePhone="(+57) 1111111111" State="Bogota"/>
      <Extn ExtnIsNightShipping="" ExtnIsPickUpByAuthPerson="N" ExtnIsPrescriptionHoldRequired="N" ExtnIsPrescriptionVerified="Y" ExtnVerifyPrescriptionAtPick="N"/>
      <LineTaxes>
        <LineTax ChargeCategory="TAX" ChargeName="SALES_TAX" Tax="1914" TaxName="SalesTax" TaxableFlag="Y"/>
      </LineTaxes>
    </OrderLine>
  </OrderLines>
  <PaymentMethods>
    <PaymentMethod ChargeSequence="1" CreditCardExpDate="20251101" CreditCardName="Luis Gino Beltran" CreditCardNo="371180" CreditCardType="AMEX" DisplayCreditCardNo="7522" FirstName="371180" LastName="Gino Beltran" MaxChargeLimit="35970.00" PaymentReference1="" PaymentReference2="MPAGO_CREDIT" PaymentReference3="1023936477" PaymentReference4="3" PaymentReference5="" PaymentReference6="MercadoPago" PaymentReference7="" PaymentReference8="" PaymentReference9="486481632" PaymentType="CREDIT_CARD" UnlimitedCharges="N">
      <PersonInfoBillTo AddressLine1="Carrera 70 # 99-8" AddressLine2="" AddressLine4="Bogota" City="Bogota" Country="CO" DayPhone="(+57) 1111111111" EMailID="test_user_66074730@testuser.com" FirstName="test" LastName="test" State="Bogota"/>
      <PaymentDetailsList>
        <PaymentDetails AuthCode="1234546089" AuthorizationID="" ChargeType="CHARGE" ProcessedAmount="35970.00" RequestAmount="35970.00" RequestProcessed="Y"/>
      </PaymentDetailsList>
    </PaymentMethod>
  </PaymentMethods>
</Order>

[INFO]-[2022-01-19 13:30:52.512]-[TestNG-test=OMS-3]-[logRequestResponse]-[RequestPayload.java:174]-API Response received : 
[INFO]-[2022-01-19 13:30:52.513]-[TestNG-test=OMS-3]-[logRequestResponse]-[RequestPayload.java:175]-HTTP/1.1 200 OK
X-FRAME-OPTIONS: SAMEORIGIN
X-UA-Compatible: IE=EmulateIE8
Access-Control-Max-Age: 3600
Access-Control-Allow-Credentials: true
Access-Control-Allow-Origin: *
Content-Type: application/xml; charset=UTF-8
Content-Encoding: gzip
Content-Language: en-US
Content-Length: 164
Date: Wed, 19 Jan 2022 08:00:52 GMT

<Order DocumentType="0001" EnterpriseCode="FCVColombia" OrderHeaderKey="2022011908005268173351" OrderNo="COCC89508680"/>

[INFO]-[2022-01-19 13:30:52.573]-[TestNG-test=OMS-3]-[requestCreationInOMS]-[RequestHelper.java:140]-Pre-condition for Test: getOrderDetails
[INFO]-[2022-01-19 13:30:52.575]-[TestNG-test=OMS-3]-[sendAPIRequest]-[RestAssuredRequest.java:20]-Calling POST request with end point : https://localhost:9443/smcfs/restapi/invoke/getOrderDetails
io.restassured.internal.RequestSpecificationImpl@78df2c4
io.restassured.internal.RestAssuredResponseImpl@3ecea16e
[INFO]-[2022-01-19 13:30:53.413]-[TestNG-test=OMS-3]-[logRequestResponse]-[RequestPayload.java:171]-API Request sent : 
[INFO]-[2022-01-19 13:30:53.414]-[TestNG-test=OMS-3]-[logRequestResponse]-[RequestPayload.java:172]-Request method:	POST
Request URI:	https://localhost:9443/smcfs/restapi/invoke/getOrderDetails
Proxy:			<none>
Request params:	<none>
Query params:	<none>
Form params:	<none>
Path params:	<none>
Headers:		Accept=application/xml
				Authorization=Basic YWRtaW46cGFzc3dvcmQ=
				Content-Type=application/xml
Cookies:		<none>
Multiparts:		<none>
Body:
<Order DocumentType="0001" EnterpriseCode="FCVColombia" OrderHeaderKey="" OrderNo="COCC89508680"/>

[INFO]-[2022-01-19 13:30:53.416]-[TestNG-test=OMS-3]-[logRequestResponse]-[RequestPayload.java:174]-API Response received : 
[INFO]-[2022-01-19 13:30:53.419]-[TestNG-test=OMS-3]-[logRequestResponse]-[RequestPayload.java:175]-HTTP/1.1 200 OK
X-FRAME-OPTIONS: SAMEORIGIN
X-UA-Compatible: IE=EmulateIE8
Access-Control-Max-Age: 3600
Access-Control-Allow-Credentials: true
Access-Control-Allow-Origin: *
Content-Type: application/xml; charset=UTF-8
Content-Encoding: gzip
Content-Language: en-US
Content-Length: 3953
Date: Wed, 19 Jan 2022 08:00:53 GMT

<Order AllocationRuleID="DIF_SCH" AuthorizationExpirationDate="2022-01-19T08:00:52+00:00" BillToID="00198505" BuyerOrganizationCode="FCV.CO" CarrierAccountNo="" CarrierServiceCode="" ChainType="" ChargeActualFreightFlag="N" CustCustPONo="" CustomerEMailID="tremere27@gmail.com" CustomerPONo="" DeliveryCode="" Division="" DocumentType="0001" DraftOrderFlag="N" EnteredBy="00198505" EnterpriseCode="FCVColombia" EntryType="CustomerOnWeb" FreightTerms="" HasDeliveryLines="N" HasProductLines="Y" HasServiceLines="N" HoldFlag="N" HoldReasonCode="" MaxOrderStatus="1100" MaxOrderStatusDesc="Created" MinOrderStatus="1100" MinOrderStatusDesc="Created" NotifyAfterShipmentFlag="N" OrderDate="2022-01-19T08:00:52+00:00" OrderHeaderKey="2022011908005268173351" OrderName="" OrderNo="COCC89508680" OrderType="PICK" OriginalTax="0.00" OriginalTotalAmount="38960.00" OtherCharges="2990.00" PaymentStatus="PAID" PendingTransferIn="0.00" PersonalizeCode="" PriorityCode="" PriorityNumber="0" Purpose="" ReturnByGiftRecipient="" SCAC="" ScacAndService="" ScacAndServiceKey="" SearchCriteria1="" SearchCriteria2="" SellerOrganizationCode="FCV.CO" ShipToID="00198505" Status="Created" TaxExemptFlag="N" TaxExemptionCertificate="" TaxJurisdiction="" TaxPayerId="" TermsCode="" TotalAdjustmentAmount="0.00" isHistory="N">
  <AllowedModifications>
    <Modification ModificationType="REMOVE_PROMOTION" ThroughOverride="N"/>
    <Modification ModificationType="ORDER_NAME" ThroughOverride="N"/>
    <Modification ModificationType="CONTACT_INFO" ThroughOverride="N"/>
    <Modification ModificationType="CHANGE_ITERATION" ThroughOverride="Y"/>
    <Modification ModificationType="BILLTO" ThroughOverride="N"/>
    <Modification ModificationType="TAX" ThroughOverride="N"/>
    <Modification ModificationType="CHANGE_PROMOTION" ThroughOverride="N"/>
    <Modification ModificationType="SHIPTO" ThroughOverride="N"/>
    <Modification ModificationType="FREIGHT_TERMS" ThroughOverride="N"/>
    <Modification ModificationType="ADD_NOTE" ThroughOverride="N"/>
    <Modification ModificationType="CHANGE_STATUS" ThroughOverride="Y"/>
    <Modification ModificationType="ADD_LINE" ThroughOverride="N"/>
    <Modification ModificationType="CARRIER" ThroughOverride="N"/>
    <Modification ModificationType="ADDITIONADDR" ThroughOverride="N"/>
    <Modification ModificationType="SOLDTO" ThroughOverride="N"/>
    <Modification ModificationType="REQ_SHIP_DATE" ThroughOverride="N"/>
    <Modification ModificationType="PAYMENT_STATUS" ThroughOverride="N"/>
    <Modification ModificationType="ADD_INSTRUCTION" ThroughOverride="N"/>
    <Modification ModificationType="CHANGE_NOTE" ThroughOverride="Y"/>
    <Modification ModificationType="CARRIER_ACCOUNT_NO" ThroughOverride="N"/>
    <Modification ModificationType="CHANGE_ORDER_DATE" ThroughOverride="N"/>
    <Modification ModificationType="REMOVE_NOTE" ThroughOverride="N"/>
    <Modification ModificationType="CHANGE_SCHEDULE" ThroughOverride="N"/>
    <Modification ModificationType="HOLD" ThroughOverride="N"/>
    <Modification ModificationType="SPECIAL_SERVICE" ThroughOverride="N"/>
    <Modification ModificationType="RULE_ID" ThroughOverride="N"/>
    <Modification ModificationType="PRICE" ThroughOverride="N"/>
    <Modification ModificationType="CARRIER_SERVICE_CODE" ThroughOverride="N"/>
    <Modification ModificationType="PAYMENT_METHOD" ThroughOverride="N"/>
    <Modification ModificationType="CHANGE_CUSTOM_ATTRIBUTES" ThroughOverride="N"/>
    <Modification ModificationType="RELEASE" ThroughOverride="N"/>
    <Modification ModificationType="SHIP_NODE" ThroughOverride="N"/>
    <Modification ModificationType="ANSWER_SET" ThroughOverride="N"/>
    <Modification ModificationType="MARKFOR" ThroughOverride="N"/>
    <Modification ModificationType="RECEIVING_NODE" ThroughOverride="N"/>
    <Modification ModificationType="SHORT" ThroughOverride="N"/>
    <Modification ModificationType="BUYER_USER_ID" ThroughOverride="Y"/>
    <Modification ModificationType="OTHERS" ThroughOverride="N"/>
    <Modification ModificationType="DELIVERY_CODE" ThroughOverride="N"/>
    <Modification ModificationType="LEVEL_OF_SERVICE" ThroughOverride="Y"/>
    <Modification ModificationType="CANCEL" ThroughOverride="N"/>
    <Modification ModificationType="CHANGE_INSTRUCTION" ThroughOverride="N"/>
    <Modification ModificationType="HOLD_TYPE" ThroughOverride="N"/>
    <Modification ModificationType="REFERENCES" ThroughOverride="N"/>
  </AllowedModifications>
  <PriceInfo Currency="COP" EnterpriseCurrency="COP" ReportingConversionDate="2022-01-19T08:00:52+00:00" ReportingConversionRate="1.00" TotalAmount="38960.00"/>
  <OrderLines>
    <OrderLine AllocationDate="2021-11-03" ApptStatus="" AwaitingDeliveryRequest="N" CanAddServiceLines="N" CarrierAccountNo="" CarrierServiceCode="" CustomerLinePONo="" CustomerPONo="" DeliveryCode="" DeliveryMethod="PICK" DepartmentCode="" FreightTerms="" FulfillmentType="" HasDeliveryLines="N" HasServiceLines="N" HoldFlag="N" HoldReasonCode="" ImportLicenseNo="" InvoicedQty="0" IsBundleParent="N" ItemGroupCode="PROD" KitCode="" LineSeqNo="1.1" LineType="CnC" MaxLineStatus="1100" MaxLineStatusDesc="Created" MinLineStatus="1100" MinLineStatusDesc="Created" OpenQty="3" OrderHeaderKey="2022011908005268173351" OrderLineKey="2022011908005268173352" OrderedQty="3" OriginalOrderedQty="3" OtherCharges="0.00" PackListType="" PersonalizeCode="" PersonalizeFlag="" PickableFlag="Y" PrimeLineNo="1" Purpose="" RemainingQty="3" ReqShipDate="2021-11-03T13:31:37+00:00" ReservationID="" ReservationPool="" SCAC="" ScacAndService="" ScacAndServiceKey="" Segment="" SegmentType="" SerialNo="" ShipNode="457" ShipToID="00198505" ShipTogetherNo="" SplitQty="0" Status="Created" StatusQuantity="3" SubLineNo="1" SubstituteItemID="" SubstituteItemUOM="" isHistory="N">
      <Item CostCurrency="COP" CountryOfOrigin="" CustomerItem="383949" CustomerItemDesc="Gaviscon (5+2.67+1.6)% Suspension Oral Frasco X 300mL Menta" ECCNNo="" HarmonizedCode="" ISBN="" ItemDesc="Gaviscon (5+2.67+1.6)% Suspension Oral Frasco X 300mL Menta" ItemID="383949" ItemShortDesc="Stevia Endulzante Natural X 200 Ta Caja X 200" ItemWeight="0.00" ItemWeightUOM="LBS" ManufacturerItem="" ManufacturerItemDesc="" ManufacturerName="RB HEALTH COLOMBIA SAS" NMFCClass="" NMFCCode="" NMFCDescription="" ProductClass="REGULAR" ProductLine="" ScheduleBCode="" SupplierItem="" SupplierItemDesc="" TaxProductCode="" UPCCode="" UnitCost="11990.00" UnitOfMeasure="EACH"/>
      <LinePriceInfo ActualPricingQty="3" DiscountPercentage="0.00" InvoicedPricingQty="0" IsPriceLocked="Y" LineTotal="35970.00" ListPrice="11990.00" OrderedPricingQty="3" PricingQtyConversionFactor="0" PricingUOM="EACH" RetailPrice="0.00" SettledAmount="0.00" SettledQuantity="0" TaxableFlag="N" UnitPrice="11990.00"/>
      <OrderLineOptions/>
      <WorkOrders NumberOfWorkOrders="0"/>
      <PersonInfoShipTo AddressLine1="Carrera 70 # 99-8" AddressLine2="" AddressLine3="" AddressLine4="Bogota" AddressLine5="" AddressLine6="" AlternateEmailID="" Beeper="" City="Bogota" Company="" Country="CO" DayFaxNo="" DayPhone="(+57) 1111111111" Department="" EMailID="test_user_66074730@testuser.com" EveningFaxNo="" EveningPhone="" FirstName="test" JobTitle="" LastName="test" MiddleName="" MobilePhone="(+57) 1111111111" OtherPhone="" PersonID="" PersonInfoKey="2021112515060161885970" State="Bogota" Suffix="" Title="" ZipCode=""/>
      <Instructions NumberOfInstructions="0"/>
      <References/>
      <KitLines NumberOfKitLines="0"/>
      <ProductItems/>
      <AdditionalAddresses NumberOfAdditionalAddresses="0"/>
      <Notes NumberOfNotes="0"/>
      <ServiceAssociations/>
      <ProductAssociations/>
      <DeliveryAssociations/>
      <Schedules>
        <Schedule ExpectedDeliveryDate="2021-11-03T13:31:37+00:00" ExpectedShipmentDate="2021-11-03T13:31:37+00:00" OrderHeaderKey="2022011908005268173351" OrderLineKey="2022011908005268173352" OrderLineScheduleKey="202201190828005268173357" Quantity="3" ScheduleNo="1" TagNumber=""/>
      </Schedules>
      <LineOverallTotals Charges="0.00" Discount="0.00" ExtendedPrice="35970.00" LineTotal="35970.00" OptionPrice="0.00" PricingQty="3.00" Tax="0.00" UnitPrice="11990.00"/>
      <LineInvoicedTotals AdditionalLinePriceTotal="0.00" Charges="0.00" Discount="0.00" ExtendedPrice="0.00" LineTotal="0.00" OptionPrice="0.00" PricingQty="0.00" Tax="0.00" UnitPrice="0.00"/>
      <LineRemainingTotals AdditionalLinePriceTotal="0.00" Charges="0.00" Discount="0.00" ExtendedPrice="35970.00" LineTotal="35970.00" OptionPrice="0.00" PricingQty="3.00" Tax="0.00" UnitPrice="11990.00"/>
      <LineCharges/>
      <LineTaxes>
        <LineTax ChargeCategory="TAX" ChargeName="SALES_TAX" ChargeNameKey="20200210111055508944842" InvoicedTax="0.00" Reference_1="" Reference_2="" Reference_3="" RemainingTax="1914.00" Tax="1914.00" TaxName="SalesTax" TaxPercentage="0.00"/>
        <TaxSummary>
          <TaxSummaryDetail InvoicedTax="0.00" OverallTax="1914.00" RemainingTax="1914.00" TaxName="SalesTax"/>
        </TaxSummary>
      </LineTaxes>
      <OrderStatuses>
        <OrderStatus OrderHeaderKey="2022011908005268173351" OrderLineKey="2022011908005268173352" OrderLineScheduleKey="202201190828005268173357" OrderReleaseStatusKey="202201190819005268173358" PipelineKey="202004200551401016291479" ShipNode="457" Status="1100" StatusDate="2022-01-19T08:00:52+00:00" StatusDescription="Created" StatusQty="3" TotalQuantity="3">
          <Details ExpectedDeliveryDate="2021-11-03T13:31:37+00:00" ExpectedShipmentDate="2021-11-03T13:31:37+00:00" TagNumber="">
            <KitDetails/>
          </Details>
        </OrderStatus>
      </OrderStatuses>
      <CapacityAllocations/>
    </OrderLine>
  </OrderLines>
  <Instructions NumberOfInstructions="0"/>
  <PersonInfoShipTo AddressLine1="Carrera 70 # 99-8" AddressLine2="" AddressLine3="" AddressLine4="Bogota" AddressLine5="" AddressLine6="" AlternateEmailID="" Beeper="" City="Bogota" Company="" Country="CO" DayFaxNo="" DayPhone="(+57) 1111111111" Department="" EMailID="test_user_66074730@testuser.com" EveningFaxNo="" EveningPhone="" FirstName="test" JobTitle="" LastName="test" MiddleName="" MobilePhone="(+57) 1111111111" OtherPhone="" PersonID="" PersonInfoKey="2021112515060161885970" State="Bogota" Suffix="" Title="" ZipCode=""/>
  <PersonInfoBillTo AddressLine1="Carrera 70 # 99-8" AddressLine2="" AddressLine3="" AddressLine4="Bogota" AddressLine5="" AddressLine6="" AlternateEmailID="" Beeper="" City="Bogota" Company="" Country="CO" DayFaxNo="" DayPhone="(+57) 1111111111" Department="" EMailID="test_user_66074730@testuser.com" EveningFaxNo="" EveningPhone="" FirstName="test" JobTitle="" LastName="test" MiddleName="" MobilePhone="" OtherPhone="" PersonID="" PersonInfoKey="2021112515060161885971" State="Bogota" Suffix="" Title="" ZipCode=""/>
  <AdditionalAddresses NumberOfAdditionalAddresses="0"/>
  <References/>
  <PaymentMethods>
    <PaymentMethod CheckNo="" CheckReference="" CreditCardExpDate="20251101" CreditCardName="Luis Gino Beltran" CreditCardNo="371180" CreditCardType="AMEX" CustomerPONo="" DisplayCreditCardNo="7522" DisplayCustomerAccountNo="" DisplayPaymentReference1="" DisplaySvcNo="" FundsAvailable="0.00" GetFundsAvailableUserExitInvoked="N" PaymentReference1="" PaymentReference2="MPAGO_CREDIT" PaymentReference3="1023936477" PaymentType="CREDIT_CARD"/>
  </PaymentMethods>
  <ChargeTransactionDetails AdditionalExpectedAuthorizations="0.00" TotalCredits="35970.00" TotalDebits="0.00" TotalOpenAuthorizations="0.00" TotalOpenBookings="38960.00" TotalTransferredIn="0.00" TotalTransferredOut="0.00">
    <ChargeTransactionDetail AuditTransactionID="" AuthorizationExpirationDate="2022-01-19T08:00:52+00:00" AuthorizationID="" BookAmount="0.00" ChargeTransactionKey="2022011908005268173354" ChargeType="CHARGE" CollectionDate="2022-01-19T08:00:52+00:00" CreditAmount="35970.00" DebitAmount="0.00" DistributedAmount="0.00" HoldAgainstBook="Y" OpenAuthorizedAmount="0.00" OrderHeaderKey="2022011908005268173351" OrderInvoiceKey="" PaymentKey="202201190891005268173353" RequestAmount="35970.00" SettledAmount="0.00" Status="CLOSED" TransactionDate="2022-01-19T08:00:52+00:00" TransferFromOhKey="" TransferToOhKey="" UserExitStatus="">
      <InvoiceCollectionDetails/>
      <CreditCardTransactions>
        <CreditCardTransaction AuthAmount="35970.00" AuthAvs="" AuthCode="1234546089" AuthReturnCode="" AuthReturnFlag="" AuthReturnMessage="" AuthTime="2022-01-19T08:00:52+00:00" CVVAuthCode="" ChargeTransactionKey="2022011908005268173354" CreditCardTransactionKey="202201190801005268173355" InternalReturnCode="" InternalReturnFlag="" InternalReturnMessage="" ParentKey="" Reference1="" Reference2="" RequestId="" TranAmount="35970.00" TranRequestTime="2022-01-19T08:00:52+00:00" TranReturnCode="" TranReturnFlag="" TranReturnMessage="" TranType="CHARGE"/>
      </CreditCardTransactions>
      <TransferToOrder/>
      <TransferFromOrder/>
    </ChargeTransactionDetail>
    <ChargeTransactionDetail AuditTransactionID="" AuthorizationExpirationDate="2022-01-19T08:00:52+00:00" AuthorizationID="" BookAmount="38960.00" ChargeTransactionKey="2022011908005268173360" ChargeType="CREATE_ORDER" CollectionDate="2022-01-19T08:00:52+00:00" CreditAmount="0.00" DebitAmount="0.00" DistributedAmount="0.00" HoldAgainstBook="" OpenAuthorizedAmount="0.00" OrderHeaderKey="2022011908005268173351" OrderInvoiceKey="" PaymentKey="" RequestAmount="0.00" SettledAmount="0.00" Status="OPEN" TransactionDate="2022-01-19T08:00:52+00:00" TransferFromOhKey="" TransferToOhKey="" UserExitStatus="">
      <InvoiceCollectionDetails/>
      <CreditCardTransactions/>
      <TransferToOrder/>
      <TransferFromOrder/>
    </ChargeTransactionDetail>
  </ChargeTransactionDetails>
  <ProductServiceAssocs/>
  <OverallTotals GrandCharges="2990.00" GrandDiscount="0.00" GrandTax="0.00" GrandTotal="38960.00" HdrCharges="2990.00" HdrDiscount="0.00" HdrTax="0.00" HdrTotal="2990.00" LineSubTotal="35970.00"/>
  <InvoicedTotals GrandCharges="0.00" GrandDiscount="0.00" GrandTax="0.00" GrandTotal="0.00" HdrCharges="0.00" HdrDiscount="0.00" HdrTax="0.00" HdrTotal="0.00" LineSubTotal="0.00"/>
  <RemainingTotals GrandCharges="2990.00" GrandDiscount="0.00" GrandTax="0.00" GrandTotal="38960.00" HdrCharges="2990.00" HdrDiscount="0.00" HdrTax="0.00" HdrTotal="2990.00" LineSubTotal="35970.00"/>
  <HeaderCharges>
    <HeaderCharge ChargeAmount="2990.00" ChargeCategory="SHIPPING" ChargeName="SHIPPING_CHARGE" ChargeNameKey="20200210110952508937952" InvoicedChargeAmount="0.00" IsBillable="Y" IsDiscount="N" Reference="" RemainingChargeAmount="2990.00"/>
  </HeaderCharges>
  <HeaderTaxes>
    <HeaderTax ChargeCategory="TAX" ChargeName="SHIPPING_TAX" ChargeNameKey="20200210111104508945910" InvoicedTax="0.00" Reference_1="" Reference_2="" Reference_3="" RemainingTax="477.00" Tax="477.00" TaxName="SHIPPING_TAX" TaxPercentage="0.00" TaxableFlag="Y"/>
    <TaxSummary>
      <TaxSummaryDetail InvoicedTax="0.00" OverallTax="477.00" RemainingTax="477.00" TaxName="SHIPPING_TAX"/>
    </TaxSummary>
  </HeaderTaxes>
  <OrderStatuses>
    <OrderStatus OrderHeaderKey="2022011908005268173351" OrderLineKey="2022011908005268173352" OrderLineScheduleKey="202201190828005268173357" OrderReleaseStatusKey="202201190819005268173358" PipelineKey="202004200551401016291479" ShipNode="457" Status="1100" StatusDate="2022-01-19T08:00:52+00:00" StatusDescription="Created" StatusQty="3" TotalQuantity="3">
      <Details ExpectedDeliveryDate="2021-11-03T13:31:37+00:00" ExpectedShipmentDate="2021-11-03T13:31:37+00:00" TagNumber=""/>
    </OrderStatus>
  </OrderStatuses>
  <ExchangeOrders/>
</Order>

[INFO]-[2022-01-19 13:30:53.628]-[TestNG-test=OMS-3]-[requestCreationInOMS]-[RequestHelper.java:175]-Pre-condition for Test: Change Order for resolving the holds
[INFO]-[2022-01-19 13:30:53.630]-[TestNG-test=OMS-3]-[sendAPIRequest]-[RestAssuredRequest.java:20]-Calling POST request with end point : https://localhost:9443/smcfs/restapi/invoke/scheduleOrder
io.restassured.internal.RequestSpecificationImpl@20d76353
io.restassured.internal.RestAssuredResponseImpl@26b9fb49
[INFO]-[2022-01-19 13:30:54.516]-[TestNG-test=OMS-3]-[logRequestResponse]-[RequestPayload.java:171]-API Request sent : 
[INFO]-[2022-01-19 13:30:54.518]-[TestNG-test=OMS-3]-[logRequestResponse]-[RequestPayload.java:172]-Request method:	POST
Request URI:	https://localhost:9443/smcfs/restapi/invoke/scheduleOrder
Proxy:			<none>
Request params:	<none>
Query params:	<none>
Form params:	<none>
Path params:	<none>
Headers:		Accept=application/xml
				Authorization=Basic YWRtaW46cGFzc3dvcmQ=
				Content-Type=application/xml
Cookies:		<none>
Multiparts:		<none>
Body:
<ScheduleOrder CheckInventory="Y" DocumentType="0001" EnterpriseCode="FCVColombia" OrderHeaderKey="" OrderNo="COCC89508680"/>

[INFO]-[2022-01-19 13:30:54.521]-[TestNG-test=OMS-3]-[logRequestResponse]-[RequestPayload.java:174]-API Response received : 
[INFO]-[2022-01-19 13:30:54.522]-[TestNG-test=OMS-3]-[logRequestResponse]-[RequestPayload.java:175]-HTTP/1.1 204 No Content
X-FRAME-OPTIONS: SAMEORIGIN
X-UA-Compatible: IE=EmulateIE8
Access-Control-Max-Age: 3600
Access-Control-Allow-Credentials: true
Access-Control-Allow-Origin: *
Content-Language: en-US
Content-Length: 0
Date: Wed, 19 Jan 2022 08:00:54 GMT

[INFO]-[2022-01-19 13:30:54.526]-[TestNG-test=OMS-3]-[requestCreationInOMS]-[RequestHelper.java:140]-Pre-condition for Test: getOrderDetails
[INFO]-[2022-01-19 13:30:54.529]-[TestNG-test=OMS-3]-[sendAPIRequest]-[RestAssuredRequest.java:20]-Calling POST request with end point : https://localhost:9443/smcfs/restapi/invoke/getOrderDetails
io.restassured.internal.RequestSpecificationImpl@704497d6
Shipping
Shipping
io.restassured.internal.RestAssuredResponseImpl@55bdfe69
[INFO]-[2022-01-19 13:30:55.454]-[TestNG-test=OMS-3]-[logRequestResponse]-[RequestPayload.java:171]-API Request sent : 
[INFO]-[2022-01-19 13:30:55.456]-[TestNG-test=OMS-3]-[logRequestResponse]-[RequestPayload.java:172]-Request method:	POST
Request URI:	https://localhost:9443/smcfs/restapi/invoke/getOrderDetails
Proxy:			<none>
Request params:	<none>
Query params:	<none>
Form params:	<none>
Path params:	<none>
Headers:		Accept=application/xml
				Authorization=Basic YWRtaW46cGFzc3dvcmQ=
				Content-Type=application/xml
Cookies:		<none>
Multiparts:		<none>
Body:
<Order DocumentType="0001" EnterpriseCode="FCVColombia" OrderHeaderKey="" OrderNo="COCC89508680"/>

[INFO]-[2022-01-19 13:30:55.457]-[TestNG-test=OMS-3]-[logRequestResponse]-[RequestPayload.java:174]-API Response received : 
[INFO]-[2022-01-19 13:30:55.458]-[TestNG-test=OMS-3]-[logRequestResponse]-[RequestPayload.java:175]-HTTP/1.1 200 OK
X-FRAME-OPTIONS: SAMEORIGIN
X-UA-Compatible: IE=EmulateIE8
Access-Control-Max-Age: 3600
Access-Control-Allow-Credentials: true
Access-Control-Allow-Origin: *
Content-Type: application/xml; charset=UTF-8
Content-Encoding: gzip
Content-Language: en-US
Content-Length: 3973
Date: Wed, 19 Jan 2022 08:00:55 GMT

<Order AllocationRuleID="DIF_SCH" AuthorizationExpirationDate="2022-01-19T08:00:52+00:00" BillToID="00198505" BuyerOrganizationCode="FCV.CO" CarrierAccountNo="" CarrierServiceCode="" ChainType="" ChargeActualFreightFlag="N" CustCustPONo="" CustomerEMailID="tremere27@gmail.com" CustomerPONo="" DeliveryCode="" Division="" DocumentType="0001" DraftOrderFlag="N" EnteredBy="00198505" EnterpriseCode="FCVColombia" EntryType="CustomerOnWeb" FreightTerms="" HasDeliveryLines="N" HasProductLines="Y" HasServiceLines="N" HoldFlag="N" HoldReasonCode="" MaxOrderStatus="1500" MaxOrderStatusDesc="Scheduled" MinOrderStatus="1500" MinOrderStatusDesc="Scheduled" NotifyAfterShipmentFlag="N" OrderDate="2022-01-19T08:00:52+00:00" OrderHeaderKey="2022011908005268173351" OrderName="" OrderNo="COCC89508680" OrderType="PICK" OriginalTax="0.00" OriginalTotalAmount="38960.00" OtherCharges="2990.00" PaymentStatus="PAID" PendingTransferIn="0.00" PersonalizeCode="" PriorityCode="" PriorityNumber="0" Purpose="" ReturnByGiftRecipient="" SCAC="" ScacAndService="" ScacAndServiceKey="" SearchCriteria1="" SearchCriteria2="" SellerOrganizationCode="FCV.CO" ShipToID="00198505" Status="Scheduled" TaxExemptFlag="N" TaxExemptionCertificate="" TaxJurisdiction="" TaxPayerId="" TermsCode="" TotalAdjustmentAmount="0.00" isHistory="N">
  <AllowedModifications>
    <Modification ModificationType="REMOVE_PROMOTION" ThroughOverride="Y"/>
    <Modification ModificationType="ORDER_NAME" ThroughOverride="Y"/>
    <Modification ModificationType="CONTACT_INFO" ThroughOverride="Y"/>
    <Modification ModificationType="CHANGE_ITERATION" ThroughOverride="Y"/>
    <Modification ModificationType="BILLTO" ThroughOverride="Y"/>
    <Modification ModificationType="TAX" ThroughOverride="Y"/>
    <Modification ModificationType="CHANGE_PROMOTION" ThroughOverride="Y"/>
    <Modification ModificationType="SHIPTO" ThroughOverride="Y"/>
    <Modification ModificationType="FREIGHT_TERMS" ThroughOverride="Y"/>
    <Modification ModificationType="ADD_NOTE" ThroughOverride="N"/>
    <Modification ModificationType="CHANGE_STATUS" ThroughOverride="Y"/>
    <Modification ModificationType="ADD_LINE" ThroughOverride="Y"/>
    <Modification ModificationType="CARRIER" ThroughOverride="Y"/>
    <Modification ModificationType="ADDITIONADDR" ThroughOverride="Y"/>
    <Modification ModificationType="SOLDTO" ThroughOverride="Y"/>
    <Modification ModificationType="REQ_SHIP_DATE" ThroughOverride="Y"/>
    <Modification ModificationType="PAYMENT_STATUS" ThroughOverride="Y"/>
    <Modification ModificationType="ADD_INSTRUCTION" ThroughOverride="Y"/>
    <Modification ModificationType="CHANGE_NOTE" ThroughOverride="Y"/>
    <Modification ModificationType="CARRIER_ACCOUNT_NO" ThroughOverride="Y"/>
    <Modification ModificationType="CHANGE_ORDER_DATE" ThroughOverride="Y"/>
    <Modification ModificationType="REMOVE_NOTE" ThroughOverride="Y"/>
    <Modification ModificationType="CHANGE_SCHEDULE" ThroughOverride="Y"/>
    <Modification ModificationType="HOLD" ThroughOverride="N"/>
    <Modification ModificationType="SPECIAL_SERVICE" ThroughOverride="Y"/>
    <Modification ModificationType="RULE_ID" ThroughOverride="N"/>
    <Modification ModificationType="PRICE" ThroughOverride="Y"/>
    <Modification ModificationType="CARRIER_SERVICE_CODE" ThroughOverride="Y"/>
    <Modification ModificationType="PAYMENT_METHOD" ThroughOverride="Y"/>
    <Modification ModificationType="CHANGE_CUSTOM_ATTRIBUTES" ThroughOverride="N"/>
    <Modification ModificationType="RELEASE" ThroughOverride="N"/>
    <Modification ModificationType="SHIP_NODE" ThroughOverride="N"/>
    <Modification ModificationType="ANSWER_SET" ThroughOverride="Y"/>
    <Modification ModificationType="MARKFOR" ThroughOverride="Y"/>
    <Modification ModificationType="RECEIVING_NODE" ThroughOverride="Y"/>
    <Modification ModificationType="SHORT" ThroughOverride="Y"/>
    <Modification ModificationType="BUYER_USER_ID" ThroughOverride="Y"/>
    <Modification ModificationType="OTHERS" ThroughOverride="N"/>
    <Modification ModificationType="DELIVERY_CODE" ThroughOverride="Y"/>
    <Modification ModificationType="LEVEL_OF_SERVICE" ThroughOverride="Y"/>
    <Modification ModificationType="CANCEL" ThroughOverride="N"/>
    <Modification ModificationType="UNSCHEDULE" ThroughOverride="N"/>
    <Modification ModificationType="CHANGE_INSTRUCTION" ThroughOverride="Y"/>
    <Modification ModificationType="HOLD_TYPE" ThroughOverride="N"/>
    <Modification ModificationType="REFERENCES" ThroughOverride="Y"/>
  </AllowedModifications>
  <PriceInfo Currency="COP" EnterpriseCurrency="COP" ReportingConversionDate="2022-01-19T08:00:52+00:00" ReportingConversionRate="1.00" TotalAmount="38960.00"/>
  <OrderLines>
    <OrderLine AllocationDate="2021-11-03" ApptStatus="" AwaitingDeliveryRequest="N" CanAddServiceLines="N" CarrierAccountNo="" CarrierServiceCode="" CustomerLinePONo="" CustomerPONo="" DeliveryCode="" DeliveryMethod="PICK" DepartmentCode="" FreightTerms="" FulfillmentType="" HasDeliveryLines="N" HasServiceLines="N" HoldFlag="N" HoldReasonCode="" ImportLicenseNo="" InvoicedQty="0" IsBundleParent="N" ItemGroupCode="PROD" KitCode="" LineSeqNo="1.1" LineType="CnC" MaxLineStatus="1500" MaxLineStatusDesc="Scheduled" MinLineStatus="1500" MinLineStatusDesc="Scheduled" OpenQty="3" OrderHeaderKey="2022011908005268173351" OrderLineKey="2022011908005268173352" OrderedQty="3" OriginalOrderedQty="3" OtherCharges="0.00" PackListType="" PersonalizeCode="" PersonalizeFlag="" PickableFlag="Y" PrimeLineNo="1" Purpose="" RemainingQty="3" ReqShipDate="2021-11-03T13:31:37+00:00" ReservationID="" ReservationPool="" SCAC="" ScacAndService="" ScacAndServiceKey="" Segment="" SegmentType="" SerialNo="" ShipNode="457" ShipToID="00198505" ShipTogetherNo="" SplitQty="0" Status="Scheduled" StatusQuantity="3" SubLineNo="1" SubstituteItemID="" SubstituteItemUOM="" isHistory="N">
      <Item CostCurrency="COP" CountryOfOrigin="" CustomerItem="383949" CustomerItemDesc="Gaviscon (5+2.67+1.6)% Suspension Oral Frasco X 300mL Menta" ECCNNo="" HarmonizedCode="" ISBN="" ItemDesc="Gaviscon (5+2.67+1.6)% Suspension Oral Frasco X 300mL Menta" ItemID="383949" ItemShortDesc="Stevia Endulzante Natural X 200 Ta Caja X 200" ItemWeight="0.00" ItemWeightUOM="LBS" ManufacturerItem="" ManufacturerItemDesc="" ManufacturerName="RB HEALTH COLOMBIA SAS" NMFCClass="" NMFCCode="" NMFCDescription="" ProductClass="REGULAR" ProductLine="" ScheduleBCode="" SupplierItem="" SupplierItemDesc="" TaxProductCode="" UPCCode="" UnitCost="11990.00" UnitOfMeasure="EACH"/>
      <LinePriceInfo ActualPricingQty="3" DiscountPercentage="0.00" InvoicedPricingQty="0" IsPriceLocked="Y" LineTotal="35970.00" ListPrice="11990.00" OrderedPricingQty="3" PricingQtyConversionFactor="0" PricingUOM="EACH" RetailPrice="0.00" SettledAmount="0.00" SettledQuantity="0" TaxableFlag="N" UnitPrice="11990.00"/>
      <OrderLineOptions/>
      <WorkOrders NumberOfWorkOrders="0"/>
      <PersonInfoShipTo AddressLine1="Carrera 70 # 99-8" AddressLine2="" AddressLine3="" AddressLine4="Bogota" AddressLine5="" AddressLine6="" AlternateEmailID="" Beeper="" City="Bogota" Company="" Country="CO" DayFaxNo="" DayPhone="(+57) 1111111111" Department="" EMailID="test_user_66074730@testuser.com" EveningFaxNo="" EveningPhone="" FirstName="test" JobTitle="" LastName="test" MiddleName="" MobilePhone="(+57) 1111111111" OtherPhone="" PersonID="" PersonInfoKey="2021112515060161885970" State="Bogota" Suffix="" Title="" ZipCode=""/>
      <Instructions NumberOfInstructions="0"/>
      <References/>
      <KitLines NumberOfKitLines="0"/>
      <ProductItems/>
      <AdditionalAddresses NumberOfAdditionalAddresses="0"/>
      <Notes NumberOfNotes="0"/>
      <ServiceAssociations/>
      <ProductAssociations/>
      <DeliveryAssociations/>
      <Schedules>
        <Schedule ExpectedDeliveryDate="2022-01-19T08:00:54+00:00" ExpectedShipmentDate="2022-01-19T08:00:54+00:00" OrderHeaderKey="2022011908005268173351" OrderLineKey="2022011908005268173352" OrderLineScheduleKey="202201190851005468173367" Quantity="3" ScheduleNo="2" TagNumber=""/>
      </Schedules>
      <LineOverallTotals Charges="0.00" Discount="0.00" ExtendedPrice="35970.00" LineTotal="35970.00" OptionPrice="0.00" PricingQty="3.00" Tax="0.00" UnitPrice="11990.00"/>
      <LineInvoicedTotals AdditionalLinePriceTotal="0.00" Charges="0.00" Discount="0.00" ExtendedPrice="0.00" LineTotal="0.00" OptionPrice="0.00" PricingQty="0.00" Tax="0.00" UnitPrice="0.00"/>
      <LineRemainingTotals AdditionalLinePriceTotal="0.00" Charges="0.00" Discount="0.00" ExtendedPrice="35970.00" LineTotal="35970.00" OptionPrice="0.00" PricingQty="3.00" Tax="0.00" UnitPrice="11990.00"/>
      <LineCharges/>
      <LineTaxes>
        <LineTax ChargeCategory="TAX" ChargeName="SALES_TAX" ChargeNameKey="20200210111055508944842" InvoicedTax="0.00" Reference_1="" Reference_2="" Reference_3="" RemainingTax="1914.00" Tax="1914.00" TaxName="SalesTax" TaxPercentage="0.00"/>
        <TaxSummary>
          <TaxSummaryDetail InvoicedTax="0.00" OverallTax="1914.00" RemainingTax="1914.00" TaxName="SalesTax"/>
        </TaxSummary>
      </LineTaxes>
      <OrderStatuses>
        <OrderStatus OrderHeaderKey="2022011908005268173351" OrderLineKey="2022011908005268173352" OrderLineScheduleKey="202201190851005468173367" OrderReleaseStatusKey="202201190883005468173368" PipelineKey="202004200551401016291479" ShipNode="457" Status="1500" StatusDate="2022-01-19T08:00:54+00:00" StatusDescription="Scheduled" StatusQty="3" TotalQuantity="3">
          <Details ExpectedDeliveryDate="2022-01-19T08:00:54+00:00" ExpectedShipmentDate="2022-01-19T08:00:54+00:00" TagNumber="">
            <KitDetails/>
          </Details>
        </OrderStatus>
      </OrderStatuses>
      <CapacityAllocations/>
    </OrderLine>
  </OrderLines>
  <Instructions NumberOfInstructions="0"/>
  <PersonInfoShipTo AddressLine1="Carrera 70 # 99-8" AddressLine2="" AddressLine3="" AddressLine4="Bogota" AddressLine5="" AddressLine6="" AlternateEmailID="" Beeper="" City="Bogota" Company="" Country="CO" DayFaxNo="" DayPhone="(+57) 1111111111" Department="" EMailID="test_user_66074730@testuser.com" EveningFaxNo="" EveningPhone="" FirstName="test" JobTitle="" LastName="test" MiddleName="" MobilePhone="(+57) 1111111111" OtherPhone="" PersonID="" PersonInfoKey="2021112515060161885970" State="Bogota" Suffix="" Title="" ZipCode=""/>
  <PersonInfoBillTo AddressLine1="Carrera 70 # 99-8" AddressLine2="" AddressLine3="" AddressLine4="Bogota" AddressLine5="" AddressLine6="" AlternateEmailID="" Beeper="" City="Bogota" Company="" Country="CO" DayFaxNo="" DayPhone="(+57) 1111111111" Department="" EMailID="test_user_66074730@testuser.com" EveningFaxNo="" EveningPhone="" FirstName="test" JobTitle="" LastName="test" MiddleName="" MobilePhone="" OtherPhone="" PersonID="" PersonInfoKey="2021112515060161885971" State="Bogota" Suffix="" Title="" ZipCode=""/>
  <AdditionalAddresses NumberOfAdditionalAddresses="0"/>
  <References/>
  <PaymentMethods>
    <PaymentMethod CheckNo="" CheckReference="" CreditCardExpDate="20251101" CreditCardName="Luis Gino Beltran" CreditCardNo="371180" CreditCardType="AMEX" CustomerPONo="" DisplayCreditCardNo="7522" DisplayCustomerAccountNo="" DisplayPaymentReference1="" DisplaySvcNo="" FundsAvailable="0.00" GetFundsAvailableUserExitInvoked="N" PaymentReference1="" PaymentReference2="MPAGO_CREDIT" PaymentReference3="1023936477" PaymentType="CREDIT_CARD"/>
  </PaymentMethods>
  <ChargeTransactionDetails AdditionalExpectedAuthorizations="0.00" TotalCredits="35970.00" TotalDebits="0.00" TotalOpenAuthorizations="0.00" TotalOpenBookings="38960.00" TotalTransferredIn="0.00" TotalTransferredOut="0.00">
    <ChargeTransactionDetail AuditTransactionID="" AuthorizationExpirationDate="2022-01-19T08:00:52+00:00" AuthorizationID="" BookAmount="0.00" ChargeTransactionKey="2022011908005268173354" ChargeType="CHARGE" CollectionDate="2022-01-19T08:00:52+00:00" CreditAmount="35970.00" DebitAmount="0.00" DistributedAmount="0.00" HoldAgainstBook="Y" OpenAuthorizedAmount="0.00" OrderHeaderKey="2022011908005268173351" OrderInvoiceKey="" PaymentKey="202201190891005268173353" RequestAmount="35970.00" SettledAmount="0.00" Status="CLOSED" TransactionDate="2022-01-19T08:00:52+00:00" TransferFromOhKey="" TransferToOhKey="" UserExitStatus="">
      <InvoiceCollectionDetails/>
      <CreditCardTransactions>
        <CreditCardTransaction AuthAmount="35970.00" AuthAvs="" AuthCode="1234546089" AuthReturnCode="" AuthReturnFlag="" AuthReturnMessage="" AuthTime="2022-01-19T08:00:52+00:00" CVVAuthCode="" ChargeTransactionKey="2022011908005268173354" CreditCardTransactionKey="202201190801005268173355" InternalReturnCode="" InternalReturnFlag="" InternalReturnMessage="" ParentKey="" Reference1="" Reference2="" RequestId="" TranAmount="35970.00" TranRequestTime="2022-01-19T08:00:52+00:00" TranReturnCode="" TranReturnFlag="" TranReturnMessage="" TranType="CHARGE"/>
      </CreditCardTransactions>
      <TransferToOrder/>
      <TransferFromOrder/>
    </ChargeTransactionDetail>
    <ChargeTransactionDetail AuditTransactionID="" AuthorizationExpirationDate="2022-01-19T08:00:52+00:00" AuthorizationID="" BookAmount="38960.00" ChargeTransactionKey="2022011908005268173360" ChargeType="CREATE_ORDER" CollectionDate="2022-01-19T08:00:52+00:00" CreditAmount="0.00" DebitAmount="0.00" DistributedAmount="0.00" HoldAgainstBook="" OpenAuthorizedAmount="0.00" OrderHeaderKey="2022011908005268173351" OrderInvoiceKey="" PaymentKey="" RequestAmount="0.00" SettledAmount="0.00" Status="OPEN" TransactionDate="2022-01-19T08:00:52+00:00" TransferFromOhKey="" TransferToOhKey="" UserExitStatus="">
      <InvoiceCollectionDetails/>
      <CreditCardTransactions/>
      <TransferToOrder/>
      <TransferFromOrder/>
    </ChargeTransactionDetail>
  </ChargeTransactionDetails>
  <ProductServiceAssocs/>
  <OverallTotals GrandCharges="2990.00" GrandDiscount="0.00" GrandTax="0.00" GrandTotal="38960.00" HdrCharges="2990.00" HdrDiscount="0.00" HdrTax="0.00" HdrTotal="2990.00" LineSubTotal="35970.00"/>
  <InvoicedTotals GrandCharges="0.00" GrandDiscount="0.00" GrandTax="0.00" GrandTotal="0.00" HdrCharges="0.00" HdrDiscount="0.00" HdrTax="0.00" HdrTotal="0.00" LineSubTotal="0.00"/>
  <RemainingTotals GrandCharges="2990.00" GrandDiscount="0.00" GrandTax="0.00" GrandTotal="38960.00" HdrCharges="2990.00" HdrDiscount="0.00" HdrTax="0.00" HdrTotal="2990.00" LineSubTotal="35970.00"/>
  <HeaderCharges>
    <HeaderCharge ChargeAmount="2990.00" ChargeCategory="SHIPPING" ChargeName="SHIPPING_CHARGE" ChargeNameKey="20200210110952508937952" InvoicedChargeAmount="0.00" IsBillable="Y" IsDiscount="N" Reference="" RemainingChargeAmount="2990.00"/>
  </HeaderCharges>
  <HeaderTaxes>
    <HeaderTax ChargeCategory="TAX" ChargeName="SHIPPING_TAX" ChargeNameKey="20200210111104508945910" InvoicedTax="0.00" Reference_1="" Reference_2="" Reference_3="" RemainingTax="477.00" Tax="477.00" TaxName="SHIPPING_TAX" TaxPercentage="0.00" TaxableFlag="Y"/>
    <TaxSummary>
      <TaxSummaryDetail InvoicedTax="0.00" OverallTax="477.00" RemainingTax="477.00" TaxName="SHIPPING_TAX"/>
    </TaxSummary>
  </HeaderTaxes>
  <OrderStatuses>
    <OrderStatus OrderHeaderKey="2022011908005268173351" OrderLineKey="2022011908005268173352" OrderLineScheduleKey="202201190851005468173367" OrderReleaseStatusKey="202201190883005468173368" PipelineKey="202004200551401016291479" ShipNode="457" Status="1500" StatusDate="2022-01-19T08:00:54+00:00" StatusDescription="Scheduled" StatusQty="3" TotalQuantity="3">
      <Details ExpectedDeliveryDate="2022-01-19T08:00:54+00:00" ExpectedShipmentDate="2022-01-19T08:00:54+00:00" TagNumber=""/>
    </OrderStatus>
  </OrderStatuses>
  <ExchangeOrders/>
</Order>

[INFO]-[2022-01-19 13:30:55.623]-[TestNG-test=OMS-3]-[requestCreationInOMS]-[RequestHelper.java:184]-Pre-condition for Test: Change Order for resolving the holds
[INFO]-[2022-01-19 13:30:55.630]-[TestNG-test=OMS-3]-[sendAPIRequest]-[RestAssuredRequest.java:20]-Calling POST request with end point : https://localhost:9443/smcfs/restapi/invoke/releaseOrder
io.restassured.internal.RequestSpecificationImpl@4c78c7fd
io.restassured.internal.RestAssuredResponseImpl@7316cc24
[INFO]-[2022-01-19 13:30:56.558]-[TestNG-test=OMS-3]-[logRequestResponse]-[RequestPayload.java:171]-API Request sent : 
[INFO]-[2022-01-19 13:30:56.559]-[TestNG-test=OMS-3]-[logRequestResponse]-[RequestPayload.java:172]-Request method:	POST
Request URI:	https://localhost:9443/smcfs/restapi/invoke/releaseOrder
Proxy:			<none>
Request params:	<none>
Query params:	<none>
Form params:	<none>
Path params:	<none>
Headers:		Accept=application/xml
				Authorization=Basic YWRtaW46cGFzc3dvcmQ=
				Content-Type=application/xml
Cookies:		<none>
Multiparts:		<none>
Body:
<ReleaseOrder CheckInventory="Y" DocumentType="0001" EnterpriseCode="FCVColombia" OrderHeaderKey="" OrderNo="COCC89508680"/>

[INFO]-[2022-01-19 13:30:56.560]-[TestNG-test=OMS-3]-[logRequestResponse]-[RequestPayload.java:174]-API Response received : 
[INFO]-[2022-01-19 13:30:56.560]-[TestNG-test=OMS-3]-[logRequestResponse]-[RequestPayload.java:175]-HTTP/1.1 204 No Content
X-FRAME-OPTIONS: SAMEORIGIN
X-UA-Compatible: IE=EmulateIE8
Access-Control-Max-Age: 3600
Access-Control-Allow-Credentials: true
Access-Control-Allow-Origin: *
Content-Language: en-US
Content-Length: 0
Date: Wed, 19 Jan 2022 08:00:56 GMT

[INFO]-[2022-01-19 13:30:56.565]-[TestNG-test=OMS-3]-[requestCreationInOMS]-[RequestHelper.java:140]-Pre-condition for Test: getOrderDetails
[INFO]-[2022-01-19 13:30:56.567]-[TestNG-test=OMS-3]-[sendAPIRequest]-[RestAssuredRequest.java:20]-Calling POST request with end point : https://localhost:9443/smcfs/restapi/invoke/getOrderDetails
io.restassured.internal.RequestSpecificationImpl@7da88f34
io.restassured.internal.RestAssuredResponseImpl@5cb65c0
[INFO]-[2022-01-19 13:30:57.421]-[TestNG-test=OMS-3]-[logRequestResponse]-[RequestPayload.java:171]-API Request sent : 
[INFO]-[2022-01-19 13:30:57.422]-[TestNG-test=OMS-3]-[logRequestResponse]-[RequestPayload.java:172]-Request method:	POST
Request URI:	https://localhost:9443/smcfs/restapi/invoke/getOrderDetails
Proxy:			<none>
Request params:	<none>
Query params:	<none>
Form params:	<none>
Path params:	<none>
Headers:		Accept=application/xml
				Authorization=Basic YWRtaW46cGFzc3dvcmQ=
				Content-Type=application/xml
Cookies:		<none>
Multiparts:		<none>
Body:
<Order DocumentType="0001" EnterpriseCode="FCVColombia" OrderHeaderKey="" OrderNo="COCC89508680"/>

[INFO]-[2022-01-19 13:30:57.422]-[TestNG-test=OMS-3]-[logRequestResponse]-[RequestPayload.java:174]-API Response received : 
[INFO]-[2022-01-19 13:30:57.423]-[TestNG-test=OMS-3]-[logRequestResponse]-[RequestPayload.java:175]-HTTP/1.1 200 OK
X-FRAME-OPTIONS: SAMEORIGIN
X-UA-Compatible: IE=EmulateIE8
Access-Control-Max-Age: 3600
Access-Control-Allow-Credentials: true
Access-Control-Allow-Origin: *
Content-Type: application/xml; charset=UTF-8
Content-Encoding: gzip
Content-Language: en-US
Content-Length: 3982
Date: Wed, 19 Jan 2022 08:00:57 GMT

<Order AllocationRuleID="DIF_SCH" AuthorizationExpirationDate="2022-01-19T08:00:52+00:00" BillToID="00198505" BuyerOrganizationCode="FCV.CO" CarrierAccountNo="" CarrierServiceCode="" ChainType="" ChargeActualFreightFlag="N" CustCustPONo="" CustomerEMailID="tremere27@gmail.com" CustomerPONo="" DeliveryCode="" Division="" DocumentType="0001" DraftOrderFlag="N" EnteredBy="00198505" EnterpriseCode="FCVColombia" EntryType="CustomerOnWeb" FreightTerms="" HasDeliveryLines="N" HasProductLines="Y" HasServiceLines="N" HoldFlag="N" HoldReasonCode="" MaxOrderStatus="3200" MaxOrderStatusDesc="Released to store" MinOrderStatus="3200" MinOrderStatusDesc="Released to store" NotifyAfterShipmentFlag="N" OrderDate="2022-01-19T08:00:52+00:00" OrderHeaderKey="2022011908005268173351" OrderName="" OrderNo="COCC89508680" OrderType="PICK" OriginalTax="0.00" OriginalTotalAmount="38960.00" OtherCharges="2990.00" PaymentStatus="PAID" PendingTransferIn="0.00" PersonalizeCode="" PriorityCode="" PriorityNumber="0" Purpose="" ReturnByGiftRecipient="" SCAC="" ScacAndService="" ScacAndServiceKey="" SearchCriteria1="" SearchCriteria2="" SellerOrganizationCode="FCV.CO" ShipToID="00198505" Status="Released to store" TaxExemptFlag="N" TaxExemptionCertificate="" TaxJurisdiction="" TaxPayerId="" TermsCode="" TotalAdjustmentAmount="0.00" isHistory="N">
  <AllowedModifications>
    <Modification ModificationType="REMOVE_PROMOTION" ThroughOverride="Y"/>
    <Modification ModificationType="ORDER_NAME" ThroughOverride="Y"/>
    <Modification ModificationType="CONTACT_INFO" ThroughOverride="Y"/>
    <Modification ModificationType="CHANGE_ITERATION" ThroughOverride="Y"/>
    <Modification ModificationType="BILLTO" ThroughOverride="Y"/>
    <Modification ModificationType="TAX" ThroughOverride="Y"/>
    <Modification ModificationType="CHANGE_PROMOTION" ThroughOverride="Y"/>
    <Modification ModificationType="FREIGHT_TERMS" ThroughOverride="Y"/>
    <Modification ModificationType="ADD_NOTE" ThroughOverride="Y"/>
    <Modification ModificationType="CHANGE_STATUS" ThroughOverride="Y"/>
    <Modification ModificationType="ADD_LINE" ThroughOverride="Y"/>
    <Modification ModificationType="CARRIER" ThroughOverride="Y"/>
    <Modification ModificationType="ADDITIONADDR" ThroughOverride="Y"/>
    <Modification ModificationType="SOLDTO" ThroughOverride="Y"/>
    <Modification ModificationType="REQ_SHIP_DATE" ThroughOverride="Y"/>
    <Modification ModificationType="PAYMENT_STATUS" ThroughOverride="Y"/>
    <Modification ModificationType="ADD_INSTRUCTION" ThroughOverride="Y"/>
    <Modification ModificationType="CHANGE_NOTE" ThroughOverride="Y"/>
    <Modification ModificationType="CARRIER_ACCOUNT_NO" ThroughOverride="Y"/>
    <Modification ModificationType="CHANGE_ORDER_DATE" ThroughOverride="Y"/>
    <Modification ModificationType="REMOVE_NOTE" ThroughOverride="Y"/>
    <Modification ModificationType="CHANGE_SCHEDULE" ThroughOverride="Y"/>
    <Modification ModificationType="HOLD" ThroughOverride="N"/>
    <Modification ModificationType="SPECIAL_SERVICE" ThroughOverride="Y"/>
    <Modification ModificationType="RULE_ID" ThroughOverride="Y"/>
    <Modification ModificationType="PRICE" ThroughOverride="Y"/>
    <Modification ModificationType="CARRIER_SERVICE_CODE" ThroughOverride="Y"/>
    <Modification ModificationType="PAYMENT_METHOD" ThroughOverride="Y"/>
    <Modification ModificationType="CHANGE_CUSTOM_ATTRIBUTES" ThroughOverride="Y"/>
    <Modification ModificationType="RELEASE" ThroughOverride="Y"/>
    <Modification ModificationType="SHIP_NODE" ThroughOverride="Y"/>
    <Modification ModificationType="ANSWER_SET" ThroughOverride="Y"/>
    <Modification ModificationType="MARKFOR" ThroughOverride="Y"/>
    <Modification ModificationType="RECEIVING_NODE" ThroughOverride="Y"/>
    <Modification ModificationType="SHORT" ThroughOverride="N"/>
    <Modification ModificationType="BUYER_USER_ID" ThroughOverride="Y"/>
    <Modification ModificationType="OTHERS" ThroughOverride="N"/>
    <Modification ModificationType="DELIVERY_CODE" ThroughOverride="Y"/>
    <Modification ModificationType="LEVEL_OF_SERVICE" ThroughOverride="Y"/>
    <Modification ModificationType="CANCEL" ThroughOverride="N"/>
    <Modification ModificationType="UNSCHEDULE" ThroughOverride="Y"/>
    <Modification ModificationType="CHANGE_INSTRUCTION" ThroughOverride="Y"/>
    <Modification ModificationType="HOLD_TYPE" ThroughOverride="N"/>
    <Modification ModificationType="REFERENCES" ThroughOverride="Y"/>
  </AllowedModifications>
  <PriceInfo Currency="COP" EnterpriseCurrency="COP" ReportingConversionDate="2022-01-19T08:00:52+00:00" ReportingConversionRate="1.00" TotalAmount="38960.00"/>
  <OrderLines>
    <OrderLine AllocationDate="2021-11-03" ApptStatus="" AwaitingDeliveryRequest="N" CanAddServiceLines="N" CarrierAccountNo="" CarrierServiceCode="" CustomerLinePONo="" CustomerPONo="" DeliveryCode="" DeliveryMethod="PICK" DepartmentCode="" FreightTerms="" FulfillmentType="" HasDeliveryLines="N" HasServiceLines="N" HoldFlag="N" HoldReasonCode="" ImportLicenseNo="" InvoicedQty="0" IsBundleParent="N" ItemGroupCode="PROD" KitCode="" LineSeqNo="1.1" LineType="CnC" MaxLineStatus="3200" MaxLineStatusDesc="Released to store" MinLineStatus="3200" MinLineStatusDesc="Released to store" OpenQty="3" OrderHeaderKey="2022011908005268173351" OrderLineKey="2022011908005268173352" OrderedQty="3" OriginalOrderedQty="3" OtherCharges="0.00" PackListType="" PersonalizeCode="" PersonalizeFlag="" PickableFlag="Y" PrimeLineNo="1" Purpose="" RemainingQty="3" ReqShipDate="2021-11-03T13:31:37+00:00" ReservationID="" ReservationPool="" SCAC="" ScacAndService="" ScacAndServiceKey="" Segment="" SegmentType="" SerialNo="" ShipNode="457" ShipToID="00198505" ShipTogetherNo="" SplitQty="0" Status="Released to store" StatusQuantity="3" SubLineNo="1" SubstituteItemID="" SubstituteItemUOM="" isHistory="N">
      <Item CostCurrency="COP" CountryOfOrigin="" CustomerItem="383949" CustomerItemDesc="Gaviscon (5+2.67+1.6)% Suspension Oral Frasco X 300mL Menta" ECCNNo="" HarmonizedCode="" ISBN="" ItemDesc="Gaviscon (5+2.67+1.6)% Suspension Oral Frasco X 300mL Menta" ItemID="383949" ItemShortDesc="Stevia Endulzante Natural X 200 Ta Caja X 200" ItemWeight="0.00" ItemWeightUOM="LBS" ManufacturerItem="" ManufacturerItemDesc="" ManufacturerName="RB HEALTH COLOMBIA SAS" NMFCClass="" NMFCCode="" NMFCDescription="" ProductClass="REGULAR" ProductLine="" ScheduleBCode="" SupplierItem="" SupplierItemDesc="" TaxProductCode="" UPCCode="" UnitCost="11990.00" UnitOfMeasure="EACH"/>
      <LinePriceInfo ActualPricingQty="3" DiscountPercentage="0.00" InvoicedPricingQty="0" IsPriceLocked="Y" LineTotal="35970.00" ListPrice="11990.00" OrderedPricingQty="3" PricingQtyConversionFactor="0" PricingUOM="EACH" RetailPrice="0.00" SettledAmount="0.00" SettledQuantity="0" TaxableFlag="N" UnitPrice="11990.00"/>
      <OrderLineOptions/>
      <WorkOrders NumberOfWorkOrders="0"/>
      <PersonInfoShipTo AddressLine1="Carrera 70 # 99-8" AddressLine2="" AddressLine3="" AddressLine4="Bogota" AddressLine5="" AddressLine6="" AlternateEmailID="" Beeper="" City="Bogota" Company="" Country="CO" DayFaxNo="" DayPhone="(+57) 1111111111" Department="" EMailID="test_user_66074730@testuser.com" EveningFaxNo="" EveningPhone="" FirstName="test" JobTitle="" LastName="test" MiddleName="" MobilePhone="(+57) 1111111111" OtherPhone="" PersonID="" PersonInfoKey="2021112515060161885970" State="Bogota" Suffix="" Title="" ZipCode=""/>
      <Instructions NumberOfInstructions="0"/>
      <References/>
      <KitLines NumberOfKitLines="0"/>
      <ProductItems/>
      <AdditionalAddresses NumberOfAdditionalAddresses="0"/>
      <Notes NumberOfNotes="0"/>
      <ServiceAssociations/>
      <ProductAssociations/>
      <DeliveryAssociations/>
      <Schedules>
        <Schedule ExpectedDeliveryDate="2022-01-19T08:00:56+00:00" ExpectedShipmentDate="2022-01-19T08:00:56+00:00" OrderHeaderKey="2022011908005268173351" OrderLineKey="2022011908005268173352" OrderLineScheduleKey="202201190854005668173402" Quantity="3" ScheduleNo="3" TagNumber=""/>
      </Schedules>
      <LineOverallTotals Charges="0.00" Discount="0.00" ExtendedPrice="35970.00" LineTotal="35970.00" OptionPrice="0.00" PricingQty="3.00" Tax="0.00" UnitPrice="11990.00"/>
      <LineInvoicedTotals AdditionalLinePriceTotal="0.00" Charges="0.00" Discount="0.00" ExtendedPrice="0.00" LineTotal="0.00" OptionPrice="0.00" PricingQty="0.00" Tax="0.00" UnitPrice="0.00"/>
      <LineRemainingTotals AdditionalLinePriceTotal="0.00" Charges="0.00" Discount="0.00" ExtendedPrice="35970.00" LineTotal="35970.00" OptionPrice="0.00" PricingQty="3.00" Tax="0.00" UnitPrice="11990.00"/>
      <LineCharges/>
      <LineTaxes>
        <LineTax ChargeCategory="TAX" ChargeName="SALES_TAX" ChargeNameKey="20200210111055508944842" InvoicedTax="0.00" Reference_1="" Reference_2="" Reference_3="" RemainingTax="1914.00" Tax="1914.00" TaxName="SalesTax" TaxPercentage="0.00"/>
        <TaxSummary>
          <TaxSummaryDetail InvoicedTax="0.00" OverallTax="1914.00" RemainingTax="1914.00" TaxName="SalesTax"/>
        </TaxSummary>
      </LineTaxes>
      <OrderStatuses>
        <OrderStatus OrderHeaderKey="2022011908005268173351" OrderLineKey="2022011908005268173352" OrderLineScheduleKey="202201190854005668173402" OrderReleaseKey="2022011908005668173401" OrderReleaseStatusKey="202201190887005668173403" PipelineKey="202004200551401016291479" ShipNode="457" Status="3200" StatusDate="2022-01-19T08:00:56+00:00" StatusDescription="Released to store" StatusQty="3" TotalQuantity="3">
          <Details ExpectedDeliveryDate="2022-01-19T08:00:56+00:00" ExpectedShipmentDate="2022-01-19T08:00:56+00:00" TagNumber="">
            <KitDetails/>
          </Details>
        </OrderStatus>
      </OrderStatuses>
      <CapacityAllocations/>
    </OrderLine>
  </OrderLines>
  <Instructions NumberOfInstructions="0"/>
  <PersonInfoShipTo AddressLine1="Carrera 70 # 99-8" AddressLine2="" AddressLine3="" AddressLine4="Bogota" AddressLine5="" AddressLine6="" AlternateEmailID="" Beeper="" City="Bogota" Company="" Country="CO" DayFaxNo="" DayPhone="(+57) 1111111111" Department="" EMailID="test_user_66074730@testuser.com" EveningFaxNo="" EveningPhone="" FirstName="test" JobTitle="" LastName="test" MiddleName="" MobilePhone="(+57) 1111111111" OtherPhone="" PersonID="" PersonInfoKey="2021112515060161885970" State="Bogota" Suffix="" Title="" ZipCode=""/>
  <PersonInfoBillTo AddressLine1="Carrera 70 # 99-8" AddressLine2="" AddressLine3="" AddressLine4="Bogota" AddressLine5="" AddressLine6="" AlternateEmailID="" Beeper="" City="Bogota" Company="" Country="CO" DayFaxNo="" DayPhone="(+57) 1111111111" Department="" EMailID="test_user_66074730@testuser.com" EveningFaxNo="" EveningPhone="" FirstName="test" JobTitle="" LastName="test" MiddleName="" MobilePhone="" OtherPhone="" PersonID="" PersonInfoKey="2021112515060161885971" State="Bogota" Suffix="" Title="" ZipCode=""/>
  <AdditionalAddresses NumberOfAdditionalAddresses="0"/>
  <References/>
  <PaymentMethods>
    <PaymentMethod CheckNo="" CheckReference="" CreditCardExpDate="20251101" CreditCardName="Luis Gino Beltran" CreditCardNo="371180" CreditCardType="AMEX" CustomerPONo="" DisplayCreditCardNo="7522" DisplayCustomerAccountNo="" DisplayPaymentReference1="" DisplaySvcNo="" FundsAvailable="0.00" GetFundsAvailableUserExitInvoked="N" PaymentReference1="" PaymentReference2="MPAGO_CREDIT" PaymentReference3="1023936477" PaymentType="CREDIT_CARD"/>
  </PaymentMethods>
  <ChargeTransactionDetails AdditionalExpectedAuthorizations="0.00" TotalCredits="35970.00" TotalDebits="0.00" TotalOpenAuthorizations="0.00" TotalOpenBookings="38960.00" TotalTransferredIn="0.00" TotalTransferredOut="0.00">
    <ChargeTransactionDetail AuditTransactionID="" AuthorizationExpirationDate="2022-01-19T08:00:52+00:00" AuthorizationID="" BookAmount="0.00" ChargeTransactionKey="2022011908005268173354" ChargeType="CHARGE" CollectionDate="2022-01-19T08:00:52+00:00" CreditAmount="35970.00" DebitAmount="0.00" DistributedAmount="0.00" HoldAgainstBook="Y" OpenAuthorizedAmount="0.00" OrderHeaderKey="2022011908005268173351" OrderInvoiceKey="" PaymentKey="202201190891005268173353" RequestAmount="35970.00" SettledAmount="0.00" Status="CLOSED" TransactionDate="2022-01-19T08:00:52+00:00" TransferFromOhKey="" TransferToOhKey="" UserExitStatus="">
      <InvoiceCollectionDetails/>
      <CreditCardTransactions>
        <CreditCardTransaction AuthAmount="35970.00" AuthAvs="" AuthCode="1234546089" AuthReturnCode="" AuthReturnFlag="" AuthReturnMessage="" AuthTime="2022-01-19T08:00:52+00:00" CVVAuthCode="" ChargeTransactionKey="2022011908005268173354" CreditCardTransactionKey="202201190801005268173355" InternalReturnCode="" InternalReturnFlag="" InternalReturnMessage="" ParentKey="" Reference1="" Reference2="" RequestId="" TranAmount="35970.00" TranRequestTime="2022-01-19T08:00:52+00:00" TranReturnCode="" TranReturnFlag="" TranReturnMessage="" TranType="CHARGE"/>
      </CreditCardTransactions>
      <TransferToOrder/>
      <TransferFromOrder/>
    </ChargeTransactionDetail>
    <ChargeTransactionDetail AuditTransactionID="" AuthorizationExpirationDate="2022-01-19T08:00:52+00:00" AuthorizationID="" BookAmount="38960.00" ChargeTransactionKey="2022011908005268173360" ChargeType="CREATE_ORDER" CollectionDate="2022-01-19T08:00:52+00:00" CreditAmount="0.00" DebitAmount="0.00" DistributedAmount="0.00" HoldAgainstBook="" OpenAuthorizedAmount="0.00" OrderHeaderKey="2022011908005268173351" OrderInvoiceKey="" PaymentKey="" RequestAmount="0.00" SettledAmount="0.00" Status="OPEN" TransactionDate="2022-01-19T08:00:52+00:00" TransferFromOhKey="" TransferToOhKey="" UserExitStatus="">
      <InvoiceCollectionDetails/>
      <CreditCardTransactions/>
      <TransferToOrder/>
      <TransferFromOrder/>
    </ChargeTransactionDetail>
  </ChargeTransactionDetails>
  <ProductServiceAssocs/>
  <OverallTotals GrandCharges="2990.00" GrandDiscount="0.00" GrandTax="0.00" GrandTotal="38960.00" HdrCharges="2990.00" HdrDiscount="0.00" HdrTax="0.00" HdrTotal="2990.00" LineSubTotal="35970.00"/>
  <InvoicedTotals GrandCharges="0.00" GrandDiscount="0.00" GrandTax="0.00" GrandTotal="0.00" HdrCharges="0.00" HdrDiscount="0.00" HdrTax="0.00" HdrTotal="0.00" LineSubTotal="0.00"/>
  <RemainingTotals GrandCharges="2990.00" GrandDiscount="0.00" GrandTax="0.00" GrandTotal="38960.00" HdrCharges="2990.00" HdrDiscount="0.00" HdrTax="0.00" HdrTotal="2990.00" LineSubTotal="35970.00"/>
  <HeaderCharges>
    <HeaderCharge ChargeAmount="2990.00" ChargeCategory="SHIPPING" ChargeName="SHIPPING_CHARGE" ChargeNameKey="20200210110952508937952" InvoicedChargeAmount="0.00" IsBillable="Y" IsDiscount="N" Reference="" RemainingChargeAmount="2990.00"/>
  </HeaderCharges>
  <HeaderTaxes>
    <HeaderTax ChargeCategory="TAX" ChargeName="SHIPPING_TAX" ChargeNameKey="20200210111104508945910" InvoicedTax="0.00" Reference_1="" Reference_2="" Reference_3="" RemainingTax="477.00" Tax="477.00" TaxName="SHIPPING_TAX" TaxPercentage="0.00" TaxableFlag="Y"/>
    <TaxSummary>
      <TaxSummaryDetail InvoicedTax="0.00" OverallTax="477.00" RemainingTax="477.00" TaxName="SHIPPING_TAX"/>
    </TaxSummary>
  </HeaderTaxes>
  <OrderStatuses>
    <OrderStatus OrderHeaderKey="2022011908005268173351" OrderLineKey="2022011908005268173352" OrderLineScheduleKey="202201190854005668173402" OrderReleaseKey="2022011908005668173401" OrderReleaseStatusKey="202201190887005668173403" PipelineKey="202004200551401016291479" ShipNode="457" Status="3200" StatusDate="2022-01-19T08:00:56+00:00" StatusDescription="Released to store" StatusQty="3" TotalQuantity="3">
      <Details ExpectedDeliveryDate="2022-01-19T08:00:56+00:00" ExpectedShipmentDate="2022-01-19T08:00:56+00:00" TagNumber=""/>
    </OrderStatus>
  </OrderStatuses>
  <ExchangeOrders/>
</Order>

[INFO]-[2022-01-19 13:30:57.480]-[TestNG-test=OMS-3]-[requestCreationInOMS]-[RequestHelper.java:140]-Pre-condition for Test: getOrderDetails
[INFO]-[2022-01-19 13:30:57.483]-[TestNG-test=OMS-3]-[sendAPIRequest]-[RestAssuredRequest.java:20]-Calling POST request with end point : https://localhost:9443/smcfs/restapi/invoke/getOrderDetails
io.restassured.internal.RequestSpecificationImpl@7a15cff5
io.restassured.internal.RestAssuredResponseImpl@66f33368
[INFO]-[2022-01-19 13:30:58.346]-[TestNG-test=OMS-3]-[logRequestResponse]-[RequestPayload.java:171]-API Request sent : 
[INFO]-[2022-01-19 13:30:58.347]-[TestNG-test=OMS-3]-[logRequestResponse]-[RequestPayload.java:172]-Request method:	POST
Request URI:	https://localhost:9443/smcfs/restapi/invoke/getOrderDetails
Proxy:			<none>
Request params:	<none>
Query params:	<none>
Form params:	<none>
Path params:	<none>
Headers:		Accept=application/xml
				Authorization=Basic YWRtaW46cGFzc3dvcmQ=
				Content-Type=application/xml
Cookies:		<none>
Multiparts:		<none>
Body:
<Order DocumentType="0001" EnterpriseCode="FCVColombia" OrderHeaderKey="" OrderNo="COCC89508680"/>

[INFO]-[2022-01-19 13:30:58.348]-[TestNG-test=OMS-3]-[logRequestResponse]-[RequestPayload.java:174]-API Response received : 
[INFO]-[2022-01-19 13:30:58.348]-[TestNG-test=OMS-3]-[logRequestResponse]-[RequestPayload.java:175]-HTTP/1.1 200 OK
X-FRAME-OPTIONS: SAMEORIGIN
X-UA-Compatible: IE=EmulateIE8
Access-Control-Max-Age: 3600
Access-Control-Allow-Credentials: true
Access-Control-Allow-Origin: *
Content-Type: application/xml; charset=UTF-8
Content-Encoding: gzip
Content-Language: en-US
Content-Length: 3982
Date: Wed, 19 Jan 2022 08:00:58 GMT

<Order AllocationRuleID="DIF_SCH" AuthorizationExpirationDate="2022-01-19T08:00:52+00:00" BillToID="00198505" BuyerOrganizationCode="FCV.CO" CarrierAccountNo="" CarrierServiceCode="" ChainType="" ChargeActualFreightFlag="N" CustCustPONo="" CustomerEMailID="tremere27@gmail.com" CustomerPONo="" DeliveryCode="" Division="" DocumentType="0001" DraftOrderFlag="N" EnteredBy="00198505" EnterpriseCode="FCVColombia" EntryType="CustomerOnWeb" FreightTerms="" HasDeliveryLines="N" HasProductLines="Y" HasServiceLines="N" HoldFlag="N" HoldReasonCode="" MaxOrderStatus="3200" MaxOrderStatusDesc="Released to store" MinOrderStatus="3200" MinOrderStatusDesc="Released to store" NotifyAfterShipmentFlag="N" OrderDate="2022-01-19T08:00:52+00:00" OrderHeaderKey="2022011908005268173351" OrderName="" OrderNo="COCC89508680" OrderType="PICK" OriginalTax="0.00" OriginalTotalAmount="38960.00" OtherCharges="2990.00" PaymentStatus="PAID" PendingTransferIn="0.00" PersonalizeCode="" PriorityCode="" PriorityNumber="0" Purpose="" ReturnByGiftRecipient="" SCAC="" ScacAndService="" ScacAndServiceKey="" SearchCriteria1="" SearchCriteria2="" SellerOrganizationCode="FCV.CO" ShipToID="00198505" Status="Released to store" TaxExemptFlag="N" TaxExemptionCertificate="" TaxJurisdiction="" TaxPayerId="" TermsCode="" TotalAdjustmentAmount="0.00" isHistory="N">
  <AllowedModifications>
    <Modification ModificationType="REMOVE_PROMOTION" ThroughOverride="Y"/>
    <Modification ModificationType="ORDER_NAME" ThroughOverride="Y"/>
    <Modification ModificationType="CONTACT_INFO" ThroughOverride="Y"/>
    <Modification ModificationType="CHANGE_ITERATION" ThroughOverride="Y"/>
    <Modification ModificationType="BILLTO" ThroughOverride="Y"/>
    <Modification ModificationType="TAX" ThroughOverride="Y"/>
    <Modification ModificationType="CHANGE_PROMOTION" ThroughOverride="Y"/>
    <Modification ModificationType="FREIGHT_TERMS" ThroughOverride="Y"/>
    <Modification ModificationType="ADD_NOTE" ThroughOverride="Y"/>
    <Modification ModificationType="CHANGE_STATUS" ThroughOverride="Y"/>
    <Modification ModificationType="ADD_LINE" ThroughOverride="Y"/>
    <Modification ModificationType="CARRIER" ThroughOverride="Y"/>
    <Modification ModificationType="ADDITIONADDR" ThroughOverride="Y"/>
    <Modification ModificationType="SOLDTO" ThroughOverride="Y"/>
    <Modification ModificationType="REQ_SHIP_DATE" ThroughOverride="Y"/>
    <Modification ModificationType="PAYMENT_STATUS" ThroughOverride="Y"/>
    <Modification ModificationType="ADD_INSTRUCTION" ThroughOverride="Y"/>
    <Modification ModificationType="CHANGE_NOTE" ThroughOverride="Y"/>
    <Modification ModificationType="CARRIER_ACCOUNT_NO" ThroughOverride="Y"/>
    <Modification ModificationType="CHANGE_ORDER_DATE" ThroughOverride="Y"/>
    <Modification ModificationType="REMOVE_NOTE" ThroughOverride="Y"/>
    <Modification ModificationType="CHANGE_SCHEDULE" ThroughOverride="Y"/>
    <Modification ModificationType="HOLD" ThroughOverride="N"/>
    <Modification ModificationType="SPECIAL_SERVICE" ThroughOverride="Y"/>
    <Modification ModificationType="RULE_ID" ThroughOverride="Y"/>
    <Modification ModificationType="PRICE" ThroughOverride="Y"/>
    <Modification ModificationType="CARRIER_SERVICE_CODE" ThroughOverride="Y"/>
    <Modification ModificationType="PAYMENT_METHOD" ThroughOverride="Y"/>
    <Modification ModificationType="CHANGE_CUSTOM_ATTRIBUTES" ThroughOverride="Y"/>
    <Modification ModificationType="RELEASE" ThroughOverride="Y"/>
    <Modification ModificationType="SHIP_NODE" ThroughOverride="Y"/>
    <Modification ModificationType="ANSWER_SET" ThroughOverride="Y"/>
    <Modification ModificationType="MARKFOR" ThroughOverride="Y"/>
    <Modification ModificationType="RECEIVING_NODE" ThroughOverride="Y"/>
    <Modification ModificationType="SHORT" ThroughOverride="N"/>
    <Modification ModificationType="BUYER_USER_ID" ThroughOverride="Y"/>
    <Modification ModificationType="OTHERS" ThroughOverride="N"/>
    <Modification ModificationType="DELIVERY_CODE" ThroughOverride="Y"/>
    <Modification ModificationType="LEVEL_OF_SERVICE" ThroughOverride="Y"/>
    <Modification ModificationType="CANCEL" ThroughOverride="N"/>
    <Modification ModificationType="UNSCHEDULE" ThroughOverride="Y"/>
    <Modification ModificationType="CHANGE_INSTRUCTION" ThroughOverride="Y"/>
    <Modification ModificationType="HOLD_TYPE" ThroughOverride="N"/>
    <Modification ModificationType="REFERENCES" ThroughOverride="Y"/>
  </AllowedModifications>
  <PriceInfo Currency="COP" EnterpriseCurrency="COP" ReportingConversionDate="2022-01-19T08:00:52+00:00" ReportingConversionRate="1.00" TotalAmount="38960.00"/>
  <OrderLines>
    <OrderLine AllocationDate="2021-11-03" ApptStatus="" AwaitingDeliveryRequest="N" CanAddServiceLines="N" CarrierAccountNo="" CarrierServiceCode="" CustomerLinePONo="" CustomerPONo="" DeliveryCode="" DeliveryMethod="PICK" DepartmentCode="" FreightTerms="" FulfillmentType="" HasDeliveryLines="N" HasServiceLines="N" HoldFlag="N" HoldReasonCode="" ImportLicenseNo="" InvoicedQty="0" IsBundleParent="N" ItemGroupCode="PROD" KitCode="" LineSeqNo="1.1" LineType="CnC" MaxLineStatus="3200" MaxLineStatusDesc="Released to store" MinLineStatus="3200" MinLineStatusDesc="Released to store" OpenQty="3" OrderHeaderKey="2022011908005268173351" OrderLineKey="2022011908005268173352" OrderedQty="3" OriginalOrderedQty="3" OtherCharges="0.00" PackListType="" PersonalizeCode="" PersonalizeFlag="" PickableFlag="Y" PrimeLineNo="1" Purpose="" RemainingQty="3" ReqShipDate="2021-11-03T13:31:37+00:00" ReservationID="" ReservationPool="" SCAC="" ScacAndService="" ScacAndServiceKey="" Segment="" SegmentType="" SerialNo="" ShipNode="457" ShipToID="00198505" ShipTogetherNo="" SplitQty="0" Status="Released to store" StatusQuantity="3" SubLineNo="1" SubstituteItemID="" SubstituteItemUOM="" isHistory="N">
      <Item CostCurrency="COP" CountryOfOrigin="" CustomerItem="383949" CustomerItemDesc="Gaviscon (5+2.67+1.6)% Suspension Oral Frasco X 300mL Menta" ECCNNo="" HarmonizedCode="" ISBN="" ItemDesc="Gaviscon (5+2.67+1.6)% Suspension Oral Frasco X 300mL Menta" ItemID="383949" ItemShortDesc="Stevia Endulzante Natural X 200 Ta Caja X 200" ItemWeight="0.00" ItemWeightUOM="LBS" ManufacturerItem="" ManufacturerItemDesc="" ManufacturerName="RB HEALTH COLOMBIA SAS" NMFCClass="" NMFCCode="" NMFCDescription="" ProductClass="REGULAR" ProductLine="" ScheduleBCode="" SupplierItem="" SupplierItemDesc="" TaxProductCode="" UPCCode="" UnitCost="11990.00" UnitOfMeasure="EACH"/>
      <LinePriceInfo ActualPricingQty="3" DiscountPercentage="0.00" InvoicedPricingQty="0" IsPriceLocked="Y" LineTotal="35970.00" ListPrice="11990.00" OrderedPricingQty="3" PricingQtyConversionFactor="0" PricingUOM="EACH" RetailPrice="0.00" SettledAmount="0.00" SettledQuantity="0" TaxableFlag="N" UnitPrice="11990.00"/>
      <OrderLineOptions/>
      <WorkOrders NumberOfWorkOrders="0"/>
      <PersonInfoShipTo AddressLine1="Carrera 70 # 99-8" AddressLine2="" AddressLine3="" AddressLine4="Bogota" AddressLine5="" AddressLine6="" AlternateEmailID="" Beeper="" City="Bogota" Company="" Country="CO" DayFaxNo="" DayPhone="(+57) 1111111111" Department="" EMailID="test_user_66074730@testuser.com" EveningFaxNo="" EveningPhone="" FirstName="test" JobTitle="" LastName="test" MiddleName="" MobilePhone="(+57) 1111111111" OtherPhone="" PersonID="" PersonInfoKey="2021112515060161885970" State="Bogota" Suffix="" Title="" ZipCode=""/>
      <Instructions NumberOfInstructions="0"/>
      <References/>
      <KitLines NumberOfKitLines="0"/>
      <ProductItems/>
      <AdditionalAddresses NumberOfAdditionalAddresses="0"/>
      <Notes NumberOfNotes="0"/>
      <ServiceAssociations/>
      <ProductAssociations/>
      <DeliveryAssociations/>
      <Schedules>
        <Schedule ExpectedDeliveryDate="2022-01-19T08:00:56+00:00" ExpectedShipmentDate="2022-01-19T08:00:56+00:00" OrderHeaderKey="2022011908005268173351" OrderLineKey="2022011908005268173352" OrderLineScheduleKey="202201190854005668173402" Quantity="3" ScheduleNo="3" TagNumber=""/>
      </Schedules>
      <LineOverallTotals Charges="0.00" Discount="0.00" ExtendedPrice="35970.00" LineTotal="35970.00" OptionPrice="0.00" PricingQty="3.00" Tax="0.00" UnitPrice="11990.00"/>
      <LineInvoicedTotals AdditionalLinePriceTotal="0.00" Charges="0.00" Discount="0.00" ExtendedPrice="0.00" LineTotal="0.00" OptionPrice="0.00" PricingQty="0.00" Tax="0.00" UnitPrice="0.00"/>
      <LineRemainingTotals AdditionalLinePriceTotal="0.00" Charges="0.00" Discount="0.00" ExtendedPrice="35970.00" LineTotal="35970.00" OptionPrice="0.00" PricingQty="3.00" Tax="0.00" UnitPrice="11990.00"/>
      <LineCharges/>
      <LineTaxes>
        <LineTax ChargeCategory="TAX" ChargeName="SALES_TAX" ChargeNameKey="20200210111055508944842" InvoicedTax="0.00" Reference_1="" Reference_2="" Reference_3="" RemainingTax="1914.00" Tax="1914.00" TaxName="SalesTax" TaxPercentage="0.00"/>
        <TaxSummary>
          <TaxSummaryDetail InvoicedTax="0.00" OverallTax="1914.00" RemainingTax="1914.00" TaxName="SalesTax"/>
        </TaxSummary>
      </LineTaxes>
      <OrderStatuses>
        <OrderStatus OrderHeaderKey="2022011908005268173351" OrderLineKey="2022011908005268173352" OrderLineScheduleKey="202201190854005668173402" OrderReleaseKey="2022011908005668173401" OrderReleaseStatusKey="202201190887005668173403" PipelineKey="202004200551401016291479" ShipNode="457" Status="3200" StatusDate="2022-01-19T08:00:56+00:00" StatusDescription="Released to store" StatusQty="3" TotalQuantity="3">
          <Details ExpectedDeliveryDate="2022-01-19T08:00:56+00:00" ExpectedShipmentDate="2022-01-19T08:00:56+00:00" TagNumber="">
            <KitDetails/>
          </Details>
        </OrderStatus>
      </OrderStatuses>
      <CapacityAllocations/>
    </OrderLine>
  </OrderLines>
  <Instructions NumberOfInstructions="0"/>
  <PersonInfoShipTo AddressLine1="Carrera 70 # 99-8" AddressLine2="" AddressLine3="" AddressLine4="Bogota" AddressLine5="" AddressLine6="" AlternateEmailID="" Beeper="" City="Bogota" Company="" Country="CO" DayFaxNo="" DayPhone="(+57) 1111111111" Department="" EMailID="test_user_66074730@testuser.com" EveningFaxNo="" EveningPhone="" FirstName="test" JobTitle="" LastName="test" MiddleName="" MobilePhone="(+57) 1111111111" OtherPhone="" PersonID="" PersonInfoKey="2021112515060161885970" State="Bogota" Suffix="" Title="" ZipCode=""/>
  <PersonInfoBillTo AddressLine1="Carrera 70 # 99-8" AddressLine2="" AddressLine3="" AddressLine4="Bogota" AddressLine5="" AddressLine6="" AlternateEmailID="" Beeper="" City="Bogota" Company="" Country="CO" DayFaxNo="" DayPhone="(+57) 1111111111" Department="" EMailID="test_user_66074730@testuser.com" EveningFaxNo="" EveningPhone="" FirstName="test" JobTitle="" LastName="test" MiddleName="" MobilePhone="" OtherPhone="" PersonID="" PersonInfoKey="2021112515060161885971" State="Bogota" Suffix="" Title="" ZipCode=""/>
  <AdditionalAddresses NumberOfAdditionalAddresses="0"/>
  <References/>
  <PaymentMethods>
    <PaymentMethod CheckNo="" CheckReference="" CreditCardExpDate="20251101" CreditCardName="Luis Gino Beltran" CreditCardNo="371180" CreditCardType="AMEX" CustomerPONo="" DisplayCreditCardNo="7522" DisplayCustomerAccountNo="" DisplayPaymentReference1="" DisplaySvcNo="" FundsAvailable="0.00" GetFundsAvailableUserExitInvoked="N" PaymentReference1="" PaymentReference2="MPAGO_CREDIT" PaymentReference3="1023936477" PaymentType="CREDIT_CARD"/>
  </PaymentMethods>
  <ChargeTransactionDetails AdditionalExpectedAuthorizations="0.00" TotalCredits="35970.00" TotalDebits="0.00" TotalOpenAuthorizations="0.00" TotalOpenBookings="38960.00" TotalTransferredIn="0.00" TotalTransferredOut="0.00">
    <ChargeTransactionDetail AuditTransactionID="" AuthorizationExpirationDate="2022-01-19T08:00:52+00:00" AuthorizationID="" BookAmount="0.00" ChargeTransactionKey="2022011908005268173354" ChargeType="CHARGE" CollectionDate="2022-01-19T08:00:52+00:00" CreditAmount="35970.00" DebitAmount="0.00" DistributedAmount="0.00" HoldAgainstBook="Y" OpenAuthorizedAmount="0.00" OrderHeaderKey="2022011908005268173351" OrderInvoiceKey="" PaymentKey="202201190891005268173353" RequestAmount="35970.00" SettledAmount="0.00" Status="CLOSED" TransactionDate="2022-01-19T08:00:52+00:00" TransferFromOhKey="" TransferToOhKey="" UserExitStatus="">
      <InvoiceCollectionDetails/>
      <CreditCardTransactions>
        <CreditCardTransaction AuthAmount="35970.00" AuthAvs="" AuthCode="1234546089" AuthReturnCode="" AuthReturnFlag="" AuthReturnMessage="" AuthTime="2022-01-19T08:00:52+00:00" CVVAuthCode="" ChargeTransactionKey="2022011908005268173354" CreditCardTransactionKey="202201190801005268173355" InternalReturnCode="" InternalReturnFlag="" InternalReturnMessage="" ParentKey="" Reference1="" Reference2="" RequestId="" TranAmount="35970.00" TranRequestTime="2022-01-19T08:00:52+00:00" TranReturnCode="" TranReturnFlag="" TranReturnMessage="" TranType="CHARGE"/>
      </CreditCardTransactions>
      <TransferToOrder/>
      <TransferFromOrder/>
    </ChargeTransactionDetail>
    <ChargeTransactionDetail AuditTransactionID="" AuthorizationExpirationDate="2022-01-19T08:00:52+00:00" AuthorizationID="" BookAmount="38960.00" ChargeTransactionKey="2022011908005268173360" ChargeType="CREATE_ORDER" CollectionDate="2022-01-19T08:00:52+00:00" CreditAmount="0.00" DebitAmount="0.00" DistributedAmount="0.00" HoldAgainstBook="" OpenAuthorizedAmount="0.00" OrderHeaderKey="2022011908005268173351" OrderInvoiceKey="" PaymentKey="" RequestAmount="0.00" SettledAmount="0.00" Status="OPEN" TransactionDate="2022-01-19T08:00:52+00:00" TransferFromOhKey="" TransferToOhKey="" UserExitStatus="">
      <InvoiceCollectionDetails/>
      <CreditCardTransactions/>
      <TransferToOrder/>
      <TransferFromOrder/>
    </ChargeTransactionDetail>
  </ChargeTransactionDetails>
  <ProductServiceAssocs/>
  <OverallTotals GrandCharges="2990.00" GrandDiscount="0.00" GrandTax="0.00" GrandTotal="38960.00" HdrCharges="2990.00" HdrDiscount="0.00" HdrTax="0.00" HdrTotal="2990.00" LineSubTotal="35970.00"/>
  <InvoicedTotals GrandCharges="0.00" GrandDiscount="0.00" GrandTax="0.00" GrandTotal="0.00" HdrCharges="0.00" HdrDiscount="0.00" HdrTax="0.00" HdrTotal="0.00" LineSubTotal="0.00"/>
  <RemainingTotals GrandCharges="2990.00" GrandDiscount="0.00" GrandTax="0.00" GrandTotal="38960.00" HdrCharges="2990.00" HdrDiscount="0.00" HdrTax="0.00" HdrTotal="2990.00" LineSubTotal="35970.00"/>
  <HeaderCharges>
    <HeaderCharge ChargeAmount="2990.00" ChargeCategory="SHIPPING" ChargeName="SHIPPING_CHARGE" ChargeNameKey="20200210110952508937952" InvoicedChargeAmount="0.00" IsBillable="Y" IsDiscount="N" Reference="" RemainingChargeAmount="2990.00"/>
  </HeaderCharges>
  <HeaderTaxes>
    <HeaderTax ChargeCategory="TAX" ChargeName="SHIPPING_TAX" ChargeNameKey="20200210111104508945910" InvoicedTax="0.00" Reference_1="" Reference_2="" Reference_3="" RemainingTax="477.00" Tax="477.00" TaxName="SHIPPING_TAX" TaxPercentage="0.00" TaxableFlag="Y"/>
    <TaxSummary>
      <TaxSummaryDetail InvoicedTax="0.00" OverallTax="477.00" RemainingTax="477.00" TaxName="SHIPPING_TAX"/>
    </TaxSummary>
  </HeaderTaxes>
  <OrderStatuses>
    <OrderStatus OrderHeaderKey="2022011908005268173351" OrderLineKey="2022011908005268173352" OrderLineScheduleKey="202201190854005668173402" OrderReleaseKey="2022011908005668173401" OrderReleaseStatusKey="202201190887005668173403" PipelineKey="202004200551401016291479" ShipNode="457" Status="3200" StatusDate="2022-01-19T08:00:56+00:00" StatusDescription="Released to store" StatusQty="3" TotalQuantity="3">
      <Details ExpectedDeliveryDate="2022-01-19T08:00:56+00:00" ExpectedShipmentDate="2022-01-19T08:00:56+00:00" TagNumber=""/>
    </OrderStatus>
  </OrderStatuses>
  <ExchangeOrders/>
</Order>

[INFO]-[2022-01-19 13:31:08.394]-[TestNG-test=OMS-3]-[requestCreationInOMS]-[RequestHelper.java:140]-Pre-condition for Test: getOrderDetails
[INFO]-[2022-01-19 13:31:08.396]-[TestNG-test=OMS-3]-[sendAPIRequest]-[RestAssuredRequest.java:20]-Calling POST request with end point : https://localhost:9443/smcfs/restapi/invoke/getOrderDetails
io.restassured.internal.RequestSpecificationImpl@1e29681d
io.restassured.internal.RestAssuredResponseImpl@171a6a7b
[INFO]-[2022-01-19 13:31:09.312]-[TestNG-test=OMS-3]-[logRequestResponse]-[RequestPayload.java:171]-API Request sent : 
[INFO]-[2022-01-19 13:31:09.313]-[TestNG-test=OMS-3]-[logRequestResponse]-[RequestPayload.java:172]-Request method:	POST
Request URI:	https://localhost:9443/smcfs/restapi/invoke/getOrderDetails
Proxy:			<none>
Request params:	<none>
Query params:	<none>
Form params:	<none>
Path params:	<none>
Headers:		Accept=application/xml
				Authorization=Basic YWRtaW46cGFzc3dvcmQ=
				Content-Type=application/xml
Cookies:		<none>
Multiparts:		<none>
Body:
<Order DocumentType="0001" EnterpriseCode="FCVColombia" OrderHeaderKey="" OrderNo="COCC89508680"/>

[INFO]-[2022-01-19 13:31:09.315]-[TestNG-test=OMS-3]-[logRequestResponse]-[RequestPayload.java:174]-API Response received : 
[INFO]-[2022-01-19 13:31:09.316]-[TestNG-test=OMS-3]-[logRequestResponse]-[RequestPayload.java:175]-HTTP/1.1 200 OK
X-FRAME-OPTIONS: SAMEORIGIN
X-UA-Compatible: IE=EmulateIE8
Access-Control-Max-Age: 3600
Access-Control-Allow-Credentials: true
Access-Control-Allow-Origin: *
Content-Type: application/xml; charset=UTF-8
Content-Encoding: gzip
Content-Language: en-US
Content-Length: 4004
Date: Wed, 19 Jan 2022 08:01:09 GMT

<Order AllocationRuleID="DIF_SCH" AuthorizationExpirationDate="2022-01-19T08:00:52+00:00" BillToID="00198505" BuyerOrganizationCode="FCV.CO" CarrierAccountNo="" CarrierServiceCode="" ChainType="" ChargeActualFreightFlag="N" CustCustPONo="" CustomerEMailID="tremere27@gmail.com" CustomerPONo="" DeliveryCode="" Division="" DocumentType="0001" DraftOrderFlag="N" EnteredBy="00198505" EnterpriseCode="FCVColombia" EntryType="CustomerOnWeb" FreightTerms="" HasDeliveryLines="N" HasProductLines="Y" HasServiceLines="N" HoldFlag="N" HoldReasonCode="" MaxOrderStatus="3350.1000" MaxOrderStatusDesc="Ready for Backroom pick" MinOrderStatus="3350.1000" MinOrderStatusDesc="Ready for Backroom pick" NotifyAfterShipmentFlag="N" OrderDate="2022-01-19T08:00:52+00:00" OrderHeaderKey="2022011908005268173351" OrderName="" OrderNo="COCC89508680" OrderType="PICK" OriginalTax="0.00" OriginalTotalAmount="38960.00" OtherCharges="2990.00" PaymentStatus="PAID" PendingTransferIn="0.00" PersonalizeCode="" PriorityCode="" PriorityNumber="0" Purpose="" ReturnByGiftRecipient="" SCAC="" ScacAndService="" ScacAndServiceKey="" SearchCriteria1="" SearchCriteria2="" SellerOrganizationCode="FCV.CO" ShipToID="00198505" Status="Ready for Backroom pick" TaxExemptFlag="N" TaxExemptionCertificate="" TaxJurisdiction="" TaxPayerId="" TermsCode="" TotalAdjustmentAmount="0.00" isHistory="N">
  <AllowedModifications>
    <Modification ModificationType="REMOVE_PROMOTION" ThroughOverride="Y"/>
    <Modification ModificationType="ORDER_NAME" ThroughOverride="Y"/>
    <Modification ModificationType="CONTACT_INFO" ThroughOverride="Y"/>
    <Modification ModificationType="CHANGE_ITERATION" ThroughOverride="Y"/>
    <Modification ModificationType="BILLTO" ThroughOverride="Y"/>
    <Modification ModificationType="TAX" ThroughOverride="Y"/>
    <Modification ModificationType="CHANGE_PROMOTION" ThroughOverride="Y"/>
    <Modification ModificationType="FREIGHT_TERMS" ThroughOverride="Y"/>
    <Modification ModificationType="ADD_NOTE" ThroughOverride="N"/>
    <Modification ModificationType="CHANGE_STATUS" ThroughOverride="Y"/>
    <Modification ModificationType="ADD_LINE" ThroughOverride="Y"/>
    <Modification ModificationType="CARRIER" ThroughOverride="Y"/>
    <Modification ModificationType="ADDITIONADDR" ThroughOverride="Y"/>
    <Modification ModificationType="SOLDTO" ThroughOverride="Y"/>
    <Modification ModificationType="REQ_SHIP_DATE" ThroughOverride="Y"/>
    <Modification ModificationType="PAYMENT_STATUS" ThroughOverride="Y"/>
    <Modification ModificationType="ADD_INSTRUCTION" ThroughOverride="Y"/>
    <Modification ModificationType="CHANGE_NOTE" ThroughOverride="Y"/>
    <Modification ModificationType="CARRIER_ACCOUNT_NO" ThroughOverride="Y"/>
    <Modification ModificationType="CHANGE_ORDER_DATE" ThroughOverride="Y"/>
    <Modification ModificationType="REMOVE_NOTE" ThroughOverride="Y"/>
    <Modification ModificationType="HOLD" ThroughOverride="N"/>
    <Modification ModificationType="SPECIAL_SERVICE" ThroughOverride="Y"/>
    <Modification ModificationType="RULE_ID" ThroughOverride="Y"/>
    <Modification ModificationType="PRICE" ThroughOverride="Y"/>
    <Modification ModificationType="CARRIER_SERVICE_CODE" ThroughOverride="Y"/>
    <Modification ModificationType="PAYMENT_METHOD" ThroughOverride="Y"/>
    <Modification ModificationType="CHANGE_CUSTOM_ATTRIBUTES" ThroughOverride="Y"/>
    <Modification ModificationType="RELEASE" ThroughOverride="Y"/>
    <Modification ModificationType="SHIP_NODE" ThroughOverride="Y"/>
    <Modification ModificationType="ANSWER_SET" ThroughOverride="Y"/>
    <Modification ModificationType="MARKFOR" ThroughOverride="Y"/>
    <Modification ModificationType="RECEIVING_NODE" ThroughOverride="Y"/>
    <Modification ModificationType="SHORT" ThroughOverride="Y"/>
    <Modification ModificationType="BUYER_USER_ID" ThroughOverride="Y"/>
    <Modification ModificationType="OTHERS" ThroughOverride="N"/>
    <Modification ModificationType="DELIVERY_CODE" ThroughOverride="Y"/>
    <Modification ModificationType="LEVEL_OF_SERVICE" ThroughOverride="Y"/>
    <Modification ModificationType="CANCEL" ThroughOverride="N"/>
    <Modification ModificationType="UNSCHEDULE" ThroughOverride="Y"/>
    <Modification ModificationType="CHANGE_INSTRUCTION" ThroughOverride="Y"/>
    <Modification ModificationType="HOLD_TYPE" ThroughOverride="N"/>
    <Modification ModificationType="REFERENCES" ThroughOverride="N"/>
  </AllowedModifications>
  <PriceInfo Currency="COP" EnterpriseCurrency="COP" ReportingConversionDate="2022-01-19T08:00:52+00:00" ReportingConversionRate="1.00" TotalAmount="38960.00"/>
  <OrderLines>
    <OrderLine AllocationDate="2021-11-03" ApptStatus="" AwaitingDeliveryRequest="N" CanAddServiceLines="N" CarrierAccountNo="" CarrierServiceCode="" CustomerLinePONo="" CustomerPONo="" DeliveryCode="" DeliveryMethod="PICK" DepartmentCode="" FreightTerms="" FulfillmentType="" HasDeliveryLines="N" HasServiceLines="N" HoldFlag="N" HoldReasonCode="" ImportLicenseNo="" InvoicedQty="0" IsBundleParent="N" ItemGroupCode="PROD" KitCode="" LineSeqNo="1.1" LineType="CnC" MaxLineStatus="3350.1000" MaxLineStatusDesc="Ready for Backroom pick" MinLineStatus="3350.1000" MinLineStatusDesc="Ready for Backroom pick" OpenQty="3" OrderHeaderKey="2022011908005268173351" OrderLineKey="2022011908005268173352" OrderedQty="3" OriginalOrderedQty="3" OtherCharges="0.00" PackListType="" PersonalizeCode="" PersonalizeFlag="" PickableFlag="Y" PrimeLineNo="1" Purpose="" RemainingQty="3" ReqShipDate="2021-11-03T13:31:37+00:00" ReservationID="" ReservationPool="" SCAC="" ScacAndService="" ScacAndServiceKey="" Segment="" SegmentType="" SerialNo="" ShipNode="457" ShipToID="00198505" ShipTogetherNo="" SplitQty="0" Status="Ready for Backroom pick" StatusQuantity="3" SubLineNo="1" SubstituteItemID="" SubstituteItemUOM="" isHistory="N">
      <Item CostCurrency="COP" CountryOfOrigin="" CustomerItem="383949" CustomerItemDesc="Gaviscon (5+2.67+1.6)% Suspension Oral Frasco X 300mL Menta" ECCNNo="" HarmonizedCode="" ISBN="" ItemDesc="Gaviscon (5+2.67+1.6)% Suspension Oral Frasco X 300mL Menta" ItemID="383949" ItemShortDesc="Stevia Endulzante Natural X 200 Ta Caja X 200" ItemWeight="0.00" ItemWeightUOM="LBS" ManufacturerItem="" ManufacturerItemDesc="" ManufacturerName="RB HEALTH COLOMBIA SAS" NMFCClass="" NMFCCode="" NMFCDescription="" ProductClass="REGULAR" ProductLine="" ScheduleBCode="" SupplierItem="" SupplierItemDesc="" TaxProductCode="" UPCCode="" UnitCost="11990.00" UnitOfMeasure="EACH"/>
      <LinePriceInfo ActualPricingQty="3" DiscountPercentage="0.00" InvoicedPricingQty="0" IsPriceLocked="Y" LineTotal="35970.00" ListPrice="11990.00" OrderedPricingQty="3" PricingQtyConversionFactor="0" PricingUOM="EACH" RetailPrice="0.00" SettledAmount="0.00" SettledQuantity="0" TaxableFlag="N" UnitPrice="11990.00"/>
      <OrderLineOptions/>
      <WorkOrders NumberOfWorkOrders="0"/>
      <PersonInfoShipTo AddressLine1="Carrera 70 # 99-8" AddressLine2="" AddressLine3="" AddressLine4="Bogota" AddressLine5="" AddressLine6="" AlternateEmailID="" Beeper="" City="Bogota" Company="" Country="CO" DayFaxNo="" DayPhone="(+57) 1111111111" Department="" EMailID="test_user_66074730@testuser.com" EveningFaxNo="" EveningPhone="" FirstName="test" JobTitle="" LastName="test" MiddleName="" MobilePhone="(+57) 1111111111" OtherPhone="" PersonID="" PersonInfoKey="2021112515060161885970" State="Bogota" Suffix="" Title="" ZipCode=""/>
      <Instructions NumberOfInstructions="0"/>
      <References/>
      <KitLines NumberOfKitLines="0"/>
      <ProductItems/>
      <AdditionalAddresses NumberOfAdditionalAddresses="0"/>
      <Notes NumberOfNotes="0"/>
      <ServiceAssociations/>
      <ProductAssociations/>
      <DeliveryAssociations/>
      <Schedules>
        <Schedule ExpectedDeliveryDate="2022-01-19T08:00:56+00:00" ExpectedShipmentDate="2022-01-19T08:00:56+00:00" OrderHeaderKey="2022011908005268173351" OrderLineKey="2022011908005268173352" OrderLineScheduleKey="202201190854005668173402" Quantity="3" ScheduleNo="3" TagNumber=""/>
      </Schedules>
      <LineOverallTotals Charges="0.00" Discount="0.00" ExtendedPrice="35970.00" LineTotal="35970.00" OptionPrice="0.00" PricingQty="3.00" Tax="0.00" UnitPrice="11990.00"/>
      <LineInvoicedTotals AdditionalLinePriceTotal="0.00" Charges="0.00" Discount="0.00" ExtendedPrice="0.00" LineTotal="0.00" OptionPrice="0.00" PricingQty="0.00" Tax="0.00" UnitPrice="0.00"/>
      <LineRemainingTotals AdditionalLinePriceTotal="0.00" Charges="0.00" Discount="0.00" ExtendedPrice="35970.00" LineTotal="35970.00" OptionPrice="0.00" PricingQty="3.00" Tax="0.00" UnitPrice="11990.00"/>
      <LineCharges/>
      <LineTaxes>
        <LineTax ChargeCategory="TAX" ChargeName="SALES_TAX" ChargeNameKey="20200210111055508944842" InvoicedTax="0.00" Reference_1="" Reference_2="" Reference_3="" RemainingTax="1914.00" Tax="1914.00" TaxName="SalesTax" TaxPercentage="0.00"/>
        <TaxSummary>
          <TaxSummaryDetail InvoicedTax="0.00" OverallTax="1914.00" RemainingTax="1914.00" TaxName="SalesTax"/>
        </TaxSummary>
      </LineTaxes>
      <OrderStatuses>
        <OrderStatus OrderHeaderKey="2022011908005268173351" OrderLineKey="2022011908005268173352" OrderLineScheduleKey="202201190854005668173402" OrderReleaseKey="2022011908005668173401" OrderReleaseStatusKey="202201190890010768173430" PipelineKey="202004200551401016291479" ShipNode="457" Status="3350.1000" StatusDate="2022-01-19T08:01:07+00:00" StatusDescription="Ready for Backroom pick" StatusQty="3" TotalQuantity="3">
          <Details ExpectedDeliveryDate="2022-01-19T08:00:56+00:00" ExpectedShipmentDate="2022-01-19T08:00:56+00:00" TagNumber="">
            <KitDetails/>
          </Details>
        </OrderStatus>
      </OrderStatuses>
      <CapacityAllocations/>
    </OrderLine>
  </OrderLines>
  <Instructions NumberOfInstructions="0"/>
  <PersonInfoShipTo AddressLine1="Carrera 70 # 99-8" AddressLine2="" AddressLine3="" AddressLine4="Bogota" AddressLine5="" AddressLine6="" AlternateEmailID="" Beeper="" City="Bogota" Company="" Country="CO" DayFaxNo="" DayPhone="(+57) 1111111111" Department="" EMailID="test_user_66074730@testuser.com" EveningFaxNo="" EveningPhone="" FirstName="test" JobTitle="" LastName="test" MiddleName="" MobilePhone="(+57) 1111111111" OtherPhone="" PersonID="" PersonInfoKey="2021112515060161885970" State="Bogota" Suffix="" Title="" ZipCode=""/>
  <PersonInfoBillTo AddressLine1="Carrera 70 # 99-8" AddressLine2="" AddressLine3="" AddressLine4="Bogota" AddressLine5="" AddressLine6="" AlternateEmailID="" Beeper="" City="Bogota" Company="" Country="CO" DayFaxNo="" DayPhone="(+57) 1111111111" Department="" EMailID="test_user_66074730@testuser.com" EveningFaxNo="" EveningPhone="" FirstName="test" JobTitle="" LastName="test" MiddleName="" MobilePhone="" OtherPhone="" PersonID="" PersonInfoKey="2021112515060161885971" State="Bogota" Suffix="" Title="" ZipCode=""/>
  <AdditionalAddresses NumberOfAdditionalAddresses="0"/>
  <References/>
  <PaymentMethods>
    <PaymentMethod CheckNo="" CheckReference="" CreditCardExpDate="20251101" CreditCardName="Luis Gino Beltran" CreditCardNo="371180" CreditCardType="AMEX" CustomerPONo="" DisplayCreditCardNo="7522" DisplayCustomerAccountNo="" DisplayPaymentReference1="" DisplaySvcNo="" FundsAvailable="0.00" GetFundsAvailableUserExitInvoked="N" PaymentReference1="" PaymentReference2="MPAGO_CREDIT" PaymentReference3="1023936477" PaymentType="CREDIT_CARD"/>
  </PaymentMethods>
  <ChargeTransactionDetails AdditionalExpectedAuthorizations="0.00" TotalCredits="35970.00" TotalDebits="0.00" TotalOpenAuthorizations="0.00" TotalOpenBookings="38960.00" TotalTransferredIn="0.00" TotalTransferredOut="0.00">
    <ChargeTransactionDetail AuditTransactionID="" AuthorizationExpirationDate="2022-01-19T08:00:52+00:00" AuthorizationID="" BookAmount="0.00" ChargeTransactionKey="2022011908005268173354" ChargeType="CHARGE" CollectionDate="2022-01-19T08:00:52+00:00" CreditAmount="35970.00" DebitAmount="0.00" DistributedAmount="0.00" HoldAgainstBook="Y" OpenAuthorizedAmount="0.00" OrderHeaderKey="2022011908005268173351" OrderInvoiceKey="" PaymentKey="202201190891005268173353" RequestAmount="35970.00" SettledAmount="0.00" Status="CLOSED" TransactionDate="2022-01-19T08:00:52+00:00" TransferFromOhKey="" TransferToOhKey="" UserExitStatus="">
      <InvoiceCollectionDetails/>
      <CreditCardTransactions>
        <CreditCardTransaction AuthAmount="35970.00" AuthAvs="" AuthCode="1234546089" AuthReturnCode="" AuthReturnFlag="" AuthReturnMessage="" AuthTime="2022-01-19T08:00:52+00:00" CVVAuthCode="" ChargeTransactionKey="2022011908005268173354" CreditCardTransactionKey="202201190801005268173355" InternalReturnCode="" InternalReturnFlag="" InternalReturnMessage="" ParentKey="" Reference1="" Reference2="" RequestId="" TranAmount="35970.00" TranRequestTime="2022-01-19T08:00:52+00:00" TranReturnCode="" TranReturnFlag="" TranReturnMessage="" TranType="CHARGE"/>
      </CreditCardTransactions>
      <TransferToOrder/>
      <TransferFromOrder/>
    </ChargeTransactionDetail>
    <ChargeTransactionDetail AuditTransactionID="" AuthorizationExpirationDate="2022-01-19T08:00:52+00:00" AuthorizationID="" BookAmount="38960.00" ChargeTransactionKey="2022011908005268173360" ChargeType="CREATE_ORDER" CollectionDate="2022-01-19T08:00:52+00:00" CreditAmount="0.00" DebitAmount="0.00" DistributedAmount="0.00" HoldAgainstBook="" OpenAuthorizedAmount="0.00" OrderHeaderKey="2022011908005268173351" OrderInvoiceKey="" PaymentKey="" RequestAmount="0.00" SettledAmount="0.00" Status="OPEN" TransactionDate="2022-01-19T08:00:52+00:00" TransferFromOhKey="" TransferToOhKey="" UserExitStatus="">
      <InvoiceCollectionDetails/>
      <CreditCardTransactions/>
      <TransferToOrder/>
      <TransferFromOrder/>
    </ChargeTransactionDetail>
  </ChargeTransactionDetails>
  <ProductServiceAssocs/>
  <OverallTotals GrandCharges="2990.00" GrandDiscount="0.00" GrandTax="0.00" GrandTotal="38960.00" HdrCharges="2990.00" HdrDiscount="0.00" HdrTax="0.00" HdrTotal="2990.00" LineSubTotal="35970.00"/>
  <InvoicedTotals GrandCharges="0.00" GrandDiscount="0.00" GrandTax="0.00" GrandTotal="0.00" HdrCharges="0.00" HdrDiscount="0.00" HdrTax="0.00" HdrTotal="0.00" LineSubTotal="0.00"/>
  <RemainingTotals GrandCharges="2990.00" GrandDiscount="0.00" GrandTax="0.00" GrandTotal="38960.00" HdrCharges="2990.00" HdrDiscount="0.00" HdrTax="0.00" HdrTotal="2990.00" LineSubTotal="35970.00"/>
  <HeaderCharges>
    <HeaderCharge ChargeAmount="2990.00" ChargeCategory="SHIPPING" ChargeName="SHIPPING_CHARGE" ChargeNameKey="20200210110952508937952" InvoicedChargeAmount="0.00" IsBillable="Y" IsDiscount="N" Reference="" RemainingChargeAmount="2990.00"/>
  </HeaderCharges>
  <HeaderTaxes>
    <HeaderTax ChargeCategory="TAX" ChargeName="SHIPPING_TAX" ChargeNameKey="20200210111104508945910" InvoicedTax="0.00" Reference_1="" Reference_2="" Reference_3="" RemainingTax="477.00" Tax="477.00" TaxName="SHIPPING_TAX" TaxPercentage="0.00" TaxableFlag="Y"/>
    <TaxSummary>
      <TaxSummaryDetail InvoicedTax="0.00" OverallTax="477.00" RemainingTax="477.00" TaxName="SHIPPING_TAX"/>
    </TaxSummary>
  </HeaderTaxes>
  <OrderStatuses>
    <OrderStatus OrderHeaderKey="2022011908005268173351" OrderLineKey="2022011908005268173352" OrderLineScheduleKey="202201190854005668173402" OrderReleaseKey="2022011908005668173401" OrderReleaseStatusKey="202201190890010768173430" PipelineKey="202004200551401016291479" ShipNode="457" Status="3350.1000" StatusDate="2022-01-19T08:01:07+00:00" StatusDescription="Ready for Backroom pick" StatusQty="3" TotalQuantity="3">
      <Details ExpectedDeliveryDate="2022-01-19T08:00:56+00:00" ExpectedShipmentDate="2022-01-19T08:00:56+00:00" TagNumber=""/>
    </OrderStatus>
  </OrderStatuses>
  <ExchangeOrders/>
</Order>

<?xml version="1.0" encoding="UTF-8"?><Order OrderHeaderKey="2022011908005268173351"/>
[INFO]-[2022-01-19 13:31:09.361]-[TestNG-test=OMS-3]-[requestCreationInOMS]-[RequestHelper.java:221]-Pre-condition for Test: getOrderReleaseList
[INFO]-[2022-01-19 13:31:09.363]-[TestNG-test=OMS-3]-[sendAPIRequest]-[RestAssuredRequest.java:20]-Calling POST request with end point : https://localhost:9443/smcfs/restapi/executeFlow/DifarmaGetShipmentListForOrder
io.restassured.internal.RequestSpecificationImpl@3dee854a
io.restassured.internal.RestAssuredResponseImpl@55a25dd5
[INFO]-[2022-01-19 13:31:10.185]-[TestNG-test=OMS-3]-[logRequestResponse]-[RequestPayload.java:171]-API Request sent : 
[INFO]-[2022-01-19 13:31:10.186]-[TestNG-test=OMS-3]-[logRequestResponse]-[RequestPayload.java:172]-Request method:	POST
Request URI:	https://localhost:9443/smcfs/restapi/executeFlow/DifarmaGetShipmentListForOrder
Proxy:			<none>
Request params:	<none>
Query params:	<none>
Form params:	<none>
Path params:	<none>
Headers:		Accept=application/xml
				Authorization=Basic YWRtaW46cGFzc3dvcmQ=
				Content-Type=application/xml
Cookies:		<none>
Multiparts:		<none>
Body:
<Order OrderHeaderKey="2022011908005268173351"/>

[INFO]-[2022-01-19 13:31:10.186]-[TestNG-test=OMS-3]-[logRequestResponse]-[RequestPayload.java:174]-API Response received : 
[INFO]-[2022-01-19 13:31:10.187]-[TestNG-test=OMS-3]-[logRequestResponse]-[RequestPayload.java:175]-HTTP/1.1 200 OK
X-FRAME-OPTIONS: SAMEORIGIN
X-UA-Compatible: IE=EmulateIE8
Access-Control-Max-Age: 3600
Access-Control-Allow-Credentials: true
Access-Control-Allow-Origin: *
Content-Type: application/xml; charset=UTF-8
Content-Encoding: gzip
Content-Language: en-US
Content-Length: 202
Date: Wed, 19 Jan 2022 08:01:09 GMT

<ShipmentList>
  <Shipment DeliveryMethod="PICK" DocumentType="0001" EnterpriseCode="FCVColombia" ShipNode="457" ShipmentKey="2022011908010668173423" Status="1100.70.06.10"/>
</ShipmentList>

[INFO]-[2022-01-19 13:31:10.230]-[TestNG-test=OMS-3]-[requestCreationInOMS]-[RequestHelper.java:211]-Pre-condition for Test: getOrderReleaseList
[INFO]-[2022-01-19 13:31:10.233]-[TestNG-test=OMS-3]-[sendAPIRequest]-[RestAssuredRequest.java:20]-Calling POST request with end point : https://localhost:9443/smcfs/restapi/executeFlow/DifarmaGetShipmentList
io.restassured.internal.RequestSpecificationImpl@65acc316
io.restassured.internal.RestAssuredResponseImpl@3c6970b4
[INFO]-[2022-01-19 13:31:11.089]-[TestNG-test=OMS-3]-[logRequestResponse]-[RequestPayload.java:171]-API Request sent : 
[INFO]-[2022-01-19 13:31:11.090]-[TestNG-test=OMS-3]-[logRequestResponse]-[RequestPayload.java:172]-Request method:	POST
Request URI:	https://localhost:9443/smcfs/restapi/executeFlow/DifarmaGetShipmentList
Proxy:			<none>
Request params:	<none>
Query params:	<none>
Form params:	<none>
Path params:	<none>
Headers:		Accept=application/xml
				Authorization=Basic YWRtaW46cGFzc3dvcmQ=
				Content-Type=application/xml
Cookies:		<none>
Multiparts:		<none>
Body:
<Shipment ShipmentKey="2022011908010668173423"/>

[INFO]-[2022-01-19 13:31:11.090]-[TestNG-test=OMS-3]-[logRequestResponse]-[RequestPayload.java:174]-API Response received : 
[INFO]-[2022-01-19 13:31:11.091]-[TestNG-test=OMS-3]-[logRequestResponse]-[RequestPayload.java:175]-HTTP/1.1 200 OK
X-FRAME-OPTIONS: SAMEORIGIN
X-UA-Compatible: IE=EmulateIE8
Access-Control-Max-Age: 3600
Access-Control-Allow-Credentials: true
Access-Control-Allow-Origin: *
Content-Type: application/xml; charset=UTF-8
Content-Encoding: gzip
Content-Language: en-US
Content-Length: 4320
Date: Wed, 19 Jan 2022 08:01:11 GMT

<Shipments>
  <Shipment Action="" ActualFreightCharge="0.00" AllowOverage="N" AssociationAction="" BBNMinVolume="0.00" BBNMinWeight="0.00" BillToAddressKey="2021112515060161885971" BillToCustomerId="00198505" BuyerOrganizationCode="FCV.CO" CODPayMethod="" CarrierAccountNo="" CarrierPickupTime="2022-01-19T08:01:06+00:00" CarrierServiceCode="" CarrierSortLocationId="" CarrierType="" Code="" CommercialValue="0.00" ContainerizedQuantity="0" Createprogid="CONSOLIDATE_TO_SHIPMENT_0001" Createts="2022-01-19T08:01:06+00:00" Createuserid="DifarmaConsolidateToShipmentAgentServer" Currency="COP" CustomerPoNo="" DeliveryCode="" DeliveryMethod="PICK" DeliveryTS="2022-01-19" DepartmentCode="" DestinationZone="" DoNotConsolidate="Y" DoNotVerifyCaseContent="N" DoNotVerifyPalletContent="N" DocumentType="0001" DownLoadCount="0" EnterpriseCode="FCVColombia" EspCheckRequired="N" EstimatedPrice="35970.00" ExpectedDeliveryDate="2022-01-19T08:00:56+00:00" ExpectedPickDate="2022-01-19T08:00:56+00:00" ExpectedShipmentDate="2022-01-19T08:00:56+00:00" ExportLicenseExpDate="2022-01-19" ExportLicenseNo="" ExportTaxpayerID="" FreightTerms="" FromAddressKey="20210105075420561242010" FromAppointment="2022-01-19" GiftFlag="N" HasNodeExceptions="N" HasOtherShipments="N" HazardousMaterialFlag="N" ITDate="2022-01-19" IsAppointmentReqd="N" IsPackProcessComplete="N" IsProductPlacingComplete="N" IsSingleOrder="N" ItemClassification="" LevelOfService="NextDay" LinesEntered="Y" LocationId="" Lockid="3" ManuallyEntered="N" Modifyprogid="CONSOLIDATE_TO_SHIPMENT_0001" Modifyts="2022-01-19T08:01:06+00:00" Modifyuserid="DifarmaConsolidateToShipmentAgentServer" MustShipBeforeDate="2022-01-19T08:00:56+00:00" NextAlertTs="1900-01-01T00:00:00+00:00" NotificationSent="N" NumOfCartons="1" NumOfPallets="0" OrderAvailableOnSystem="Y" OrderType="PICK" OriginZone="" OverrideManualShipmentEntry="N" PackAndHold="N" PackListType="" PipelineKey="20200219111103596469788" PlacedQuantity="0" PriorityCode="" ReleaseNo="0" RequestedCarrierServiceCode="" RequestedDeliveryDate="2022-01-19T08:00:56+00:00" RequestedShipmentDate="2022-01-19T08:00:56+00:00" RequiresApptConfirmation="N" RoutingContactInfo="" RoutingErrorCode="" RoutingGuideMaintained="03" RoutingSource="" SCAC="" ScacIntegrationRequired="N" SellerOrganizationCode="FCV.CO" ShipDate="2022-01-19T08:00:56+00:00" ShipMode="" ShipNode="457" ShipToCustomerId="00198505" ShipVia="" ShipmentClosedFlag="N" ShipmentConfirmUpdatesDone="N" ShipmentContainerizedFlag="01" ShipmentDeliverUpdatesDone="N" ShipmentGroupId="" ShipmentKey="2022011908010668173423" ShipmentNo="100013621" ShipmentPlannedFlag="N" ShipmentSortLocationId="" ShipmentType="" Status="1100.70.06.10" StatusDate="2022-01-19T08:01:06+00:00" ToAddressKey="2021112515060161885970" ToAppointment="2022-01-19" TotalActualCharge="0.00" TotalEstimatedCharge="0.00" TotalQuantity="3" TotalVolume="0.00" TotalVolumeUOM="CIN" TotalWeight="0.00" TotalWeightUOM="LBS" UnplacedQuantity="3" isHistory="N">
    <Extn ExtnETFulfilment="N" ExtnIsPreSalesEnabled="" ExtnOrderDate="2022-01-19T08:00:52+00:00"/>
    <ShipmentLines>
      <ShipmentLine Action="" BackroomPickedQuantity="" CountryOfOrigin="" Createprogid="CONSOLIDATE_TO_SHIPMENT_0001" Createts="2022-01-19T08:01:06+00:00" Createuserid="DifarmaConsolidateToShipmentAgentServer" CustomerPoLineNo="" CustomerPoNo="" DepartmentCode="" FifoNo="0" GiftFlag="N" IsPickable="Y" ItemDesc="Gaviscon (5+2.67+1.6)% Suspension Oral Frasco X 300mL Menta" ItemID="383949" KitCode="" KitQty="0" LevelOfService="NextDay" Lockid="0" Modifyprogid="CONSOLIDATE_TO_SHIPMENT_0001" Modifyts="2022-01-19T08:01:06+00:00" Modifyuserid="DifarmaConsolidateToShipmentAgentServer" NetWeight="0.00" NetWeightUom="" OrderHeaderKey="2022011908005268173351" OrderLineKey="2022011908005268173352" OrderNo="COCC89508680" OrderReleaseKey="2022011908005668173401" OrderType="PICK" OriginalQuantity="3" OverShipQuantity="0" PrimeLineNo="1" ProductClass="REGULAR" Quantity="3" ReleaseNo="1" RequestedSerialNo="" Segment="" SegmentType="" ShipToCustomerId="00198505" ShipmentKey="2022011908010668173423" ShipmentLineKey="2022011908010668173422" ShipmentLineNo="1" ShipmentSubLineNo="0" ShortageQty="0" SubLineNo="1" UnitOfMeasure="EACH" WaveNo="" isHistory="N">
        <OrderLine AddToOrderReleaseKey="" ApptStatus="" BackorderNotificationQty="0" BasicCapacityRequired="0" CanAddServiceLines="N" CannotMeetAppt="" CapacityUOM="" CarrierAccountNo="" CarrierServiceCode="" ConditionVariable1="" ConditionVariable2="" Createprogid="RestServlet" Createts="2022-01-19T08:00:52+00:00" Createuserid="admin" CustomerLinePONo="" CustomerPONo="" DeliveryCode="" DeliveryMethod="PICK" DepartmentCode="" DependencyRatio="0" EarliestDeliveryDate="2021-11-03T13:31:37+00:00" EarliestShipDate="2021-11-03T13:31:37+00:00" FillQuantity="0" FixedCapacityQtyPerLine="0" FixedPricingQtyPerLine="0" FreightTerms="" FulfillmentType="" GiftFlag="N" HoldFlag="N" HoldReasonCode="" ImportLicenseNo="" IntentionalBackorder="N" InvoiceBasedOnActuals="N" InvoiceComplete="N" InvoicedExtendedPrice="0.00" InvoicedQuantity="0" IsCapacityOverridden="N" IsCostOverridden="Y" IsFirmPredefinedNode="Y" IsPriceMatched="N" IsProcurementAllowed="Y" IsStandaloneService="" ItemGroupCode="PROD" KitCode="" LevelOfService="NextDay" LineSeqNo="1.1" LineType="CnC" Lockid="0" MaintainRatio="" Modifyprogid="RestServlet" Modifyts="2022-01-19T08:00:52+00:00" Modifyuserid="admin" OptionCapacityRequired="0" OrderClass="NEW" OrderHeaderKey="2022011908005268173351" OrderLineKey="2022011908005268173352" OrderedQty="3" OrderingUOM="EACH" OriginalOrderedQty="3" OtherCharges="0.00" OverReceiptQuantity="0" PackListType="" ParentOfDependentGroup="N" PersonalizeCode="" PersonalizeFlag="" PickableFlag="Y" PipelineKey="202004200551401016291479" PricingDate="2022-01-19" PrimeLineNo="1" PropagationQty="0" PropagationToParentRequired="" Purpose="" QuantityToSplit="0" ReceivedAsComponents="" ReceivedQty="0" ReqShipDate="2021-11-03T13:31:37+00:00" ReservationID="" ReservationMandatory="N" ReservationPool="" ReturnReason="" SCAC="" SchedFailureReasonCode="" Segment="" SegmentType="" SerialNo="" ShipNode="457" ShipToID="00198505" ShipToKey="2021112515060161885970" ShipTogetherNo="" ShippedQuantity="0" SplitFromLineKey="" SplitFromPrimeLineNo="0" SplitFromSubLineNo="0" SplitQty="0" SubLineNo="1" Timezone="" TotalQtyToCancel="0" TranDiscrepancyQty="0" TransactionalLineId="" WaitForSeqLine="N" isHistory="N">
          <Extn ExtnCustomerPromiseDate="2021-11-03T13:31:37.000Z" ExtnIsBigStoreSch="N" ExtnIsJumpFlowSch="N" ExtnIsPickUpByAuthPerson="N" ExtnIsPrescriptionHoldRequired="N" ExtnIsPrescriptionVerified="Y" ExtnOriginalReqShipDate="2021-11-03T13:31:37.000Z" ExtnVerifyPrescriptionAtPick="N"/>
          <PersonInfoShipTo AddressLine1="Carrera 70 # 99-8" AddressLine2="" AddressLine3="" AddressLine4="Bogota" AddressLine5="" AddressLine6="" AlternateEmailID="" Beeper="" City="Bogota" Company="" Country="CO" Createprogid="RestServlet" Createts="2021-11-25T15:06:01+00:00" Createuserid="OMSRESTAPIUSER" DayFaxNo="" DayPhone="(+57) 1111111111" Department="" EMailID="test_user_66074730@testuser.com" ErrorTxt="" EveningFaxNo="" EveningPhone="" FirstName="test" HttpUrl="" JobTitle="" LastName="test" Latitude="4.6938158" Lockid="0" Longitude="-74.0759006" MiddleName="" MobilePhone="(+57) 1111111111" Modifyprogid="RestServlet" Modifyts="2021-11-25T15:06:01+00:00" Modifyuserid="OMSRESTAPIUSER" OtherPhone="" PersonID="" PersonInfoKey="2021112515060161885970" PreferredShipAddress="" State="Bogota" Suffix="" Title="" UseCount="0" VerificationStatus="" ZipCode="" isHistory="N"/>
        </OrderLine>
      </ShipmentLine>
    </ShipmentLines>
    <ShipNode AcceptanceRequired="N" ActivateFlag="" AdvanceNotificationTime="0.00" AgentCriteriaGroup="" BolPrefix="00" CanShipToAllNodes="Y" CanShipToOtherAddresses="Y" ContactAddressKey="20201118224110524185958" Createprogid=".YCPOrgDetailsAPI" Createts="2020-10-30T13:22:16+00:00" Createuserid="admin" CurrentBolNumber="" DcmIntegrationRealTime="N" DefaultDeclaredValue="0.00" DelayedInventoryAllocationSupport="N" Description="457-Avenida Eliodoro Yañez 1281" ExportLicenseExpDate="" ExportLicenseNo="" ExportTaxpayerId="" GLN="" GenerateBolNumber="N" IdentifiedByParentAs="457" IgnorePendingAllocation="N" InheritConfigFromShipNode="" InterfaceSubType="" InterfaceType="YFX" InventoryTracked="Y" Inventorytype="TRACK" IsFulfillmentNode="Y" IsItemBasedAllocationAllowed="Y" IsYard="N" Latitude="-33.433443" Localecode="es_ES_CL" Lockid="26" Longitude="-70.617553" MaintainInventoryCost="N" MaxConcurrentWaves="0" MaxDaysToScheduleBefore="0" MinNotificationTime="0" Modifyprogid=".YCPOrgDetailsAPI" Modifyts="2021-11-12T10:08:50+00:00" Modifyuserid="admin" NodeOrgCode="457" NodeType="Store" OwnerKey="FCVChile" OwnerType="" PackAdjRsnCode="PACK" PicklistType="" ProcureToShipAllowed="Y" ReceiptProcessingTime="0.00" ReceiptProcessingTimeForForwarding="0.00" ReceiptProcessingTimeForFutureInventory="0" ReceiveAdjRsnCode="RECEIPT" ReceivingCalendarKey="2021111210071960344143" ReceivingNode="N" RequireTransferAcceptance="N" RequiresChangeRequest="" ReturnCenterFlag="N" ReturnsNode="N" SerialTrackedOnTransfer="Y" SerialTracking="N" ShipAdjRsnCode="SHIP" ShipNode="457" ShipNodeAddressKey="20210105075420561242010" ShipNodeClass="TIER_1" ShipnodeKey="457" ShipnodeType="" ShippingCalendarKey="2021111210071960344143" ShippingNode="Y" SubstitutionAllowed="" SupplierKey="" TagTrackedAtReceipt="Y" TagTrackedInInventory="Y" ThreePlNode="N" TimeDiff="0.00" UseEndOfShiftTime="" WorkOrderCreationAllowed="N" XDocNode="">
      <ShipNodePersonInfo AddressLine1="Avenida Eliodoro Yañez 1281" AddressLine2="Avenida Eliodoro Yañez 1281" AddressLine3="" AddressLine4="Providencia" AddressLine5="" AddressLine6="" AlternateEmailID="" Beeper="" City="Santiago" Company="" Country="CL" Createprogid="DifarmaStoreUploadServer" Createts="2021-01-05T07:54:20+00:00" Createuserid="DifarmaStoreUploadServer" DayFaxNo="" DayPhone="" Department="" EMailID="F_CV016@farmacruzverde.cl" ErrorTxt="" EveningFaxNo="" EveningPhone="" FirstName="" HttpUrl="" JobTitle="" LastName="" Latitude="-33.433443" Lockid="0" Longitude="-70.617553" MiddleName="" MobilePhone="" Modifyprogid="YDKConfigDeploy" Modifyts="2021-01-05T07:54:20+00:00" Modifyuserid="omdb2" OtherPhone="" PersonID="" PersonInfoKey="20210105075420561242010" PreferredShipAddress="" State="Metropolitana de Santiago" Suffix="" Title="" UseCount="0" VerificationStatus="" ZipCode="" isHistory="N"/>
    </ShipNode>
    <ToAddress AddressLine1="Carrera 70 # 99-8" AddressLine2="" AddressLine3="" AddressLine4="Bogota" AddressLine5="" AddressLine6="" AlternateEmailID="" Beeper="" City="Bogota" Company="" Country="CO" Createprogid="RestServlet" Createts="2021-11-25T15:06:01+00:00" Createuserid="OMSRESTAPIUSER" DayFaxNo="" DayPhone="(+57) 1111111111" Department="" EMailID="test_user_66074730@testuser.com" ErrorTxt="" EveningFaxNo="" EveningPhone="" FirstName="test" HttpUrl="" JobTitle="" LastName="test" Latitude="4.6938158" Lockid="0" Longitude="-74.0759006" MiddleName="" MobilePhone="(+57) 1111111111" Modifyprogid="RestServlet" Modifyts="2021-11-25T15:06:01+00:00" Modifyuserid="OMSRESTAPIUSER" OtherPhone="" PersonID="" PersonInfoKey="2021112515060161885970" PreferredShipAddress="" State="Bogota" Suffix="" Title="" UseCount="0" VerificationStatus="" ZipCode="" isHistory="N"/>
    <Containers TotalNumberOfRecords="0"/>
    <Status Createprogid="XMLMigrator" Createts="2019-07-03T00:17:10+00:00" Createuserid="SYSTEM" Description="Ready For Backroom Pick" Lockid="0" Modifyprogid="XMLMigrator" Modifyts="2019-07-03T00:17:10+00:00" Modifyuserid="SYSTEM" OwnerKey="DEFAULT" ProcessTypeKey="ORDER_DELIVERY" RequiresCollaboration="" Status="1100.70.06.10" StatusKey="YCD_READY_BACKROOM_PICK" StatusName="Ready For Backroom Pick" StatusType="USER"/>
  </Shipment>
</Shipments>

[INFO]-[2022-01-19 13:31:11.711]-[TestNG-test=OMS-3]-[requestCreationInOMS]-[RequestHelper.java:231]-Pre-condition for Test: getOrderReleaseList
[INFO]-[2022-01-19 13:31:11.715]-[TestNG-test=OMS-3]-[sendAPIRequest]-[RestAssuredRequest.java:20]-Calling POST request with end point : https://localhost:9443/smcfs/restapi/executeFlow/DifarmaMobileRecordPickCompletion
io.restassured.internal.RequestSpecificationImpl@75074881
io.restassured.internal.RestAssuredResponseImpl@54c2d0e0
[INFO]-[2022-01-19 13:31:13.075]-[TestNG-test=OMS-3]-[logRequestResponse]-[RequestPayload.java:171]-API Request sent : 
[INFO]-[2022-01-19 13:31:13.075]-[TestNG-test=OMS-3]-[logRequestResponse]-[RequestPayload.java:172]-Request method:	POST
Request URI:	https://localhost:9443/smcfs/restapi/executeFlow/DifarmaMobileRecordPickCompletion
Proxy:			<none>
Request params:	<none>
Query params:	<none>
Form params:	<none>
Path params:	<none>
Headers:		Accept=application/xml
				Authorization=Basic YWRtaW46cGFzc3dvcmQ=
				Content-Type=application/xml
Cookies:		<none>
Multiparts:		<none>
Body:
<Shipment DeliveryMethod="PICK" DocumentType="0001" ShipNode="457" ShipmentKey="2022011908010668173423">
  <ShipmentLines>
    <ShipmentLine BackroomPickedQuantity="3" OrderHeaderKey="2022011908005268173351" OrderLineKey="2022011908005268173352" Quantity="3" ShipmentLineKey="2022011908010668173422" ShortageQty="0"/>
  </ShipmentLines>
</Shipment>

[INFO]-[2022-01-19 13:31:13.076]-[TestNG-test=OMS-3]-[logRequestResponse]-[RequestPayload.java:174]-API Response received : 
[INFO]-[2022-01-19 13:31:13.077]-[TestNG-test=OMS-3]-[logRequestResponse]-[RequestPayload.java:175]-HTTP/1.1 200 OK
X-FRAME-OPTIONS: SAMEORIGIN
X-UA-Compatible: IE=EmulateIE8
Access-Control-Max-Age: 3600
Access-Control-Allow-Credentials: true
Access-Control-Allow-Origin: *
Content-Type: application/xml; charset=UTF-8
Content-Encoding: gzip
Content-Language: en-US
Content-Length: 134
Date: Wed, 19 Jan 2022 08:01:13 GMT

<Shipment ShipmentKey="2022011908010668173423" ShipmentValidationStatus="pickComplete"/>

[INFO]-[2022-01-19 13:31:13.138]-[TestNG-test=OMS-3]-[requestCreationInOMS]-[RequestHelper.java:140]-Pre-condition for Test: getOrderDetails
[INFO]-[2022-01-19 13:31:13.140]-[TestNG-test=OMS-3]-[sendAPIRequest]-[RestAssuredRequest.java:20]-Calling POST request with end point : https://localhost:9443/smcfs/restapi/invoke/getOrderDetails
io.restassured.internal.RequestSpecificationImpl@5b6291d2
io.restassured.internal.RestAssuredResponseImpl@7bde6b03
[INFO]-[2022-01-19 13:31:14.000]-[TestNG-test=OMS-3]-[logRequestResponse]-[RequestPayload.java:171]-API Request sent : 
[INFO]-[2022-01-19 13:31:14.001]-[TestNG-test=OMS-3]-[logRequestResponse]-[RequestPayload.java:172]-Request method:	POST
Request URI:	https://localhost:9443/smcfs/restapi/invoke/getOrderDetails
Proxy:			<none>
Request params:	<none>
Query params:	<none>
Form params:	<none>
Path params:	<none>
Headers:		Accept=application/xml
				Authorization=Basic YWRtaW46cGFzc3dvcmQ=
				Content-Type=application/xml
Cookies:		<none>
Multiparts:		<none>
Body:
<Order DocumentType="0001" EnterpriseCode="FCVColombia" OrderHeaderKey="" OrderNo="COCC89508680"/>

[INFO]-[2022-01-19 13:31:14.002]-[TestNG-test=OMS-3]-[logRequestResponse]-[RequestPayload.java:174]-API Response received : 
[INFO]-[2022-01-19 13:31:14.003]-[TestNG-test=OMS-3]-[logRequestResponse]-[RequestPayload.java:175]-HTTP/1.1 200 OK
X-FRAME-OPTIONS: SAMEORIGIN
X-UA-Compatible: IE=EmulateIE8
Access-Control-Max-Age: 3600
Access-Control-Allow-Credentials: true
Access-Control-Allow-Origin: *
Content-Type: application/xml; charset=UTF-8
Content-Encoding: gzip
Content-Language: en-US
Content-Length: 3987
Date: Wed, 19 Jan 2022 08:01:14 GMT

<Order AllocationRuleID="DIF_SCH" AuthorizationExpirationDate="2022-01-19T08:00:52+00:00" BillToID="00198505" BuyerOrganizationCode="FCV.CO" CarrierAccountNo="" CarrierServiceCode="" ChainType="" ChargeActualFreightFlag="N" CustCustPONo="" CustomerEMailID="tremere27@gmail.com" CustomerPONo="" DeliveryCode="" Division="" DocumentType="0001" DraftOrderFlag="N" EnteredBy="00198505" EnterpriseCode="FCVColombia" EntryType="CustomerOnWeb" FreightTerms="" HasDeliveryLines="N" HasProductLines="Y" HasServiceLines="N" HoldFlag="N" HoldReasonCode="" MaxOrderStatus="3350.3000" MaxOrderStatusDesc="Ready for Customer" MinOrderStatus="3350.3000" MinOrderStatusDesc="Ready for Customer" NotifyAfterShipmentFlag="N" OrderDate="2022-01-19T08:00:52+00:00" OrderHeaderKey="2022011908005268173351" OrderName="" OrderNo="COCC89508680" OrderType="PICK" OriginalTax="0.00" OriginalTotalAmount="38960.00" OtherCharges="2990.00" PaymentStatus="PAID" PendingTransferIn="0.00" PersonalizeCode="" PriorityCode="" PriorityNumber="0" Purpose="" ReturnByGiftRecipient="" SCAC="" ScacAndService="" ScacAndServiceKey="" SearchCriteria1="" SearchCriteria2="" SellerOrganizationCode="FCV.CO" ShipToID="00198505" Status="Ready for Customer" TaxExemptFlag="N" TaxExemptionCertificate="" TaxJurisdiction="" TaxPayerId="" TermsCode="" TotalAdjustmentAmount="0.00" isHistory="N">
  <AllowedModifications>
    <Modification ModificationType="REMOVE_PROMOTION" ThroughOverride="Y"/>
    <Modification ModificationType="ORDER_NAME" ThroughOverride="Y"/>
    <Modification ModificationType="CONTACT_INFO" ThroughOverride="Y"/>
    <Modification ModificationType="CHANGE_ITERATION" ThroughOverride="Y"/>
    <Modification ModificationType="BILLTO" ThroughOverride="Y"/>
    <Modification ModificationType="TAX" ThroughOverride="Y"/>
    <Modification ModificationType="CHANGE_PROMOTION" ThroughOverride="Y"/>
    <Modification ModificationType="FREIGHT_TERMS" ThroughOverride="Y"/>
    <Modification ModificationType="ADD_NOTE" ThroughOverride="N"/>
    <Modification ModificationType="CHANGE_STATUS" ThroughOverride="Y"/>
    <Modification ModificationType="ADD_LINE" ThroughOverride="Y"/>
    <Modification ModificationType="CARRIER" ThroughOverride="Y"/>
    <Modification ModificationType="ADDITIONADDR" ThroughOverride="Y"/>
    <Modification ModificationType="SOLDTO" ThroughOverride="Y"/>
    <Modification ModificationType="REQ_SHIP_DATE" ThroughOverride="Y"/>
    <Modification ModificationType="PAYMENT_STATUS" ThroughOverride="Y"/>
    <Modification ModificationType="ADD_INSTRUCTION" ThroughOverride="Y"/>
    <Modification ModificationType="CHANGE_NOTE" ThroughOverride="Y"/>
    <Modification ModificationType="CARRIER_ACCOUNT_NO" ThroughOverride="Y"/>
    <Modification ModificationType="CHANGE_ORDER_DATE" ThroughOverride="Y"/>
    <Modification ModificationType="REMOVE_NOTE" ThroughOverride="Y"/>
    <Modification ModificationType="HOLD" ThroughOverride="N"/>
    <Modification ModificationType="SPECIAL_SERVICE" ThroughOverride="Y"/>
    <Modification ModificationType="RULE_ID" ThroughOverride="Y"/>
    <Modification ModificationType="PRICE" ThroughOverride="Y"/>
    <Modification ModificationType="CARRIER_SERVICE_CODE" ThroughOverride="Y"/>
    <Modification ModificationType="PAYMENT_METHOD" ThroughOverride="Y"/>
    <Modification ModificationType="CHANGE_CUSTOM_ATTRIBUTES" ThroughOverride="Y"/>
    <Modification ModificationType="RELEASE" ThroughOverride="Y"/>
    <Modification ModificationType="SHIP_NODE" ThroughOverride="Y"/>
    <Modification ModificationType="ANSWER_SET" ThroughOverride="Y"/>
    <Modification ModificationType="MARKFOR" ThroughOverride="Y"/>
    <Modification ModificationType="RECEIVING_NODE" ThroughOverride="Y"/>
    <Modification ModificationType="SHORT" ThroughOverride="Y"/>
    <Modification ModificationType="BUYER_USER_ID" ThroughOverride="Y"/>
    <Modification ModificationType="OTHERS" ThroughOverride="N"/>
    <Modification ModificationType="DELIVERY_CODE" ThroughOverride="Y"/>
    <Modification ModificationType="LEVEL_OF_SERVICE" ThroughOverride="Y"/>
    <Modification ModificationType="CANCEL" ThroughOverride="N"/>
    <Modification ModificationType="UNSCHEDULE" ThroughOverride="Y"/>
    <Modification ModificationType="CHANGE_INSTRUCTION" ThroughOverride="Y"/>
    <Modification ModificationType="HOLD_TYPE" ThroughOverride="N"/>
    <Modification ModificationType="REFERENCES" ThroughOverride="Y"/>
  </AllowedModifications>
  <PriceInfo Currency="COP" EnterpriseCurrency="COP" ReportingConversionDate="2022-01-19T08:00:52+00:00" ReportingConversionRate="1.00" TotalAmount="38960.00"/>
  <OrderLines>
    <OrderLine AllocationDate="2021-11-03" ApptStatus="" AwaitingDeliveryRequest="N" CanAddServiceLines="N" CarrierAccountNo="" CarrierServiceCode="" CustomerLinePONo="" CustomerPONo="" DeliveryCode="" DeliveryMethod="PICK" DepartmentCode="" FreightTerms="" FulfillmentType="" HasDeliveryLines="N" HasServiceLines="N" HoldFlag="N" HoldReasonCode="" ImportLicenseNo="" InvoicedQty="0" IsBundleParent="N" ItemGroupCode="PROD" KitCode="" LineSeqNo="1.1" LineType="CnC" MaxLineStatus="3350.3000" MaxLineStatusDesc="Ready for Customer" MinLineStatus="3350.3000" MinLineStatusDesc="Ready for Customer" OpenQty="3" OrderHeaderKey="2022011908005268173351" OrderLineKey="2022011908005268173352" OrderedQty="3" OriginalOrderedQty="3" OtherCharges="0.00" PackListType="" PersonalizeCode="" PersonalizeFlag="" PickableFlag="Y" PrimeLineNo="1" Purpose="" RemainingQty="3" ReqShipDate="2021-11-03T13:31:37+00:00" ReservationID="" ReservationPool="" SCAC="" ScacAndService="" ScacAndServiceKey="" Segment="" SegmentType="" SerialNo="" ShipNode="457" ShipToID="00198505" ShipTogetherNo="" SplitQty="0" Status="Ready for Customer" StatusQuantity="3" SubLineNo="1" SubstituteItemID="" SubstituteItemUOM="" isHistory="N">
      <Item CostCurrency="COP" CountryOfOrigin="" CustomerItem="383949" CustomerItemDesc="Gaviscon (5+2.67+1.6)% Suspension Oral Frasco X 300mL Menta" ECCNNo="" HarmonizedCode="" ISBN="" ItemDesc="Gaviscon (5+2.67+1.6)% Suspension Oral Frasco X 300mL Menta" ItemID="383949" ItemShortDesc="Stevia Endulzante Natural X 200 Ta Caja X 200" ItemWeight="0.00" ItemWeightUOM="LBS" ManufacturerItem="" ManufacturerItemDesc="" ManufacturerName="RB HEALTH COLOMBIA SAS" NMFCClass="" NMFCCode="" NMFCDescription="" ProductClass="REGULAR" ProductLine="" ScheduleBCode="" SupplierItem="" SupplierItemDesc="" TaxProductCode="" UPCCode="" UnitCost="11990.00" UnitOfMeasure="EACH"/>
      <LinePriceInfo ActualPricingQty="3" DiscountPercentage="0.00" InvoicedPricingQty="0" IsPriceLocked="Y" LineTotal="35970.00" ListPrice="11990.00" OrderedPricingQty="3" PricingQtyConversionFactor="0" PricingUOM="EACH" RetailPrice="0.00" SettledAmount="0.00" SettledQuantity="0" TaxableFlag="N" UnitPrice="11990.00"/>
      <OrderLineOptions/>
      <WorkOrders NumberOfWorkOrders="0"/>
      <PersonInfoShipTo AddressLine1="Carrera 70 # 99-8" AddressLine2="" AddressLine3="" AddressLine4="Bogota" AddressLine5="" AddressLine6="" AlternateEmailID="" Beeper="" City="Bogota" Company="" Country="CO" DayFaxNo="" DayPhone="(+57) 1111111111" Department="" EMailID="test_user_66074730@testuser.com" EveningFaxNo="" EveningPhone="" FirstName="test" JobTitle="" LastName="test" MiddleName="" MobilePhone="(+57) 1111111111" OtherPhone="" PersonID="" PersonInfoKey="2021112515060161885970" State="Bogota" Suffix="" Title="" ZipCode=""/>
      <Instructions NumberOfInstructions="0"/>
      <References/>
      <KitLines NumberOfKitLines="0"/>
      <ProductItems/>
      <AdditionalAddresses NumberOfAdditionalAddresses="0"/>
      <Notes NumberOfNotes="0"/>
      <ServiceAssociations/>
      <ProductAssociations/>
      <DeliveryAssociations/>
      <Schedules>
        <Schedule ExpectedDeliveryDate="2022-01-19T08:00:56+00:00" ExpectedShipmentDate="2022-01-19T08:00:56+00:00" OrderHeaderKey="2022011908005268173351" OrderLineKey="2022011908005268173352" OrderLineScheduleKey="202201190854005668173402" Quantity="3" ScheduleNo="3" TagNumber=""/>
      </Schedules>
      <LineOverallTotals Charges="0.00" Discount="0.00" ExtendedPrice="35970.00" LineTotal="35970.00" OptionPrice="0.00" PricingQty="3.00" Tax="0.00" UnitPrice="11990.00"/>
      <LineInvoicedTotals AdditionalLinePriceTotal="0.00" Charges="0.00" Discount="0.00" ExtendedPrice="0.00" LineTotal="0.00" OptionPrice="0.00" PricingQty="0.00" Tax="0.00" UnitPrice="0.00"/>
      <LineRemainingTotals AdditionalLinePriceTotal="0.00" Charges="0.00" Discount="0.00" ExtendedPrice="35970.00" LineTotal="35970.00" OptionPrice="0.00" PricingQty="3.00" Tax="0.00" UnitPrice="11990.00"/>
      <LineCharges/>
      <LineTaxes>
        <LineTax ChargeCategory="TAX" ChargeName="SALES_TAX" ChargeNameKey="20200210111055508944842" InvoicedTax="0.00" Reference_1="" Reference_2="" Reference_3="" RemainingTax="1914.00" Tax="1914.00" TaxName="SalesTax" TaxPercentage="0.00"/>
        <TaxSummary>
          <TaxSummaryDetail InvoicedTax="0.00" OverallTax="1914.00" RemainingTax="1914.00" TaxName="SalesTax"/>
        </TaxSummary>
      </LineTaxes>
      <OrderStatuses>
        <OrderStatus OrderHeaderKey="2022011908005268173351" OrderLineKey="2022011908005268173352" OrderLineScheduleKey="202201190854005668173402" OrderReleaseKey="2022011908005668173401" OrderReleaseStatusKey="202201190854011368173448" PipelineKey="202004200551401016291479" ShipNode="457" Status="3350.3000" StatusDate="2022-01-19T08:01:13+00:00" StatusDescription="Ready for Customer" StatusQty="3" TotalQuantity="3">
          <Details ExpectedDeliveryDate="2022-01-19T08:00:56+00:00" ExpectedShipmentDate="2022-01-19T08:00:56+00:00" TagNumber="">
            <KitDetails/>
          </Details>
        </OrderStatus>
      </OrderStatuses>
      <CapacityAllocations/>
    </OrderLine>
  </OrderLines>
  <Instructions NumberOfInstructions="0"/>
  <PersonInfoShipTo AddressLine1="Carrera 70 # 99-8" AddressLine2="" AddressLine3="" AddressLine4="Bogota" AddressLine5="" AddressLine6="" AlternateEmailID="" Beeper="" City="Bogota" Company="" Country="CO" DayFaxNo="" DayPhone="(+57) 1111111111" Department="" EMailID="test_user_66074730@testuser.com" EveningFaxNo="" EveningPhone="" FirstName="test" JobTitle="" LastName="test" MiddleName="" MobilePhone="(+57) 1111111111" OtherPhone="" PersonID="" PersonInfoKey="2021112515060161885970" State="Bogota" Suffix="" Title="" ZipCode=""/>
  <PersonInfoBillTo AddressLine1="Carrera 70 # 99-8" AddressLine2="" AddressLine3="" AddressLine4="Bogota" AddressLine5="" AddressLine6="" AlternateEmailID="" Beeper="" City="Bogota" Company="" Country="CO" DayFaxNo="" DayPhone="(+57) 1111111111" Department="" EMailID="test_user_66074730@testuser.com" EveningFaxNo="" EveningPhone="" FirstName="test" JobTitle="" LastName="test" MiddleName="" MobilePhone="" OtherPhone="" PersonID="" PersonInfoKey="2021112515060161885971" State="Bogota" Suffix="" Title="" ZipCode=""/>
  <AdditionalAddresses NumberOfAdditionalAddresses="0"/>
  <References/>
  <PaymentMethods>
    <PaymentMethod CheckNo="" CheckReference="" CreditCardExpDate="20251101" CreditCardName="Luis Gino Beltran" CreditCardNo="371180" CreditCardType="AMEX" CustomerPONo="" DisplayCreditCardNo="7522" DisplayCustomerAccountNo="" DisplayPaymentReference1="" DisplaySvcNo="" FundsAvailable="0.00" GetFundsAvailableUserExitInvoked="N" PaymentReference1="" PaymentReference2="MPAGO_CREDIT" PaymentReference3="1023936477" PaymentType="CREDIT_CARD"/>
  </PaymentMethods>
  <ChargeTransactionDetails AdditionalExpectedAuthorizations="0.00" TotalCredits="35970.00" TotalDebits="0.00" TotalOpenAuthorizations="0.00" TotalOpenBookings="38960.00" TotalTransferredIn="0.00" TotalTransferredOut="0.00">
    <ChargeTransactionDetail AuditTransactionID="" AuthorizationExpirationDate="2022-01-19T08:00:52+00:00" AuthorizationID="" BookAmount="0.00" ChargeTransactionKey="2022011908005268173354" ChargeType="CHARGE" CollectionDate="2022-01-19T08:00:52+00:00" CreditAmount="35970.00" DebitAmount="0.00" DistributedAmount="0.00" HoldAgainstBook="Y" OpenAuthorizedAmount="0.00" OrderHeaderKey="2022011908005268173351" OrderInvoiceKey="" PaymentKey="202201190891005268173353" RequestAmount="35970.00" SettledAmount="0.00" Status="CLOSED" TransactionDate="2022-01-19T08:00:52+00:00" TransferFromOhKey="" TransferToOhKey="" UserExitStatus="">
      <InvoiceCollectionDetails/>
      <CreditCardTransactions>
        <CreditCardTransaction AuthAmount="35970.00" AuthAvs="" AuthCode="1234546089" AuthReturnCode="" AuthReturnFlag="" AuthReturnMessage="" AuthTime="2022-01-19T08:00:52+00:00" CVVAuthCode="" ChargeTransactionKey="2022011908005268173354" CreditCardTransactionKey="202201190801005268173355" InternalReturnCode="" InternalReturnFlag="" InternalReturnMessage="" ParentKey="" Reference1="" Reference2="" RequestId="" TranAmount="35970.00" TranRequestTime="2022-01-19T08:00:52+00:00" TranReturnCode="" TranReturnFlag="" TranReturnMessage="" TranType="CHARGE"/>
      </CreditCardTransactions>
      <TransferToOrder/>
      <TransferFromOrder/>
    </ChargeTransactionDetail>
    <ChargeTransactionDetail AuditTransactionID="" AuthorizationExpirationDate="2022-01-19T08:00:52+00:00" AuthorizationID="" BookAmount="38960.00" ChargeTransactionKey="2022011908005268173360" ChargeType="CREATE_ORDER" CollectionDate="2022-01-19T08:00:52+00:00" CreditAmount="0.00" DebitAmount="0.00" DistributedAmount="0.00" HoldAgainstBook="" OpenAuthorizedAmount="0.00" OrderHeaderKey="2022011908005268173351" OrderInvoiceKey="" PaymentKey="" RequestAmount="0.00" SettledAmount="0.00" Status="OPEN" TransactionDate="2022-01-19T08:00:52+00:00" TransferFromOhKey="" TransferToOhKey="" UserExitStatus="">
      <InvoiceCollectionDetails/>
      <CreditCardTransactions/>
      <TransferToOrder/>
      <TransferFromOrder/>
    </ChargeTransactionDetail>
  </ChargeTransactionDetails>
  <ProductServiceAssocs/>
  <OverallTotals GrandCharges="2990.00" GrandDiscount="0.00" GrandTax="0.00" GrandTotal="38960.00" HdrCharges="2990.00" HdrDiscount="0.00" HdrTax="0.00" HdrTotal="2990.00" LineSubTotal="35970.00"/>
  <InvoicedTotals GrandCharges="0.00" GrandDiscount="0.00" GrandTax="0.00" GrandTotal="0.00" HdrCharges="0.00" HdrDiscount="0.00" HdrTax="0.00" HdrTotal="0.00" LineSubTotal="0.00"/>
  <RemainingTotals GrandCharges="2990.00" GrandDiscount="0.00" GrandTax="0.00" GrandTotal="38960.00" HdrCharges="2990.00" HdrDiscount="0.00" HdrTax="0.00" HdrTotal="2990.00" LineSubTotal="35970.00"/>
  <HeaderCharges>
    <HeaderCharge ChargeAmount="2990.00" ChargeCategory="SHIPPING" ChargeName="SHIPPING_CHARGE" ChargeNameKey="20200210110952508937952" InvoicedChargeAmount="0.00" IsBillable="Y" IsDiscount="N" Reference="" RemainingChargeAmount="2990.00"/>
  </HeaderCharges>
  <HeaderTaxes>
    <HeaderTax ChargeCategory="TAX" ChargeName="SHIPPING_TAX" ChargeNameKey="20200210111104508945910" InvoicedTax="0.00" Reference_1="" Reference_2="" Reference_3="" RemainingTax="477.00" Tax="477.00" TaxName="SHIPPING_TAX" TaxPercentage="0.00" TaxableFlag="Y"/>
    <TaxSummary>
      <TaxSummaryDetail InvoicedTax="0.00" OverallTax="477.00" RemainingTax="477.00" TaxName="SHIPPING_TAX"/>
    </TaxSummary>
  </HeaderTaxes>
  <OrderStatuses>
    <OrderStatus OrderHeaderKey="2022011908005268173351" OrderLineKey="2022011908005268173352" OrderLineScheduleKey="202201190854005668173402" OrderReleaseKey="2022011908005668173401" OrderReleaseStatusKey="202201190854011368173448" PipelineKey="202004200551401016291479" ShipNode="457" Status="3350.3000" StatusDate="2022-01-19T08:01:13+00:00" StatusDescription="Ready for Customer" StatusQty="3" TotalQuantity="3">
      <Details ExpectedDeliveryDate="2022-01-19T08:00:56+00:00" ExpectedShipmentDate="2022-01-19T08:00:56+00:00" TagNumber=""/>
    </OrderStatus>
  </OrderStatuses>
  <ExchangeOrders/>
</Order>

1
SameDay
[INFO]-[2022-01-19 13:31:24.125]-[TestNG-test=OMS-3]-[requestCreationInOMS]-[RequestHelper.java:279]-Pre-condition for Test: getOrderReleaseList
[INFO]-[2022-01-19 13:31:24.127]-[TestNG-test=OMS-3]-[sendAPIRequest]-[RestAssuredRequest.java:20]-Calling POST request with end point : https://localhost:9443/smcfs/restapi/executeFlow/DifarmaMobileFinishCustomerPickService
io.restassured.internal.RequestSpecificationImpl@6abfb040
io.restassured.internal.RestAssuredResponseImpl@53e3152d
[INFO]-[2022-01-19 13:31:27.036]-[TestNG-test=OMS-3]-[logRequestResponse]-[RequestPayload.java:171]-API Request sent : 
[INFO]-[2022-01-19 13:31:27.037]-[TestNG-test=OMS-3]-[logRequestResponse]-[RequestPayload.java:172]-Request method:	POST
Request URI:	https://localhost:9443/smcfs/restapi/executeFlow/DifarmaMobileFinishCustomerPickService
Proxy:			<none>
Request params:	<none>
Query params:	<none>
Form params:	<none>
Path params:	<none>
Headers:		Accept=application/xml
				Authorization=Basic YWRtaW46cGFzc3dvcmQ=
				Content-Type=application/xml
Cookies:		<none>
Multiparts:		<none>
Body:
<Shipment AddVerificationMethod="Y" SellerOrganizationCode="FCV.CO" ShipNode="457" ShipmentKey="2022011908010668173423" ShipmentNo="100013621" TransactionId="CONFIRM_SHIPMENT">
  <Notes>
    <Note ContactReference="" ContactType="" ContactUser="" NoteText="Customer Picked the products" Priority="0" ReasonCode="YCD_CUSTOMER_VERIFICATION" VisibleToAll="Y"/>
  </Notes>
  <ShipmentLines>
    <ShipmentLine PickedQty="3" Quantity="3" ReasonCode="" ShipmentLineKey="2022011908010668173422" ShipmentLineNo="1" ShipmentSubLineNo="1" ShortageQuantity="0" ShortageReason=""/>
  </ShipmentLines>
</Shipment>

[INFO]-[2022-01-19 13:31:27.039]-[TestNG-test=OMS-3]-[logRequestResponse]-[RequestPayload.java:174]-API Response received : 
[INFO]-[2022-01-19 13:31:27.040]-[TestNG-test=OMS-3]-[logRequestResponse]-[RequestPayload.java:175]-HTTP/1.1 200 OK
X-FRAME-OPTIONS: SAMEORIGIN
X-UA-Compatible: IE=EmulateIE8
Access-Control-Max-Age: 3600
Access-Control-Allow-Credentials: true
Access-Control-Allow-Origin: *
Content-Type: application/xml; charset=UTF-8
Content-Encoding: gzip
Content-Language: en-US
Content-Length: 146
Date: Wed, 19 Jan 2022 08:01:27 GMT

<Shipment Currency="COP" ShipNode="457" ShipmentKey="2022011908010668173423" Status="1600.002"/>

[INFO]-[2022-01-19 13:31:27.046]-[TestNG-test=OMS-3]-[requestCreationInOMS]-[RequestHelper.java:140]-Pre-condition for Test: getOrderDetails
[INFO]-[2022-01-19 13:31:27.049]-[TestNG-test=OMS-3]-[sendAPIRequest]-[RestAssuredRequest.java:20]-Calling POST request with end point : https://localhost:9443/smcfs/restapi/invoke/getOrderDetails
io.restassured.internal.RequestSpecificationImpl@16364863
io.restassured.internal.RestAssuredResponseImpl@19ad640b
[INFO]-[2022-01-19 13:31:27.950]-[TestNG-test=OMS-3]-[logRequestResponse]-[RequestPayload.java:171]-API Request sent : 
[INFO]-[2022-01-19 13:31:27.951]-[TestNG-test=OMS-3]-[logRequestResponse]-[RequestPayload.java:172]-Request method:	POST
Request URI:	https://localhost:9443/smcfs/restapi/invoke/getOrderDetails
Proxy:			<none>
Request params:	<none>
Query params:	<none>
Form params:	<none>
Path params:	<none>
Headers:		Accept=application/xml
				Authorization=Basic YWRtaW46cGFzc3dvcmQ=
				Content-Type=application/xml
Cookies:		<none>
Multiparts:		<none>
Body:
<Order DocumentType="0001" EnterpriseCode="FCVColombia" OrderHeaderKey="" OrderNo="COCC89508680"/>

[INFO]-[2022-01-19 13:31:27.952]-[TestNG-test=OMS-3]-[logRequestResponse]-[RequestPayload.java:174]-API Response received : 
[INFO]-[2022-01-19 13:31:27.953]-[TestNG-test=OMS-3]-[logRequestResponse]-[RequestPayload.java:175]-HTTP/1.1 200 OK
X-FRAME-OPTIONS: SAMEORIGIN
X-UA-Compatible: IE=EmulateIE8
Access-Control-Max-Age: 3600
Access-Control-Allow-Credentials: true
Access-Control-Allow-Origin: *
Content-Type: application/xml; charset=UTF-8
Content-Encoding: gzip
Content-Language: en-US
Content-Length: 3992
Date: Wed, 19 Jan 2022 08:01:27 GMT

<Order AllocationRuleID="DIF_SCH" AuthorizationExpirationDate="2022-01-19T08:01:27+00:00" BillToID="00198505" BuyerOrganizationCode="FCV.CO" CarrierAccountNo="" CarrierServiceCode="" ChainType="" ChargeActualFreightFlag="N" CustCustPONo="" CustomerEMailID="tremere27@gmail.com" CustomerPONo="" DeliveryCode="" Division="" DocumentType="0001" DraftOrderFlag="N" EnteredBy="00198505" EnterpriseCode="FCVColombia" EntryType="CustomerOnWeb" FreightTerms="" HasDeliveryLines="N" HasProductLines="Y" HasServiceLines="N" HoldFlag="Y" HoldReasonCode="SYSTEM" MaxOrderStatus="3700.3000" MaxOrderStatusDesc="Customer Picked Up" MinOrderStatus="3700.3000" MinOrderStatusDesc="Customer Picked Up" NotifyAfterShipmentFlag="N" OrderDate="2022-01-19T08:00:52+00:00" OrderHeaderKey="2022011908005268173351" OrderName="" OrderNo="COCC89508680" OrderType="PICK" OriginalTax="0.00" OriginalTotalAmount="38960.00" OtherCharges="0.00" PaymentStatus="PAID" PendingTransferIn="0.00" PersonalizeCode="" PriorityCode="" PriorityNumber="0" Purpose="" ReturnByGiftRecipient="" SCAC="" ScacAndService="" ScacAndServiceKey="" SearchCriteria1="" SearchCriteria2="" SellerOrganizationCode="FCV.CO" ShipToID="00198505" Status="Customer Picked Up" TaxExemptFlag="N" TaxExemptionCertificate="" TaxJurisdiction="" TaxPayerId="" TermsCode="" TotalAdjustmentAmount="0.00" isHistory="N">
  <AllowedModifications>
    <Modification ModificationType="REMOVE_PROMOTION" ThroughOverride="Y"/>
    <Modification ModificationType="CONTACT_INFO" ThroughOverride="Y"/>
    <Modification ModificationType="CHANGE_ITERATION" ThroughOverride="Y"/>
    <Modification ModificationType="BILLTO" ThroughOverride="Y"/>
    <Modification ModificationType="TAX" ThroughOverride="Y"/>
    <Modification ModificationType="CHANGE_PROMOTION" ThroughOverride="Y"/>
    <Modification ModificationType="FREIGHT_TERMS" ThroughOverride="Y"/>
    <Modification ModificationType="ADD_NOTE" ThroughOverride="N"/>
    <Modification ModificationType="CHANGE_STATUS" ThroughOverride="Y"/>
    <Modification ModificationType="ADD_LINE" ThroughOverride="Y"/>
    <Modification ModificationType="ADDITIONADDR" ThroughOverride="Y"/>
    <Modification ModificationType="SOLDTO" ThroughOverride="Y"/>
    <Modification ModificationType="REQ_SHIP_DATE" ThroughOverride="Y"/>
    <Modification ModificationType="PAYMENT_STATUS" ThroughOverride="Y"/>
    <Modification ModificationType="ADD_INSTRUCTION" ThroughOverride="Y"/>
    <Modification ModificationType="CHANGE_NOTE" ThroughOverride="Y"/>
    <Modification ModificationType="CHANGE_ORDER_DATE" ThroughOverride="Y"/>
    <Modification ModificationType="REMOVE_NOTE" ThroughOverride="Y"/>
    <Modification ModificationType="HOLD" ThroughOverride="Y"/>
    <Modification ModificationType="RULE_ID" ThroughOverride="Y"/>
    <Modification ModificationType="PRICE" ThroughOverride="Y"/>
    <Modification ModificationType="PAYMENT_METHOD" ThroughOverride="Y"/>
    <Modification ModificationType="CHANGE_CUSTOM_ATTRIBUTES" ThroughOverride="Y"/>
    <Modification ModificationType="RELEASE" ThroughOverride="Y"/>
    <Modification ModificationType="SHIP_NODE" ThroughOverride="Y"/>
    <Modification ModificationType="ANSWER_SET" ThroughOverride="Y"/>
    <Modification ModificationType="RECEIVING_NODE" ThroughOverride="Y"/>
    <Modification ModificationType="SHORT" ThroughOverride="Y"/>
    <Modification ModificationType="BUYER_USER_ID" ThroughOverride="Y"/>
    <Modification ModificationType="OTHERS" ThroughOverride="N"/>
    <Modification ModificationType="CHANGE_INSTRUCTION" ThroughOverride="Y"/>
    <Modification ModificationType="HOLD_TYPE" ThroughOverride="N"/>
    <Modification ModificationType="REFERENCES" ThroughOverride="N"/>
  </AllowedModifications>
  <PriceInfo Currency="COP" EnterpriseCurrency="COP" ReportingConversionDate="2022-01-19T08:00:52+00:00" ReportingConversionRate="1.00" TotalAmount="35970.00"/>
  <OrderLines>
    <OrderLine AllocationDate="2021-11-03" ApptStatus="" AwaitingDeliveryRequest="N" CanAddServiceLines="N" CarrierAccountNo="" CarrierServiceCode="" CustomerLinePONo="" CustomerPONo="" DeliveryCode="" DeliveryMethod="PICK" DepartmentCode="" FreightTerms="" FulfillmentType="" HasDeliveryLines="N" HasServiceLines="N" HoldFlag="N" HoldReasonCode="" ImportLicenseNo="" InvoicedQty="3" IsBundleParent="N" ItemGroupCode="PROD" KitCode="" LineSeqNo="1.1" LineType="CnC" MaxLineStatus="3700.3000" MaxLineStatusDesc="Customer Picked Up" MinLineStatus="3700.3000" MinLineStatusDesc="Customer Picked Up" OpenQty="0" OrderHeaderKey="2022011908005268173351" OrderLineKey="2022011908005268173352" OrderedQty="3" OriginalOrderedQty="3" OtherCharges="0.00" PackListType="" PersonalizeCode="" PersonalizeFlag="" PickableFlag="Y" PrimeLineNo="1" Purpose="" RemainingQty="0" ReqShipDate="2021-11-03T13:31:37+00:00" ReservationID="" ReservationPool="" SCAC="" ScacAndService="" ScacAndServiceKey="" Segment="" SegmentType="" SerialNo="" ShipNode="457" ShipToID="00198505" ShipTogetherNo="" SplitQty="0" Status="Customer Picked Up" StatusQuantity="3" SubLineNo="1" SubstituteItemID="" SubstituteItemUOM="" isHistory="N">
      <Item CostCurrency="COP" CountryOfOrigin="" CustomerItem="383949" CustomerItemDesc="Gaviscon (5+2.67+1.6)% Suspension Oral Frasco X 300mL Menta" ECCNNo="" HarmonizedCode="" ISBN="" ItemDesc="Gaviscon (5+2.67+1.6)% Suspension Oral Frasco X 300mL Menta" ItemID="383949" ItemShortDesc="Stevia Endulzante Natural X 200 Ta Caja X 200" ItemWeight="0.00" ItemWeightUOM="LBS" ManufacturerItem="" ManufacturerItemDesc="" ManufacturerName="RB HEALTH COLOMBIA SAS" NMFCClass="" NMFCCode="" NMFCDescription="" ProductClass="REGULAR" ProductLine="" ScheduleBCode="" SupplierItem="" SupplierItemDesc="" TaxProductCode="" UPCCode="" UnitCost="11990.00" UnitOfMeasure="EACH"/>
      <LinePriceInfo ActualPricingQty="3" DiscountPercentage="0.00" InvoicedPricingQty="3" IsPriceLocked="Y" LineTotal="35970.00" ListPrice="11990.00" OrderedPricingQty="3" PricingQtyConversionFactor="0" PricingUOM="EACH" RetailPrice="0.00" SettledAmount="0.00" SettledQuantity="0" TaxableFlag="N" UnitPrice="11990.00"/>
      <OrderLineOptions/>
      <WorkOrders NumberOfWorkOrders="0"/>
      <PersonInfoShipTo AddressLine1="Carrera 70 # 99-8" AddressLine2="" AddressLine3="" AddressLine4="Bogota" AddressLine5="" AddressLine6="" AlternateEmailID="" Beeper="" City="Bogota" Company="" Country="CO" DayFaxNo="" DayPhone="(+57) 1111111111" Department="" EMailID="test_user_66074730@testuser.com" EveningFaxNo="" EveningPhone="" FirstName="test" JobTitle="" LastName="test" MiddleName="" MobilePhone="(+57) 1111111111" OtherPhone="" PersonID="" PersonInfoKey="2021112515060161885970" State="Bogota" Suffix="" Title="" ZipCode=""/>
      <Instructions NumberOfInstructions="0"/>
      <References/>
      <KitLines NumberOfKitLines="0"/>
      <ProductItems/>
      <AdditionalAddresses NumberOfAdditionalAddresses="0"/>
      <Notes NumberOfNotes="0"/>
      <ServiceAssociations/>
      <ProductAssociations/>
      <DeliveryAssociations/>
      <Schedules>
        <Schedule ExpectedDeliveryDate="2022-01-19T08:00:56+00:00" ExpectedShipmentDate="2022-01-19T08:00:56+00:00" OrderHeaderKey="2022011908005268173351" OrderLineKey="2022011908005268173352" OrderLineScheduleKey="202201190854005668173402" Quantity="3" ScheduleNo="3" TagNumber=""/>
      </Schedules>
      <LineOverallTotals Charges="0.00" Discount="0.00" ExtendedPrice="35970.00" LineTotal="35970.00" OptionPrice="0.00" PricingQty="3.00" Tax="0.00" UnitPrice="11990.00"/>
      <LineInvoicedTotals AdditionalLinePriceTotal="0.00" Charges="0.00" Discount="0.00" ExtendedPrice="35970.00" LineTotal="35970.00" OptionPrice="0.00" PricingQty="3.00" Tax="0.00" UnitPrice="11990.00"/>
      <LineRemainingTotals AdditionalLinePriceTotal="0.00" Charges="0.00" Discount="0.00" ExtendedPrice="0.00" LineTotal="0.00" OptionPrice="0.00" PricingQty="0.00" Tax="0.00" UnitPrice="11990.00"/>
      <LineCharges/>
      <LineTaxes>
        <LineTax ChargeCategory="TAX" ChargeName="SALES_TAX" ChargeNameKey="20200210111055508944842" InvoicedTax="1914.00" Reference_1="" Reference_2="" Reference_3="" RemainingTax="0.00" Tax="1914.00" TaxName="SalesTax" TaxPercentage="0.00"/>
        <TaxSummary>
          <TaxSummaryDetail InvoicedTax="1914.00" OverallTax="1914.00" RemainingTax="0.00" TaxName="SalesTax"/>
        </TaxSummary>
      </LineTaxes>
      <OrderStatuses>
        <OrderStatus OrderHeaderKey="2022011908005268173351" OrderLineKey="2022011908005268173352" OrderLineScheduleKey="202201190854005668173402" OrderReleaseKey="2022011908005668173401" OrderReleaseStatusKey="202201190820012768173524" PipelineKey="202004200551401016291479" ShipNode="457" Status="3700.3000" StatusDate="2022-01-19T08:01:27+00:00" StatusDescription="Customer Picked Up" StatusQty="3" TotalQuantity="3">
          <Details ExpectedDeliveryDate="2022-01-19T08:00:56+00:00" ExpectedShipmentDate="2022-01-19T08:00:56+00:00" TagNumber="">
            <KitDetails/>
          </Details>
        </OrderStatus>
      </OrderStatuses>
      <CapacityAllocations/>
    </OrderLine>
  </OrderLines>
  <Instructions NumberOfInstructions="0"/>
  <PersonInfoShipTo AddressLine1="Carrera 70 # 99-8" AddressLine2="" AddressLine3="" AddressLine4="Bogota" AddressLine5="" AddressLine6="" AlternateEmailID="" Beeper="" City="Bogota" Company="" Country="CO" DayFaxNo="" DayPhone="(+57) 1111111111" Department="" EMailID="test_user_66074730@testuser.com" EveningFaxNo="" EveningPhone="" FirstName="test" JobTitle="" LastName="test" MiddleName="" MobilePhone="(+57) 1111111111" OtherPhone="" PersonID="" PersonInfoKey="2021112515060161885970" State="Bogota" Suffix="" Title="" ZipCode=""/>
  <PersonInfoBillTo AddressLine1="Carrera 70 # 99-8" AddressLine2="" AddressLine3="" AddressLine4="Bogota" AddressLine5="" AddressLine6="" AlternateEmailID="" Beeper="" City="Bogota" Company="" Country="CO" DayFaxNo="" DayPhone="(+57) 1111111111" Department="" EMailID="test_user_66074730@testuser.com" EveningFaxNo="" EveningPhone="" FirstName="test" JobTitle="" LastName="test" MiddleName="" MobilePhone="" OtherPhone="" PersonID="" PersonInfoKey="2021112515060161885971" State="Bogota" Suffix="" Title="" ZipCode=""/>
  <AdditionalAddresses NumberOfAdditionalAddresses="0"/>
  <References/>
  <PaymentMethods>
    <PaymentMethod CheckNo="" CheckReference="" CreditCardExpDate="20251101" CreditCardName="Luis Gino Beltran" CreditCardNo="371180" CreditCardType="AMEX" CustomerPONo="" DisplayCreditCardNo="7522" DisplayCustomerAccountNo="" DisplayPaymentReference1="" DisplaySvcNo="" FundsAvailable="0.00" GetFundsAvailableUserExitInvoked="N" PaymentReference1="" PaymentReference2="MPAGO_CREDIT" PaymentReference3="1023936477" PaymentType="CREDIT_CARD"/>
  </PaymentMethods>
  <ChargeTransactionDetails AdditionalExpectedAuthorizations="0.00" TotalCredits="35970.00" TotalDebits="35970.00" TotalOpenAuthorizations="0.00" TotalOpenBookings="0.00" TotalTransferredIn="0.00" TotalTransferredOut="0.00">
    <ChargeTransactionDetail AuditTransactionID="" AuthorizationExpirationDate="2022-01-19T08:00:52+00:00" AuthorizationID="" BookAmount="0.00" ChargeTransactionKey="2022011908005268173354" ChargeType="CHARGE" CollectionDate="2022-01-19T08:00:52+00:00" CreditAmount="35970.00" DebitAmount="0.00" DistributedAmount="0.00" HoldAgainstBook="Y" OpenAuthorizedAmount="0.00" OrderHeaderKey="2022011908005268173351" OrderInvoiceKey="" PaymentKey="202201190891005268173353" RequestAmount="35970.00" SettledAmount="0.00" Status="CLOSED" TransactionDate="2022-01-19T08:00:52+00:00" TransferFromOhKey="" TransferToOhKey="" UserExitStatus="">
      <InvoiceCollectionDetails/>
      <CreditCardTransactions>
        <CreditCardTransaction AuthAmount="35970.00" AuthAvs="" AuthCode="1234546089" AuthReturnCode="" AuthReturnFlag="" AuthReturnMessage="" AuthTime="2022-01-19T08:00:52+00:00" CVVAuthCode="" ChargeTransactionKey="2022011908005268173354" CreditCardTransactionKey="202201190801005268173355" InternalReturnCode="" InternalReturnFlag="" InternalReturnMessage="" ParentKey="" Reference1="" Reference2="" RequestId="" TranAmount="35970.00" TranRequestTime="2022-01-19T08:00:52+00:00" TranReturnCode="" TranReturnFlag="" TranReturnMessage="" TranType="CHARGE"/>
      </CreditCardTransactions>
      <TransferToOrder/>
      <TransferFromOrder/>
    </ChargeTransactionDetail>
    <ChargeTransactionDetail AuditTransactionID="" AuthorizationExpirationDate="2022-01-19T08:00:52+00:00" AuthorizationID="" BookAmount="38960.00" ChargeTransactionKey="2022011908005268173360" ChargeType="CREATE_ORDER" CollectionDate="2022-01-19T08:00:52+00:00" CreditAmount="0.00" DebitAmount="0.00" DistributedAmount="0.00" HoldAgainstBook="" OpenAuthorizedAmount="0.00" OrderHeaderKey="2022011908005268173351" OrderInvoiceKey="" PaymentKey="" RequestAmount="0.00" SettledAmount="0.00" Status="OPEN" TransactionDate="2022-01-19T08:00:52+00:00" TransferFromOhKey="" TransferToOhKey="" UserExitStatus="">
      <InvoiceCollectionDetails/>
      <CreditCardTransactions/>
      <TransferToOrder/>
      <TransferFromOrder/>
    </ChargeTransactionDetail>
    <ChargeTransactionDetail AuditTransactionID="" AuthorizationExpirationDate="2022-01-19T08:01:27+00:00" AuthorizationID="" BookAmount="-35970.00" ChargeTransactionKey="2022011908012768173544" ChargeType="SHIPMENT" CollectionDate="2022-01-19T08:01:27+00:00" CreditAmount="0.00" DebitAmount="35970.00" DistributedAmount="0.00" HoldAgainstBook="" OpenAuthorizedAmount="0.00" OrderHeaderKey="2022011908005268173351" OrderInvoiceKey="202201190868012768173540" PaymentKey="" RequestAmount="0.00" SettledAmount="0.00" Status="OPEN" TransactionDate="2022-01-19T08:01:27+00:00" TransferFromOhKey="" TransferToOhKey="" UserExitStatus="">
      <InvoiceCollectionDetails/>
      <CreditCardTransactions/>
      <TransferToOrder/>
      <TransferFromOrder/>
    </ChargeTransactionDetail>
    <ChargeTransactionDetail AuditTransactionID="" AuthorizationExpirationDate="2022-01-19T08:01:27+00:00" AuthorizationID="" BookAmount="-2990.00" ChargeTransactionKey="2022011908012768173545" ChargeType="CHANGE_PRICE" CollectionDate="2022-01-19T08:01:27+00:00" CreditAmount="0.00" DebitAmount="0.00" DistributedAmount="0.00" HoldAgainstBook="" OpenAuthorizedAmount="0.00" OrderHeaderKey="2022011908005268173351" OrderInvoiceKey="" PaymentKey="" RequestAmount="0.00" SettledAmount="0.00" Status="OPEN" TransactionDate="2022-01-19T08:01:27+00:00" TransferFromOhKey="" TransferToOhKey="" UserExitStatus="">
      <InvoiceCollectionDetails/>
      <CreditCardTransactions/>
      <TransferToOrder/>
      <TransferFromOrder/>
    </ChargeTransactionDetail>
  </ChargeTransactionDetails>
  <ProductServiceAssocs/>
  <OverallTotals GrandCharges="0.00" GrandDiscount="0.00" GrandTax="0.00" GrandTotal="35970.00" HdrCharges="0.00" HdrDiscount="0.00" HdrTax="0.00" HdrTotal="0.00" LineSubTotal="35970.00"/>
  <InvoicedTotals GrandCharges="0.00" GrandDiscount="0.00" GrandTax="0.00" GrandTotal="35970.00" HdrCharges="0.00" HdrDiscount="0.00" HdrTax="0.00" HdrTotal="0.00" LineSubTotal="35970.00"/>
  <RemainingTotals GrandCharges="0.00" GrandDiscount="0.00" GrandTax="0.00" GrandTotal="0.00" HdrCharges="0.00" HdrDiscount="0.00" HdrTax="0.00" HdrTotal="0.00" LineSubTotal="0.00"/>
  <HeaderCharges>
    <HeaderCharge ChargeAmount="0.00" ChargeCategory="SHIPPING" ChargeName="SHIPPING_CHARGE" ChargeNameKey="20200210110952508937952" InvoicedChargeAmount="0.00" IsBillable="Y" IsDiscount="N" Reference="" RemainingChargeAmount="0.00"/>
  </HeaderCharges>
  <HeaderTaxes>
    <HeaderTax ChargeCategory="TAX" ChargeName="SHIPPING_TAX" ChargeNameKey="20200210111104508945910" InvoicedTax="477.00" Reference_1="" Reference_2="" Reference_3="" RemainingTax="0.00" Tax="477.00" TaxName="SHIPPING_TAX" TaxPercentage="0.00" TaxableFlag="Y"/>
    <TaxSummary>
      <TaxSummaryDetail InvoicedTax="477.00" OverallTax="477.00" RemainingTax="0.00" TaxName="SHIPPING_TAX"/>
    </TaxSummary>
  </HeaderTaxes>
  <OrderStatuses>
    <OrderStatus OrderHeaderKey="2022011908005268173351" OrderLineKey="2022011908005268173352" OrderLineScheduleKey="202201190854005668173402" OrderReleaseKey="2022011908005668173401" OrderReleaseStatusKey="202201190820012768173524" PipelineKey="202004200551401016291479" ShipNode="457" Status="3700.3000" StatusDate="2022-01-19T08:01:27+00:00" StatusDescription="Customer Picked Up" StatusQty="3" TotalQuantity="3">
      <Details ExpectedDeliveryDate="2022-01-19T08:00:56+00:00" ExpectedShipmentDate="2022-01-19T08:00:56+00:00" TagNumber=""/>
    </OrderStatus>
  </OrderStatuses>
  <ExchangeOrders/>
</Order>

[INFO]-[2022-01-19 13:31:28.097]-[TestNG-test=OMS-3]-[onTestSuccess]-[TestListener.java:64]-Test successfully completed : TC01_XML_BOPIS_SL_OrderFulfillment[TestClass name=class com.perfaware.automation.oms.sterling.common.testcases.XML_BOPIS_OrderFulfillment]
]]></system-out>
  </testcase>
  <testcase name="TC02_XML_BOPIS_ML_OrderFulfillment" classname="com.perfaware.automation.oms.sterling.common.testcases.XML_BOPIS_OrderFulfillment" time="62.625">
    <system-out><![CDATA[[INFO]-[2022-01-19 13:31:28.100]-[TestNG-test=OMS-3]-[onTestStart]-[TestListener.java:56]--------------------------------------------------------------------------------------------------------------------------
[INFO]-[2022-01-19 13:31:28.101]-[TestNG-test=OMS-3]-[onTestStart]-[TestListener.java:57]-Starting new testcase :TC02_XML_BOPIS_ML_OrderFulfillment
D:\AUTOMATION\OMSAutomation/Results/Current/Test Report/2022-01-19 13-29-36
[INFO]-[2022-01-19 13:31:28.110]-[TestNG-test=OMS-3]-[requestCreationInOMS]-[RequestHelper.java:80]-Pre-condition for Test: Load Item 
[INFO]-[2022-01-19 13:31:28.113]-[TestNG-test=OMS-3]-[sendAPIRequest]-[RestAssuredRequest.java:20]-Calling POST request with end point : https://localhost:9443/smcfs/restapi/invoke/manageItem
io.restassured.internal.RequestSpecificationImpl@4d387181
io.restassured.internal.RestAssuredResponseImpl@4ec170e
[INFO]-[2022-01-19 13:31:29.527]-[TestNG-test=OMS-3]-[logRequestResponse]-[RequestPayload.java:171]-API Request sent : 
[INFO]-[2022-01-19 13:31:29.528]-[TestNG-test=OMS-3]-[logRequestResponse]-[RequestPayload.java:172]-Request method:	POST
Request URI:	https://localhost:9443/smcfs/restapi/invoke/manageItem
Proxy:			<none>
Request params:	<none>
Query params:	<none>
Form params:	<none>
Path params:	<none>
Headers:		Accept=application/xml
				Authorization=Basic YWRtaW46cGFzc3dvcmQ=
				Content-Type=application/xml
Cookies:		<none>
Multiparts:		<none>
Body:
<ItemList>
  <Item Action="Manage" AssociateItemToCategories="N" ItemGroupCode="PROD" ItemID="480568" OrganizationCode="FCVColombiaInc" UnitOfMeasure="EACH">
    <PrimaryInformation ColorCode="" Description="Gaviscon (5+2.67+1.6)% Suspension Oral Frasco X 300mL Menta" ExtendedDescription="Gaviscon (5+2.67+1.6)% Suspension Oral Frasco X 300mL Menta" ImageID="ImglogoCV_OMS.jpg" ImageLocation="https://www.cruzverde.com.co/dw/image/v2/BDPM_PRD/on/demandware.static/-/Sites-masterCatalog_Colombia/default/dw2418520f/images/large/" IsDeliveryAllowed="Y" IsPickupAllowed="Y" IsProcurementAllowed="N" IsReturnable="Y" IsShippingAllowed="Y" ItemType="MP" ManufacturerName="RB HEALTH COLOMBIA SAS" ShortDescription="Gaviscon (5+2.67+1.6)% Suspension Oral Frasco X 300mL Menta" Status="3000"/>
    <InventoryParameters ATPRule="FCVColombia_ATP" InventoryMonitorRule="FCVColombia_RTAMATP" NodeLevelInventoryMonitorRule="FCVColombia_RTAMATP"/>
    <ItemAliasList>
      <ItemAlias Action="Modify" AliasName="EAN_VENDOR1" AliasValue="210830686120"/>
    </ItemAliasList>
    <Extn ExtnIsBioEquivalent="N" ExtnIsRegulatedItem="N" ExtnItemAroma="" ExtnItemCategory="OTHER" ExtnItemChemicalName="Sod " ExtnItemChemicalWeight="" ExtnItemDetails="" ExtnItemFormat="" ExtnItemVolUOM="cm3" ExtnItemVolume="0"/>
  </Item>
  <Item Action="Manage" AssociateItemToCategories="N" ItemGroupCode="PROD" ItemID="456636" OrganizationCode="FCVColombiaInc" UnitOfMeasure="EACH">
    <PrimaryInformation ColorCode="" Description="Gaviscon (5+2.67+1.6)% Suspension Oral Frasco X 300mL Menta" ExtendedDescription="Gaviscon (5+2.67+1.6)% Suspension Oral Frasco X 300mL Menta" ImageID="ImglogoCV_OMS.jpg" ImageLocation="https://www.cruzverde.com.co/dw/image/v2/BDPM_PRD/on/demandware.static/-/Sites-masterCatalog_Colombia/default/dw2418520f/images/large/" IsDeliveryAllowed="Y" IsPickupAllowed="Y" IsProcurementAllowed="N" IsReturnable="Y" IsShippingAllowed="Y" ItemType="MP" ManufacturerName="RB HEALTH COLOMBIA SAS" ShortDescription="Gaviscon (5+2.67+1.6)% Suspension Oral Frasco X 300mL Menta" Status="3000"/>
    <InventoryParameters ATPRule="FCVColombia_ATP" InventoryMonitorRule="FCVColombia_RTAMATP" NodeLevelInventoryMonitorRule="FCVColombia_RTAMATP"/>
    <ItemAliasList>
      <ItemAlias Action="Modify" AliasName="EAN_VENDOR1" AliasValue="550621352806"/>
    </ItemAliasList>
    <Extn ExtnIsBioEquivalent="N" ExtnIsRegulatedItem="N" ExtnItemAroma="" ExtnItemCategory="OTHER" ExtnItemChemicalName="Sod " ExtnItemChemicalWeight="" ExtnItemDetails="" ExtnItemFormat="" ExtnItemVolUOM="cm3" ExtnItemVolume="0"/>
  </Item>
</ItemList>

[INFO]-[2022-01-19 13:31:29.529]-[TestNG-test=OMS-3]-[logRequestResponse]-[RequestPayload.java:174]-API Response received : 
[INFO]-[2022-01-19 13:31:29.530]-[TestNG-test=OMS-3]-[logRequestResponse]-[RequestPayload.java:175]-HTTP/1.1 204 No Content
X-FRAME-OPTIONS: SAMEORIGIN
X-UA-Compatible: IE=EmulateIE8
Access-Control-Max-Age: 3600
Access-Control-Allow-Credentials: true
Access-Control-Allow-Origin: *
Content-Language: en-US
Content-Length: 0
Date: Wed, 19 Jan 2022 08:01:29 GMT

[INFO]-[2022-01-19 13:31:29.540]-[TestNG-test=OMS-3]-[requestCreationInOMS]-[RequestHelper.java:96]-Pre-condition for Test: Adjust Inventory 
[INFO]-[2022-01-19 13:31:29.544]-[TestNG-test=OMS-3]-[sendAPIRequest]-[RestAssuredRequest.java:20]-Calling POST request with end point : https://localhost:9443/smcfs/restapi/invoke/adjustInventory
io.restassured.internal.RequestSpecificationImpl@652f7569
io.restassured.internal.RestAssuredResponseImpl@18e2493c
[INFO]-[2022-01-19 13:31:30.356]-[TestNG-test=OMS-3]-[logRequestResponse]-[RequestPayload.java:171]-API Request sent : 
[INFO]-[2022-01-19 13:31:30.357]-[TestNG-test=OMS-3]-[logRequestResponse]-[RequestPayload.java:172]-Request method:	POST
Request URI:	https://localhost:9443/smcfs/restapi/invoke/adjustInventory
Proxy:			<none>
Request params:	<none>
Query params:	<none>
Form params:	<none>
Path params:	<none>
Headers:		Accept=application/xml
				Authorization=Basic YWRtaW46cGFzc3dvcmQ=
				Content-Type=application/xml
Cookies:		<none>
Multiparts:		<none>
Body:
<Items>
  <Item AdjustmentType="ADJUSTMENT" ItemID="480568" OrganizationCode="FCVColombiaInc" ProductClass="REGULAR" Quantity="3" ShipNode="457" SupplyType="ONHAND" UnitOfMeasure="EACH"/>
  <Item AdjustmentType="ADJUSTMENT" ItemID="456636" OrganizationCode="FCVColombiaInc" ProductClass="REGULAR" Quantity="2" ShipNode="457" SupplyType="ONHAND" UnitOfMeasure="EACH"/>
</Items>

[INFO]-[2022-01-19 13:31:30.358]-[TestNG-test=OMS-3]-[logRequestResponse]-[RequestPayload.java:174]-API Response received : 
[INFO]-[2022-01-19 13:31:30.359]-[TestNG-test=OMS-3]-[logRequestResponse]-[RequestPayload.java:175]-HTTP/1.1 204 No Content
X-FRAME-OPTIONS: SAMEORIGIN
X-UA-Compatible: IE=EmulateIE8
Access-Control-Max-Age: 3600
Access-Control-Allow-Credentials: true
Access-Control-Allow-Origin: *
Content-Language: en-US
Content-Length: 0
Date: Wed, 19 Jan 2022 08:01:30 GMT

[INFO]-[2022-01-19 13:31:30.423]-[TestNG-test=OMS-3]-[requestCreationInOMS]-[RequestHelper.java:113]-Pre-condition for Test: Create Order 
[INFO]-[2022-01-19 13:31:30.425]-[TestNG-test=OMS-3]-[sendAPIRequest]-[RestAssuredRequest.java:20]-Calling POST request with end point : https://localhost:9443/smcfs/restapi/invoke/createOrder
io.restassured.internal.RequestSpecificationImpl@435c3a29
io.restassured.internal.RestAssuredResponseImpl@3f33bef1
[INFO]-[2022-01-19 13:31:31.395]-[TestNG-test=OMS-3]-[logRequestResponse]-[RequestPayload.java:171]-API Request sent : 
[INFO]-[2022-01-19 13:31:31.396]-[TestNG-test=OMS-3]-[logRequestResponse]-[RequestPayload.java:172]-Request method:	POST
Request URI:	https://localhost:9443/smcfs/restapi/invoke/createOrder
Proxy:			<none>
Request params:	<none>
Query params:	<none>
Form params:	<none>
Path params:	<none>
Headers:		Accept=application/xml
				Authorization=Basic YWRtaW46cGFzc3dvcmQ=
				Content-Type=application/xml
Cookies:		<none>
Multiparts:		<none>
Body:
<Order AllocationRuleID="DIF_SCH" BillToID="00198505" CustomerContactID="" CustomerEMailID="tremere27@gmail.com" CustomerFirstName="test" CustomerLastName="test" CustomerPhoneNo="" DocumentType="0001" EnteredBy="00198505" EnterpriseCode="FCVColombia" EntryType="CustomerOnWeb" OrderNo="COCC95023498" OrderType="ONLINE" PaymentRuleId="FCVCOL_WEB_CARD_RULE" PaymentStatus="PAID" SellerOrganizationCode="FCV.CO">
  <PriceInfo Currency="COP"/>
  <Extn ExtnRUNRUTNIT="1010102239"/>
  <HeaderCharges>
    <HeaderCharge ChargeAmount="2990" ChargeCategory="SHIPPING" ChargeName="SHIPPING_CHARGE" IsManual="Y"/>
  </HeaderCharges>
  <HeaderTaxes>
    <HeaderTax ChargeCategory="TAX" ChargeName="SHIPPING_TAX" Tax="477" TaxName="SHIPPING_TAX" TaxableFlag="Y"/>
  </HeaderTaxes>
  <PersonInfoBillTo AddressLine1="Carrera 70 # 99-8" AddressLine2="" AddressLine4="Bogota" City="Bogota" Country="CO" DayPhone="(+57) 1111111111" EMailID="test_user_66074730@testuser.com" FirstName="test" LastName="test" State="Bogota"/>
  <PersonInfoShipTo AddressLine1="Carrera 70 # 99-8" AddressLine2="" AddressLine4="Bogota" City="Bogota" Country="CO" DayPhone="(+57) 1111111111" EMailID="test_user_66074730@testuser.com" FirstName="test" LastName="test" MobilePhone="(+57) 1111111111" State="Bogota"/>
  <OrderLines>
    <OrderLine DeliveryMethod="PICK" IsFirmPredefinedNode="Y" IsProcurementAllowed="Y" ItemGroupCode="PROD" LevelOfService="NextDay" LineType="CnC" OrderedQty="3" PrimeLineNo="1" ReqShipDate="2021-11-03T13:31:37.000Z" ShipNode="457" SubLineNo="1">
      <Item CostCurrency="COP" ItemID="480568" ItemShortDesc="Stevia Endulzante Natural X 200 Ta Caja X 200" ProductClass="REGULAR" UnitCost="11990" UnitOfMeasure="EACH"/>
      <LinePriceInfo IsPriceLocked="Y" ListPrice="11990" UnitPrice="11990"/>
      <Promotions>
        <Promotion PromotionId="001"/>
      </Promotions>
      <PersonInfoShipTo AddressLine1="Carrera 70 # 99-8" AddressLine2="" AddressLine4="Bogota" City="Bogota" Country="CO" DayPhone="(+57) 1111111111" EMailID="test_user_66074730@testuser.com" FirstName="test" LastName="test" Latitude="4.69381580" Longitude="-74.07590060" MobilePhone="(+57) 1111111111" State="Bogota"/>
      <Extn ExtnIsNightShipping="" ExtnIsPickUpByAuthPerson="N" ExtnIsPrescriptionHoldRequired="N" ExtnIsPrescriptionVerified="Y" ExtnVerifyPrescriptionAtPick="N"/>
      <LineTaxes>
        <LineTax ChargeCategory="TAX" ChargeName="SALES_TAX" Tax="1914" TaxName="SalesTax" TaxableFlag="Y"/>
      </LineTaxes>
    </OrderLine>
    <OrderLine DeliveryMethod="PICK" IsFirmPredefinedNode="Y" IsProcurementAllowed="Y" ItemGroupCode="PROD" LevelOfService="NextDay" LineType="CnC" OrderedQty="2" PrimeLineNo="2" ReqShipDate="2021-11-03T13:31:37.000Z" ShipNode="457" SubLineNo="1">
      <Item CostCurrency="COP" ItemID="456636" ItemShortDesc="Stevia Endulzante Natural X 200 Ta Caja X 200" ProductClass="REGULAR" UnitCost="11990" UnitOfMeasure="EACH"/>
      <LinePriceInfo IsPriceLocked="Y" ListPrice="11990" UnitPrice="11990"/>
      <Promotions>
        <Promotion PromotionId="001"/>
      </Promotions>
      <PersonInfoShipTo AddressLine1="Carrera 70 # 99-8" AddressLine2="" AddressLine4="Bogota" City="Bogota" Country="CO" DayPhone="(+57) 1111111111" EMailID="test_user_66074730@testuser.com" FirstName="test" LastName="test" Latitude="4.69381580" Longitude="-74.07590060" MobilePhone="(+57) 1111111111" State="Bogota"/>
      <Extn ExtnIsNightShipping="" ExtnIsPickUpByAuthPerson="N" ExtnIsPrescriptionHoldRequired="N" ExtnIsPrescriptionVerified="Y" ExtnVerifyPrescriptionAtPick="N"/>
      <LineTaxes>
        <LineTax ChargeCategory="TAX" ChargeName="SALES_TAX" Tax="1914" TaxName="SalesTax" TaxableFlag="Y"/>
      </LineTaxes>
    </OrderLine>
  </OrderLines>
  <PaymentMethods>
    <PaymentMethod ChargeSequence="1" CreditCardExpDate="20251101" CreditCardName="Luis Gino Beltran" CreditCardNo="371180" CreditCardType="AMEX" DisplayCreditCardNo="7522" FirstName="371180" LastName="Gino Beltran" MaxChargeLimit="59950.00" PaymentReference1="" PaymentReference2="MPAGO_CREDIT" PaymentReference3="1023936477" PaymentReference4="3" PaymentReference5="" PaymentReference6="MercadoPago" PaymentReference7="" PaymentReference8="" PaymentReference9="486481632" PaymentType="CREDIT_CARD" UnlimitedCharges="N">
      <PersonInfoBillTo AddressLine1="Carrera 70 # 99-8" AddressLine2="" AddressLine4="Bogota" City="Bogota" Country="CO" DayPhone="(+57) 1111111111" EMailID="test_user_66074730@testuser.com" FirstName="test" LastName="test" State="Bogota"/>
      <PaymentDetailsList>
        <PaymentDetails AuthCode="1234546089" AuthorizationID="" ChargeType="CHARGE" ProcessedAmount="59950.00" RequestAmount="59950.00" RequestProcessed="Y"/>
      </PaymentDetailsList>
    </PaymentMethod>
  </PaymentMethods>
</Order>

[INFO]-[2022-01-19 13:31:31.398]-[TestNG-test=OMS-3]-[logRequestResponse]-[RequestPayload.java:174]-API Response received : 
[INFO]-[2022-01-19 13:31:31.399]-[TestNG-test=OMS-3]-[logRequestResponse]-[RequestPayload.java:175]-HTTP/1.1 200 OK
X-FRAME-OPTIONS: SAMEORIGIN
X-UA-Compatible: IE=EmulateIE8
Access-Control-Max-Age: 3600
Access-Control-Allow-Credentials: true
Access-Control-Allow-Origin: *
Content-Type: application/xml; charset=UTF-8
Content-Encoding: gzip
Content-Language: en-US
Content-Length: 164
Date: Wed, 19 Jan 2022 08:01:31 GMT

<Order DocumentType="0001" EnterpriseCode="FCVColombia" OrderHeaderKey="2022011908013168173579" OrderNo="COCC95023498"/>

[INFO]-[2022-01-19 13:31:31.482]-[TestNG-test=OMS-3]-[requestCreationInOMS]-[RequestHelper.java:140]-Pre-condition for Test: getOrderDetails
[INFO]-[2022-01-19 13:31:31.483]-[TestNG-test=OMS-3]-[sendAPIRequest]-[RestAssuredRequest.java:20]-Calling POST request with end point : https://localhost:9443/smcfs/restapi/invoke/getOrderDetails
io.restassured.internal.RequestSpecificationImpl@3f71d576
io.restassured.internal.RestAssuredResponseImpl@56697dd9
[INFO]-[2022-01-19 13:31:32.348]-[TestNG-test=OMS-3]-[logRequestResponse]-[RequestPayload.java:171]-API Request sent : 
[INFO]-[2022-01-19 13:31:32.349]-[TestNG-test=OMS-3]-[logRequestResponse]-[RequestPayload.java:172]-Request method:	POST
Request URI:	https://localhost:9443/smcfs/restapi/invoke/getOrderDetails
Proxy:			<none>
Request params:	<none>
Query params:	<none>
Form params:	<none>
Path params:	<none>
Headers:		Accept=application/xml
				Authorization=Basic YWRtaW46cGFzc3dvcmQ=
				Content-Type=application/xml
Cookies:		<none>
Multiparts:		<none>
Body:
<Order DocumentType="0001" EnterpriseCode="FCVColombia" OrderHeaderKey="" OrderNo="COCC95023498"/>

[INFO]-[2022-01-19 13:31:32.350]-[TestNG-test=OMS-3]-[logRequestResponse]-[RequestPayload.java:174]-API Response received : 
[INFO]-[2022-01-19 13:31:32.350]-[TestNG-test=OMS-3]-[logRequestResponse]-[RequestPayload.java:175]-HTTP/1.1 200 OK
X-FRAME-OPTIONS: SAMEORIGIN
X-UA-Compatible: IE=EmulateIE8
Access-Control-Max-Age: 3600
Access-Control-Allow-Credentials: true
Access-Control-Allow-Origin: *
Content-Type: application/xml; charset=UTF-8
Content-Encoding: gzip
Content-Language: en-US
Content-Length: 4182
Date: Wed, 19 Jan 2022 08:01:32 GMT

<Order AllocationRuleID="DIF_SCH" AuthorizationExpirationDate="2022-01-19T08:01:31+00:00" BillToID="00198505" BuyerOrganizationCode="FCV.CO" CarrierAccountNo="" CarrierServiceCode="" ChainType="" ChargeActualFreightFlag="N" CustCustPONo="" CustomerEMailID="tremere27@gmail.com" CustomerPONo="" DeliveryCode="" Division="" DocumentType="0001" DraftOrderFlag="N" EnteredBy="00198505" EnterpriseCode="FCVColombia" EntryType="CustomerOnWeb" FreightTerms="" HasDeliveryLines="N" HasProductLines="Y" HasServiceLines="N" HoldFlag="N" HoldReasonCode="" MaxOrderStatus="1100" MaxOrderStatusDesc="Created" MinOrderStatus="1100" MinOrderStatusDesc="Created" NotifyAfterShipmentFlag="N" OrderDate="2022-01-19T08:01:31+00:00" OrderHeaderKey="2022011908013168173579" OrderName="" OrderNo="COCC95023498" OrderType="PICK" OriginalTax="0.00" OriginalTotalAmount="62940.00" OtherCharges="2990.00" PaymentStatus="PAID" PendingTransferIn="0.00" PersonalizeCode="" PriorityCode="" PriorityNumber="0" Purpose="" ReturnByGiftRecipient="" SCAC="" ScacAndService="" ScacAndServiceKey="" SearchCriteria1="" SearchCriteria2="" SellerOrganizationCode="FCV.CO" ShipToID="00198505" Status="Created" TaxExemptFlag="N" TaxExemptionCertificate="" TaxJurisdiction="" TaxPayerId="" TermsCode="" TotalAdjustmentAmount="0.00" isHistory="N">
  <AllowedModifications>
    <Modification ModificationType="REMOVE_PROMOTION" ThroughOverride="N"/>
    <Modification ModificationType="ORDER_NAME" ThroughOverride="N"/>
    <Modification ModificationType="CONTACT_INFO" ThroughOverride="N"/>
    <Modification ModificationType="CHANGE_ITERATION" ThroughOverride="Y"/>
    <Modification ModificationType="BILLTO" ThroughOverride="N"/>
    <Modification ModificationType="TAX" ThroughOverride="N"/>
    <Modification ModificationType="CHANGE_PROMOTION" ThroughOverride="N"/>
    <Modification ModificationType="SHIPTO" ThroughOverride="N"/>
    <Modification ModificationType="FREIGHT_TERMS" ThroughOverride="N"/>
    <Modification ModificationType="ADD_NOTE" ThroughOverride="N"/>
    <Modification ModificationType="CHANGE_STATUS" ThroughOverride="Y"/>
    <Modification ModificationType="ADD_LINE" ThroughOverride="N"/>
    <Modification ModificationType="CARRIER" ThroughOverride="N"/>
    <Modification ModificationType="ADDITIONADDR" ThroughOverride="N"/>
    <Modification ModificationType="SOLDTO" ThroughOverride="N"/>
    <Modification ModificationType="REQ_SHIP_DATE" ThroughOverride="N"/>
    <Modification ModificationType="PAYMENT_STATUS" ThroughOverride="N"/>
    <Modification ModificationType="ADD_INSTRUCTION" ThroughOverride="N"/>
    <Modification ModificationType="CHANGE_NOTE" ThroughOverride="Y"/>
    <Modification ModificationType="CARRIER_ACCOUNT_NO" ThroughOverride="N"/>
    <Modification ModificationType="CHANGE_ORDER_DATE" ThroughOverride="N"/>
    <Modification ModificationType="REMOVE_NOTE" ThroughOverride="N"/>
    <Modification ModificationType="CHANGE_SCHEDULE" ThroughOverride="N"/>
    <Modification ModificationType="HOLD" ThroughOverride="N"/>
    <Modification ModificationType="SPECIAL_SERVICE" ThroughOverride="N"/>
    <Modification ModificationType="RULE_ID" ThroughOverride="N"/>
    <Modification ModificationType="PRICE" ThroughOverride="N"/>
    <Modification ModificationType="CARRIER_SERVICE_CODE" ThroughOverride="N"/>
    <Modification ModificationType="PAYMENT_METHOD" ThroughOverride="N"/>
    <Modification ModificationType="CHANGE_CUSTOM_ATTRIBUTES" ThroughOverride="N"/>
    <Modification ModificationType="RELEASE" ThroughOverride="N"/>
    <Modification ModificationType="SHIP_NODE" ThroughOverride="N"/>
    <Modification ModificationType="ANSWER_SET" ThroughOverride="N"/>
    <Modification ModificationType="MARKFOR" ThroughOverride="N"/>
    <Modification ModificationType="RECEIVING_NODE" ThroughOverride="N"/>
    <Modification ModificationType="SHORT" ThroughOverride="N"/>
    <Modification ModificationType="BUYER_USER_ID" ThroughOverride="Y"/>
    <Modification ModificationType="OTHERS" ThroughOverride="N"/>
    <Modification ModificationType="DELIVERY_CODE" ThroughOverride="N"/>
    <Modification ModificationType="LEVEL_OF_SERVICE" ThroughOverride="Y"/>
    <Modification ModificationType="CANCEL" ThroughOverride="N"/>
    <Modification ModificationType="CHANGE_INSTRUCTION" ThroughOverride="N"/>
    <Modification ModificationType="HOLD_TYPE" ThroughOverride="N"/>
    <Modification ModificationType="REFERENCES" ThroughOverride="N"/>
  </AllowedModifications>
  <PriceInfo Currency="COP" EnterpriseCurrency="COP" ReportingConversionDate="2022-01-19T08:01:31+00:00" ReportingConversionRate="1.00" TotalAmount="62940.00"/>
  <OrderLines>
    <OrderLine AllocationDate="2021-11-03" ApptStatus="" AwaitingDeliveryRequest="N" CanAddServiceLines="N" CarrierAccountNo="" CarrierServiceCode="" CustomerLinePONo="" CustomerPONo="" DeliveryCode="" DeliveryMethod="PICK" DepartmentCode="" FreightTerms="" FulfillmentType="" HasDeliveryLines="N" HasServiceLines="N" HoldFlag="N" HoldReasonCode="" ImportLicenseNo="" InvoicedQty="0" IsBundleParent="N" ItemGroupCode="PROD" KitCode="" LineSeqNo="1.1" LineType="CnC" MaxLineStatus="1100" MaxLineStatusDesc="Created" MinLineStatus="1100" MinLineStatusDesc="Created" OpenQty="3" OrderHeaderKey="2022011908013168173579" OrderLineKey="2022011908013168173580" OrderedQty="3" OriginalOrderedQty="3" OtherCharges="0.00" PackListType="" PersonalizeCode="" PersonalizeFlag="" PickableFlag="Y" PrimeLineNo="1" Purpose="" RemainingQty="3" ReqShipDate="2021-11-03T13:31:37+00:00" ReservationID="" ReservationPool="" SCAC="" ScacAndService="" ScacAndServiceKey="" Segment="" SegmentType="" SerialNo="" ShipNode="457" ShipToID="00198505" ShipTogetherNo="" SplitQty="0" Status="Created" StatusQuantity="3" SubLineNo="1" SubstituteItemID="" SubstituteItemUOM="" isHistory="N">
      <Item CostCurrency="COP" CountryOfOrigin="" CustomerItem="480568" CustomerItemDesc="Gaviscon (5+2.67+1.6)% Suspension Oral Frasco X 300mL Menta" ECCNNo="" HarmonizedCode="" ISBN="" ItemDesc="Gaviscon (5+2.67+1.6)% Suspension Oral Frasco X 300mL Menta" ItemID="480568" ItemShortDesc="Stevia Endulzante Natural X 200 Ta Caja X 200" ItemWeight="0.00" ItemWeightUOM="LBS" ManufacturerItem="" ManufacturerItemDesc="" ManufacturerName="RB HEALTH COLOMBIA SAS" NMFCClass="" NMFCCode="" NMFCDescription="" ProductClass="REGULAR" ProductLine="" ScheduleBCode="" SupplierItem="" SupplierItemDesc="" TaxProductCode="" UPCCode="" UnitCost="11990.00" UnitOfMeasure="EACH"/>
      <LinePriceInfo ActualPricingQty="3" DiscountPercentage="0.00" InvoicedPricingQty="0" IsPriceLocked="Y" LineTotal="35970.00" ListPrice="11990.00" OrderedPricingQty="3" PricingQtyConversionFactor="0" PricingUOM="EACH" RetailPrice="0.00" SettledAmount="0.00" SettledQuantity="0" TaxableFlag="N" UnitPrice="11990.00"/>
      <OrderLineOptions/>
      <WorkOrders NumberOfWorkOrders="0"/>
      <PersonInfoShipTo AddressLine1="Carrera 70 # 99-8" AddressLine2="" AddressLine3="" AddressLine4="Bogota" AddressLine5="" AddressLine6="" AlternateEmailID="" Beeper="" City="Bogota" Company="" Country="CO" DayFaxNo="" DayPhone="(+57) 1111111111" Department="" EMailID="test_user_66074730@testuser.com" EveningFaxNo="" EveningPhone="" FirstName="test" JobTitle="" LastName="test" MiddleName="" MobilePhone="(+57) 1111111111" OtherPhone="" PersonID="" PersonInfoKey="2021112515060161885970" State="Bogota" Suffix="" Title="" ZipCode=""/>
      <Instructions NumberOfInstructions="0"/>
      <References/>
      <KitLines NumberOfKitLines="0"/>
      <ProductItems/>
      <AdditionalAddresses NumberOfAdditionalAddresses="0"/>
      <Notes NumberOfNotes="0"/>
      <ServiceAssociations/>
      <ProductAssociations/>
      <DeliveryAssociations/>
      <Schedules>
        <Schedule ExpectedDeliveryDate="2021-11-03T13:31:37+00:00" ExpectedShipmentDate="2021-11-03T13:31:37+00:00" OrderHeaderKey="2022011908013168173579" OrderLineKey="2022011908013168173580" OrderLineScheduleKey="202201190805013168173588" Quantity="3" ScheduleNo="1" TagNumber=""/>
      </Schedules>
      <LineOverallTotals Charges="0.00" Discount="0.00" ExtendedPrice="35970.00" LineTotal="35970.00" OptionPrice="0.00" PricingQty="3.00" Tax="0.00" UnitPrice="11990.00"/>
      <LineInvoicedTotals AdditionalLinePriceTotal="0.00" Charges="0.00" Discount="0.00" ExtendedPrice="0.00" LineTotal="0.00" OptionPrice="0.00" PricingQty="0.00" Tax="0.00" UnitPrice="0.00"/>
      <LineRemainingTotals AdditionalLinePriceTotal="0.00" Charges="0.00" Discount="0.00" ExtendedPrice="35970.00" LineTotal="35970.00" OptionPrice="0.00" PricingQty="3.00" Tax="0.00" UnitPrice="11990.00"/>
      <LineCharges/>
      <LineTaxes>
        <LineTax ChargeCategory="TAX" ChargeName="SALES_TAX" ChargeNameKey="20200210111055508944842" InvoicedTax="0.00" Reference_1="" Reference_2="" Reference_3="" RemainingTax="1914.00" Tax="1914.00" TaxName="SalesTax" TaxPercentage="0.00"/>
        <TaxSummary>
          <TaxSummaryDetail InvoicedTax="0.00" OverallTax="1914.00" RemainingTax="1914.00" TaxName="SalesTax"/>
        </TaxSummary>
      </LineTaxes>
      <OrderStatuses>
        <OrderStatus OrderHeaderKey="2022011908013168173579" OrderLineKey="2022011908013168173580" OrderLineScheduleKey="202201190805013168173588" OrderReleaseStatusKey="202201190829013168173589" PipelineKey="202004200551401016291479" ShipNode="457" Status="1100" StatusDate="2022-01-19T08:01:31+00:00" StatusDescription="Created" StatusQty="3" TotalQuantity="3">
          <Details ExpectedDeliveryDate="2021-11-03T13:31:37+00:00" ExpectedShipmentDate="2021-11-03T13:31:37+00:00" TagNumber="">
            <KitDetails/>
          </Details>
        </OrderStatus>
      </OrderStatuses>
      <CapacityAllocations/>
    </OrderLine>
    <OrderLine AllocationDate="2021-11-03" ApptStatus="" AwaitingDeliveryRequest="N" CanAddServiceLines="N" CarrierAccountNo="" CarrierServiceCode="" CustomerLinePONo="" CustomerPONo="" DeliveryCode="" DeliveryMethod="PICK" DepartmentCode="" FreightTerms="" FulfillmentType="" HasDeliveryLines="N" HasServiceLines="N" HoldFlag="N" HoldReasonCode="" ImportLicenseNo="" InvoicedQty="0" IsBundleParent="N" ItemGroupCode="PROD" KitCode="" LineSeqNo="2.1" LineType="CnC" MaxLineStatus="1100" MaxLineStatusDesc="Created" MinLineStatus="1100" MinLineStatusDesc="Created" OpenQty="2" OrderHeaderKey="2022011908013168173579" OrderLineKey="2022011908013168173581" OrderedQty="2" OriginalOrderedQty="2" OtherCharges="0.00" PackListType="" PersonalizeCode="" PersonalizeFlag="" PickableFlag="Y" PrimeLineNo="2" Purpose="" RemainingQty="2" ReqShipDate="2021-11-03T13:31:37+00:00" ReservationID="" ReservationPool="" SCAC="" ScacAndService="" ScacAndServiceKey="" Segment="" SegmentType="" SerialNo="" ShipNode="457" ShipToID="00198505" ShipTogetherNo="" SplitQty="0" Status="Created" StatusQuantity="2" SubLineNo="1" SubstituteItemID="" SubstituteItemUOM="" isHistory="N">
      <Item CostCurrency="COP" CountryOfOrigin="" CustomerItem="456636" CustomerItemDesc="Gaviscon (5+2.67+1.6)% Suspension Oral Frasco X 300mL Menta" ECCNNo="" HarmonizedCode="" ISBN="" ItemDesc="Gaviscon (5+2.67+1.6)% Suspension Oral Frasco X 300mL Menta" ItemID="456636" ItemShortDesc="Stevia Endulzante Natural X 200 Ta Caja X 200" ItemWeight="0.00" ItemWeightUOM="LBS" ManufacturerItem="" ManufacturerItemDesc="" ManufacturerName="RB HEALTH COLOMBIA SAS" NMFCClass="" NMFCCode="" NMFCDescription="" ProductClass="REGULAR" ProductLine="" ScheduleBCode="" SupplierItem="" SupplierItemDesc="" TaxProductCode="" UPCCode="" UnitCost="11990.00" UnitOfMeasure="EACH"/>
      <LinePriceInfo ActualPricingQty="2" DiscountPercentage="0.00" InvoicedPricingQty="0" IsPriceLocked="Y" LineTotal="23980.00" ListPrice="11990.00" OrderedPricingQty="2" PricingQtyConversionFactor="0" PricingUOM="EACH" RetailPrice="0.00" SettledAmount="0.00" SettledQuantity="0" TaxableFlag="N" UnitPrice="11990.00"/>
      <OrderLineOptions/>
      <WorkOrders NumberOfWorkOrders="0"/>
      <PersonInfoShipTo AddressLine1="Carrera 70 # 99-8" AddressLine2="" AddressLine3="" AddressLine4="Bogota" AddressLine5="" AddressLine6="" AlternateEmailID="" Beeper="" City="Bogota" Company="" Country="CO" DayFaxNo="" DayPhone="(+57) 1111111111" Department="" EMailID="test_user_66074730@testuser.com" EveningFaxNo="" EveningPhone="" FirstName="test" JobTitle="" LastName="test" MiddleName="" MobilePhone="(+57) 1111111111" OtherPhone="" PersonID="" PersonInfoKey="2021112515060161885970" State="Bogota" Suffix="" Title="" ZipCode=""/>
      <Instructions NumberOfInstructions="0"/>
      <References/>
      <KitLines NumberOfKitLines="0"/>
      <ProductItems/>
      <AdditionalAddresses NumberOfAdditionalAddresses="0"/>
      <Notes NumberOfNotes="0"/>
      <ServiceAssociations/>
      <ProductAssociations/>
      <DeliveryAssociations/>
      <Schedules>
        <Schedule ExpectedDeliveryDate="2021-11-03T13:31:37+00:00" ExpectedShipmentDate="2021-11-03T13:31:37+00:00" OrderHeaderKey="2022011908013168173579" OrderLineKey="2022011908013168173581" OrderLineScheduleKey="202201190882013168173586" Quantity="2" ScheduleNo="1" TagNumber=""/>
      </Schedules>
      <LineOverallTotals Charges="0.00" Discount="0.00" ExtendedPrice="23980.00" LineTotal="23980.00" OptionPrice="0.00" PricingQty="2.00" Tax="0.00" UnitPrice="11990.00"/>
      <LineInvoicedTotals AdditionalLinePriceTotal="0.00" Charges="0.00" Discount="0.00" ExtendedPrice="0.00" LineTotal="0.00" OptionPrice="0.00" PricingQty="0.00" Tax="0.00" UnitPrice="0.00"/>
      <LineRemainingTotals AdditionalLinePriceTotal="0.00" Charges="0.00" Discount="0.00" ExtendedPrice="23980.00" LineTotal="23980.00" OptionPrice="0.00" PricingQty="2.00" Tax="0.00" UnitPrice="11990.00"/>
      <LineCharges/>
      <LineTaxes>
        <LineTax ChargeCategory="TAX" ChargeName="SALES_TAX" ChargeNameKey="20200210111055508944842" InvoicedTax="0.00" Reference_1="" Reference_2="" Reference_3="" RemainingTax="1914.00" Tax="1914.00" TaxName="SalesTax" TaxPercentage="0.00"/>
        <TaxSummary>
          <TaxSummaryDetail InvoicedTax="0.00" OverallTax="1914.00" RemainingTax="1914.00" TaxName="SalesTax"/>
        </TaxSummary>
      </LineTaxes>
      <OrderStatuses>
        <OrderStatus OrderHeaderKey="2022011908013168173579" OrderLineKey="2022011908013168173581" OrderLineScheduleKey="202201190882013168173586" OrderReleaseStatusKey="202201190889013168173587" PipelineKey="202004200551401016291479" ShipNode="457" Status="1100" StatusDate="2022-01-19T08:01:31+00:00" StatusDescription="Created" StatusQty="2" TotalQuantity="2">
          <Details ExpectedDeliveryDate="2021-11-03T13:31:37+00:00" ExpectedShipmentDate="2021-11-03T13:31:37+00:00" TagNumber="">
            <KitDetails/>
          </Details>
        </OrderStatus>
      </OrderStatuses>
      <CapacityAllocations/>
    </OrderLine>
  </OrderLines>
  <Instructions NumberOfInstructions="0"/>
  <PersonInfoShipTo AddressLine1="Carrera 70 # 99-8" AddressLine2="" AddressLine3="" AddressLine4="Bogota" AddressLine5="" AddressLine6="" AlternateEmailID="" Beeper="" City="Bogota" Company="" Country="CO" DayFaxNo="" DayPhone="(+57) 1111111111" Department="" EMailID="test_user_66074730@testuser.com" EveningFaxNo="" EveningPhone="" FirstName="test" JobTitle="" LastName="test" MiddleName="" MobilePhone="(+57) 1111111111" OtherPhone="" PersonID="" PersonInfoKey="2021112515060161885970" State="Bogota" Suffix="" Title="" ZipCode=""/>
  <PersonInfoBillTo AddressLine1="Carrera 70 # 99-8" AddressLine2="" AddressLine3="" AddressLine4="Bogota" AddressLine5="" AddressLine6="" AlternateEmailID="" Beeper="" City="Bogota" Company="" Country="CO" DayFaxNo="" DayPhone="(+57) 1111111111" Department="" EMailID="test_user_66074730@testuser.com" EveningFaxNo="" EveningPhone="" FirstName="test" JobTitle="" LastName="test" MiddleName="" MobilePhone="" OtherPhone="" PersonID="" PersonInfoKey="2021112515060161885971" State="Bogota" Suffix="" Title="" ZipCode=""/>
  <AdditionalAddresses NumberOfAdditionalAddresses="0"/>
  <References/>
  <PaymentMethods>
    <PaymentMethod CheckNo="" CheckReference="" CreditCardExpDate="20251101" CreditCardName="Luis Gino Beltran" CreditCardNo="371180" CreditCardType="AMEX" CustomerPONo="" DisplayCreditCardNo="7522" DisplayCustomerAccountNo="" DisplayPaymentReference1="" DisplaySvcNo="" FundsAvailable="0.00" GetFundsAvailableUserExitInvoked="N" PaymentReference1="" PaymentReference2="MPAGO_CREDIT" PaymentReference3="1023936477" PaymentType="CREDIT_CARD"/>
  </PaymentMethods>
  <ChargeTransactionDetails AdditionalExpectedAuthorizations="0.00" TotalCredits="59950.00" TotalDebits="0.00" TotalOpenAuthorizations="0.00" TotalOpenBookings="62940.00" TotalTransferredIn="0.00" TotalTransferredOut="0.00">
    <ChargeTransactionDetail AuditTransactionID="" AuthorizationExpirationDate="2022-01-19T08:01:31+00:00" AuthorizationID="" BookAmount="0.00" ChargeTransactionKey="2022011908013168173583" ChargeType="CHARGE" CollectionDate="2022-01-19T08:01:31+00:00" CreditAmount="59950.00" DebitAmount="0.00" DistributedAmount="0.00" HoldAgainstBook="Y" OpenAuthorizedAmount="0.00" OrderHeaderKey="2022011908013168173579" OrderInvoiceKey="" PaymentKey="202201190879013168173582" RequestAmount="59950.00" SettledAmount="0.00" Status="CLOSED" TransactionDate="2022-01-19T08:01:31+00:00" TransferFromOhKey="" TransferToOhKey="" UserExitStatus="">
      <InvoiceCollectionDetails/>
      <CreditCardTransactions>
        <CreditCardTransaction AuthAmount="59950.00" AuthAvs="" AuthCode="1234546089" AuthReturnCode="" AuthReturnFlag="" AuthReturnMessage="" AuthTime="2022-01-19T08:01:31+00:00" CVVAuthCode="" ChargeTransactionKey="2022011908013168173583" CreditCardTransactionKey="202201190833013168173584" InternalReturnCode="" InternalReturnFlag="" InternalReturnMessage="" ParentKey="" Reference1="" Reference2="" RequestId="" TranAmount="59950.00" TranRequestTime="2022-01-19T08:01:31+00:00" TranReturnCode="" TranReturnFlag="" TranReturnMessage="" TranType="CHARGE"/>
      </CreditCardTransactions>
      <TransferToOrder/>
      <TransferFromOrder/>
    </ChargeTransactionDetail>
    <ChargeTransactionDetail AuditTransactionID="" AuthorizationExpirationDate="2022-01-19T08:01:31+00:00" AuthorizationID="" BookAmount="62940.00" ChargeTransactionKey="2022011908013168173592" ChargeType="CREATE_ORDER" CollectionDate="2022-01-19T08:01:31+00:00" CreditAmount="0.00" DebitAmount="0.00" DistributedAmount="0.00" HoldAgainstBook="" OpenAuthorizedAmount="0.00" OrderHeaderKey="2022011908013168173579" OrderInvoiceKey="" PaymentKey="" RequestAmount="0.00" SettledAmount="0.00" Status="OPEN" TransactionDate="2022-01-19T08:01:31+00:00" TransferFromOhKey="" TransferToOhKey="" UserExitStatus="">
      <InvoiceCollectionDetails/>
      <CreditCardTransactions/>
      <TransferToOrder/>
      <TransferFromOrder/>
    </ChargeTransactionDetail>
  </ChargeTransactionDetails>
  <ProductServiceAssocs/>
  <OverallTotals GrandCharges="2990.00" GrandDiscount="0.00" GrandTax="0.00" GrandTotal="62940.00" HdrCharges="2990.00" HdrDiscount="0.00" HdrTax="0.00" HdrTotal="2990.00" LineSubTotal="59950.00"/>
  <InvoicedTotals GrandCharges="0.00" GrandDiscount="0.00" GrandTax="0.00" GrandTotal="0.00" HdrCharges="0.00" HdrDiscount="0.00" HdrTax="0.00" HdrTotal="0.00" LineSubTotal="0.00"/>
  <RemainingTotals GrandCharges="2990.00" GrandDiscount="0.00" GrandTax="0.00" GrandTotal="62940.00" HdrCharges="2990.00" HdrDiscount="0.00" HdrTax="0.00" HdrTotal="2990.00" LineSubTotal="59950.00"/>
  <HeaderCharges>
    <HeaderCharge ChargeAmount="2990.00" ChargeCategory="SHIPPING" ChargeName="SHIPPING_CHARGE" ChargeNameKey="20200210110952508937952" InvoicedChargeAmount="0.00" IsBillable="Y" IsDiscount="N" Reference="" RemainingChargeAmount="2990.00"/>
  </HeaderCharges>
  <HeaderTaxes>
    <HeaderTax ChargeCategory="TAX" ChargeName="SHIPPING_TAX" ChargeNameKey="20200210111104508945910" InvoicedTax="0.00" Reference_1="" Reference_2="" Reference_3="" RemainingTax="477.00" Tax="477.00" TaxName="SHIPPING_TAX" TaxPercentage="0.00" TaxableFlag="Y"/>
    <TaxSummary>
      <TaxSummaryDetail InvoicedTax="0.00" OverallTax="477.00" RemainingTax="477.00" TaxName="SHIPPING_TAX"/>
    </TaxSummary>
  </HeaderTaxes>
  <OrderStatuses>
    <OrderStatus OrderHeaderKey="2022011908013168173579" OrderLineKey="2022011908013168173580" OrderLineScheduleKey="202201190805013168173588" OrderReleaseStatusKey="202201190829013168173589" PipelineKey="202004200551401016291479" ShipNode="457" Status="1100" StatusDate="2022-01-19T08:01:31+00:00" StatusDescription="Created" StatusQty="3" TotalQuantity="3">
      <Details ExpectedDeliveryDate="2021-11-03T13:31:37+00:00" ExpectedShipmentDate="2021-11-03T13:31:37+00:00" TagNumber=""/>
    </OrderStatus>
    <OrderStatus OrderHeaderKey="2022011908013168173579" OrderLineKey="2022011908013168173581" OrderLineScheduleKey="202201190882013168173586" OrderReleaseStatusKey="202201190889013168173587" PipelineKey="202004200551401016291479" ShipNode="457" Status="1100" StatusDate="2022-01-19T08:01:31+00:00" StatusDescription="Created" StatusQty="2" TotalQuantity="2">
      <Details ExpectedDeliveryDate="2021-11-03T13:31:37+00:00" ExpectedShipmentDate="2021-11-03T13:31:37+00:00" TagNumber=""/>
    </OrderStatus>
  </OrderStatuses>
  <ExchangeOrders/>
</Order>

[INFO]-[2022-01-19 13:31:32.657]-[TestNG-test=OMS-3]-[requestCreationInOMS]-[RequestHelper.java:175]-Pre-condition for Test: Change Order for resolving the holds
[INFO]-[2022-01-19 13:31:32.664]-[TestNG-test=OMS-3]-[sendAPIRequest]-[RestAssuredRequest.java:20]-Calling POST request with end point : https://localhost:9443/smcfs/restapi/invoke/scheduleOrder
io.restassured.internal.RequestSpecificationImpl@12c7ab38
io.restassured.internal.RestAssuredResponseImpl@59d704e9
[INFO]-[2022-01-19 13:31:33.612]-[TestNG-test=OMS-3]-[logRequestResponse]-[RequestPayload.java:171]-API Request sent : 
[INFO]-[2022-01-19 13:31:33.613]-[TestNG-test=OMS-3]-[logRequestResponse]-[RequestPayload.java:172]-Request method:	POST
Request URI:	https://localhost:9443/smcfs/restapi/invoke/scheduleOrder
Proxy:			<none>
Request params:	<none>
Query params:	<none>
Form params:	<none>
Path params:	<none>
Headers:		Accept=application/xml
				Authorization=Basic YWRtaW46cGFzc3dvcmQ=
				Content-Type=application/xml
Cookies:		<none>
Multiparts:		<none>
Body:
<ScheduleOrder CheckInventory="Y" DocumentType="0001" EnterpriseCode="FCVColombia" OrderHeaderKey="" OrderNo="COCC95023498"/>

[INFO]-[2022-01-19 13:31:33.614]-[TestNG-test=OMS-3]-[logRequestResponse]-[RequestPayload.java:174]-API Response received : 
[INFO]-[2022-01-19 13:31:33.614]-[TestNG-test=OMS-3]-[logRequestResponse]-[RequestPayload.java:175]-HTTP/1.1 204 No Content
X-FRAME-OPTIONS: SAMEORIGIN
X-UA-Compatible: IE=EmulateIE8
Access-Control-Max-Age: 3600
Access-Control-Allow-Credentials: true
Access-Control-Allow-Origin: *
Content-Language: en-US
Content-Length: 0
Date: Wed, 19 Jan 2022 08:01:33 GMT

[INFO]-[2022-01-19 13:31:33.619]-[TestNG-test=OMS-3]-[requestCreationInOMS]-[RequestHelper.java:140]-Pre-condition for Test: getOrderDetails
[INFO]-[2022-01-19 13:31:33.620]-[TestNG-test=OMS-3]-[sendAPIRequest]-[RestAssuredRequest.java:20]-Calling POST request with end point : https://localhost:9443/smcfs/restapi/invoke/getOrderDetails
io.restassured.internal.RequestSpecificationImpl@69179d03
io.restassured.internal.RestAssuredResponseImpl@56e2173b
[INFO]-[2022-01-19 13:31:34.482]-[TestNG-test=OMS-3]-[logRequestResponse]-[RequestPayload.java:171]-API Request sent : 
[INFO]-[2022-01-19 13:31:34.483]-[TestNG-test=OMS-3]-[logRequestResponse]-[RequestPayload.java:172]-Request method:	POST
Request URI:	https://localhost:9443/smcfs/restapi/invoke/getOrderDetails
Proxy:			<none>
Request params:	<none>
Query params:	<none>
Form params:	<none>
Path params:	<none>
Headers:		Accept=application/xml
				Authorization=Basic YWRtaW46cGFzc3dvcmQ=
				Content-Type=application/xml
Cookies:		<none>
Multiparts:		<none>
Body:
<Order DocumentType="0001" EnterpriseCode="FCVColombia" OrderHeaderKey="" OrderNo="COCC95023498"/>

[INFO]-[2022-01-19 13:31:34.484]-[TestNG-test=OMS-3]-[logRequestResponse]-[RequestPayload.java:174]-API Response received : 
[INFO]-[2022-01-19 13:31:34.485]-[TestNG-test=OMS-3]-[logRequestResponse]-[RequestPayload.java:175]-HTTP/1.1 200 OK
X-FRAME-OPTIONS: SAMEORIGIN
X-UA-Compatible: IE=EmulateIE8
Access-Control-Max-Age: 3600
Access-Control-Allow-Credentials: true
Access-Control-Allow-Origin: *
Content-Type: application/xml; charset=UTF-8
Content-Encoding: gzip
Content-Language: en-US
Content-Length: 4207
Date: Wed, 19 Jan 2022 08:01:34 GMT

<Order AllocationRuleID="DIF_SCH" AuthorizationExpirationDate="2022-01-19T08:01:31+00:00" BillToID="00198505" BuyerOrganizationCode="FCV.CO" CarrierAccountNo="" CarrierServiceCode="" ChainType="" ChargeActualFreightFlag="N" CustCustPONo="" CustomerEMailID="tremere27@gmail.com" CustomerPONo="" DeliveryCode="" Division="" DocumentType="0001" DraftOrderFlag="N" EnteredBy="00198505" EnterpriseCode="FCVColombia" EntryType="CustomerOnWeb" FreightTerms="" HasDeliveryLines="N" HasProductLines="Y" HasServiceLines="N" HoldFlag="N" HoldReasonCode="" MaxOrderStatus="1500" MaxOrderStatusDesc="Scheduled" MinOrderStatus="1500" MinOrderStatusDesc="Scheduled" NotifyAfterShipmentFlag="N" OrderDate="2022-01-19T08:01:31+00:00" OrderHeaderKey="2022011908013168173579" OrderName="" OrderNo="COCC95023498" OrderType="PICK" OriginalTax="0.00" OriginalTotalAmount="62940.00" OtherCharges="2990.00" PaymentStatus="PAID" PendingTransferIn="0.00" PersonalizeCode="" PriorityCode="" PriorityNumber="0" Purpose="" ReturnByGiftRecipient="" SCAC="" ScacAndService="" ScacAndServiceKey="" SearchCriteria1="" SearchCriteria2="" SellerOrganizationCode="FCV.CO" ShipToID="00198505" Status="Scheduled" TaxExemptFlag="N" TaxExemptionCertificate="" TaxJurisdiction="" TaxPayerId="" TermsCode="" TotalAdjustmentAmount="0.00" isHistory="N">
  <AllowedModifications>
    <Modification ModificationType="REMOVE_PROMOTION" ThroughOverride="Y"/>
    <Modification ModificationType="ORDER_NAME" ThroughOverride="Y"/>
    <Modification ModificationType="CONTACT_INFO" ThroughOverride="Y"/>
    <Modification ModificationType="CHANGE_ITERATION" ThroughOverride="Y"/>
    <Modification ModificationType="BILLTO" ThroughOverride="Y"/>
    <Modification ModificationType="TAX" ThroughOverride="Y"/>
    <Modification ModificationType="CHANGE_PROMOTION" ThroughOverride="Y"/>
    <Modification ModificationType="SHIPTO" ThroughOverride="Y"/>
    <Modification ModificationType="FREIGHT_TERMS" ThroughOverride="Y"/>
    <Modification ModificationType="ADD_NOTE" ThroughOverride="N"/>
    <Modification ModificationType="CHANGE_STATUS" ThroughOverride="Y"/>
    <Modification ModificationType="ADD_LINE" ThroughOverride="Y"/>
    <Modification ModificationType="CARRIER" ThroughOverride="Y"/>
    <Modification ModificationType="ADDITIONADDR" ThroughOverride="Y"/>
    <Modification ModificationType="SOLDTO" ThroughOverride="Y"/>
    <Modification ModificationType="REQ_SHIP_DATE" ThroughOverride="Y"/>
    <Modification ModificationType="PAYMENT_STATUS" ThroughOverride="Y"/>
    <Modification ModificationType="ADD_INSTRUCTION" ThroughOverride="Y"/>
    <Modification ModificationType="CHANGE_NOTE" ThroughOverride="Y"/>
    <Modification ModificationType="CARRIER_ACCOUNT_NO" ThroughOverride="Y"/>
    <Modification ModificationType="CHANGE_ORDER_DATE" ThroughOverride="Y"/>
    <Modification ModificationType="REMOVE_NOTE" ThroughOverride="Y"/>
    <Modification ModificationType="CHANGE_SCHEDULE" ThroughOverride="Y"/>
    <Modification ModificationType="HOLD" ThroughOverride="N"/>
    <Modification ModificationType="SPECIAL_SERVICE" ThroughOverride="Y"/>
    <Modification ModificationType="RULE_ID" ThroughOverride="N"/>
    <Modification ModificationType="PRICE" ThroughOverride="Y"/>
    <Modification ModificationType="CARRIER_SERVICE_CODE" ThroughOverride="Y"/>
    <Modification ModificationType="PAYMENT_METHOD" ThroughOverride="Y"/>
    <Modification ModificationType="CHANGE_CUSTOM_ATTRIBUTES" ThroughOverride="N"/>
    <Modification ModificationType="RELEASE" ThroughOverride="N"/>
    <Modification ModificationType="SHIP_NODE" ThroughOverride="N"/>
    <Modification ModificationType="ANSWER_SET" ThroughOverride="Y"/>
    <Modification ModificationType="MARKFOR" ThroughOverride="Y"/>
    <Modification ModificationType="RECEIVING_NODE" ThroughOverride="Y"/>
    <Modification ModificationType="SHORT" ThroughOverride="Y"/>
    <Modification ModificationType="BUYER_USER_ID" ThroughOverride="Y"/>
    <Modification ModificationType="OTHERS" ThroughOverride="N"/>
    <Modification ModificationType="DELIVERY_CODE" ThroughOverride="Y"/>
    <Modification ModificationType="LEVEL_OF_SERVICE" ThroughOverride="Y"/>
    <Modification ModificationType="CANCEL" ThroughOverride="N"/>
    <Modification ModificationType="UNSCHEDULE" ThroughOverride="N"/>
    <Modification ModificationType="CHANGE_INSTRUCTION" ThroughOverride="Y"/>
    <Modification ModificationType="HOLD_TYPE" ThroughOverride="N"/>
    <Modification ModificationType="REFERENCES" ThroughOverride="Y"/>
  </AllowedModifications>
  <PriceInfo Currency="COP" EnterpriseCurrency="COP" ReportingConversionDate="2022-01-19T08:01:31+00:00" ReportingConversionRate="1.00" TotalAmount="62940.00"/>
  <OrderLines>
    <OrderLine AllocationDate="2021-11-03" ApptStatus="" AwaitingDeliveryRequest="N" CanAddServiceLines="N" CarrierAccountNo="" CarrierServiceCode="" CustomerLinePONo="" CustomerPONo="" DeliveryCode="" DeliveryMethod="PICK" DepartmentCode="" FreightTerms="" FulfillmentType="" HasDeliveryLines="N" HasServiceLines="N" HoldFlag="N" HoldReasonCode="" ImportLicenseNo="" InvoicedQty="0" IsBundleParent="N" ItemGroupCode="PROD" KitCode="" LineSeqNo="1.1" LineType="CnC" MaxLineStatus="1500" MaxLineStatusDesc="Scheduled" MinLineStatus="1500" MinLineStatusDesc="Scheduled" OpenQty="3" OrderHeaderKey="2022011908013168173579" OrderLineKey="2022011908013168173580" OrderedQty="3" OriginalOrderedQty="3" OtherCharges="0.00" PackListType="" PersonalizeCode="" PersonalizeFlag="" PickableFlag="Y" PrimeLineNo="1" Purpose="" RemainingQty="3" ReqShipDate="2021-11-03T13:31:37+00:00" ReservationID="" ReservationPool="" SCAC="" ScacAndService="" ScacAndServiceKey="" Segment="" SegmentType="" SerialNo="" ShipNode="457" ShipToID="00198505" ShipTogetherNo="" SplitQty="0" Status="Scheduled" StatusQuantity="3" SubLineNo="1" SubstituteItemID="" SubstituteItemUOM="" isHistory="N">
      <Item CostCurrency="COP" CountryOfOrigin="" CustomerItem="480568" CustomerItemDesc="Gaviscon (5+2.67+1.6)% Suspension Oral Frasco X 300mL Menta" ECCNNo="" HarmonizedCode="" ISBN="" ItemDesc="Gaviscon (5+2.67+1.6)% Suspension Oral Frasco X 300mL Menta" ItemID="480568" ItemShortDesc="Stevia Endulzante Natural X 200 Ta Caja X 200" ItemWeight="0.00" ItemWeightUOM="LBS" ManufacturerItem="" ManufacturerItemDesc="" ManufacturerName="RB HEALTH COLOMBIA SAS" NMFCClass="" NMFCCode="" NMFCDescription="" ProductClass="REGULAR" ProductLine="" ScheduleBCode="" SupplierItem="" SupplierItemDesc="" TaxProductCode="" UPCCode="" UnitCost="11990.00" UnitOfMeasure="EACH"/>
      <LinePriceInfo ActualPricingQty="3" DiscountPercentage="0.00" InvoicedPricingQty="0" IsPriceLocked="Y" LineTotal="35970.00" ListPrice="11990.00" OrderedPricingQty="3" PricingQtyConversionFactor="0" PricingUOM="EACH" RetailPrice="0.00" SettledAmount="0.00" SettledQuantity="0" TaxableFlag="N" UnitPrice="11990.00"/>
      <OrderLineOptions/>
      <WorkOrders NumberOfWorkOrders="0"/>
      <PersonInfoShipTo AddressLine1="Carrera 70 # 99-8" AddressLine2="" AddressLine3="" AddressLine4="Bogota" AddressLine5="" AddressLine6="" AlternateEmailID="" Beeper="" City="Bogota" Company="" Country="CO" DayFaxNo="" DayPhone="(+57) 1111111111" Department="" EMailID="test_user_66074730@testuser.com" EveningFaxNo="" EveningPhone="" FirstName="test" JobTitle="" LastName="test" MiddleName="" MobilePhone="(+57) 1111111111" OtherPhone="" PersonID="" PersonInfoKey="2021112515060161885970" State="Bogota" Suffix="" Title="" ZipCode=""/>
      <Instructions NumberOfInstructions="0"/>
      <References/>
      <KitLines NumberOfKitLines="0"/>
      <ProductItems/>
      <AdditionalAddresses NumberOfAdditionalAddresses="0"/>
      <Notes NumberOfNotes="0"/>
      <ServiceAssociations/>
      <ProductAssociations/>
      <DeliveryAssociations/>
      <Schedules>
        <Schedule ExpectedDeliveryDate="2022-01-19T08:01:33+00:00" ExpectedShipmentDate="2022-01-19T08:01:33+00:00" OrderHeaderKey="2022011908013168173579" OrderLineKey="2022011908013168173580" OrderLineScheduleKey="202201190872013368173605" Quantity="3" ScheduleNo="2" TagNumber=""/>
      </Schedules>
      <LineOverallTotals Charges="0.00" Discount="0.00" ExtendedPrice="35970.00" LineTotal="35970.00" OptionPrice="0.00" PricingQty="3.00" Tax="0.00" UnitPrice="11990.00"/>
      <LineInvoicedTotals AdditionalLinePriceTotal="0.00" Charges="0.00" Discount="0.00" ExtendedPrice="0.00" LineTotal="0.00" OptionPrice="0.00" PricingQty="0.00" Tax="0.00" UnitPrice="0.00"/>
      <LineRemainingTotals AdditionalLinePriceTotal="0.00" Charges="0.00" Discount="0.00" ExtendedPrice="35970.00" LineTotal="35970.00" OptionPrice="0.00" PricingQty="3.00" Tax="0.00" UnitPrice="11990.00"/>
      <LineCharges/>
      <LineTaxes>
        <LineTax ChargeCategory="TAX" ChargeName="SALES_TAX" ChargeNameKey="20200210111055508944842" InvoicedTax="0.00" Reference_1="" Reference_2="" Reference_3="" RemainingTax="1914.00" Tax="1914.00" TaxName="SalesTax" TaxPercentage="0.00"/>
        <TaxSummary>
          <TaxSummaryDetail InvoicedTax="0.00" OverallTax="1914.00" RemainingTax="1914.00" TaxName="SalesTax"/>
        </TaxSummary>
      </LineTaxes>
      <OrderStatuses>
        <OrderStatus OrderHeaderKey="2022011908013168173579" OrderLineKey="2022011908013168173580" OrderLineScheduleKey="202201190872013368173605" OrderReleaseStatusKey="202201190815013368173606" PipelineKey="202004200551401016291479" ShipNode="457" Status="1500" StatusDate="2022-01-19T08:01:33+00:00" StatusDescription="Scheduled" StatusQty="3" TotalQuantity="3">
          <Details ExpectedDeliveryDate="2022-01-19T08:01:33+00:00" ExpectedShipmentDate="2022-01-19T08:01:33+00:00" TagNumber="">
            <KitDetails/>
          </Details>
        </OrderStatus>
      </OrderStatuses>
      <CapacityAllocations/>
    </OrderLine>
    <OrderLine AllocationDate="2021-11-03" ApptStatus="" AwaitingDeliveryRequest="N" CanAddServiceLines="N" CarrierAccountNo="" CarrierServiceCode="" CustomerLinePONo="" CustomerPONo="" DeliveryCode="" DeliveryMethod="PICK" DepartmentCode="" FreightTerms="" FulfillmentType="" HasDeliveryLines="N" HasServiceLines="N" HoldFlag="N" HoldReasonCode="" ImportLicenseNo="" InvoicedQty="0" IsBundleParent="N" ItemGroupCode="PROD" KitCode="" LineSeqNo="2.1" LineType="CnC" MaxLineStatus="1500" MaxLineStatusDesc="Scheduled" MinLineStatus="1500" MinLineStatusDesc="Scheduled" OpenQty="2" OrderHeaderKey="2022011908013168173579" OrderLineKey="2022011908013168173581" OrderedQty="2" OriginalOrderedQty="2" OtherCharges="0.00" PackListType="" PersonalizeCode="" PersonalizeFlag="" PickableFlag="Y" PrimeLineNo="2" Purpose="" RemainingQty="2" ReqShipDate="2021-11-03T13:31:37+00:00" ReservationID="" ReservationPool="" SCAC="" ScacAndService="" ScacAndServiceKey="" Segment="" SegmentType="" SerialNo="" ShipNode="457" ShipToID="00198505" ShipTogetherNo="" SplitQty="0" Status="Scheduled" StatusQuantity="2" SubLineNo="1" SubstituteItemID="" SubstituteItemUOM="" isHistory="N">
      <Item CostCurrency="COP" CountryOfOrigin="" CustomerItem="456636" CustomerItemDesc="Gaviscon (5+2.67+1.6)% Suspension Oral Frasco X 300mL Menta" ECCNNo="" HarmonizedCode="" ISBN="" ItemDesc="Gaviscon (5+2.67+1.6)% Suspension Oral Frasco X 300mL Menta" ItemID="456636" ItemShortDesc="Stevia Endulzante Natural X 200 Ta Caja X 200" ItemWeight="0.00" ItemWeightUOM="LBS" ManufacturerItem="" ManufacturerItemDesc="" ManufacturerName="RB HEALTH COLOMBIA SAS" NMFCClass="" NMFCCode="" NMFCDescription="" ProductClass="REGULAR" ProductLine="" ScheduleBCode="" SupplierItem="" SupplierItemDesc="" TaxProductCode="" UPCCode="" UnitCost="11990.00" UnitOfMeasure="EACH"/>
      <LinePriceInfo ActualPricingQty="2" DiscountPercentage="0.00" InvoicedPricingQty="0" IsPriceLocked="Y" LineTotal="23980.00" ListPrice="11990.00" OrderedPricingQty="2" PricingQtyConversionFactor="0" PricingUOM="EACH" RetailPrice="0.00" SettledAmount="0.00" SettledQuantity="0" TaxableFlag="N" UnitPrice="11990.00"/>
      <OrderLineOptions/>
      <WorkOrders NumberOfWorkOrders="0"/>
      <PersonInfoShipTo AddressLine1="Carrera 70 # 99-8" AddressLine2="" AddressLine3="" AddressLine4="Bogota" AddressLine5="" AddressLine6="" AlternateEmailID="" Beeper="" City="Bogota" Company="" Country="CO" DayFaxNo="" DayPhone="(+57) 1111111111" Department="" EMailID="test_user_66074730@testuser.com" EveningFaxNo="" EveningPhone="" FirstName="test" JobTitle="" LastName="test" MiddleName="" MobilePhone="(+57) 1111111111" OtherPhone="" PersonID="" PersonInfoKey="2021112515060161885970" State="Bogota" Suffix="" Title="" ZipCode=""/>
      <Instructions NumberOfInstructions="0"/>
      <References/>
      <KitLines NumberOfKitLines="0"/>
      <ProductItems/>
      <AdditionalAddresses NumberOfAdditionalAddresses="0"/>
      <Notes NumberOfNotes="0"/>
      <ServiceAssociations/>
      <ProductAssociations/>
      <DeliveryAssociations/>
      <Schedules>
        <Schedule ExpectedDeliveryDate="2022-01-19T08:01:33+00:00" ExpectedShipmentDate="2022-01-19T08:01:33+00:00" OrderHeaderKey="2022011908013168173579" OrderLineKey="2022011908013168173581" OrderLineScheduleKey="202201190819013368173602" Quantity="2" ScheduleNo="2" TagNumber=""/>
      </Schedules>
      <LineOverallTotals Charges="0.00" Discount="0.00" ExtendedPrice="23980.00" LineTotal="23980.00" OptionPrice="0.00" PricingQty="2.00" Tax="0.00" UnitPrice="11990.00"/>
      <LineInvoicedTotals AdditionalLinePriceTotal="0.00" Charges="0.00" Discount="0.00" ExtendedPrice="0.00" LineTotal="0.00" OptionPrice="0.00" PricingQty="0.00" Tax="0.00" UnitPrice="0.00"/>
      <LineRemainingTotals AdditionalLinePriceTotal="0.00" Charges="0.00" Discount="0.00" ExtendedPrice="23980.00" LineTotal="23980.00" OptionPrice="0.00" PricingQty="2.00" Tax="0.00" UnitPrice="11990.00"/>
      <LineCharges/>
      <LineTaxes>
        <LineTax ChargeCategory="TAX" ChargeName="SALES_TAX" ChargeNameKey="20200210111055508944842" InvoicedTax="0.00" Reference_1="" Reference_2="" Reference_3="" RemainingTax="1914.00" Tax="1914.00" TaxName="SalesTax" TaxPercentage="0.00"/>
        <TaxSummary>
          <TaxSummaryDetail InvoicedTax="0.00" OverallTax="1914.00" RemainingTax="1914.00" TaxName="SalesTax"/>
        </TaxSummary>
      </LineTaxes>
      <OrderStatuses>
        <OrderStatus OrderHeaderKey="2022011908013168173579" OrderLineKey="2022011908013168173581" OrderLineScheduleKey="202201190819013368173602" OrderReleaseStatusKey="202201190801013368173603" PipelineKey="202004200551401016291479" ShipNode="457" Status="1500" StatusDate="2022-01-19T08:01:33+00:00" StatusDescription="Scheduled" StatusQty="2" TotalQuantity="2">
          <Details ExpectedDeliveryDate="2022-01-19T08:01:33+00:00" ExpectedShipmentDate="2022-01-19T08:01:33+00:00" TagNumber="">
            <KitDetails/>
          </Details>
        </OrderStatus>
      </OrderStatuses>
      <CapacityAllocations/>
    </OrderLine>
  </OrderLines>
  <Instructions NumberOfInstructions="0"/>
  <PersonInfoShipTo AddressLine1="Carrera 70 # 99-8" AddressLine2="" AddressLine3="" AddressLine4="Bogota" AddressLine5="" AddressLine6="" AlternateEmailID="" Beeper="" City="Bogota" Company="" Country="CO" DayFaxNo="" DayPhone="(+57) 1111111111" Department="" EMailID="test_user_66074730@testuser.com" EveningFaxNo="" EveningPhone="" FirstName="test" JobTitle="" LastName="test" MiddleName="" MobilePhone="(+57) 1111111111" OtherPhone="" PersonID="" PersonInfoKey="2021112515060161885970" State="Bogota" Suffix="" Title="" ZipCode=""/>
  <PersonInfoBillTo AddressLine1="Carrera 70 # 99-8" AddressLine2="" AddressLine3="" AddressLine4="Bogota" AddressLine5="" AddressLine6="" AlternateEmailID="" Beeper="" City="Bogota" Company="" Country="CO" DayFaxNo="" DayPhone="(+57) 1111111111" Department="" EMailID="test_user_66074730@testuser.com" EveningFaxNo="" EveningPhone="" FirstName="test" JobTitle="" LastName="test" MiddleName="" MobilePhone="" OtherPhone="" PersonID="" PersonInfoKey="2021112515060161885971" State="Bogota" Suffix="" Title="" ZipCode=""/>
  <AdditionalAddresses NumberOfAdditionalAddresses="0"/>
  <References/>
  <PaymentMethods>
    <PaymentMethod CheckNo="" CheckReference="" CreditCardExpDate="20251101" CreditCardName="Luis Gino Beltran" CreditCardNo="371180" CreditCardType="AMEX" CustomerPONo="" DisplayCreditCardNo="7522" DisplayCustomerAccountNo="" DisplayPaymentReference1="" DisplaySvcNo="" FundsAvailable="0.00" GetFundsAvailableUserExitInvoked="N" PaymentReference1="" PaymentReference2="MPAGO_CREDIT" PaymentReference3="1023936477" PaymentType="CREDIT_CARD"/>
  </PaymentMethods>
  <ChargeTransactionDetails AdditionalExpectedAuthorizations="0.00" TotalCredits="59950.00" TotalDebits="0.00" TotalOpenAuthorizations="0.00" TotalOpenBookings="62940.00" TotalTransferredIn="0.00" TotalTransferredOut="0.00">
    <ChargeTransactionDetail AuditTransactionID="" AuthorizationExpirationDate="2022-01-19T08:01:31+00:00" AuthorizationID="" BookAmount="0.00" ChargeTransactionKey="2022011908013168173583" ChargeType="CHARGE" CollectionDate="2022-01-19T08:01:31+00:00" CreditAmount="59950.00" DebitAmount="0.00" DistributedAmount="0.00" HoldAgainstBook="Y" OpenAuthorizedAmount="0.00" OrderHeaderKey="2022011908013168173579" OrderInvoiceKey="" PaymentKey="202201190879013168173582" RequestAmount="59950.00" SettledAmount="0.00" Status="CLOSED" TransactionDate="2022-01-19T08:01:31+00:00" TransferFromOhKey="" TransferToOhKey="" UserExitStatus="">
      <InvoiceCollectionDetails/>
      <CreditCardTransactions>
        <CreditCardTransaction AuthAmount="59950.00" AuthAvs="" AuthCode="1234546089" AuthReturnCode="" AuthReturnFlag="" AuthReturnMessage="" AuthTime="2022-01-19T08:01:31+00:00" CVVAuthCode="" ChargeTransactionKey="2022011908013168173583" CreditCardTransactionKey="202201190833013168173584" InternalReturnCode="" InternalReturnFlag="" InternalReturnMessage="" ParentKey="" Reference1="" Reference2="" RequestId="" TranAmount="59950.00" TranRequestTime="2022-01-19T08:01:31+00:00" TranReturnCode="" TranReturnFlag="" TranReturnMessage="" TranType="CHARGE"/>
      </CreditCardTransactions>
      <TransferToOrder/>
      <TransferFromOrder/>
    </ChargeTransactionDetail>
    <ChargeTransactionDetail AuditTransactionID="" AuthorizationExpirationDate="2022-01-19T08:01:31+00:00" AuthorizationID="" BookAmount="62940.00" ChargeTransactionKey="2022011908013168173592" ChargeType="CREATE_ORDER" CollectionDate="2022-01-19T08:01:31+00:00" CreditAmount="0.00" DebitAmount="0.00" DistributedAmount="0.00" HoldAgainstBook="" OpenAuthorizedAmount="0.00" OrderHeaderKey="2022011908013168173579" OrderInvoiceKey="" PaymentKey="" RequestAmount="0.00" SettledAmount="0.00" Status="OPEN" TransactionDate="2022-01-19T08:01:31+00:00" TransferFromOhKey="" TransferToOhKey="" UserExitStatus="">
      <InvoiceCollectionDetails/>
      <CreditCardTransactions/>
      <TransferToOrder/>
      <TransferFromOrder/>
    </ChargeTransactionDetail>
  </ChargeTransactionDetails>
  <ProductServiceAssocs/>
  <OverallTotals GrandCharges="2990.00" GrandDiscount="0.00" GrandTax="0.00" GrandTotal="62940.00" HdrCharges="2990.00" HdrDiscount="0.00" HdrTax="0.00" HdrTotal="2990.00" LineSubTotal="59950.00"/>
  <InvoicedTotals GrandCharges="0.00" GrandDiscount="0.00" GrandTax="0.00" GrandTotal="0.00" HdrCharges="0.00" HdrDiscount="0.00" HdrTax="0.00" HdrTotal="0.00" LineSubTotal="0.00"/>
  <RemainingTotals GrandCharges="2990.00" GrandDiscount="0.00" GrandTax="0.00" GrandTotal="62940.00" HdrCharges="2990.00" HdrDiscount="0.00" HdrTax="0.00" HdrTotal="2990.00" LineSubTotal="59950.00"/>
  <HeaderCharges>
    <HeaderCharge ChargeAmount="2990.00" ChargeCategory="SHIPPING" ChargeName="SHIPPING_CHARGE" ChargeNameKey="20200210110952508937952" InvoicedChargeAmount="0.00" IsBillable="Y" IsDiscount="N" Reference="" RemainingChargeAmount="2990.00"/>
  </HeaderCharges>
  <HeaderTaxes>
    <HeaderTax ChargeCategory="TAX" ChargeName="SHIPPING_TAX" ChargeNameKey="20200210111104508945910" InvoicedTax="0.00" Reference_1="" Reference_2="" Reference_3="" RemainingTax="477.00" Tax="477.00" TaxName="SHIPPING_TAX" TaxPercentage="0.00" TaxableFlag="Y"/>
    <TaxSummary>
      <TaxSummaryDetail InvoicedTax="0.00" OverallTax="477.00" RemainingTax="477.00" TaxName="SHIPPING_TAX"/>
    </TaxSummary>
  </HeaderTaxes>
  <OrderStatuses>
    <OrderStatus OrderHeaderKey="2022011908013168173579" OrderLineKey="2022011908013168173580" OrderLineScheduleKey="202201190872013368173605" OrderReleaseStatusKey="202201190815013368173606" PipelineKey="202004200551401016291479" ShipNode="457" Status="1500" StatusDate="2022-01-19T08:01:33+00:00" StatusDescription="Scheduled" StatusQty="3" TotalQuantity="3">
      <Details ExpectedDeliveryDate="2022-01-19T08:01:33+00:00" ExpectedShipmentDate="2022-01-19T08:01:33+00:00" TagNumber=""/>
    </OrderStatus>
    <OrderStatus OrderHeaderKey="2022011908013168173579" OrderLineKey="2022011908013168173581" OrderLineScheduleKey="202201190819013368173602" OrderReleaseStatusKey="202201190801013368173603" PipelineKey="202004200551401016291479" ShipNode="457" Status="1500" StatusDate="2022-01-19T08:01:33+00:00" StatusDescription="Scheduled" StatusQty="2" TotalQuantity="2">
      <Details ExpectedDeliveryDate="2022-01-19T08:01:33+00:00" ExpectedShipmentDate="2022-01-19T08:01:33+00:00" TagNumber=""/>
    </OrderStatus>
  </OrderStatuses>
  <ExchangeOrders/>
</Order>

[INFO]-[2022-01-19 13:31:34.586]-[TestNG-test=OMS-3]-[requestCreationInOMS]-[RequestHelper.java:184]-Pre-condition for Test: Change Order for resolving the holds
[INFO]-[2022-01-19 13:31:34.589]-[TestNG-test=OMS-3]-[sendAPIRequest]-[RestAssuredRequest.java:20]-Calling POST request with end point : https://localhost:9443/smcfs/restapi/invoke/releaseOrder
io.restassured.internal.RequestSpecificationImpl@1640dbb2
io.restassured.internal.RestAssuredResponseImpl@5bd2709f
[INFO]-[2022-01-19 13:31:35.532]-[TestNG-test=OMS-3]-[logRequestResponse]-[RequestPayload.java:171]-API Request sent : 
[INFO]-[2022-01-19 13:31:35.533]-[TestNG-test=OMS-3]-[logRequestResponse]-[RequestPayload.java:172]-Request method:	POST
Request URI:	https://localhost:9443/smcfs/restapi/invoke/releaseOrder
Proxy:			<none>
Request params:	<none>
Query params:	<none>
Form params:	<none>
Path params:	<none>
Headers:		Accept=application/xml
				Authorization=Basic YWRtaW46cGFzc3dvcmQ=
				Content-Type=application/xml
Cookies:		<none>
Multiparts:		<none>
Body:
<ReleaseOrder CheckInventory="Y" DocumentType="0001" EnterpriseCode="FCVColombia" OrderHeaderKey="" OrderNo="COCC95023498"/>

[INFO]-[2022-01-19 13:31:35.533]-[TestNG-test=OMS-3]-[logRequestResponse]-[RequestPayload.java:174]-API Response received : 
[INFO]-[2022-01-19 13:31:35.534]-[TestNG-test=OMS-3]-[logRequestResponse]-[RequestPayload.java:175]-HTTP/1.1 204 No Content
X-FRAME-OPTIONS: SAMEORIGIN
X-UA-Compatible: IE=EmulateIE8
Access-Control-Max-Age: 3600
Access-Control-Allow-Credentials: true
Access-Control-Allow-Origin: *
Content-Language: en-US
Content-Length: 0
Date: Wed, 19 Jan 2022 08:01:35 GMT

[INFO]-[2022-01-19 13:31:35.537]-[TestNG-test=OMS-3]-[requestCreationInOMS]-[RequestHelper.java:140]-Pre-condition for Test: getOrderDetails
[INFO]-[2022-01-19 13:31:35.539]-[TestNG-test=OMS-3]-[sendAPIRequest]-[RestAssuredRequest.java:20]-Calling POST request with end point : https://localhost:9443/smcfs/restapi/invoke/getOrderDetails
io.restassured.internal.RequestSpecificationImpl@1640940
io.restassured.internal.RestAssuredResponseImpl@64332923
[INFO]-[2022-01-19 13:31:36.504]-[TestNG-test=OMS-3]-[logRequestResponse]-[RequestPayload.java:171]-API Request sent : 
[INFO]-[2022-01-19 13:31:36.505]-[TestNG-test=OMS-3]-[logRequestResponse]-[RequestPayload.java:172]-Request method:	POST
Request URI:	https://localhost:9443/smcfs/restapi/invoke/getOrderDetails
Proxy:			<none>
Request params:	<none>
Query params:	<none>
Form params:	<none>
Path params:	<none>
Headers:		Accept=application/xml
				Authorization=Basic YWRtaW46cGFzc3dvcmQ=
				Content-Type=application/xml
Cookies:		<none>
Multiparts:		<none>
Body:
<Order DocumentType="0001" EnterpriseCode="FCVColombia" OrderHeaderKey="" OrderNo="COCC95023498"/>

[INFO]-[2022-01-19 13:31:36.507]-[TestNG-test=OMS-3]-[logRequestResponse]-[RequestPayload.java:174]-API Response received : 
[INFO]-[2022-01-19 13:31:36.508]-[TestNG-test=OMS-3]-[logRequestResponse]-[RequestPayload.java:175]-HTTP/1.1 200 OK
X-FRAME-OPTIONS: SAMEORIGIN
X-UA-Compatible: IE=EmulateIE8
Access-Control-Max-Age: 3600
Access-Control-Allow-Credentials: true
Access-Control-Allow-Origin: *
Content-Type: application/xml; charset=UTF-8
Content-Encoding: gzip
Content-Language: en-US
Content-Length: 4214
Date: Wed, 19 Jan 2022 08:01:36 GMT

<Order AllocationRuleID="DIF_SCH" AuthorizationExpirationDate="2022-01-19T08:01:31+00:00" BillToID="00198505" BuyerOrganizationCode="FCV.CO" CarrierAccountNo="" CarrierServiceCode="" ChainType="" ChargeActualFreightFlag="N" CustCustPONo="" CustomerEMailID="tremere27@gmail.com" CustomerPONo="" DeliveryCode="" Division="" DocumentType="0001" DraftOrderFlag="N" EnteredBy="00198505" EnterpriseCode="FCVColombia" EntryType="CustomerOnWeb" FreightTerms="" HasDeliveryLines="N" HasProductLines="Y" HasServiceLines="N" HoldFlag="N" HoldReasonCode="" MaxOrderStatus="3200" MaxOrderStatusDesc="Released to store" MinOrderStatus="3200" MinOrderStatusDesc="Released to store" NotifyAfterShipmentFlag="N" OrderDate="2022-01-19T08:01:31+00:00" OrderHeaderKey="2022011908013168173579" OrderName="" OrderNo="COCC95023498" OrderType="PICK" OriginalTax="0.00" OriginalTotalAmount="62940.00" OtherCharges="2990.00" PaymentStatus="PAID" PendingTransferIn="0.00" PersonalizeCode="" PriorityCode="" PriorityNumber="0" Purpose="" ReturnByGiftRecipient="" SCAC="" ScacAndService="" ScacAndServiceKey="" SearchCriteria1="" SearchCriteria2="" SellerOrganizationCode="FCV.CO" ShipToID="00198505" Status="Released to store" TaxExemptFlag="N" TaxExemptionCertificate="" TaxJurisdiction="" TaxPayerId="" TermsCode="" TotalAdjustmentAmount="0.00" isHistory="N">
  <AllowedModifications>
    <Modification ModificationType="REMOVE_PROMOTION" ThroughOverride="Y"/>
    <Modification ModificationType="ORDER_NAME" ThroughOverride="Y"/>
    <Modification ModificationType="CONTACT_INFO" ThroughOverride="Y"/>
    <Modification ModificationType="CHANGE_ITERATION" ThroughOverride="Y"/>
    <Modification ModificationType="BILLTO" ThroughOverride="Y"/>
    <Modification ModificationType="TAX" ThroughOverride="Y"/>
    <Modification ModificationType="CHANGE_PROMOTION" ThroughOverride="Y"/>
    <Modification ModificationType="FREIGHT_TERMS" ThroughOverride="Y"/>
    <Modification ModificationType="ADD_NOTE" ThroughOverride="Y"/>
    <Modification ModificationType="CHANGE_STATUS" ThroughOverride="Y"/>
    <Modification ModificationType="ADD_LINE" ThroughOverride="Y"/>
    <Modification ModificationType="CARRIER" ThroughOverride="Y"/>
    <Modification ModificationType="ADDITIONADDR" ThroughOverride="Y"/>
    <Modification ModificationType="SOLDTO" ThroughOverride="Y"/>
    <Modification ModificationType="REQ_SHIP_DATE" ThroughOverride="Y"/>
    <Modification ModificationType="PAYMENT_STATUS" ThroughOverride="Y"/>
    <Modification ModificationType="ADD_INSTRUCTION" ThroughOverride="Y"/>
    <Modification ModificationType="CHANGE_NOTE" ThroughOverride="Y"/>
    <Modification ModificationType="CARRIER_ACCOUNT_NO" ThroughOverride="Y"/>
    <Modification ModificationType="CHANGE_ORDER_DATE" ThroughOverride="Y"/>
    <Modification ModificationType="REMOVE_NOTE" ThroughOverride="Y"/>
    <Modification ModificationType="CHANGE_SCHEDULE" ThroughOverride="Y"/>
    <Modification ModificationType="HOLD" ThroughOverride="N"/>
    <Modification ModificationType="SPECIAL_SERVICE" ThroughOverride="Y"/>
    <Modification ModificationType="RULE_ID" ThroughOverride="Y"/>
    <Modification ModificationType="PRICE" ThroughOverride="Y"/>
    <Modification ModificationType="CARRIER_SERVICE_CODE" ThroughOverride="Y"/>
    <Modification ModificationType="PAYMENT_METHOD" ThroughOverride="Y"/>
    <Modification ModificationType="CHANGE_CUSTOM_ATTRIBUTES" ThroughOverride="Y"/>
    <Modification ModificationType="RELEASE" ThroughOverride="Y"/>
    <Modification ModificationType="SHIP_NODE" ThroughOverride="Y"/>
    <Modification ModificationType="ANSWER_SET" ThroughOverride="Y"/>
    <Modification ModificationType="MARKFOR" ThroughOverride="Y"/>
    <Modification ModificationType="RECEIVING_NODE" ThroughOverride="Y"/>
    <Modification ModificationType="SHORT" ThroughOverride="N"/>
    <Modification ModificationType="BUYER_USER_ID" ThroughOverride="Y"/>
    <Modification ModificationType="OTHERS" ThroughOverride="N"/>
    <Modification ModificationType="DELIVERY_CODE" ThroughOverride="Y"/>
    <Modification ModificationType="LEVEL_OF_SERVICE" ThroughOverride="Y"/>
    <Modification ModificationType="CANCEL" ThroughOverride="N"/>
    <Modification ModificationType="UNSCHEDULE" ThroughOverride="Y"/>
    <Modification ModificationType="CHANGE_INSTRUCTION" ThroughOverride="Y"/>
    <Modification ModificationType="HOLD_TYPE" ThroughOverride="N"/>
    <Modification ModificationType="REFERENCES" ThroughOverride="Y"/>
  </AllowedModifications>
  <PriceInfo Currency="COP" EnterpriseCurrency="COP" ReportingConversionDate="2022-01-19T08:01:31+00:00" ReportingConversionRate="1.00" TotalAmount="62940.00"/>
  <OrderLines>
    <OrderLine AllocationDate="2021-11-03" ApptStatus="" AwaitingDeliveryRequest="N" CanAddServiceLines="N" CarrierAccountNo="" CarrierServiceCode="" CustomerLinePONo="" CustomerPONo="" DeliveryCode="" DeliveryMethod="PICK" DepartmentCode="" FreightTerms="" FulfillmentType="" HasDeliveryLines="N" HasServiceLines="N" HoldFlag="N" HoldReasonCode="" ImportLicenseNo="" InvoicedQty="0" IsBundleParent="N" ItemGroupCode="PROD" KitCode="" LineSeqNo="1.1" LineType="CnC" MaxLineStatus="3200" MaxLineStatusDesc="Released to store" MinLineStatus="3200" MinLineStatusDesc="Released to store" OpenQty="3" OrderHeaderKey="2022011908013168173579" OrderLineKey="2022011908013168173580" OrderedQty="3" OriginalOrderedQty="3" OtherCharges="0.00" PackListType="" PersonalizeCode="" PersonalizeFlag="" PickableFlag="Y" PrimeLineNo="1" Purpose="" RemainingQty="3" ReqShipDate="2021-11-03T13:31:37+00:00" ReservationID="" ReservationPool="" SCAC="" ScacAndService="" ScacAndServiceKey="" Segment="" SegmentType="" SerialNo="" ShipNode="457" ShipToID="00198505" ShipTogetherNo="" SplitQty="0" Status="Released to store" StatusQuantity="3" SubLineNo="1" SubstituteItemID="" SubstituteItemUOM="" isHistory="N">
      <Item CostCurrency="COP" CountryOfOrigin="" CustomerItem="480568" CustomerItemDesc="Gaviscon (5+2.67+1.6)% Suspension Oral Frasco X 300mL Menta" ECCNNo="" HarmonizedCode="" ISBN="" ItemDesc="Gaviscon (5+2.67+1.6)% Suspension Oral Frasco X 300mL Menta" ItemID="480568" ItemShortDesc="Stevia Endulzante Natural X 200 Ta Caja X 200" ItemWeight="0.00" ItemWeightUOM="LBS" ManufacturerItem="" ManufacturerItemDesc="" ManufacturerName="RB HEALTH COLOMBIA SAS" NMFCClass="" NMFCCode="" NMFCDescription="" ProductClass="REGULAR" ProductLine="" ScheduleBCode="" SupplierItem="" SupplierItemDesc="" TaxProductCode="" UPCCode="" UnitCost="11990.00" UnitOfMeasure="EACH"/>
      <LinePriceInfo ActualPricingQty="3" DiscountPercentage="0.00" InvoicedPricingQty="0" IsPriceLocked="Y" LineTotal="35970.00" ListPrice="11990.00" OrderedPricingQty="3" PricingQtyConversionFactor="0" PricingUOM="EACH" RetailPrice="0.00" SettledAmount="0.00" SettledQuantity="0" TaxableFlag="N" UnitPrice="11990.00"/>
      <OrderLineOptions/>
      <WorkOrders NumberOfWorkOrders="0"/>
      <PersonInfoShipTo AddressLine1="Carrera 70 # 99-8" AddressLine2="" AddressLine3="" AddressLine4="Bogota" AddressLine5="" AddressLine6="" AlternateEmailID="" Beeper="" City="Bogota" Company="" Country="CO" DayFaxNo="" DayPhone="(+57) 1111111111" Department="" EMailID="test_user_66074730@testuser.com" EveningFaxNo="" EveningPhone="" FirstName="test" JobTitle="" LastName="test" MiddleName="" MobilePhone="(+57) 1111111111" OtherPhone="" PersonID="" PersonInfoKey="2021112515060161885970" State="Bogota" Suffix="" Title="" ZipCode=""/>
      <Instructions NumberOfInstructions="0"/>
      <References/>
      <KitLines NumberOfKitLines="0"/>
      <ProductItems/>
      <AdditionalAddresses NumberOfAdditionalAddresses="0"/>
      <Notes NumberOfNotes="0"/>
      <ServiceAssociations/>
      <ProductAssociations/>
      <DeliveryAssociations/>
      <Schedules>
        <Schedule ExpectedDeliveryDate="2022-01-19T08:01:35+00:00" ExpectedShipmentDate="2022-01-19T08:01:35+00:00" OrderHeaderKey="2022011908013168173579" OrderLineKey="2022011908013168173580" OrderLineScheduleKey="202201190811013568173618" Quantity="3" ScheduleNo="3" TagNumber=""/>
      </Schedules>
      <LineOverallTotals Charges="0.00" Discount="0.00" ExtendedPrice="35970.00" LineTotal="35970.00" OptionPrice="0.00" PricingQty="3.00" Tax="0.00" UnitPrice="11990.00"/>
      <LineInvoicedTotals AdditionalLinePriceTotal="0.00" Charges="0.00" Discount="0.00" ExtendedPrice="0.00" LineTotal="0.00" OptionPrice="0.00" PricingQty="0.00" Tax="0.00" UnitPrice="0.00"/>
      <LineRemainingTotals AdditionalLinePriceTotal="0.00" Charges="0.00" Discount="0.00" ExtendedPrice="35970.00" LineTotal="35970.00" OptionPrice="0.00" PricingQty="3.00" Tax="0.00" UnitPrice="11990.00"/>
      <LineCharges/>
      <LineTaxes>
        <LineTax ChargeCategory="TAX" ChargeName="SALES_TAX" ChargeNameKey="20200210111055508944842" InvoicedTax="0.00" Reference_1="" Reference_2="" Reference_3="" RemainingTax="1914.00" Tax="1914.00" TaxName="SalesTax" TaxPercentage="0.00"/>
        <TaxSummary>
          <TaxSummaryDetail InvoicedTax="0.00" OverallTax="1914.00" RemainingTax="1914.00" TaxName="SalesTax"/>
        </TaxSummary>
      </LineTaxes>
      <OrderStatuses>
        <OrderStatus OrderHeaderKey="2022011908013168173579" OrderLineKey="2022011908013168173580" OrderLineScheduleKey="202201190811013568173618" OrderReleaseKey="2022011908013568173614" OrderReleaseStatusKey="202201190893013568173619" PipelineKey="202004200551401016291479" ShipNode="457" Status="3200" StatusDate="2022-01-19T08:01:35+00:00" StatusDescription="Released to store" StatusQty="3" TotalQuantity="3">
          <Details ExpectedDeliveryDate="2022-01-19T08:01:35+00:00" ExpectedShipmentDate="2022-01-19T08:01:35+00:00" TagNumber="">
            <KitDetails/>
          </Details>
        </OrderStatus>
      </OrderStatuses>
      <CapacityAllocations/>
    </OrderLine>
    <OrderLine AllocationDate="2021-11-03" ApptStatus="" AwaitingDeliveryRequest="N" CanAddServiceLines="N" CarrierAccountNo="" CarrierServiceCode="" CustomerLinePONo="" CustomerPONo="" DeliveryCode="" DeliveryMethod="PICK" DepartmentCode="" FreightTerms="" FulfillmentType="" HasDeliveryLines="N" HasServiceLines="N" HoldFlag="N" HoldReasonCode="" ImportLicenseNo="" InvoicedQty="0" IsBundleParent="N" ItemGroupCode="PROD" KitCode="" LineSeqNo="2.1" LineType="CnC" MaxLineStatus="3200" MaxLineStatusDesc="Released to store" MinLineStatus="3200" MinLineStatusDesc="Released to store" OpenQty="2" OrderHeaderKey="2022011908013168173579" OrderLineKey="2022011908013168173581" OrderedQty="2" OriginalOrderedQty="2" OtherCharges="0.00" PackListType="" PersonalizeCode="" PersonalizeFlag="" PickableFlag="Y" PrimeLineNo="2" Purpose="" RemainingQty="2" ReqShipDate="2021-11-03T13:31:37+00:00" ReservationID="" ReservationPool="" SCAC="" ScacAndService="" ScacAndServiceKey="" Segment="" SegmentType="" SerialNo="" ShipNode="457" ShipToID="00198505" ShipTogetherNo="" SplitQty="0" Status="Released to store" StatusQuantity="2" SubLineNo="1" SubstituteItemID="" SubstituteItemUOM="" isHistory="N">
      <Item CostCurrency="COP" CountryOfOrigin="" CustomerItem="456636" CustomerItemDesc="Gaviscon (5+2.67+1.6)% Suspension Oral Frasco X 300mL Menta" ECCNNo="" HarmonizedCode="" ISBN="" ItemDesc="Gaviscon (5+2.67+1.6)% Suspension Oral Frasco X 300mL Menta" ItemID="456636" ItemShortDesc="Stevia Endulzante Natural X 200 Ta Caja X 200" ItemWeight="0.00" ItemWeightUOM="LBS" ManufacturerItem="" ManufacturerItemDesc="" ManufacturerName="RB HEALTH COLOMBIA SAS" NMFCClass="" NMFCCode="" NMFCDescription="" ProductClass="REGULAR" ProductLine="" ScheduleBCode="" SupplierItem="" SupplierItemDesc="" TaxProductCode="" UPCCode="" UnitCost="11990.00" UnitOfMeasure="EACH"/>
      <LinePriceInfo ActualPricingQty="2" DiscountPercentage="0.00" InvoicedPricingQty="0" IsPriceLocked="Y" LineTotal="23980.00" ListPrice="11990.00" OrderedPricingQty="2" PricingQtyConversionFactor="0" PricingUOM="EACH" RetailPrice="0.00" SettledAmount="0.00" SettledQuantity="0" TaxableFlag="N" UnitPrice="11990.00"/>
      <OrderLineOptions/>
      <WorkOrders NumberOfWorkOrders="0"/>
      <PersonInfoShipTo AddressLine1="Carrera 70 # 99-8" AddressLine2="" AddressLine3="" AddressLine4="Bogota" AddressLine5="" AddressLine6="" AlternateEmailID="" Beeper="" City="Bogota" Company="" Country="CO" DayFaxNo="" DayPhone="(+57) 1111111111" Department="" EMailID="test_user_66074730@testuser.com" EveningFaxNo="" EveningPhone="" FirstName="test" JobTitle="" LastName="test" MiddleName="" MobilePhone="(+57) 1111111111" OtherPhone="" PersonID="" PersonInfoKey="2021112515060161885970" State="Bogota" Suffix="" Title="" ZipCode=""/>
      <Instructions NumberOfInstructions="0"/>
      <References/>
      <KitLines NumberOfKitLines="0"/>
      <ProductItems/>
      <AdditionalAddresses NumberOfAdditionalAddresses="0"/>
      <Notes NumberOfNotes="0"/>
      <ServiceAssociations/>
      <ProductAssociations/>
      <DeliveryAssociations/>
      <Schedules>
        <Schedule ExpectedDeliveryDate="2022-01-19T08:01:35+00:00" ExpectedShipmentDate="2022-01-19T08:01:35+00:00" OrderHeaderKey="2022011908013168173579" OrderLineKey="2022011908013168173581" OrderLineScheduleKey="202201190885013568173615" Quantity="2" ScheduleNo="3" TagNumber=""/>
      </Schedules>
      <LineOverallTotals Charges="0.00" Discount="0.00" ExtendedPrice="23980.00" LineTotal="23980.00" OptionPrice="0.00" PricingQty="2.00" Tax="0.00" UnitPrice="11990.00"/>
      <LineInvoicedTotals AdditionalLinePriceTotal="0.00" Charges="0.00" Discount="0.00" ExtendedPrice="0.00" LineTotal="0.00" OptionPrice="0.00" PricingQty="0.00" Tax="0.00" UnitPrice="0.00"/>
      <LineRemainingTotals AdditionalLinePriceTotal="0.00" Charges="0.00" Discount="0.00" ExtendedPrice="23980.00" LineTotal="23980.00" OptionPrice="0.00" PricingQty="2.00" Tax="0.00" UnitPrice="11990.00"/>
      <LineCharges/>
      <LineTaxes>
        <LineTax ChargeCategory="TAX" ChargeName="SALES_TAX" ChargeNameKey="20200210111055508944842" InvoicedTax="0.00" Reference_1="" Reference_2="" Reference_3="" RemainingTax="1914.00" Tax="1914.00" TaxName="SalesTax" TaxPercentage="0.00"/>
        <TaxSummary>
          <TaxSummaryDetail InvoicedTax="0.00" OverallTax="1914.00" RemainingTax="1914.00" TaxName="SalesTax"/>
        </TaxSummary>
      </LineTaxes>
      <OrderStatuses>
        <OrderStatus OrderHeaderKey="2022011908013168173579" OrderLineKey="2022011908013168173581" OrderLineScheduleKey="202201190885013568173615" OrderReleaseKey="2022011908013568173614" OrderReleaseStatusKey="202201190883013568173616" PipelineKey="202004200551401016291479" ShipNode="457" Status="3200" StatusDate="2022-01-19T08:01:35+00:00" StatusDescription="Released to store" StatusQty="2" TotalQuantity="2">
          <Details ExpectedDeliveryDate="2022-01-19T08:01:35+00:00" ExpectedShipmentDate="2022-01-19T08:01:35+00:00" TagNumber="">
            <KitDetails/>
          </Details>
        </OrderStatus>
      </OrderStatuses>
      <CapacityAllocations/>
    </OrderLine>
  </OrderLines>
  <Instructions NumberOfInstructions="0"/>
  <PersonInfoShipTo AddressLine1="Carrera 70 # 99-8" AddressLine2="" AddressLine3="" AddressLine4="Bogota" AddressLine5="" AddressLine6="" AlternateEmailID="" Beeper="" City="Bogota" Company="" Country="CO" DayFaxNo="" DayPhone="(+57) 1111111111" Department="" EMailID="test_user_66074730@testuser.com" EveningFaxNo="" EveningPhone="" FirstName="test" JobTitle="" LastName="test" MiddleName="" MobilePhone="(+57) 1111111111" OtherPhone="" PersonID="" PersonInfoKey="2021112515060161885970" State="Bogota" Suffix="" Title="" ZipCode=""/>
  <PersonInfoBillTo AddressLine1="Carrera 70 # 99-8" AddressLine2="" AddressLine3="" AddressLine4="Bogota" AddressLine5="" AddressLine6="" AlternateEmailID="" Beeper="" City="Bogota" Company="" Country="CO" DayFaxNo="" DayPhone="(+57) 1111111111" Department="" EMailID="test_user_66074730@testuser.com" EveningFaxNo="" EveningPhone="" FirstName="test" JobTitle="" LastName="test" MiddleName="" MobilePhone="" OtherPhone="" PersonID="" PersonInfoKey="2021112515060161885971" State="Bogota" Suffix="" Title="" ZipCode=""/>
  <AdditionalAddresses NumberOfAdditionalAddresses="0"/>
  <References/>
  <PaymentMethods>
    <PaymentMethod CheckNo="" CheckReference="" CreditCardExpDate="20251101" CreditCardName="Luis Gino Beltran" CreditCardNo="371180" CreditCardType="AMEX" CustomerPONo="" DisplayCreditCardNo="7522" DisplayCustomerAccountNo="" DisplayPaymentReference1="" DisplaySvcNo="" FundsAvailable="0.00" GetFundsAvailableUserExitInvoked="N" PaymentReference1="" PaymentReference2="MPAGO_CREDIT" PaymentReference3="1023936477" PaymentType="CREDIT_CARD"/>
  </PaymentMethods>
  <ChargeTransactionDetails AdditionalExpectedAuthorizations="0.00" TotalCredits="59950.00" TotalDebits="0.00" TotalOpenAuthorizations="0.00" TotalOpenBookings="62940.00" TotalTransferredIn="0.00" TotalTransferredOut="0.00">
    <ChargeTransactionDetail AuditTransactionID="" AuthorizationExpirationDate="2022-01-19T08:01:31+00:00" AuthorizationID="" BookAmount="0.00" ChargeTransactionKey="2022011908013168173583" ChargeType="CHARGE" CollectionDate="2022-01-19T08:01:31+00:00" CreditAmount="59950.00" DebitAmount="0.00" DistributedAmount="0.00" HoldAgainstBook="Y" OpenAuthorizedAmount="0.00" OrderHeaderKey="2022011908013168173579" OrderInvoiceKey="" PaymentKey="202201190879013168173582" RequestAmount="59950.00" SettledAmount="0.00" Status="CLOSED" TransactionDate="2022-01-19T08:01:31+00:00" TransferFromOhKey="" TransferToOhKey="" UserExitStatus="">
      <InvoiceCollectionDetails/>
      <CreditCardTransactions>
        <CreditCardTransaction AuthAmount="59950.00" AuthAvs="" AuthCode="1234546089" AuthReturnCode="" AuthReturnFlag="" AuthReturnMessage="" AuthTime="2022-01-19T08:01:31+00:00" CVVAuthCode="" ChargeTransactionKey="2022011908013168173583" CreditCardTransactionKey="202201190833013168173584" InternalReturnCode="" InternalReturnFlag="" InternalReturnMessage="" ParentKey="" Reference1="" Reference2="" RequestId="" TranAmount="59950.00" TranRequestTime="2022-01-19T08:01:31+00:00" TranReturnCode="" TranReturnFlag="" TranReturnMessage="" TranType="CHARGE"/>
      </CreditCardTransactions>
      <TransferToOrder/>
      <TransferFromOrder/>
    </ChargeTransactionDetail>
    <ChargeTransactionDetail AuditTransactionID="" AuthorizationExpirationDate="2022-01-19T08:01:31+00:00" AuthorizationID="" BookAmount="62940.00" ChargeTransactionKey="2022011908013168173592" ChargeType="CREATE_ORDER" CollectionDate="2022-01-19T08:01:31+00:00" CreditAmount="0.00" DebitAmount="0.00" DistributedAmount="0.00" HoldAgainstBook="" OpenAuthorizedAmount="0.00" OrderHeaderKey="2022011908013168173579" OrderInvoiceKey="" PaymentKey="" RequestAmount="0.00" SettledAmount="0.00" Status="OPEN" TransactionDate="2022-01-19T08:01:31+00:00" TransferFromOhKey="" TransferToOhKey="" UserExitStatus="">
      <InvoiceCollectionDetails/>
      <CreditCardTransactions/>
      <TransferToOrder/>
      <TransferFromOrder/>
    </ChargeTransactionDetail>
  </ChargeTransactionDetails>
  <ProductServiceAssocs/>
  <OverallTotals GrandCharges="2990.00" GrandDiscount="0.00" GrandTax="0.00" GrandTotal="62940.00" HdrCharges="2990.00" HdrDiscount="0.00" HdrTax="0.00" HdrTotal="2990.00" LineSubTotal="59950.00"/>
  <InvoicedTotals GrandCharges="0.00" GrandDiscount="0.00" GrandTax="0.00" GrandTotal="0.00" HdrCharges="0.00" HdrDiscount="0.00" HdrTax="0.00" HdrTotal="0.00" LineSubTotal="0.00"/>
  <RemainingTotals GrandCharges="2990.00" GrandDiscount="0.00" GrandTax="0.00" GrandTotal="62940.00" HdrCharges="2990.00" HdrDiscount="0.00" HdrTax="0.00" HdrTotal="2990.00" LineSubTotal="59950.00"/>
  <HeaderCharges>
    <HeaderCharge ChargeAmount="2990.00" ChargeCategory="SHIPPING" ChargeName="SHIPPING_CHARGE" ChargeNameKey="20200210110952508937952" InvoicedChargeAmount="0.00" IsBillable="Y" IsDiscount="N" Reference="" RemainingChargeAmount="2990.00"/>
  </HeaderCharges>
  <HeaderTaxes>
    <HeaderTax ChargeCategory="TAX" ChargeName="SHIPPING_TAX" ChargeNameKey="20200210111104508945910" InvoicedTax="0.00" Reference_1="" Reference_2="" Reference_3="" RemainingTax="477.00" Tax="477.00" TaxName="SHIPPING_TAX" TaxPercentage="0.00" TaxableFlag="Y"/>
    <TaxSummary>
      <TaxSummaryDetail InvoicedTax="0.00" OverallTax="477.00" RemainingTax="477.00" TaxName="SHIPPING_TAX"/>
    </TaxSummary>
  </HeaderTaxes>
  <OrderStatuses>
    <OrderStatus OrderHeaderKey="2022011908013168173579" OrderLineKey="2022011908013168173580" OrderLineScheduleKey="202201190811013568173618" OrderReleaseKey="2022011908013568173614" OrderReleaseStatusKey="202201190893013568173619" PipelineKey="202004200551401016291479" ShipNode="457" Status="3200" StatusDate="2022-01-19T08:01:35+00:00" StatusDescription="Released to store" StatusQty="3" TotalQuantity="3">
      <Details ExpectedDeliveryDate="2022-01-19T08:01:35+00:00" ExpectedShipmentDate="2022-01-19T08:01:35+00:00" TagNumber=""/>
    </OrderStatus>
    <OrderStatus OrderHeaderKey="2022011908013168173579" OrderLineKey="2022011908013168173581" OrderLineScheduleKey="202201190885013568173615" OrderReleaseKey="2022011908013568173614" OrderReleaseStatusKey="202201190883013568173616" PipelineKey="202004200551401016291479" ShipNode="457" Status="3200" StatusDate="2022-01-19T08:01:35+00:00" StatusDescription="Released to store" StatusQty="2" TotalQuantity="2">
      <Details ExpectedDeliveryDate="2022-01-19T08:01:35+00:00" ExpectedShipmentDate="2022-01-19T08:01:35+00:00" TagNumber=""/>
    </OrderStatus>
  </OrderStatuses>
  <ExchangeOrders/>
</Order>

[INFO]-[2022-01-19 13:31:36.549]-[TestNG-test=OMS-3]-[requestCreationInOMS]-[RequestHelper.java:140]-Pre-condition for Test: getOrderDetails
[INFO]-[2022-01-19 13:31:36.550]-[TestNG-test=OMS-3]-[sendAPIRequest]-[RestAssuredRequest.java:20]-Calling POST request with end point : https://localhost:9443/smcfs/restapi/invoke/getOrderDetails
io.restassured.internal.RequestSpecificationImpl@2b1c25c2
io.restassured.internal.RestAssuredResponseImpl@eb22469
[INFO]-[2022-01-19 13:31:37.412]-[TestNG-test=OMS-3]-[logRequestResponse]-[RequestPayload.java:171]-API Request sent : 
[INFO]-[2022-01-19 13:31:37.413]-[TestNG-test=OMS-3]-[logRequestResponse]-[RequestPayload.java:172]-Request method:	POST
Request URI:	https://localhost:9443/smcfs/restapi/invoke/getOrderDetails
Proxy:			<none>
Request params:	<none>
Query params:	<none>
Form params:	<none>
Path params:	<none>
Headers:		Accept=application/xml
				Authorization=Basic YWRtaW46cGFzc3dvcmQ=
				Content-Type=application/xml
Cookies:		<none>
Multiparts:		<none>
Body:
<Order DocumentType="0001" EnterpriseCode="FCVColombia" OrderHeaderKey="" OrderNo="COCC95023498"/>

[INFO]-[2022-01-19 13:31:37.414]-[TestNG-test=OMS-3]-[logRequestResponse]-[RequestPayload.java:174]-API Response received : 
[INFO]-[2022-01-19 13:31:37.416]-[TestNG-test=OMS-3]-[logRequestResponse]-[RequestPayload.java:175]-HTTP/1.1 200 OK
X-FRAME-OPTIONS: SAMEORIGIN
X-UA-Compatible: IE=EmulateIE8
Access-Control-Max-Age: 3600
Access-Control-Allow-Credentials: true
Access-Control-Allow-Origin: *
Content-Type: application/xml; charset=UTF-8
Content-Encoding: gzip
Content-Language: en-US
Content-Length: 4214
Date: Wed, 19 Jan 2022 08:01:37 GMT

<Order AllocationRuleID="DIF_SCH" AuthorizationExpirationDate="2022-01-19T08:01:31+00:00" BillToID="00198505" BuyerOrganizationCode="FCV.CO" CarrierAccountNo="" CarrierServiceCode="" ChainType="" ChargeActualFreightFlag="N" CustCustPONo="" CustomerEMailID="tremere27@gmail.com" CustomerPONo="" DeliveryCode="" Division="" DocumentType="0001" DraftOrderFlag="N" EnteredBy="00198505" EnterpriseCode="FCVColombia" EntryType="CustomerOnWeb" FreightTerms="" HasDeliveryLines="N" HasProductLines="Y" HasServiceLines="N" HoldFlag="N" HoldReasonCode="" MaxOrderStatus="3200" MaxOrderStatusDesc="Released to store" MinOrderStatus="3200" MinOrderStatusDesc="Released to store" NotifyAfterShipmentFlag="N" OrderDate="2022-01-19T08:01:31+00:00" OrderHeaderKey="2022011908013168173579" OrderName="" OrderNo="COCC95023498" OrderType="PICK" OriginalTax="0.00" OriginalTotalAmount="62940.00" OtherCharges="2990.00" PaymentStatus="PAID" PendingTransferIn="0.00" PersonalizeCode="" PriorityCode="" PriorityNumber="0" Purpose="" ReturnByGiftRecipient="" SCAC="" ScacAndService="" ScacAndServiceKey="" SearchCriteria1="" SearchCriteria2="" SellerOrganizationCode="FCV.CO" ShipToID="00198505" Status="Released to store" TaxExemptFlag="N" TaxExemptionCertificate="" TaxJurisdiction="" TaxPayerId="" TermsCode="" TotalAdjustmentAmount="0.00" isHistory="N">
  <AllowedModifications>
    <Modification ModificationType="REMOVE_PROMOTION" ThroughOverride="Y"/>
    <Modification ModificationType="ORDER_NAME" ThroughOverride="Y"/>
    <Modification ModificationType="CONTACT_INFO" ThroughOverride="Y"/>
    <Modification ModificationType="CHANGE_ITERATION" ThroughOverride="Y"/>
    <Modification ModificationType="BILLTO" ThroughOverride="Y"/>
    <Modification ModificationType="TAX" ThroughOverride="Y"/>
    <Modification ModificationType="CHANGE_PROMOTION" ThroughOverride="Y"/>
    <Modification ModificationType="FREIGHT_TERMS" ThroughOverride="Y"/>
    <Modification ModificationType="ADD_NOTE" ThroughOverride="Y"/>
    <Modification ModificationType="CHANGE_STATUS" ThroughOverride="Y"/>
    <Modification ModificationType="ADD_LINE" ThroughOverride="Y"/>
    <Modification ModificationType="CARRIER" ThroughOverride="Y"/>
    <Modification ModificationType="ADDITIONADDR" ThroughOverride="Y"/>
    <Modification ModificationType="SOLDTO" ThroughOverride="Y"/>
    <Modification ModificationType="REQ_SHIP_DATE" ThroughOverride="Y"/>
    <Modification ModificationType="PAYMENT_STATUS" ThroughOverride="Y"/>
    <Modification ModificationType="ADD_INSTRUCTION" ThroughOverride="Y"/>
    <Modification ModificationType="CHANGE_NOTE" ThroughOverride="Y"/>
    <Modification ModificationType="CARRIER_ACCOUNT_NO" ThroughOverride="Y"/>
    <Modification ModificationType="CHANGE_ORDER_DATE" ThroughOverride="Y"/>
    <Modification ModificationType="REMOVE_NOTE" ThroughOverride="Y"/>
    <Modification ModificationType="CHANGE_SCHEDULE" ThroughOverride="Y"/>
    <Modification ModificationType="HOLD" ThroughOverride="N"/>
    <Modification ModificationType="SPECIAL_SERVICE" ThroughOverride="Y"/>
    <Modification ModificationType="RULE_ID" ThroughOverride="Y"/>
    <Modification ModificationType="PRICE" ThroughOverride="Y"/>
    <Modification ModificationType="CARRIER_SERVICE_CODE" ThroughOverride="Y"/>
    <Modification ModificationType="PAYMENT_METHOD" ThroughOverride="Y"/>
    <Modification ModificationType="CHANGE_CUSTOM_ATTRIBUTES" ThroughOverride="Y"/>
    <Modification ModificationType="RELEASE" ThroughOverride="Y"/>
    <Modification ModificationType="SHIP_NODE" ThroughOverride="Y"/>
    <Modification ModificationType="ANSWER_SET" ThroughOverride="Y"/>
    <Modification ModificationType="MARKFOR" ThroughOverride="Y"/>
    <Modification ModificationType="RECEIVING_NODE" ThroughOverride="Y"/>
    <Modification ModificationType="SHORT" ThroughOverride="N"/>
    <Modification ModificationType="BUYER_USER_ID" ThroughOverride="Y"/>
    <Modification ModificationType="OTHERS" ThroughOverride="N"/>
    <Modification ModificationType="DELIVERY_CODE" ThroughOverride="Y"/>
    <Modification ModificationType="LEVEL_OF_SERVICE" ThroughOverride="Y"/>
    <Modification ModificationType="CANCEL" ThroughOverride="N"/>
    <Modification ModificationType="UNSCHEDULE" ThroughOverride="Y"/>
    <Modification ModificationType="CHANGE_INSTRUCTION" ThroughOverride="Y"/>
    <Modification ModificationType="HOLD_TYPE" ThroughOverride="N"/>
    <Modification ModificationType="REFERENCES" ThroughOverride="Y"/>
  </AllowedModifications>
  <PriceInfo Currency="COP" EnterpriseCurrency="COP" ReportingConversionDate="2022-01-19T08:01:31+00:00" ReportingConversionRate="1.00" TotalAmount="62940.00"/>
  <OrderLines>
    <OrderLine AllocationDate="2021-11-03" ApptStatus="" AwaitingDeliveryRequest="N" CanAddServiceLines="N" CarrierAccountNo="" CarrierServiceCode="" CustomerLinePONo="" CustomerPONo="" DeliveryCode="" DeliveryMethod="PICK" DepartmentCode="" FreightTerms="" FulfillmentType="" HasDeliveryLines="N" HasServiceLines="N" HoldFlag="N" HoldReasonCode="" ImportLicenseNo="" InvoicedQty="0" IsBundleParent="N" ItemGroupCode="PROD" KitCode="" LineSeqNo="1.1" LineType="CnC" MaxLineStatus="3200" MaxLineStatusDesc="Released to store" MinLineStatus="3200" MinLineStatusDesc="Released to store" OpenQty="3" OrderHeaderKey="2022011908013168173579" OrderLineKey="2022011908013168173580" OrderedQty="3" OriginalOrderedQty="3" OtherCharges="0.00" PackListType="" PersonalizeCode="" PersonalizeFlag="" PickableFlag="Y" PrimeLineNo="1" Purpose="" RemainingQty="3" ReqShipDate="2021-11-03T13:31:37+00:00" ReservationID="" ReservationPool="" SCAC="" ScacAndService="" ScacAndServiceKey="" Segment="" SegmentType="" SerialNo="" ShipNode="457" ShipToID="00198505" ShipTogetherNo="" SplitQty="0" Status="Released to store" StatusQuantity="3" SubLineNo="1" SubstituteItemID="" SubstituteItemUOM="" isHistory="N">
      <Item CostCurrency="COP" CountryOfOrigin="" CustomerItem="480568" CustomerItemDesc="Gaviscon (5+2.67+1.6)% Suspension Oral Frasco X 300mL Menta" ECCNNo="" HarmonizedCode="" ISBN="" ItemDesc="Gaviscon (5+2.67+1.6)% Suspension Oral Frasco X 300mL Menta" ItemID="480568" ItemShortDesc="Stevia Endulzante Natural X 200 Ta Caja X 200" ItemWeight="0.00" ItemWeightUOM="LBS" ManufacturerItem="" ManufacturerItemDesc="" ManufacturerName="RB HEALTH COLOMBIA SAS" NMFCClass="" NMFCCode="" NMFCDescription="" ProductClass="REGULAR" ProductLine="" ScheduleBCode="" SupplierItem="" SupplierItemDesc="" TaxProductCode="" UPCCode="" UnitCost="11990.00" UnitOfMeasure="EACH"/>
      <LinePriceInfo ActualPricingQty="3" DiscountPercentage="0.00" InvoicedPricingQty="0" IsPriceLocked="Y" LineTotal="35970.00" ListPrice="11990.00" OrderedPricingQty="3" PricingQtyConversionFactor="0" PricingUOM="EACH" RetailPrice="0.00" SettledAmount="0.00" SettledQuantity="0" TaxableFlag="N" UnitPrice="11990.00"/>
      <OrderLineOptions/>
      <WorkOrders NumberOfWorkOrders="0"/>
      <PersonInfoShipTo AddressLine1="Carrera 70 # 99-8" AddressLine2="" AddressLine3="" AddressLine4="Bogota" AddressLine5="" AddressLine6="" AlternateEmailID="" Beeper="" City="Bogota" Company="" Country="CO" DayFaxNo="" DayPhone="(+57) 1111111111" Department="" EMailID="test_user_66074730@testuser.com" EveningFaxNo="" EveningPhone="" FirstName="test" JobTitle="" LastName="test" MiddleName="" MobilePhone="(+57) 1111111111" OtherPhone="" PersonID="" PersonInfoKey="2021112515060161885970" State="Bogota" Suffix="" Title="" ZipCode=""/>
      <Instructions NumberOfInstructions="0"/>
      <References/>
      <KitLines NumberOfKitLines="0"/>
      <ProductItems/>
      <AdditionalAddresses NumberOfAdditionalAddresses="0"/>
      <Notes NumberOfNotes="0"/>
      <ServiceAssociations/>
      <ProductAssociations/>
      <DeliveryAssociations/>
      <Schedules>
        <Schedule ExpectedDeliveryDate="2022-01-19T08:01:35+00:00" ExpectedShipmentDate="2022-01-19T08:01:35+00:00" OrderHeaderKey="2022011908013168173579" OrderLineKey="2022011908013168173580" OrderLineScheduleKey="202201190811013568173618" Quantity="3" ScheduleNo="3" TagNumber=""/>
      </Schedules>
      <LineOverallTotals Charges="0.00" Discount="0.00" ExtendedPrice="35970.00" LineTotal="35970.00" OptionPrice="0.00" PricingQty="3.00" Tax="0.00" UnitPrice="11990.00"/>
      <LineInvoicedTotals AdditionalLinePriceTotal="0.00" Charges="0.00" Discount="0.00" ExtendedPrice="0.00" LineTotal="0.00" OptionPrice="0.00" PricingQty="0.00" Tax="0.00" UnitPrice="0.00"/>
      <LineRemainingTotals AdditionalLinePriceTotal="0.00" Charges="0.00" Discount="0.00" ExtendedPrice="35970.00" LineTotal="35970.00" OptionPrice="0.00" PricingQty="3.00" Tax="0.00" UnitPrice="11990.00"/>
      <LineCharges/>
      <LineTaxes>
        <LineTax ChargeCategory="TAX" ChargeName="SALES_TAX" ChargeNameKey="20200210111055508944842" InvoicedTax="0.00" Reference_1="" Reference_2="" Reference_3="" RemainingTax="1914.00" Tax="1914.00" TaxName="SalesTax" TaxPercentage="0.00"/>
        <TaxSummary>
          <TaxSummaryDetail InvoicedTax="0.00" OverallTax="1914.00" RemainingTax="1914.00" TaxName="SalesTax"/>
        </TaxSummary>
      </LineTaxes>
      <OrderStatuses>
        <OrderStatus OrderHeaderKey="2022011908013168173579" OrderLineKey="2022011908013168173580" OrderLineScheduleKey="202201190811013568173618" OrderReleaseKey="2022011908013568173614" OrderReleaseStatusKey="202201190893013568173619" PipelineKey="202004200551401016291479" ShipNode="457" Status="3200" StatusDate="2022-01-19T08:01:35+00:00" StatusDescription="Released to store" StatusQty="3" TotalQuantity="3">
          <Details ExpectedDeliveryDate="2022-01-19T08:01:35+00:00" ExpectedShipmentDate="2022-01-19T08:01:35+00:00" TagNumber="">
            <KitDetails/>
          </Details>
        </OrderStatus>
      </OrderStatuses>
      <CapacityAllocations/>
    </OrderLine>
    <OrderLine AllocationDate="2021-11-03" ApptStatus="" AwaitingDeliveryRequest="N" CanAddServiceLines="N" CarrierAccountNo="" CarrierServiceCode="" CustomerLinePONo="" CustomerPONo="" DeliveryCode="" DeliveryMethod="PICK" DepartmentCode="" FreightTerms="" FulfillmentType="" HasDeliveryLines="N" HasServiceLines="N" HoldFlag="N" HoldReasonCode="" ImportLicenseNo="" InvoicedQty="0" IsBundleParent="N" ItemGroupCode="PROD" KitCode="" LineSeqNo="2.1" LineType="CnC" MaxLineStatus="3200" MaxLineStatusDesc="Released to store" MinLineStatus="3200" MinLineStatusDesc="Released to store" OpenQty="2" OrderHeaderKey="2022011908013168173579" OrderLineKey="2022011908013168173581" OrderedQty="2" OriginalOrderedQty="2" OtherCharges="0.00" PackListType="" PersonalizeCode="" PersonalizeFlag="" PickableFlag="Y" PrimeLineNo="2" Purpose="" RemainingQty="2" ReqShipDate="2021-11-03T13:31:37+00:00" ReservationID="" ReservationPool="" SCAC="" ScacAndService="" ScacAndServiceKey="" Segment="" SegmentType="" SerialNo="" ShipNode="457" ShipToID="00198505" ShipTogetherNo="" SplitQty="0" Status="Released to store" StatusQuantity="2" SubLineNo="1" SubstituteItemID="" SubstituteItemUOM="" isHistory="N">
      <Item CostCurrency="COP" CountryOfOrigin="" CustomerItem="456636" CustomerItemDesc="Gaviscon (5+2.67+1.6)% Suspension Oral Frasco X 300mL Menta" ECCNNo="" HarmonizedCode="" ISBN="" ItemDesc="Gaviscon (5+2.67+1.6)% Suspension Oral Frasco X 300mL Menta" ItemID="456636" ItemShortDesc="Stevia Endulzante Natural X 200 Ta Caja X 200" ItemWeight="0.00" ItemWeightUOM="LBS" ManufacturerItem="" ManufacturerItemDesc="" ManufacturerName="RB HEALTH COLOMBIA SAS" NMFCClass="" NMFCCode="" NMFCDescription="" ProductClass="REGULAR" ProductLine="" ScheduleBCode="" SupplierItem="" SupplierItemDesc="" TaxProductCode="" UPCCode="" UnitCost="11990.00" UnitOfMeasure="EACH"/>
      <LinePriceInfo ActualPricingQty="2" DiscountPercentage="0.00" InvoicedPricingQty="0" IsPriceLocked="Y" LineTotal="23980.00" ListPrice="11990.00" OrderedPricingQty="2" PricingQtyConversionFactor="0" PricingUOM="EACH" RetailPrice="0.00" SettledAmount="0.00" SettledQuantity="0" TaxableFlag="N" UnitPrice="11990.00"/>
      <OrderLineOptions/>
      <WorkOrders NumberOfWorkOrders="0"/>
      <PersonInfoShipTo AddressLine1="Carrera 70 # 99-8" AddressLine2="" AddressLine3="" AddressLine4="Bogota" AddressLine5="" AddressLine6="" AlternateEmailID="" Beeper="" City="Bogota" Company="" Country="CO" DayFaxNo="" DayPhone="(+57) 1111111111" Department="" EMailID="test_user_66074730@testuser.com" EveningFaxNo="" EveningPhone="" FirstName="test" JobTitle="" LastName="test" MiddleName="" MobilePhone="(+57) 1111111111" OtherPhone="" PersonID="" PersonInfoKey="2021112515060161885970" State="Bogota" Suffix="" Title="" ZipCode=""/>
      <Instructions NumberOfInstructions="0"/>
      <References/>
      <KitLines NumberOfKitLines="0"/>
      <ProductItems/>
      <AdditionalAddresses NumberOfAdditionalAddresses="0"/>
      <Notes NumberOfNotes="0"/>
      <ServiceAssociations/>
      <ProductAssociations/>
      <DeliveryAssociations/>
      <Schedules>
        <Schedule ExpectedDeliveryDate="2022-01-19T08:01:35+00:00" ExpectedShipmentDate="2022-01-19T08:01:35+00:00" OrderHeaderKey="2022011908013168173579" OrderLineKey="2022011908013168173581" OrderLineScheduleKey="202201190885013568173615" Quantity="2" ScheduleNo="3" TagNumber=""/>
      </Schedules>
      <LineOverallTotals Charges="0.00" Discount="0.00" ExtendedPrice="23980.00" LineTotal="23980.00" OptionPrice="0.00" PricingQty="2.00" Tax="0.00" UnitPrice="11990.00"/>
      <LineInvoicedTotals AdditionalLinePriceTotal="0.00" Charges="0.00" Discount="0.00" ExtendedPrice="0.00" LineTotal="0.00" OptionPrice="0.00" PricingQty="0.00" Tax="0.00" UnitPrice="0.00"/>
      <LineRemainingTotals AdditionalLinePriceTotal="0.00" Charges="0.00" Discount="0.00" ExtendedPrice="23980.00" LineTotal="23980.00" OptionPrice="0.00" PricingQty="2.00" Tax="0.00" UnitPrice="11990.00"/>
      <LineCharges/>
      <LineTaxes>
        <LineTax ChargeCategory="TAX" ChargeName="SALES_TAX" ChargeNameKey="20200210111055508944842" InvoicedTax="0.00" Reference_1="" Reference_2="" Reference_3="" RemainingTax="1914.00" Tax="1914.00" TaxName="SalesTax" TaxPercentage="0.00"/>
        <TaxSummary>
          <TaxSummaryDetail InvoicedTax="0.00" OverallTax="1914.00" RemainingTax="1914.00" TaxName="SalesTax"/>
        </TaxSummary>
      </LineTaxes>
      <OrderStatuses>
        <OrderStatus OrderHeaderKey="2022011908013168173579" OrderLineKey="2022011908013168173581" OrderLineScheduleKey="202201190885013568173615" OrderReleaseKey="2022011908013568173614" OrderReleaseStatusKey="202201190883013568173616" PipelineKey="202004200551401016291479" ShipNode="457" Status="3200" StatusDate="2022-01-19T08:01:35+00:00" StatusDescription="Released to store" StatusQty="2" TotalQuantity="2">
          <Details ExpectedDeliveryDate="2022-01-19T08:01:35+00:00" ExpectedShipmentDate="2022-01-19T08:01:35+00:00" TagNumber="">
            <KitDetails/>
          </Details>
        </OrderStatus>
      </OrderStatuses>
      <CapacityAllocations/>
    </OrderLine>
  </OrderLines>
  <Instructions NumberOfInstructions="0"/>
  <PersonInfoShipTo AddressLine1="Carrera 70 # 99-8" AddressLine2="" AddressLine3="" AddressLine4="Bogota" AddressLine5="" AddressLine6="" AlternateEmailID="" Beeper="" City="Bogota" Company="" Country="CO" DayFaxNo="" DayPhone="(+57) 1111111111" Department="" EMailID="test_user_66074730@testuser.com" EveningFaxNo="" EveningPhone="" FirstName="test" JobTitle="" LastName="test" MiddleName="" MobilePhone="(+57) 1111111111" OtherPhone="" PersonID="" PersonInfoKey="2021112515060161885970" State="Bogota" Suffix="" Title="" ZipCode=""/>
  <PersonInfoBillTo AddressLine1="Carrera 70 # 99-8" AddressLine2="" AddressLine3="" AddressLine4="Bogota" AddressLine5="" AddressLine6="" AlternateEmailID="" Beeper="" City="Bogota" Company="" Country="CO" DayFaxNo="" DayPhone="(+57) 1111111111" Department="" EMailID="test_user_66074730@testuser.com" EveningFaxNo="" EveningPhone="" FirstName="test" JobTitle="" LastName="test" MiddleName="" MobilePhone="" OtherPhone="" PersonID="" PersonInfoKey="2021112515060161885971" State="Bogota" Suffix="" Title="" ZipCode=""/>
  <AdditionalAddresses NumberOfAdditionalAddresses="0"/>
  <References/>
  <PaymentMethods>
    <PaymentMethod CheckNo="" CheckReference="" CreditCardExpDate="20251101" CreditCardName="Luis Gino Beltran" CreditCardNo="371180" CreditCardType="AMEX" CustomerPONo="" DisplayCreditCardNo="7522" DisplayCustomerAccountNo="" DisplayPaymentReference1="" DisplaySvcNo="" FundsAvailable="0.00" GetFundsAvailableUserExitInvoked="N" PaymentReference1="" PaymentReference2="MPAGO_CREDIT" PaymentReference3="1023936477" PaymentType="CREDIT_CARD"/>
  </PaymentMethods>
  <ChargeTransactionDetails AdditionalExpectedAuthorizations="0.00" TotalCredits="59950.00" TotalDebits="0.00" TotalOpenAuthorizations="0.00" TotalOpenBookings="62940.00" TotalTransferredIn="0.00" TotalTransferredOut="0.00">
    <ChargeTransactionDetail AuditTransactionID="" AuthorizationExpirationDate="2022-01-19T08:01:31+00:00" AuthorizationID="" BookAmount="0.00" ChargeTransactionKey="2022011908013168173583" ChargeType="CHARGE" CollectionDate="2022-01-19T08:01:31+00:00" CreditAmount="59950.00" DebitAmount="0.00" DistributedAmount="0.00" HoldAgainstBook="Y" OpenAuthorizedAmount="0.00" OrderHeaderKey="2022011908013168173579" OrderInvoiceKey="" PaymentKey="202201190879013168173582" RequestAmount="59950.00" SettledAmount="0.00" Status="CLOSED" TransactionDate="2022-01-19T08:01:31+00:00" TransferFromOhKey="" TransferToOhKey="" UserExitStatus="">
      <InvoiceCollectionDetails/>
      <CreditCardTransactions>
        <CreditCardTransaction AuthAmount="59950.00" AuthAvs="" AuthCode="1234546089" AuthReturnCode="" AuthReturnFlag="" AuthReturnMessage="" AuthTime="2022-01-19T08:01:31+00:00" CVVAuthCode="" ChargeTransactionKey="2022011908013168173583" CreditCardTransactionKey="202201190833013168173584" InternalReturnCode="" InternalReturnFlag="" InternalReturnMessage="" ParentKey="" Reference1="" Reference2="" RequestId="" TranAmount="59950.00" TranRequestTime="2022-01-19T08:01:31+00:00" TranReturnCode="" TranReturnFlag="" TranReturnMessage="" TranType="CHARGE"/>
      </CreditCardTransactions>
      <TransferToOrder/>
      <TransferFromOrder/>
    </ChargeTransactionDetail>
    <ChargeTransactionDetail AuditTransactionID="" AuthorizationExpirationDate="2022-01-19T08:01:31+00:00" AuthorizationID="" BookAmount="62940.00" ChargeTransactionKey="2022011908013168173592" ChargeType="CREATE_ORDER" CollectionDate="2022-01-19T08:01:31+00:00" CreditAmount="0.00" DebitAmount="0.00" DistributedAmount="0.00" HoldAgainstBook="" OpenAuthorizedAmount="0.00" OrderHeaderKey="2022011908013168173579" OrderInvoiceKey="" PaymentKey="" RequestAmount="0.00" SettledAmount="0.00" Status="OPEN" TransactionDate="2022-01-19T08:01:31+00:00" TransferFromOhKey="" TransferToOhKey="" UserExitStatus="">
      <InvoiceCollectionDetails/>
      <CreditCardTransactions/>
      <TransferToOrder/>
      <TransferFromOrder/>
    </ChargeTransactionDetail>
  </ChargeTransactionDetails>
  <ProductServiceAssocs/>
  <OverallTotals GrandCharges="2990.00" GrandDiscount="0.00" GrandTax="0.00" GrandTotal="62940.00" HdrCharges="2990.00" HdrDiscount="0.00" HdrTax="0.00" HdrTotal="2990.00" LineSubTotal="59950.00"/>
  <InvoicedTotals GrandCharges="0.00" GrandDiscount="0.00" GrandTax="0.00" GrandTotal="0.00" HdrCharges="0.00" HdrDiscount="0.00" HdrTax="0.00" HdrTotal="0.00" LineSubTotal="0.00"/>
  <RemainingTotals GrandCharges="2990.00" GrandDiscount="0.00" GrandTax="0.00" GrandTotal="62940.00" HdrCharges="2990.00" HdrDiscount="0.00" HdrTax="0.00" HdrTotal="2990.00" LineSubTotal="59950.00"/>
  <HeaderCharges>
    <HeaderCharge ChargeAmount="2990.00" ChargeCategory="SHIPPING" ChargeName="SHIPPING_CHARGE" ChargeNameKey="20200210110952508937952" InvoicedChargeAmount="0.00" IsBillable="Y" IsDiscount="N" Reference="" RemainingChargeAmount="2990.00"/>
  </HeaderCharges>
  <HeaderTaxes>
    <HeaderTax ChargeCategory="TAX" ChargeName="SHIPPING_TAX" ChargeNameKey="20200210111104508945910" InvoicedTax="0.00" Reference_1="" Reference_2="" Reference_3="" RemainingTax="477.00" Tax="477.00" TaxName="SHIPPING_TAX" TaxPercentage="0.00" TaxableFlag="Y"/>
    <TaxSummary>
      <TaxSummaryDetail InvoicedTax="0.00" OverallTax="477.00" RemainingTax="477.00" TaxName="SHIPPING_TAX"/>
    </TaxSummary>
  </HeaderTaxes>
  <OrderStatuses>
    <OrderStatus OrderHeaderKey="2022011908013168173579" OrderLineKey="2022011908013168173580" OrderLineScheduleKey="202201190811013568173618" OrderReleaseKey="2022011908013568173614" OrderReleaseStatusKey="202201190893013568173619" PipelineKey="202004200551401016291479" ShipNode="457" Status="3200" StatusDate="2022-01-19T08:01:35+00:00" StatusDescription="Released to store" StatusQty="3" TotalQuantity="3">
      <Details ExpectedDeliveryDate="2022-01-19T08:01:35+00:00" ExpectedShipmentDate="2022-01-19T08:01:35+00:00" TagNumber=""/>
    </OrderStatus>
    <OrderStatus OrderHeaderKey="2022011908013168173579" OrderLineKey="2022011908013168173581" OrderLineScheduleKey="202201190885013568173615" OrderReleaseKey="2022011908013568173614" OrderReleaseStatusKey="202201190883013568173616" PipelineKey="202004200551401016291479" ShipNode="457" Status="3200" StatusDate="2022-01-19T08:01:35+00:00" StatusDescription="Released to store" StatusQty="2" TotalQuantity="2">
      <Details ExpectedDeliveryDate="2022-01-19T08:01:35+00:00" ExpectedShipmentDate="2022-01-19T08:01:35+00:00" TagNumber=""/>
    </OrderStatus>
  </OrderStatuses>
  <ExchangeOrders/>
</Order>


[INFO]-[2022-01-19 13:31:47.498]-[TestNG-test=OMS-3]-[requestCreationInOMS]-[RequestHelper.java:140]-Pre-condition for Test: getOrderDetails
[INFO]-[2022-01-19 13:31:47.500]-[TestNG-test=OMS-3]-[sendAPIRequest]-[RestAssuredRequest.java:20]-Calling POST request with end point : https://localhost:9443/smcfs/restapi/invoke/getOrderDetails
io.restassured.internal.RequestSpecificationImpl@5c8e83a0
io.restassured.internal.RestAssuredResponseImpl@3e051eec
[INFO]-[2022-01-19 13:31:48.681]-[TestNG-test=OMS-3]-[logRequestResponse]-[RequestPayload.java:171]-API Request sent : 
[INFO]-[2022-01-19 13:31:48.682]-[TestNG-test=OMS-3]-[logRequestResponse]-[RequestPayload.java:172]-Request method:	POST
Request URI:	https://localhost:9443/smcfs/restapi/invoke/getOrderDetails
Proxy:			<none>
Request params:	<none>
Query params:	<none>
Form params:	<none>
Path params:	<none>
Headers:		Accept=application/xml
				Authorization=Basic YWRtaW46cGFzc3dvcmQ=
				Content-Type=application/xml
Cookies:		<none>
Multiparts:		<none>
Body:
<Order DocumentType="0001" EnterpriseCode="FCVColombia" OrderHeaderKey="" OrderNo="COCC95023498"/>

[INFO]-[2022-01-19 13:31:48.683]-[TestNG-test=OMS-3]-[logRequestResponse]-[RequestPayload.java:174]-API Response received : 
[INFO]-[2022-01-19 13:31:48.683]-[TestNG-test=OMS-3]-[logRequestResponse]-[RequestPayload.java:175]-HTTP/1.1 200 OK
X-FRAME-OPTIONS: SAMEORIGIN
X-UA-Compatible: IE=EmulateIE8
Access-Control-Max-Age: 3600
Access-Control-Allow-Credentials: true
Access-Control-Allow-Origin: *
Content-Type: application/xml; charset=UTF-8
Content-Encoding: gzip
Content-Language: en-US
Content-Length: 4214
Date: Wed, 19 Jan 2022 08:01:49 GMT

<Order AllocationRuleID="DIF_SCH" AuthorizationExpirationDate="2022-01-19T08:01:31+00:00" BillToID="00198505" BuyerOrganizationCode="FCV.CO" CarrierAccountNo="" CarrierServiceCode="" ChainType="" ChargeActualFreightFlag="N" CustCustPONo="" CustomerEMailID="tremere27@gmail.com" CustomerPONo="" DeliveryCode="" Division="" DocumentType="0001" DraftOrderFlag="N" EnteredBy="00198505" EnterpriseCode="FCVColombia" EntryType="CustomerOnWeb" FreightTerms="" HasDeliveryLines="N" HasProductLines="Y" HasServiceLines="N" HoldFlag="N" HoldReasonCode="" MaxOrderStatus="3200" MaxOrderStatusDesc="Released to store" MinOrderStatus="3200" MinOrderStatusDesc="Released to store" NotifyAfterShipmentFlag="N" OrderDate="2022-01-19T08:01:31+00:00" OrderHeaderKey="2022011908013168173579" OrderName="" OrderNo="COCC95023498" OrderType="PICK" OriginalTax="0.00" OriginalTotalAmount="62940.00" OtherCharges="2990.00" PaymentStatus="PAID" PendingTransferIn="0.00" PersonalizeCode="" PriorityCode="" PriorityNumber="0" Purpose="" ReturnByGiftRecipient="" SCAC="" ScacAndService="" ScacAndServiceKey="" SearchCriteria1="" SearchCriteria2="" SellerOrganizationCode="FCV.CO" ShipToID="00198505" Status="Released to store" TaxExemptFlag="N" TaxExemptionCertificate="" TaxJurisdiction="" TaxPayerId="" TermsCode="" TotalAdjustmentAmount="0.00" isHistory="N">
  <AllowedModifications>
    <Modification ModificationType="REMOVE_PROMOTION" ThroughOverride="Y"/>
    <Modification ModificationType="ORDER_NAME" ThroughOverride="Y"/>
    <Modification ModificationType="CONTACT_INFO" ThroughOverride="Y"/>
    <Modification ModificationType="CHANGE_ITERATION" ThroughOverride="Y"/>
    <Modification ModificationType="BILLTO" ThroughOverride="Y"/>
    <Modification ModificationType="TAX" ThroughOverride="Y"/>
    <Modification ModificationType="CHANGE_PROMOTION" ThroughOverride="Y"/>
    <Modification ModificationType="FREIGHT_TERMS" ThroughOverride="Y"/>
    <Modification ModificationType="ADD_NOTE" ThroughOverride="Y"/>
    <Modification ModificationType="CHANGE_STATUS" ThroughOverride="Y"/>
    <Modification ModificationType="ADD_LINE" ThroughOverride="Y"/>
    <Modification ModificationType="CARRIER" ThroughOverride="Y"/>
    <Modification ModificationType="ADDITIONADDR" ThroughOverride="Y"/>
    <Modification ModificationType="SOLDTO" ThroughOverride="Y"/>
    <Modification ModificationType="REQ_SHIP_DATE" ThroughOverride="Y"/>
    <Modification ModificationType="PAYMENT_STATUS" ThroughOverride="Y"/>
    <Modification ModificationType="ADD_INSTRUCTION" ThroughOverride="Y"/>
    <Modification ModificationType="CHANGE_NOTE" ThroughOverride="Y"/>
    <Modification ModificationType="CARRIER_ACCOUNT_NO" ThroughOverride="Y"/>
    <Modification ModificationType="CHANGE_ORDER_DATE" ThroughOverride="Y"/>
    <Modification ModificationType="REMOVE_NOTE" ThroughOverride="Y"/>
    <Modification ModificationType="CHANGE_SCHEDULE" ThroughOverride="Y"/>
    <Modification ModificationType="HOLD" ThroughOverride="N"/>
    <Modification ModificationType="SPECIAL_SERVICE" ThroughOverride="Y"/>
    <Modification ModificationType="RULE_ID" ThroughOverride="Y"/>
    <Modification ModificationType="PRICE" ThroughOverride="Y"/>
    <Modification ModificationType="CARRIER_SERVICE_CODE" ThroughOverride="Y"/>
    <Modification ModificationType="PAYMENT_METHOD" ThroughOverride="Y"/>
    <Modification ModificationType="CHANGE_CUSTOM_ATTRIBUTES" ThroughOverride="Y"/>
    <Modification ModificationType="RELEASE" ThroughOverride="Y"/>
    <Modification ModificationType="SHIP_NODE" ThroughOverride="Y"/>
    <Modification ModificationType="ANSWER_SET" ThroughOverride="Y"/>
    <Modification ModificationType="MARKFOR" ThroughOverride="Y"/>
    <Modification ModificationType="RECEIVING_NODE" ThroughOverride="Y"/>
    <Modification ModificationType="SHORT" ThroughOverride="N"/>
    <Modification ModificationType="BUYER_USER_ID" ThroughOverride="Y"/>
    <Modification ModificationType="OTHERS" ThroughOverride="N"/>
    <Modification ModificationType="DELIVERY_CODE" ThroughOverride="Y"/>
    <Modification ModificationType="LEVEL_OF_SERVICE" ThroughOverride="Y"/>
    <Modification ModificationType="CANCEL" ThroughOverride="N"/>
    <Modification ModificationType="UNSCHEDULE" ThroughOverride="Y"/>
    <Modification ModificationType="CHANGE_INSTRUCTION" ThroughOverride="Y"/>
    <Modification ModificationType="HOLD_TYPE" ThroughOverride="N"/>
    <Modification ModificationType="REFERENCES" ThroughOverride="Y"/>
  </AllowedModifications>
  <PriceInfo Currency="COP" EnterpriseCurrency="COP" ReportingConversionDate="2022-01-19T08:01:31+00:00" ReportingConversionRate="1.00" TotalAmount="62940.00"/>
  <OrderLines>
    <OrderLine AllocationDate="2021-11-03" ApptStatus="" AwaitingDeliveryRequest="N" CanAddServiceLines="N" CarrierAccountNo="" CarrierServiceCode="" CustomerLinePONo="" CustomerPONo="" DeliveryCode="" DeliveryMethod="PICK" DepartmentCode="" FreightTerms="" FulfillmentType="" HasDeliveryLines="N" HasServiceLines="N" HoldFlag="N" HoldReasonCode="" ImportLicenseNo="" InvoicedQty="0" IsBundleParent="N" ItemGroupCode="PROD" KitCode="" LineSeqNo="1.1" LineType="CnC" MaxLineStatus="3200" MaxLineStatusDesc="Released to store" MinLineStatus="3200" MinLineStatusDesc="Released to store" OpenQty="3" OrderHeaderKey="2022011908013168173579" OrderLineKey="2022011908013168173580" OrderedQty="3" OriginalOrderedQty="3" OtherCharges="0.00" PackListType="" PersonalizeCode="" PersonalizeFlag="" PickableFlag="Y" PrimeLineNo="1" Purpose="" RemainingQty="3" ReqShipDate="2021-11-03T13:31:37+00:00" ReservationID="" ReservationPool="" SCAC="" ScacAndService="" ScacAndServiceKey="" Segment="" SegmentType="" SerialNo="" ShipNode="457" ShipToID="00198505" ShipTogetherNo="" SplitQty="0" Status="Released to store" StatusQuantity="3" SubLineNo="1" SubstituteItemID="" SubstituteItemUOM="" isHistory="N">
      <Item CostCurrency="COP" CountryOfOrigin="" CustomerItem="480568" CustomerItemDesc="Gaviscon (5+2.67+1.6)% Suspension Oral Frasco X 300mL Menta" ECCNNo="" HarmonizedCode="" ISBN="" ItemDesc="Gaviscon (5+2.67+1.6)% Suspension Oral Frasco X 300mL Menta" ItemID="480568" ItemShortDesc="Stevia Endulzante Natural X 200 Ta Caja X 200" ItemWeight="0.00" ItemWeightUOM="LBS" ManufacturerItem="" ManufacturerItemDesc="" ManufacturerName="RB HEALTH COLOMBIA SAS" NMFCClass="" NMFCCode="" NMFCDescription="" ProductClass="REGULAR" ProductLine="" ScheduleBCode="" SupplierItem="" SupplierItemDesc="" TaxProductCode="" UPCCode="" UnitCost="11990.00" UnitOfMeasure="EACH"/>
      <LinePriceInfo ActualPricingQty="3" DiscountPercentage="0.00" InvoicedPricingQty="0" IsPriceLocked="Y" LineTotal="35970.00" ListPrice="11990.00" OrderedPricingQty="3" PricingQtyConversionFactor="0" PricingUOM="EACH" RetailPrice="0.00" SettledAmount="0.00" SettledQuantity="0" TaxableFlag="N" UnitPrice="11990.00"/>
      <OrderLineOptions/>
      <WorkOrders NumberOfWorkOrders="0"/>
      <PersonInfoShipTo AddressLine1="Carrera 70 # 99-8" AddressLine2="" AddressLine3="" AddressLine4="Bogota" AddressLine5="" AddressLine6="" AlternateEmailID="" Beeper="" City="Bogota" Company="" Country="CO" DayFaxNo="" DayPhone="(+57) 1111111111" Department="" EMailID="test_user_66074730@testuser.com" EveningFaxNo="" EveningPhone="" FirstName="test" JobTitle="" LastName="test" MiddleName="" MobilePhone="(+57) 1111111111" OtherPhone="" PersonID="" PersonInfoKey="2021112515060161885970" State="Bogota" Suffix="" Title="" ZipCode=""/>
      <Instructions NumberOfInstructions="0"/>
      <References/>
      <KitLines NumberOfKitLines="0"/>
      <ProductItems/>
      <AdditionalAddresses NumberOfAdditionalAddresses="0"/>
      <Notes NumberOfNotes="0"/>
      <ServiceAssociations/>
      <ProductAssociations/>
      <DeliveryAssociations/>
      <Schedules>
        <Schedule ExpectedDeliveryDate="2022-01-19T08:01:35+00:00" ExpectedShipmentDate="2022-01-19T08:01:35+00:00" OrderHeaderKey="2022011908013168173579" OrderLineKey="2022011908013168173580" OrderLineScheduleKey="202201190811013568173618" Quantity="3" ScheduleNo="3" TagNumber=""/>
      </Schedules>
      <LineOverallTotals Charges="0.00" Discount="0.00" ExtendedPrice="35970.00" LineTotal="35970.00" OptionPrice="0.00" PricingQty="3.00" Tax="0.00" UnitPrice="11990.00"/>
      <LineInvoicedTotals AdditionalLinePriceTotal="0.00" Charges="0.00" Discount="0.00" ExtendedPrice="0.00" LineTotal="0.00" OptionPrice="0.00" PricingQty="0.00" Tax="0.00" UnitPrice="0.00"/>
      <LineRemainingTotals AdditionalLinePriceTotal="0.00" Charges="0.00" Discount="0.00" ExtendedPrice="35970.00" LineTotal="35970.00" OptionPrice="0.00" PricingQty="3.00" Tax="0.00" UnitPrice="11990.00"/>
      <LineCharges/>
      <LineTaxes>
        <LineTax ChargeCategory="TAX" ChargeName="SALES_TAX" ChargeNameKey="20200210111055508944842" InvoicedTax="0.00" Reference_1="" Reference_2="" Reference_3="" RemainingTax="1914.00" Tax="1914.00" TaxName="SalesTax" TaxPercentage="0.00"/>
        <TaxSummary>
          <TaxSummaryDetail InvoicedTax="0.00" OverallTax="1914.00" RemainingTax="1914.00" TaxName="SalesTax"/>
        </TaxSummary>
      </LineTaxes>
      <OrderStatuses>
        <OrderStatus OrderHeaderKey="2022011908013168173579" OrderLineKey="2022011908013168173580" OrderLineScheduleKey="202201190811013568173618" OrderReleaseKey="2022011908013568173614" OrderReleaseStatusKey="202201190893013568173619" PipelineKey="202004200551401016291479" ShipNode="457" Status="3200" StatusDate="2022-01-19T08:01:35+00:00" StatusDescription="Released to store" StatusQty="3" TotalQuantity="3">
          <Details ExpectedDeliveryDate="2022-01-19T08:01:35+00:00" ExpectedShipmentDate="2022-01-19T08:01:35+00:00" TagNumber="">
            <KitDetails/>
          </Details>
        </OrderStatus>
      </OrderStatuses>
      <CapacityAllocations/>
    </OrderLine>
    <OrderLine AllocationDate="2021-11-03" ApptStatus="" AwaitingDeliveryRequest="N" CanAddServiceLines="N" CarrierAccountNo="" CarrierServiceCode="" CustomerLinePONo="" CustomerPONo="" DeliveryCode="" DeliveryMethod="PICK" DepartmentCode="" FreightTerms="" FulfillmentType="" HasDeliveryLines="N" HasServiceLines="N" HoldFlag="N" HoldReasonCode="" ImportLicenseNo="" InvoicedQty="0" IsBundleParent="N" ItemGroupCode="PROD" KitCode="" LineSeqNo="2.1" LineType="CnC" MaxLineStatus="3200" MaxLineStatusDesc="Released to store" MinLineStatus="3200" MinLineStatusDesc="Released to store" OpenQty="2" OrderHeaderKey="2022011908013168173579" OrderLineKey="2022011908013168173581" OrderedQty="2" OriginalOrderedQty="2" OtherCharges="0.00" PackListType="" PersonalizeCode="" PersonalizeFlag="" PickableFlag="Y" PrimeLineNo="2" Purpose="" RemainingQty="2" ReqShipDate="2021-11-03T13:31:37+00:00" ReservationID="" ReservationPool="" SCAC="" ScacAndService="" ScacAndServiceKey="" Segment="" SegmentType="" SerialNo="" ShipNode="457" ShipToID="00198505" ShipTogetherNo="" SplitQty="0" Status="Released to store" StatusQuantity="2" SubLineNo="1" SubstituteItemID="" SubstituteItemUOM="" isHistory="N">
      <Item CostCurrency="COP" CountryOfOrigin="" CustomerItem="456636" CustomerItemDesc="Gaviscon (5+2.67+1.6)% Suspension Oral Frasco X 300mL Menta" ECCNNo="" HarmonizedCode="" ISBN="" ItemDesc="Gaviscon (5+2.67+1.6)% Suspension Oral Frasco X 300mL Menta" ItemID="456636" ItemShortDesc="Stevia Endulzante Natural X 200 Ta Caja X 200" ItemWeight="0.00" ItemWeightUOM="LBS" ManufacturerItem="" ManufacturerItemDesc="" ManufacturerName="RB HEALTH COLOMBIA SAS" NMFCClass="" NMFCCode="" NMFCDescription="" ProductClass="REGULAR" ProductLine="" ScheduleBCode="" SupplierItem="" SupplierItemDesc="" TaxProductCode="" UPCCode="" UnitCost="11990.00" UnitOfMeasure="EACH"/>
      <LinePriceInfo ActualPricingQty="2" DiscountPercentage="0.00" InvoicedPricingQty="0" IsPriceLocked="Y" LineTotal="23980.00" ListPrice="11990.00" OrderedPricingQty="2" PricingQtyConversionFactor="0" PricingUOM="EACH" RetailPrice="0.00" SettledAmount="0.00" SettledQuantity="0" TaxableFlag="N" UnitPrice="11990.00"/>
      <OrderLineOptions/>
      <WorkOrders NumberOfWorkOrders="0"/>
      <PersonInfoShipTo AddressLine1="Carrera 70 # 99-8" AddressLine2="" AddressLine3="" AddressLine4="Bogota" AddressLine5="" AddressLine6="" AlternateEmailID="" Beeper="" City="Bogota" Company="" Country="CO" DayFaxNo="" DayPhone="(+57) 1111111111" Department="" EMailID="test_user_66074730@testuser.com" EveningFaxNo="" EveningPhone="" FirstName="test" JobTitle="" LastName="test" MiddleName="" MobilePhone="(+57) 1111111111" OtherPhone="" PersonID="" PersonInfoKey="2021112515060161885970" State="Bogota" Suffix="" Title="" ZipCode=""/>
      <Instructions NumberOfInstructions="0"/>
      <References/>
      <KitLines NumberOfKitLines="0"/>
      <ProductItems/>
      <AdditionalAddresses NumberOfAdditionalAddresses="0"/>
      <Notes NumberOfNotes="0"/>
      <ServiceAssociations/>
      <ProductAssociations/>
      <DeliveryAssociations/>
      <Schedules>
        <Schedule ExpectedDeliveryDate="2022-01-19T08:01:35+00:00" ExpectedShipmentDate="2022-01-19T08:01:35+00:00" OrderHeaderKey="2022011908013168173579" OrderLineKey="2022011908013168173581" OrderLineScheduleKey="202201190885013568173615" Quantity="2" ScheduleNo="3" TagNumber=""/>
      </Schedules>
      <LineOverallTotals Charges="0.00" Discount="0.00" ExtendedPrice="23980.00" LineTotal="23980.00" OptionPrice="0.00" PricingQty="2.00" Tax="0.00" UnitPrice="11990.00"/>
      <LineInvoicedTotals AdditionalLinePriceTotal="0.00" Charges="0.00" Discount="0.00" ExtendedPrice="0.00" LineTotal="0.00" OptionPrice="0.00" PricingQty="0.00" Tax="0.00" UnitPrice="0.00"/>
      <LineRemainingTotals AdditionalLinePriceTotal="0.00" Charges="0.00" Discount="0.00" ExtendedPrice="23980.00" LineTotal="23980.00" OptionPrice="0.00" PricingQty="2.00" Tax="0.00" UnitPrice="11990.00"/>
      <LineCharges/>
      <LineTaxes>
        <LineTax ChargeCategory="TAX" ChargeName="SALES_TAX" ChargeNameKey="20200210111055508944842" InvoicedTax="0.00" Reference_1="" Reference_2="" Reference_3="" RemainingTax="1914.00" Tax="1914.00" TaxName="SalesTax" TaxPercentage="0.00"/>
        <TaxSummary>
          <TaxSummaryDetail InvoicedTax="0.00" OverallTax="1914.00" RemainingTax="1914.00" TaxName="SalesTax"/>
        </TaxSummary>
      </LineTaxes>
      <OrderStatuses>
        <OrderStatus OrderHeaderKey="2022011908013168173579" OrderLineKey="2022011908013168173581" OrderLineScheduleKey="202201190885013568173615" OrderReleaseKey="2022011908013568173614" OrderReleaseStatusKey="202201190883013568173616" PipelineKey="202004200551401016291479" ShipNode="457" Status="3200" StatusDate="2022-01-19T08:01:35+00:00" StatusDescription="Released to store" StatusQty="2" TotalQuantity="2">
          <Details ExpectedDeliveryDate="2022-01-19T08:01:35+00:00" ExpectedShipmentDate="2022-01-19T08:01:35+00:00" TagNumber="">
            <KitDetails/>
          </Details>
        </OrderStatus>
      </OrderStatuses>
      <CapacityAllocations/>
    </OrderLine>
  </OrderLines>
  <Instructions NumberOfInstructions="0"/>
  <PersonInfoShipTo AddressLine1="Carrera 70 # 99-8" AddressLine2="" AddressLine3="" AddressLine4="Bogota" AddressLine5="" AddressLine6="" AlternateEmailID="" Beeper="" City="Bogota" Company="" Country="CO" DayFaxNo="" DayPhone="(+57) 1111111111" Department="" EMailID="test_user_66074730@testuser.com" EveningFaxNo="" EveningPhone="" FirstName="test" JobTitle="" LastName="test" MiddleName="" MobilePhone="(+57) 1111111111" OtherPhone="" PersonID="" PersonInfoKey="2021112515060161885970" State="Bogota" Suffix="" Title="" ZipCode=""/>
  <PersonInfoBillTo AddressLine1="Carrera 70 # 99-8" AddressLine2="" AddressLine3="" AddressLine4="Bogota" AddressLine5="" AddressLine6="" AlternateEmailID="" Beeper="" City="Bogota" Company="" Country="CO" DayFaxNo="" DayPhone="(+57) 1111111111" Department="" EMailID="test_user_66074730@testuser.com" EveningFaxNo="" EveningPhone="" FirstName="test" JobTitle="" LastName="test" MiddleName="" MobilePhone="" OtherPhone="" PersonID="" PersonInfoKey="2021112515060161885971" State="Bogota" Suffix="" Title="" ZipCode=""/>
  <AdditionalAddresses NumberOfAdditionalAddresses="0"/>
  <References/>
  <PaymentMethods>
    <PaymentMethod CheckNo="" CheckReference="" CreditCardExpDate="20251101" CreditCardName="Luis Gino Beltran" CreditCardNo="371180" CreditCardType="AMEX" CustomerPONo="" DisplayCreditCardNo="7522" DisplayCustomerAccountNo="" DisplayPaymentReference1="" DisplaySvcNo="" FundsAvailable="0.00" GetFundsAvailableUserExitInvoked="N" PaymentReference1="" PaymentReference2="MPAGO_CREDIT" PaymentReference3="1023936477" PaymentType="CREDIT_CARD"/>
  </PaymentMethods>
  <ChargeTransactionDetails AdditionalExpectedAuthorizations="0.00" TotalCredits="59950.00" TotalDebits="0.00" TotalOpenAuthorizations="0.00" TotalOpenBookings="62940.00" TotalTransferredIn="0.00" TotalTransferredOut="0.00">
    <ChargeTransactionDetail AuditTransactionID="" AuthorizationExpirationDate="2022-01-19T08:01:31+00:00" AuthorizationID="" BookAmount="0.00" ChargeTransactionKey="2022011908013168173583" ChargeType="CHARGE" CollectionDate="2022-01-19T08:01:31+00:00" CreditAmount="59950.00" DebitAmount="0.00" DistributedAmount="0.00" HoldAgainstBook="Y" OpenAuthorizedAmount="0.00" OrderHeaderKey="2022011908013168173579" OrderInvoiceKey="" PaymentKey="202201190879013168173582" RequestAmount="59950.00" SettledAmount="0.00" Status="CLOSED" TransactionDate="2022-01-19T08:01:31+00:00" TransferFromOhKey="" TransferToOhKey="" UserExitStatus="">
      <InvoiceCollectionDetails/>
      <CreditCardTransactions>
        <CreditCardTransaction AuthAmount="59950.00" AuthAvs="" AuthCode="1234546089" AuthReturnCode="" AuthReturnFlag="" AuthReturnMessage="" AuthTime="2022-01-19T08:01:31+00:00" CVVAuthCode="" ChargeTransactionKey="2022011908013168173583" CreditCardTransactionKey="202201190833013168173584" InternalReturnCode="" InternalReturnFlag="" InternalReturnMessage="" ParentKey="" Reference1="" Reference2="" RequestId="" TranAmount="59950.00" TranRequestTime="2022-01-19T08:01:31+00:00" TranReturnCode="" TranReturnFlag="" TranReturnMessage="" TranType="CHARGE"/>
      </CreditCardTransactions>
      <TransferToOrder/>
      <TransferFromOrder/>
    </ChargeTransactionDetail>
    <ChargeTransactionDetail AuditTransactionID="" AuthorizationExpirationDate="2022-01-19T08:01:31+00:00" AuthorizationID="" BookAmount="62940.00" ChargeTransactionKey="2022011908013168173592" ChargeType="CREATE_ORDER" CollectionDate="2022-01-19T08:01:31+00:00" CreditAmount="0.00" DebitAmount="0.00" DistributedAmount="0.00" HoldAgainstBook="" OpenAuthorizedAmount="0.00" OrderHeaderKey="2022011908013168173579" OrderInvoiceKey="" PaymentKey="" RequestAmount="0.00" SettledAmount="0.00" Status="OPEN" TransactionDate="2022-01-19T08:01:31+00:00" TransferFromOhKey="" TransferToOhKey="" UserExitStatus="">
      <InvoiceCollectionDetails/>
      <CreditCardTransactions/>
      <TransferToOrder/>
      <TransferFromOrder/>
    </ChargeTransactionDetail>
  </ChargeTransactionDetails>
  <ProductServiceAssocs/>
  <OverallTotals GrandCharges="2990.00" GrandDiscount="0.00" GrandTax="0.00" GrandTotal="62940.00" HdrCharges="2990.00" HdrDiscount="0.00" HdrTax="0.00" HdrTotal="2990.00" LineSubTotal="59950.00"/>
  <InvoicedTotals GrandCharges="0.00" GrandDiscount="0.00" GrandTax="0.00" GrandTotal="0.00" HdrCharges="0.00" HdrDiscount="0.00" HdrTax="0.00" HdrTotal="0.00" LineSubTotal="0.00"/>
  <RemainingTotals GrandCharges="2990.00" GrandDiscount="0.00" GrandTax="0.00" GrandTotal="62940.00" HdrCharges="2990.00" HdrDiscount="0.00" HdrTax="0.00" HdrTotal="2990.00" LineSubTotal="59950.00"/>
  <HeaderCharges>
    <HeaderCharge ChargeAmount="2990.00" ChargeCategory="SHIPPING" ChargeName="SHIPPING_CHARGE" ChargeNameKey="20200210110952508937952" InvoicedChargeAmount="0.00" IsBillable="Y" IsDiscount="N" Reference="" RemainingChargeAmount="2990.00"/>
  </HeaderCharges>
  <HeaderTaxes>
    <HeaderTax ChargeCategory="TAX" ChargeName="SHIPPING_TAX" ChargeNameKey="20200210111104508945910" InvoicedTax="0.00" Reference_1="" Reference_2="" Reference_3="" RemainingTax="477.00" Tax="477.00" TaxName="SHIPPING_TAX" TaxPercentage="0.00" TaxableFlag="Y"/>
    <TaxSummary>
      <TaxSummaryDetail InvoicedTax="0.00" OverallTax="477.00" RemainingTax="477.00" TaxName="SHIPPING_TAX"/>
    </TaxSummary>
  </HeaderTaxes>
  <OrderStatuses>
    <OrderStatus OrderHeaderKey="2022011908013168173579" OrderLineKey="2022011908013168173580" OrderLineScheduleKey="202201190811013568173618" OrderReleaseKey="2022011908013568173614" OrderReleaseStatusKey="202201190893013568173619" PipelineKey="202004200551401016291479" ShipNode="457" Status="3200" StatusDate="2022-01-19T08:01:35+00:00" StatusDescription="Released to store" StatusQty="3" TotalQuantity="3">
      <Details ExpectedDeliveryDate="2022-01-19T08:01:35+00:00" ExpectedShipmentDate="2022-01-19T08:01:35+00:00" TagNumber=""/>
    </OrderStatus>
    <OrderStatus OrderHeaderKey="2022011908013168173579" OrderLineKey="2022011908013168173581" OrderLineScheduleKey="202201190885013568173615" OrderReleaseKey="2022011908013568173614" OrderReleaseStatusKey="202201190883013568173616" PipelineKey="202004200551401016291479" ShipNode="457" Status="3200" StatusDate="2022-01-19T08:01:35+00:00" StatusDescription="Released to store" StatusQty="2" TotalQuantity="2">
      <Details ExpectedDeliveryDate="2022-01-19T08:01:35+00:00" ExpectedShipmentDate="2022-01-19T08:01:35+00:00" TagNumber=""/>
    </OrderStatus>
  </OrderStatuses>
  <ExchangeOrders/>
</Order>

[INFO]-[2022-01-19 13:31:58.724]-[TestNG-test=OMS-3]-[requestCreationInOMS]-[RequestHelper.java:140]-Pre-condition for Test: getOrderDetails
[INFO]-[2022-01-19 13:31:58.725]-[TestNG-test=OMS-3]-[sendAPIRequest]-[RestAssuredRequest.java:20]-Calling POST request with end point : https://localhost:9443/smcfs/restapi/invoke/getOrderDetails
io.restassured.internal.RequestSpecificationImpl@2ea9b9ba
io.restassured.internal.RestAssuredResponseImpl@30480917
[INFO]-[2022-01-19 13:31:59.567]-[TestNG-test=OMS-3]-[logRequestResponse]-[RequestPayload.java:171]-API Request sent : 
[INFO]-[2022-01-19 13:31:59.568]-[TestNG-test=OMS-3]-[logRequestResponse]-[RequestPayload.java:172]-Request method:	POST
Request URI:	https://localhost:9443/smcfs/restapi/invoke/getOrderDetails
Proxy:			<none>
Request params:	<none>
Query params:	<none>
Form params:	<none>
Path params:	<none>
Headers:		Accept=application/xml
				Authorization=Basic YWRtaW46cGFzc3dvcmQ=
				Content-Type=application/xml
Cookies:		<none>
Multiparts:		<none>
Body:
<Order DocumentType="0001" EnterpriseCode="FCVColombia" OrderHeaderKey="" OrderNo="COCC95023498"/>

[INFO]-[2022-01-19 13:31:59.568]-[TestNG-test=OMS-3]-[logRequestResponse]-[RequestPayload.java:174]-API Response received : 
[INFO]-[2022-01-19 13:31:59.569]-[TestNG-test=OMS-3]-[logRequestResponse]-[RequestPayload.java:175]-HTTP/1.1 200 OK
X-FRAME-OPTIONS: SAMEORIGIN
X-UA-Compatible: IE=EmulateIE8
Access-Control-Max-Age: 3600
Access-Control-Allow-Credentials: true
Access-Control-Allow-Origin: *
Content-Type: application/xml; charset=UTF-8
Content-Encoding: gzip
Content-Language: en-US
Content-Length: 4210
Date: Wed, 19 Jan 2022 08:01:59 GMT

<Order AllocationRuleID="DIF_SCH" BillToID="00198505" BuyerOrganizationCode="FCV.CO" CarrierAccountNo="" CarrierServiceCode="" ChainType="" ChargeActualFreightFlag="N" CustCustPONo="" CustomerEMailID="tremere27@gmail.com" CustomerPONo="" DeliveryCode="" Division="" DocumentType="0001" DraftOrderFlag="N" EnteredBy="00198505" EnterpriseCode="FCVColombia" EntryType="CustomerOnWeb" FreightTerms="" HasDeliveryLines="N" HasProductLines="Y" HasServiceLines="N" HoldFlag="N" HoldReasonCode="" MaxOrderStatus="3200" MaxOrderStatusDesc="Released to store" MinOrderStatus="3200" MinOrderStatusDesc="Released to store" NotifyAfterShipmentFlag="N" OrderDate="2022-01-19T08:01:31+00:00" OrderHeaderKey="2022011908013168173579" OrderName="" OrderNo="COCC95023498" OrderType="PICK" OriginalTax="0.00" OriginalTotalAmount="62940.00" OtherCharges="2990.00" PaymentStatus="AUTHORIZED" PendingTransferIn="0.00" PersonalizeCode="" PriorityCode="" PriorityNumber="0" Purpose="" ReturnByGiftRecipient="" SCAC="" ScacAndService="" ScacAndServiceKey="" SearchCriteria1="" SearchCriteria2="" SellerOrganizationCode="FCV.CO" ShipToID="00198505" Status="Released to store" TaxExemptFlag="N" TaxExemptionCertificate="" TaxJurisdiction="" TaxPayerId="" TermsCode="" TotalAdjustmentAmount="0.00" isHistory="N">
  <AllowedModifications>
    <Modification ModificationType="REMOVE_PROMOTION" ThroughOverride="Y"/>
    <Modification ModificationType="ORDER_NAME" ThroughOverride="Y"/>
    <Modification ModificationType="CONTACT_INFO" ThroughOverride="Y"/>
    <Modification ModificationType="CHANGE_ITERATION" ThroughOverride="Y"/>
    <Modification ModificationType="BILLTO" ThroughOverride="Y"/>
    <Modification ModificationType="TAX" ThroughOverride="Y"/>
    <Modification ModificationType="CHANGE_PROMOTION" ThroughOverride="Y"/>
    <Modification ModificationType="FREIGHT_TERMS" ThroughOverride="Y"/>
    <Modification ModificationType="ADD_NOTE" ThroughOverride="Y"/>
    <Modification ModificationType="CHANGE_STATUS" ThroughOverride="Y"/>
    <Modification ModificationType="ADD_LINE" ThroughOverride="Y"/>
    <Modification ModificationType="CARRIER" ThroughOverride="Y"/>
    <Modification ModificationType="ADDITIONADDR" ThroughOverride="Y"/>
    <Modification ModificationType="SOLDTO" ThroughOverride="Y"/>
    <Modification ModificationType="REQ_SHIP_DATE" ThroughOverride="Y"/>
    <Modification ModificationType="PAYMENT_STATUS" ThroughOverride="Y"/>
    <Modification ModificationType="ADD_INSTRUCTION" ThroughOverride="Y"/>
    <Modification ModificationType="CHANGE_NOTE" ThroughOverride="Y"/>
    <Modification ModificationType="CARRIER_ACCOUNT_NO" ThroughOverride="Y"/>
    <Modification ModificationType="CHANGE_ORDER_DATE" ThroughOverride="Y"/>
    <Modification ModificationType="REMOVE_NOTE" ThroughOverride="Y"/>
    <Modification ModificationType="CHANGE_SCHEDULE" ThroughOverride="Y"/>
    <Modification ModificationType="HOLD" ThroughOverride="N"/>
    <Modification ModificationType="SPECIAL_SERVICE" ThroughOverride="Y"/>
    <Modification ModificationType="RULE_ID" ThroughOverride="Y"/>
    <Modification ModificationType="PRICE" ThroughOverride="Y"/>
    <Modification ModificationType="CARRIER_SERVICE_CODE" ThroughOverride="Y"/>
    <Modification ModificationType="PAYMENT_METHOD" ThroughOverride="Y"/>
    <Modification ModificationType="CHANGE_CUSTOM_ATTRIBUTES" ThroughOverride="Y"/>
    <Modification ModificationType="RELEASE" ThroughOverride="Y"/>
    <Modification ModificationType="SHIP_NODE" ThroughOverride="Y"/>
    <Modification ModificationType="ANSWER_SET" ThroughOverride="Y"/>
    <Modification ModificationType="MARKFOR" ThroughOverride="Y"/>
    <Modification ModificationType="RECEIVING_NODE" ThroughOverride="Y"/>
    <Modification ModificationType="SHORT" ThroughOverride="N"/>
    <Modification ModificationType="BUYER_USER_ID" ThroughOverride="Y"/>
    <Modification ModificationType="OTHERS" ThroughOverride="N"/>
    <Modification ModificationType="DELIVERY_CODE" ThroughOverride="Y"/>
    <Modification ModificationType="LEVEL_OF_SERVICE" ThroughOverride="Y"/>
    <Modification ModificationType="CANCEL" ThroughOverride="N"/>
    <Modification ModificationType="UNSCHEDULE" ThroughOverride="Y"/>
    <Modification ModificationType="CHANGE_INSTRUCTION" ThroughOverride="Y"/>
    <Modification ModificationType="HOLD_TYPE" ThroughOverride="N"/>
    <Modification ModificationType="REFERENCES" ThroughOverride="Y"/>
  </AllowedModifications>
  <PriceInfo Currency="COP" EnterpriseCurrency="COP" ReportingConversionDate="2022-01-19T08:01:31+00:00" ReportingConversionRate="1.00" TotalAmount="62940.00"/>
  <OrderLines>
    <OrderLine AllocationDate="2021-11-03" ApptStatus="" AwaitingDeliveryRequest="N" CanAddServiceLines="N" CarrierAccountNo="" CarrierServiceCode="" CustomerLinePONo="" CustomerPONo="" DeliveryCode="" DeliveryMethod="PICK" DepartmentCode="" FreightTerms="" FulfillmentType="" HasDeliveryLines="N" HasServiceLines="N" HoldFlag="N" HoldReasonCode="" ImportLicenseNo="" InvoicedQty="0" IsBundleParent="N" ItemGroupCode="PROD" KitCode="" LineSeqNo="1.1" LineType="CnC" MaxLineStatus="3200" MaxLineStatusDesc="Released to store" MinLineStatus="3200" MinLineStatusDesc="Released to store" OpenQty="3" OrderHeaderKey="2022011908013168173579" OrderLineKey="2022011908013168173580" OrderedQty="3" OriginalOrderedQty="3" OtherCharges="0.00" PackListType="" PersonalizeCode="" PersonalizeFlag="" PickableFlag="Y" PrimeLineNo="1" Purpose="" RemainingQty="3" ReqShipDate="2021-11-03T13:31:37+00:00" ReservationID="" ReservationPool="" SCAC="" ScacAndService="" ScacAndServiceKey="" Segment="" SegmentType="" SerialNo="" ShipNode="457" ShipToID="00198505" ShipTogetherNo="" SplitQty="0" Status="Released to store" StatusQuantity="3" SubLineNo="1" SubstituteItemID="" SubstituteItemUOM="" isHistory="N">
      <Item CostCurrency="COP" CountryOfOrigin="" CustomerItem="480568" CustomerItemDesc="Gaviscon (5+2.67+1.6)% Suspension Oral Frasco X 300mL Menta" ECCNNo="" HarmonizedCode="" ISBN="" ItemDesc="Gaviscon (5+2.67+1.6)% Suspension Oral Frasco X 300mL Menta" ItemID="480568" ItemShortDesc="Stevia Endulzante Natural X 200 Ta Caja X 200" ItemWeight="0.00" ItemWeightUOM="LBS" ManufacturerItem="" ManufacturerItemDesc="" ManufacturerName="RB HEALTH COLOMBIA SAS" NMFCClass="" NMFCCode="" NMFCDescription="" ProductClass="REGULAR" ProductLine="" ScheduleBCode="" SupplierItem="" SupplierItemDesc="" TaxProductCode="" UPCCode="" UnitCost="11990.00" UnitOfMeasure="EACH"/>
      <LinePriceInfo ActualPricingQty="3" DiscountPercentage="0.00" InvoicedPricingQty="0" IsPriceLocked="Y" LineTotal="35970.00" ListPrice="11990.00" OrderedPricingQty="3" PricingQtyConversionFactor="0" PricingUOM="EACH" RetailPrice="0.00" SettledAmount="0.00" SettledQuantity="0" TaxableFlag="N" UnitPrice="11990.00"/>
      <OrderLineOptions/>
      <WorkOrders NumberOfWorkOrders="0"/>
      <PersonInfoShipTo AddressLine1="Carrera 70 # 99-8" AddressLine2="" AddressLine3="" AddressLine4="Bogota" AddressLine5="" AddressLine6="" AlternateEmailID="" Beeper="" City="Bogota" Company="" Country="CO" DayFaxNo="" DayPhone="(+57) 1111111111" Department="" EMailID="test_user_66074730@testuser.com" EveningFaxNo="" EveningPhone="" FirstName="test" JobTitle="" LastName="test" MiddleName="" MobilePhone="(+57) 1111111111" OtherPhone="" PersonID="" PersonInfoKey="2021112515060161885970" State="Bogota" Suffix="" Title="" ZipCode=""/>
      <Instructions NumberOfInstructions="0"/>
      <References/>
      <KitLines NumberOfKitLines="0"/>
      <ProductItems/>
      <AdditionalAddresses NumberOfAdditionalAddresses="0"/>
      <Notes NumberOfNotes="0"/>
      <ServiceAssociations/>
      <ProductAssociations/>
      <DeliveryAssociations/>
      <Schedules>
        <Schedule ExpectedDeliveryDate="2022-01-19T08:01:35+00:00" ExpectedShipmentDate="2022-01-19T08:01:35+00:00" OrderHeaderKey="2022011908013168173579" OrderLineKey="2022011908013168173580" OrderLineScheduleKey="202201190811013568173618" Quantity="3" ScheduleNo="3" TagNumber=""/>
      </Schedules>
      <LineOverallTotals Charges="0.00" Discount="0.00" ExtendedPrice="35970.00" LineTotal="35970.00" OptionPrice="0.00" PricingQty="3.00" Tax="0.00" UnitPrice="11990.00"/>
      <LineInvoicedTotals AdditionalLinePriceTotal="0.00" Charges="0.00" Discount="0.00" ExtendedPrice="0.00" LineTotal="0.00" OptionPrice="0.00" PricingQty="0.00" Tax="0.00" UnitPrice="0.00"/>
      <LineRemainingTotals AdditionalLinePriceTotal="0.00" Charges="0.00" Discount="0.00" ExtendedPrice="35970.00" LineTotal="35970.00" OptionPrice="0.00" PricingQty="3.00" Tax="0.00" UnitPrice="11990.00"/>
      <LineCharges/>
      <LineTaxes>
        <LineTax ChargeCategory="TAX" ChargeName="SALES_TAX" ChargeNameKey="20200210111055508944842" InvoicedTax="0.00" Reference_1="" Reference_2="" Reference_3="" RemainingTax="1914.00" Tax="1914.00" TaxName="SalesTax" TaxPercentage="0.00"/>
        <TaxSummary>
          <TaxSummaryDetail InvoicedTax="0.00" OverallTax="1914.00" RemainingTax="1914.00" TaxName="SalesTax"/>
        </TaxSummary>
      </LineTaxes>
      <OrderStatuses>
        <OrderStatus OrderHeaderKey="2022011908013168173579" OrderLineKey="2022011908013168173580" OrderLineScheduleKey="202201190811013568173618" OrderReleaseKey="2022011908013568173614" OrderReleaseStatusKey="202201190893013568173619" PipelineKey="202004200551401016291479" ShipNode="457" Status="3200" StatusDate="2022-01-19T08:01:35+00:00" StatusDescription="Released to store" StatusQty="3" TotalQuantity="3">
          <Details ExpectedDeliveryDate="2022-01-19T08:01:35+00:00" ExpectedShipmentDate="2022-01-19T08:01:35+00:00" TagNumber="">
            <KitDetails/>
          </Details>
        </OrderStatus>
      </OrderStatuses>
      <CapacityAllocations/>
    </OrderLine>
    <OrderLine AllocationDate="2021-11-03" ApptStatus="" AwaitingDeliveryRequest="N" CanAddServiceLines="N" CarrierAccountNo="" CarrierServiceCode="" CustomerLinePONo="" CustomerPONo="" DeliveryCode="" DeliveryMethod="PICK" DepartmentCode="" FreightTerms="" FulfillmentType="" HasDeliveryLines="N" HasServiceLines="N" HoldFlag="N" HoldReasonCode="" ImportLicenseNo="" InvoicedQty="0" IsBundleParent="N" ItemGroupCode="PROD" KitCode="" LineSeqNo="2.1" LineType="CnC" MaxLineStatus="3200" MaxLineStatusDesc="Released to store" MinLineStatus="3200" MinLineStatusDesc="Released to store" OpenQty="2" OrderHeaderKey="2022011908013168173579" OrderLineKey="2022011908013168173581" OrderedQty="2" OriginalOrderedQty="2" OtherCharges="0.00" PackListType="" PersonalizeCode="" PersonalizeFlag="" PickableFlag="Y" PrimeLineNo="2" Purpose="" RemainingQty="2" ReqShipDate="2021-11-03T13:31:37+00:00" ReservationID="" ReservationPool="" SCAC="" ScacAndService="" ScacAndServiceKey="" Segment="" SegmentType="" SerialNo="" ShipNode="457" ShipToID="00198505" ShipTogetherNo="" SplitQty="0" Status="Released to store" StatusQuantity="2" SubLineNo="1" SubstituteItemID="" SubstituteItemUOM="" isHistory="N">
      <Item CostCurrency="COP" CountryOfOrigin="" CustomerItem="456636" CustomerItemDesc="Gaviscon (5+2.67+1.6)% Suspension Oral Frasco X 300mL Menta" ECCNNo="" HarmonizedCode="" ISBN="" ItemDesc="Gaviscon (5+2.67+1.6)% Suspension Oral Frasco X 300mL Menta" ItemID="456636" ItemShortDesc="Stevia Endulzante Natural X 200 Ta Caja X 200" ItemWeight="0.00" ItemWeightUOM="LBS" ManufacturerItem="" ManufacturerItemDesc="" ManufacturerName="RB HEALTH COLOMBIA SAS" NMFCClass="" NMFCCode="" NMFCDescription="" ProductClass="REGULAR" ProductLine="" ScheduleBCode="" SupplierItem="" SupplierItemDesc="" TaxProductCode="" UPCCode="" UnitCost="11990.00" UnitOfMeasure="EACH"/>
      <LinePriceInfo ActualPricingQty="2" DiscountPercentage="0.00" InvoicedPricingQty="0" IsPriceLocked="Y" LineTotal="23980.00" ListPrice="11990.00" OrderedPricingQty="2" PricingQtyConversionFactor="0" PricingUOM="EACH" RetailPrice="0.00" SettledAmount="0.00" SettledQuantity="0" TaxableFlag="N" UnitPrice="11990.00"/>
      <OrderLineOptions/>
      <WorkOrders NumberOfWorkOrders="0"/>
      <PersonInfoShipTo AddressLine1="Carrera 70 # 99-8" AddressLine2="" AddressLine3="" AddressLine4="Bogota" AddressLine5="" AddressLine6="" AlternateEmailID="" Beeper="" City="Bogota" Company="" Country="CO" DayFaxNo="" DayPhone="(+57) 1111111111" Department="" EMailID="test_user_66074730@testuser.com" EveningFaxNo="" EveningPhone="" FirstName="test" JobTitle="" LastName="test" MiddleName="" MobilePhone="(+57) 1111111111" OtherPhone="" PersonID="" PersonInfoKey="2021112515060161885970" State="Bogota" Suffix="" Title="" ZipCode=""/>
      <Instructions NumberOfInstructions="0"/>
      <References/>
      <KitLines NumberOfKitLines="0"/>
      <ProductItems/>
      <AdditionalAddresses NumberOfAdditionalAddresses="0"/>
      <Notes NumberOfNotes="0"/>
      <ServiceAssociations/>
      <ProductAssociations/>
      <DeliveryAssociations/>
      <Schedules>
        <Schedule ExpectedDeliveryDate="2022-01-19T08:01:35+00:00" ExpectedShipmentDate="2022-01-19T08:01:35+00:00" OrderHeaderKey="2022011908013168173579" OrderLineKey="2022011908013168173581" OrderLineScheduleKey="202201190885013568173615" Quantity="2" ScheduleNo="3" TagNumber=""/>
      </Schedules>
      <LineOverallTotals Charges="0.00" Discount="0.00" ExtendedPrice="23980.00" LineTotal="23980.00" OptionPrice="0.00" PricingQty="2.00" Tax="0.00" UnitPrice="11990.00"/>
      <LineInvoicedTotals AdditionalLinePriceTotal="0.00" Charges="0.00" Discount="0.00" ExtendedPrice="0.00" LineTotal="0.00" OptionPrice="0.00" PricingQty="0.00" Tax="0.00" UnitPrice="0.00"/>
      <LineRemainingTotals AdditionalLinePriceTotal="0.00" Charges="0.00" Discount="0.00" ExtendedPrice="23980.00" LineTotal="23980.00" OptionPrice="0.00" PricingQty="2.00" Tax="0.00" UnitPrice="11990.00"/>
      <LineCharges/>
      <LineTaxes>
        <LineTax ChargeCategory="TAX" ChargeName="SALES_TAX" ChargeNameKey="20200210111055508944842" InvoicedTax="0.00" Reference_1="" Reference_2="" Reference_3="" RemainingTax="1914.00" Tax="1914.00" TaxName="SalesTax" TaxPercentage="0.00"/>
        <TaxSummary>
          <TaxSummaryDetail InvoicedTax="0.00" OverallTax="1914.00" RemainingTax="1914.00" TaxName="SalesTax"/>
        </TaxSummary>
      </LineTaxes>
      <OrderStatuses>
        <OrderStatus OrderHeaderKey="2022011908013168173579" OrderLineKey="2022011908013168173581" OrderLineScheduleKey="202201190885013568173615" OrderReleaseKey="2022011908013568173614" OrderReleaseStatusKey="202201190883013568173616" PipelineKey="202004200551401016291479" ShipNode="457" Status="3200" StatusDate="2022-01-19T08:01:35+00:00" StatusDescription="Released to store" StatusQty="2" TotalQuantity="2">
          <Details ExpectedDeliveryDate="2022-01-19T08:01:35+00:00" ExpectedShipmentDate="2022-01-19T08:01:35+00:00" TagNumber="">
            <KitDetails/>
          </Details>
        </OrderStatus>
      </OrderStatuses>
      <CapacityAllocations/>
    </OrderLine>
  </OrderLines>
  <Instructions NumberOfInstructions="0"/>
  <PersonInfoShipTo AddressLine1="Carrera 70 # 99-8" AddressLine2="" AddressLine3="" AddressLine4="Bogota" AddressLine5="" AddressLine6="" AlternateEmailID="" Beeper="" City="Bogota" Company="" Country="CO" DayFaxNo="" DayPhone="(+57) 1111111111" Department="" EMailID="test_user_66074730@testuser.com" EveningFaxNo="" EveningPhone="" FirstName="test" JobTitle="" LastName="test" MiddleName="" MobilePhone="(+57) 1111111111" OtherPhone="" PersonID="" PersonInfoKey="2021112515060161885970" State="Bogota" Suffix="" Title="" ZipCode=""/>
  <PersonInfoBillTo AddressLine1="Carrera 70 # 99-8" AddressLine2="" AddressLine3="" AddressLine4="Bogota" AddressLine5="" AddressLine6="" AlternateEmailID="" Beeper="" City="Bogota" Company="" Country="CO" DayFaxNo="" DayPhone="(+57) 1111111111" Department="" EMailID="test_user_66074730@testuser.com" EveningFaxNo="" EveningPhone="" FirstName="test" JobTitle="" LastName="test" MiddleName="" MobilePhone="" OtherPhone="" PersonID="" PersonInfoKey="2021112515060161885971" State="Bogota" Suffix="" Title="" ZipCode=""/>
  <AdditionalAddresses NumberOfAdditionalAddresses="0"/>
  <References/>
  <PaymentMethods>
    <PaymentMethod CheckNo="" CheckReference="" CreditCardExpDate="20251101" CreditCardName="Luis Gino Beltran" CreditCardNo="371180" CreditCardType="AMEX" CustomerPONo="" DisplayCreditCardNo="7522" DisplayCustomerAccountNo="" DisplayPaymentReference1="" DisplaySvcNo="" FundsAvailable="0.00" GetFundsAvailableUserExitInvoked="N" PaymentReference1="" PaymentReference2="MPAGO_CREDIT" PaymentReference3="1023936477" PaymentType="CREDIT_CARD"/>
  </PaymentMethods>
  <ChargeTransactionDetails AdditionalExpectedAuthorizations="0.00" TotalCredits="59950.00" TotalDebits="0.00" TotalOpenAuthorizations="0.00" TotalOpenBookings="62940.00" TotalTransferredIn="0.00" TotalTransferredOut="0.00">
    <ChargeTransactionDetail AuditTransactionID="" AuthorizationExpirationDate="2022-01-19T08:01:31+00:00" AuthorizationID="" BookAmount="0.00" ChargeTransactionKey="2022011908013168173583" ChargeType="CHARGE" CollectionDate="2022-01-19T08:01:31+00:00" CreditAmount="59950.00" DebitAmount="0.00" DistributedAmount="0.00" HoldAgainstBook="Y" OpenAuthorizedAmount="0.00" OrderHeaderKey="2022011908013168173579" OrderInvoiceKey="" PaymentKey="202201190879013168173582" RequestAmount="59950.00" SettledAmount="0.00" Status="CHECKED" TransactionDate="2022-01-19T08:01:55+00:00" TransferFromOhKey="" TransferToOhKey="" UserExitStatus="">
      <InvoiceCollectionDetails/>
      <CreditCardTransactions>
        <CreditCardTransaction AuthAmount="59950.00" AuthAvs="" AuthCode="1234546089" AuthReturnCode="" AuthReturnFlag="" AuthReturnMessage="" AuthTime="2022-01-19T08:01:31+00:00" CVVAuthCode="" ChargeTransactionKey="2022011908013168173583" CreditCardTransactionKey="202201190833013168173584" InternalReturnCode="" InternalReturnFlag="" InternalReturnMessage="" ParentKey="" Reference1="" Reference2="" RequestId="" TranAmount="59950.00" TranRequestTime="2022-01-19T08:01:31+00:00" TranReturnCode="" TranReturnFlag="" TranReturnMessage="" TranType="CHARGE"/>
      </CreditCardTransactions>
      <TransferToOrder/>
      <TransferFromOrder/>
    </ChargeTransactionDetail>
    <ChargeTransactionDetail AuditTransactionID="" AuthorizationExpirationDate="2022-01-19T08:01:31+00:00" AuthorizationID="" BookAmount="62940.00" ChargeTransactionKey="2022011908013168173592" ChargeType="CREATE_ORDER" CollectionDate="2022-01-19T08:01:31+00:00" CreditAmount="0.00" DebitAmount="0.00" DistributedAmount="0.00" HoldAgainstBook="" OpenAuthorizedAmount="0.00" OrderHeaderKey="2022011908013168173579" OrderInvoiceKey="" PaymentKey="" RequestAmount="0.00" SettledAmount="0.00" Status="CHECKED" TransactionDate="2022-01-19T08:01:55+00:00" TransferFromOhKey="" TransferToOhKey="" UserExitStatus="">
      <InvoiceCollectionDetails/>
      <CreditCardTransactions/>
      <TransferToOrder/>
      <TransferFromOrder/>
    </ChargeTransactionDetail>
  </ChargeTransactionDetails>
  <ProductServiceAssocs/>
  <OverallTotals GrandCharges="2990.00" GrandDiscount="0.00" GrandTax="0.00" GrandTotal="62940.00" HdrCharges="2990.00" HdrDiscount="0.00" HdrTax="0.00" HdrTotal="2990.00" LineSubTotal="59950.00"/>
  <InvoicedTotals GrandCharges="0.00" GrandDiscount="0.00" GrandTax="0.00" GrandTotal="0.00" HdrCharges="0.00" HdrDiscount="0.00" HdrTax="0.00" HdrTotal="0.00" LineSubTotal="0.00"/>
  <RemainingTotals GrandCharges="2990.00" GrandDiscount="0.00" GrandTax="0.00" GrandTotal="62940.00" HdrCharges="2990.00" HdrDiscount="0.00" HdrTax="0.00" HdrTotal="2990.00" LineSubTotal="59950.00"/>
  <HeaderCharges>
    <HeaderCharge ChargeAmount="2990.00" ChargeCategory="SHIPPING" ChargeName="SHIPPING_CHARGE" ChargeNameKey="20200210110952508937952" InvoicedChargeAmount="0.00" IsBillable="Y" IsDiscount="N" Reference="" RemainingChargeAmount="2990.00"/>
  </HeaderCharges>
  <HeaderTaxes>
    <HeaderTax ChargeCategory="TAX" ChargeName="SHIPPING_TAX" ChargeNameKey="20200210111104508945910" InvoicedTax="0.00" Reference_1="" Reference_2="" Reference_3="" RemainingTax="477.00" Tax="477.00" TaxName="SHIPPING_TAX" TaxPercentage="0.00" TaxableFlag="Y"/>
    <TaxSummary>
      <TaxSummaryDetail InvoicedTax="0.00" OverallTax="477.00" RemainingTax="477.00" TaxName="SHIPPING_TAX"/>
    </TaxSummary>
  </HeaderTaxes>
  <OrderStatuses>
    <OrderStatus OrderHeaderKey="2022011908013168173579" OrderLineKey="2022011908013168173580" OrderLineScheduleKey="202201190811013568173618" OrderReleaseKey="2022011908013568173614" OrderReleaseStatusKey="202201190893013568173619" PipelineKey="202004200551401016291479" ShipNode="457" Status="3200" StatusDate="2022-01-19T08:01:35+00:00" StatusDescription="Released to store" StatusQty="3" TotalQuantity="3">
      <Details ExpectedDeliveryDate="2022-01-19T08:01:35+00:00" ExpectedShipmentDate="2022-01-19T08:01:35+00:00" TagNumber=""/>
    </OrderStatus>
    <OrderStatus OrderHeaderKey="2022011908013168173579" OrderLineKey="2022011908013168173581" OrderLineScheduleKey="202201190885013568173615" OrderReleaseKey="2022011908013568173614" OrderReleaseStatusKey="202201190883013568173616" PipelineKey="202004200551401016291479" ShipNode="457" Status="3200" StatusDate="2022-01-19T08:01:35+00:00" StatusDescription="Released to store" StatusQty="2" TotalQuantity="2">
      <Details ExpectedDeliveryDate="2022-01-19T08:01:35+00:00" ExpectedShipmentDate="2022-01-19T08:01:35+00:00" TagNumber=""/>
    </OrderStatus>
  </OrderStatuses>
  <ExchangeOrders/>
</Order>

[INFO]-[2022-01-19 13:32:09.624]-[TestNG-test=OMS-3]-[requestCreationInOMS]-[RequestHelper.java:140]-Pre-condition for Test: getOrderDetails
[INFO]-[2022-01-19 13:32:09.625]-[TestNG-test=OMS-3]-[sendAPIRequest]-[RestAssuredRequest.java:20]-Calling POST request with end point : https://localhost:9443/smcfs/restapi/invoke/getOrderDetails
io.restassured.internal.RequestSpecificationImpl@4a2d88e7
io.restassured.internal.RestAssuredResponseImpl@215e8fd
[INFO]-[2022-01-19 13:32:10.517]-[TestNG-test=OMS-3]-[logRequestResponse]-[RequestPayload.java:171]-API Request sent : 
[INFO]-[2022-01-19 13:32:10.517]-[TestNG-test=OMS-3]-[logRequestResponse]-[RequestPayload.java:172]-Request method:	POST
Request URI:	https://localhost:9443/smcfs/restapi/invoke/getOrderDetails
Proxy:			<none>
Request params:	<none>
Query params:	<none>
Form params:	<none>
Path params:	<none>
Headers:		Accept=application/xml
				Authorization=Basic YWRtaW46cGFzc3dvcmQ=
				Content-Type=application/xml
Cookies:		<none>
Multiparts:		<none>
Body:
<Order DocumentType="0001" EnterpriseCode="FCVColombia" OrderHeaderKey="" OrderNo="COCC95023498"/>

[INFO]-[2022-01-19 13:32:10.518]-[TestNG-test=OMS-3]-[logRequestResponse]-[RequestPayload.java:174]-API Response received : 
[INFO]-[2022-01-19 13:32:10.519]-[TestNG-test=OMS-3]-[logRequestResponse]-[RequestPayload.java:175]-HTTP/1.1 200 OK
X-FRAME-OPTIONS: SAMEORIGIN
X-UA-Compatible: IE=EmulateIE8
Access-Control-Max-Age: 3600
Access-Control-Allow-Credentials: true
Access-Control-Allow-Origin: *
Content-Type: application/xml; charset=UTF-8
Content-Encoding: gzip
Content-Language: en-US
Content-Length: 4234
Date: Wed, 19 Jan 2022 08:02:10 GMT

<Order AllocationRuleID="DIF_SCH" BillToID="00198505" BuyerOrganizationCode="FCV.CO" CarrierAccountNo="" CarrierServiceCode="" ChainType="" ChargeActualFreightFlag="N" CustCustPONo="" CustomerEMailID="tremere27@gmail.com" CustomerPONo="" DeliveryCode="" Division="" DocumentType="0001" DraftOrderFlag="N" EnteredBy="00198505" EnterpriseCode="FCVColombia" EntryType="CustomerOnWeb" FreightTerms="" HasDeliveryLines="N" HasProductLines="Y" HasServiceLines="N" HoldFlag="N" HoldReasonCode="" MaxOrderStatus="3350.1000" MaxOrderStatusDesc="Ready for Backroom pick" MinOrderStatus="3350.1000" MinOrderStatusDesc="Ready for Backroom pick" NotifyAfterShipmentFlag="N" OrderDate="2022-01-19T08:01:31+00:00" OrderHeaderKey="2022011908013168173579" OrderName="" OrderNo="COCC95023498" OrderType="PICK" OriginalTax="0.00" OriginalTotalAmount="62940.00" OtherCharges="2990.00" PaymentStatus="AUTHORIZED" PendingTransferIn="0.00" PersonalizeCode="" PriorityCode="" PriorityNumber="0" Purpose="" ReturnByGiftRecipient="" SCAC="" ScacAndService="" ScacAndServiceKey="" SearchCriteria1="" SearchCriteria2="" SellerOrganizationCode="FCV.CO" ShipToID="00198505" Status="Ready for Backroom pick" TaxExemptFlag="N" TaxExemptionCertificate="" TaxJurisdiction="" TaxPayerId="" TermsCode="" TotalAdjustmentAmount="0.00" isHistory="N">
  <AllowedModifications>
    <Modification ModificationType="REMOVE_PROMOTION" ThroughOverride="Y"/>
    <Modification ModificationType="ORDER_NAME" ThroughOverride="Y"/>
    <Modification ModificationType="CONTACT_INFO" ThroughOverride="Y"/>
    <Modification ModificationType="CHANGE_ITERATION" ThroughOverride="Y"/>
    <Modification ModificationType="BILLTO" ThroughOverride="Y"/>
    <Modification ModificationType="TAX" ThroughOverride="Y"/>
    <Modification ModificationType="CHANGE_PROMOTION" ThroughOverride="Y"/>
    <Modification ModificationType="FREIGHT_TERMS" ThroughOverride="Y"/>
    <Modification ModificationType="ADD_NOTE" ThroughOverride="N"/>
    <Modification ModificationType="CHANGE_STATUS" ThroughOverride="Y"/>
    <Modification ModificationType="ADD_LINE" ThroughOverride="Y"/>
    <Modification ModificationType="CARRIER" ThroughOverride="Y"/>
    <Modification ModificationType="ADDITIONADDR" ThroughOverride="Y"/>
    <Modification ModificationType="SOLDTO" ThroughOverride="Y"/>
    <Modification ModificationType="REQ_SHIP_DATE" ThroughOverride="Y"/>
    <Modification ModificationType="PAYMENT_STATUS" ThroughOverride="Y"/>
    <Modification ModificationType="ADD_INSTRUCTION" ThroughOverride="Y"/>
    <Modification ModificationType="CHANGE_NOTE" ThroughOverride="Y"/>
    <Modification ModificationType="CARRIER_ACCOUNT_NO" ThroughOverride="Y"/>
    <Modification ModificationType="CHANGE_ORDER_DATE" ThroughOverride="Y"/>
    <Modification ModificationType="REMOVE_NOTE" ThroughOverride="Y"/>
    <Modification ModificationType="HOLD" ThroughOverride="N"/>
    <Modification ModificationType="SPECIAL_SERVICE" ThroughOverride="Y"/>
    <Modification ModificationType="RULE_ID" ThroughOverride="Y"/>
    <Modification ModificationType="PRICE" ThroughOverride="Y"/>
    <Modification ModificationType="CARRIER_SERVICE_CODE" ThroughOverride="Y"/>
    <Modification ModificationType="PAYMENT_METHOD" ThroughOverride="Y"/>
    <Modification ModificationType="CHANGE_CUSTOM_ATTRIBUTES" ThroughOverride="Y"/>
    <Modification ModificationType="RELEASE" ThroughOverride="Y"/>
    <Modification ModificationType="SHIP_NODE" ThroughOverride="Y"/>
    <Modification ModificationType="ANSWER_SET" ThroughOverride="Y"/>
    <Modification ModificationType="MARKFOR" ThroughOverride="Y"/>
    <Modification ModificationType="RECEIVING_NODE" ThroughOverride="Y"/>
    <Modification ModificationType="SHORT" ThroughOverride="Y"/>
    <Modification ModificationType="BUYER_USER_ID" ThroughOverride="Y"/>
    <Modification ModificationType="OTHERS" ThroughOverride="N"/>
    <Modification ModificationType="DELIVERY_CODE" ThroughOverride="Y"/>
    <Modification ModificationType="LEVEL_OF_SERVICE" ThroughOverride="Y"/>
    <Modification ModificationType="CANCEL" ThroughOverride="N"/>
    <Modification ModificationType="UNSCHEDULE" ThroughOverride="Y"/>
    <Modification ModificationType="CHANGE_INSTRUCTION" ThroughOverride="Y"/>
    <Modification ModificationType="HOLD_TYPE" ThroughOverride="N"/>
    <Modification ModificationType="REFERENCES" ThroughOverride="N"/>
  </AllowedModifications>
  <PriceInfo Currency="COP" EnterpriseCurrency="COP" ReportingConversionDate="2022-01-19T08:01:31+00:00" ReportingConversionRate="1.00" TotalAmount="62940.00"/>
  <OrderLines>
    <OrderLine AllocationDate="2021-11-03" ApptStatus="" AwaitingDeliveryRequest="N" CanAddServiceLines="N" CarrierAccountNo="" CarrierServiceCode="" CustomerLinePONo="" CustomerPONo="" DeliveryCode="" DeliveryMethod="PICK" DepartmentCode="" FreightTerms="" FulfillmentType="" HasDeliveryLines="N" HasServiceLines="N" HoldFlag="N" HoldReasonCode="" ImportLicenseNo="" InvoicedQty="0" IsBundleParent="N" ItemGroupCode="PROD" KitCode="" LineSeqNo="1.1" LineType="CnC" MaxLineStatus="3350.1000" MaxLineStatusDesc="Ready for Backroom pick" MinLineStatus="3350.1000" MinLineStatusDesc="Ready for Backroom pick" OpenQty="3" OrderHeaderKey="2022011908013168173579" OrderLineKey="2022011908013168173580" OrderedQty="3" OriginalOrderedQty="3" OtherCharges="0.00" PackListType="" PersonalizeCode="" PersonalizeFlag="" PickableFlag="Y" PrimeLineNo="1" Purpose="" RemainingQty="3" ReqShipDate="2021-11-03T13:31:37+00:00" ReservationID="" ReservationPool="" SCAC="" ScacAndService="" ScacAndServiceKey="" Segment="" SegmentType="" SerialNo="" ShipNode="457" ShipToID="00198505" ShipTogetherNo="" SplitQty="0" Status="Ready for Backroom pick" StatusQuantity="3" SubLineNo="1" SubstituteItemID="" SubstituteItemUOM="" isHistory="N">
      <Item CostCurrency="COP" CountryOfOrigin="" CustomerItem="480568" CustomerItemDesc="Gaviscon (5+2.67+1.6)% Suspension Oral Frasco X 300mL Menta" ECCNNo="" HarmonizedCode="" ISBN="" ItemDesc="Gaviscon (5+2.67+1.6)% Suspension Oral Frasco X 300mL Menta" ItemID="480568" ItemShortDesc="Stevia Endulzante Natural X 200 Ta Caja X 200" ItemWeight="0.00" ItemWeightUOM="LBS" ManufacturerItem="" ManufacturerItemDesc="" ManufacturerName="RB HEALTH COLOMBIA SAS" NMFCClass="" NMFCCode="" NMFCDescription="" ProductClass="REGULAR" ProductLine="" ScheduleBCode="" SupplierItem="" SupplierItemDesc="" TaxProductCode="" UPCCode="" UnitCost="11990.00" UnitOfMeasure="EACH"/>
      <LinePriceInfo ActualPricingQty="3" DiscountPercentage="0.00" InvoicedPricingQty="0" IsPriceLocked="Y" LineTotal="35970.00" ListPrice="11990.00" OrderedPricingQty="3" PricingQtyConversionFactor="0" PricingUOM="EACH" RetailPrice="0.00" SettledAmount="0.00" SettledQuantity="0" TaxableFlag="N" UnitPrice="11990.00"/>
      <OrderLineOptions/>
      <WorkOrders NumberOfWorkOrders="0"/>
      <PersonInfoShipTo AddressLine1="Carrera 70 # 99-8" AddressLine2="" AddressLine3="" AddressLine4="Bogota" AddressLine5="" AddressLine6="" AlternateEmailID="" Beeper="" City="Bogota" Company="" Country="CO" DayFaxNo="" DayPhone="(+57) 1111111111" Department="" EMailID="test_user_66074730@testuser.com" EveningFaxNo="" EveningPhone="" FirstName="test" JobTitle="" LastName="test" MiddleName="" MobilePhone="(+57) 1111111111" OtherPhone="" PersonID="" PersonInfoKey="2021112515060161885970" State="Bogota" Suffix="" Title="" ZipCode=""/>
      <Instructions NumberOfInstructions="0"/>
      <References/>
      <KitLines NumberOfKitLines="0"/>
      <ProductItems/>
      <AdditionalAddresses NumberOfAdditionalAddresses="0"/>
      <Notes NumberOfNotes="0"/>
      <ServiceAssociations/>
      <ProductAssociations/>
      <DeliveryAssociations/>
      <Schedules>
        <Schedule ExpectedDeliveryDate="2022-01-19T08:01:35+00:00" ExpectedShipmentDate="2022-01-19T08:01:35+00:00" OrderHeaderKey="2022011908013168173579" OrderLineKey="2022011908013168173580" OrderLineScheduleKey="202201190811013568173618" Quantity="3" ScheduleNo="3" TagNumber=""/>
      </Schedules>
      <LineOverallTotals Charges="0.00" Discount="0.00" ExtendedPrice="35970.00" LineTotal="35970.00" OptionPrice="0.00" PricingQty="3.00" Tax="0.00" UnitPrice="11990.00"/>
      <LineInvoicedTotals AdditionalLinePriceTotal="0.00" Charges="0.00" Discount="0.00" ExtendedPrice="0.00" LineTotal="0.00" OptionPrice="0.00" PricingQty="0.00" Tax="0.00" UnitPrice="0.00"/>
      <LineRemainingTotals AdditionalLinePriceTotal="0.00" Charges="0.00" Discount="0.00" ExtendedPrice="35970.00" LineTotal="35970.00" OptionPrice="0.00" PricingQty="3.00" Tax="0.00" UnitPrice="11990.00"/>
      <LineCharges/>
      <LineTaxes>
        <LineTax ChargeCategory="TAX" ChargeName="SALES_TAX" ChargeNameKey="20200210111055508944842" InvoicedTax="0.00" Reference_1="" Reference_2="" Reference_3="" RemainingTax="1914.00" Tax="1914.00" TaxName="SalesTax" TaxPercentage="0.00"/>
        <TaxSummary>
          <TaxSummaryDetail InvoicedTax="0.00" OverallTax="1914.00" RemainingTax="1914.00" TaxName="SalesTax"/>
        </TaxSummary>
      </LineTaxes>
      <OrderStatuses>
        <OrderStatus OrderHeaderKey="2022011908013168173579" OrderLineKey="2022011908013168173580" OrderLineScheduleKey="202201190811013568173618" OrderReleaseKey="2022011908013568173614" OrderReleaseStatusKey="202201190864020668173662" PipelineKey="202004200551401016291479" ShipNode="457" Status="3350.1000" StatusDate="2022-01-19T08:02:06+00:00" StatusDescription="Ready for Backroom pick" StatusQty="3" TotalQuantity="3">
          <Details ExpectedDeliveryDate="2022-01-19T08:01:35+00:00" ExpectedShipmentDate="2022-01-19T08:01:35+00:00" TagNumber="">
            <KitDetails/>
          </Details>
        </OrderStatus>
      </OrderStatuses>
      <CapacityAllocations/>
    </OrderLine>
    <OrderLine AllocationDate="2021-11-03" ApptStatus="" AwaitingDeliveryRequest="N" CanAddServiceLines="N" CarrierAccountNo="" CarrierServiceCode="" CustomerLinePONo="" CustomerPONo="" DeliveryCode="" DeliveryMethod="PICK" DepartmentCode="" FreightTerms="" FulfillmentType="" HasDeliveryLines="N" HasServiceLines="N" HoldFlag="N" HoldReasonCode="" ImportLicenseNo="" InvoicedQty="0" IsBundleParent="N" ItemGroupCode="PROD" KitCode="" LineSeqNo="2.1" LineType="CnC" MaxLineStatus="3350.1000" MaxLineStatusDesc="Ready for Backroom pick" MinLineStatus="3350.1000" MinLineStatusDesc="Ready for Backroom pick" OpenQty="2" OrderHeaderKey="2022011908013168173579" OrderLineKey="2022011908013168173581" OrderedQty="2" OriginalOrderedQty="2" OtherCharges="0.00" PackListType="" PersonalizeCode="" PersonalizeFlag="" PickableFlag="Y" PrimeLineNo="2" Purpose="" RemainingQty="2" ReqShipDate="2021-11-03T13:31:37+00:00" ReservationID="" ReservationPool="" SCAC="" ScacAndService="" ScacAndServiceKey="" Segment="" SegmentType="" SerialNo="" ShipNode="457" ShipToID="00198505" ShipTogetherNo="" SplitQty="0" Status="Ready for Backroom pick" StatusQuantity="2" SubLineNo="1" SubstituteItemID="" SubstituteItemUOM="" isHistory="N">
      <Item CostCurrency="COP" CountryOfOrigin="" CustomerItem="456636" CustomerItemDesc="Gaviscon (5+2.67+1.6)% Suspension Oral Frasco X 300mL Menta" ECCNNo="" HarmonizedCode="" ISBN="" ItemDesc="Gaviscon (5+2.67+1.6)% Suspension Oral Frasco X 300mL Menta" ItemID="456636" ItemShortDesc="Stevia Endulzante Natural X 200 Ta Caja X 200" ItemWeight="0.00" ItemWeightUOM="LBS" ManufacturerItem="" ManufacturerItemDesc="" ManufacturerName="RB HEALTH COLOMBIA SAS" NMFCClass="" NMFCCode="" NMFCDescription="" ProductClass="REGULAR" ProductLine="" ScheduleBCode="" SupplierItem="" SupplierItemDesc="" TaxProductCode="" UPCCode="" UnitCost="11990.00" UnitOfMeasure="EACH"/>
      <LinePriceInfo ActualPricingQty="2" DiscountPercentage="0.00" InvoicedPricingQty="0" IsPriceLocked="Y" LineTotal="23980.00" ListPrice="11990.00" OrderedPricingQty="2" PricingQtyConversionFactor="0" PricingUOM="EACH" RetailPrice="0.00" SettledAmount="0.00" SettledQuantity="0" TaxableFlag="N" UnitPrice="11990.00"/>
      <OrderLineOptions/>
      <WorkOrders NumberOfWorkOrders="0"/>
      <PersonInfoShipTo AddressLine1="Carrera 70 # 99-8" AddressLine2="" AddressLine3="" AddressLine4="Bogota" AddressLine5="" AddressLine6="" AlternateEmailID="" Beeper="" City="Bogota" Company="" Country="CO" DayFaxNo="" DayPhone="(+57) 1111111111" Department="" EMailID="test_user_66074730@testuser.com" EveningFaxNo="" EveningPhone="" FirstName="test" JobTitle="" LastName="test" MiddleName="" MobilePhone="(+57) 1111111111" OtherPhone="" PersonID="" PersonInfoKey="2021112515060161885970" State="Bogota" Suffix="" Title="" ZipCode=""/>
      <Instructions NumberOfInstructions="0"/>
      <References/>
      <KitLines NumberOfKitLines="0"/>
      <ProductItems/>
      <AdditionalAddresses NumberOfAdditionalAddresses="0"/>
      <Notes NumberOfNotes="0"/>
      <ServiceAssociations/>
      <ProductAssociations/>
      <DeliveryAssociations/>
      <Schedules>
        <Schedule ExpectedDeliveryDate="2022-01-19T08:01:35+00:00" ExpectedShipmentDate="2022-01-19T08:01:35+00:00" OrderHeaderKey="2022011908013168173579" OrderLineKey="2022011908013168173581" OrderLineScheduleKey="202201190885013568173615" Quantity="2" ScheduleNo="3" TagNumber=""/>
      </Schedules>
      <LineOverallTotals Charges="0.00" Discount="0.00" ExtendedPrice="23980.00" LineTotal="23980.00" OptionPrice="0.00" PricingQty="2.00" Tax="0.00" UnitPrice="11990.00"/>
      <LineInvoicedTotals AdditionalLinePriceTotal="0.00" Charges="0.00" Discount="0.00" ExtendedPrice="0.00" LineTotal="0.00" OptionPrice="0.00" PricingQty="0.00" Tax="0.00" UnitPrice="0.00"/>
      <LineRemainingTotals AdditionalLinePriceTotal="0.00" Charges="0.00" Discount="0.00" ExtendedPrice="23980.00" LineTotal="23980.00" OptionPrice="0.00" PricingQty="2.00" Tax="0.00" UnitPrice="11990.00"/>
      <LineCharges/>
      <LineTaxes>
        <LineTax ChargeCategory="TAX" ChargeName="SALES_TAX" ChargeNameKey="20200210111055508944842" InvoicedTax="0.00" Reference_1="" Reference_2="" Reference_3="" RemainingTax="1914.00" Tax="1914.00" TaxName="SalesTax" TaxPercentage="0.00"/>
        <TaxSummary>
          <TaxSummaryDetail InvoicedTax="0.00" OverallTax="1914.00" RemainingTax="1914.00" TaxName="SalesTax"/>
        </TaxSummary>
      </LineTaxes>
      <OrderStatuses>
        <OrderStatus OrderHeaderKey="2022011908013168173579" OrderLineKey="2022011908013168173581" OrderLineScheduleKey="202201190885013568173615" OrderReleaseKey="2022011908013568173614" OrderReleaseStatusKey="202201190821020668173663" PipelineKey="202004200551401016291479" ShipNode="457" Status="3350.1000" StatusDate="2022-01-19T08:02:06+00:00" StatusDescription="Ready for Backroom pick" StatusQty="2" TotalQuantity="2">
          <Details ExpectedDeliveryDate="2022-01-19T08:01:35+00:00" ExpectedShipmentDate="2022-01-19T08:01:35+00:00" TagNumber="">
            <KitDetails/>
          </Details>
        </OrderStatus>
      </OrderStatuses>
      <CapacityAllocations/>
    </OrderLine>
  </OrderLines>
  <Instructions NumberOfInstructions="0"/>
  <PersonInfoShipTo AddressLine1="Carrera 70 # 99-8" AddressLine2="" AddressLine3="" AddressLine4="Bogota" AddressLine5="" AddressLine6="" AlternateEmailID="" Beeper="" City="Bogota" Company="" Country="CO" DayFaxNo="" DayPhone="(+57) 1111111111" Department="" EMailID="test_user_66074730@testuser.com" EveningFaxNo="" EveningPhone="" FirstName="test" JobTitle="" LastName="test" MiddleName="" MobilePhone="(+57) 1111111111" OtherPhone="" PersonID="" PersonInfoKey="2021112515060161885970" State="Bogota" Suffix="" Title="" ZipCode=""/>
  <PersonInfoBillTo AddressLine1="Carrera 70 # 99-8" AddressLine2="" AddressLine3="" AddressLine4="Bogota" AddressLine5="" AddressLine6="" AlternateEmailID="" Beeper="" City="Bogota" Company="" Country="CO" DayFaxNo="" DayPhone="(+57) 1111111111" Department="" EMailID="test_user_66074730@testuser.com" EveningFaxNo="" EveningPhone="" FirstName="test" JobTitle="" LastName="test" MiddleName="" MobilePhone="" OtherPhone="" PersonID="" PersonInfoKey="2021112515060161885971" State="Bogota" Suffix="" Title="" ZipCode=""/>
  <AdditionalAddresses NumberOfAdditionalAddresses="0"/>
  <References/>
  <PaymentMethods>
    <PaymentMethod CheckNo="" CheckReference="" CreditCardExpDate="20251101" CreditCardName="Luis Gino Beltran" CreditCardNo="371180" CreditCardType="AMEX" CustomerPONo="" DisplayCreditCardNo="7522" DisplayCustomerAccountNo="" DisplayPaymentReference1="" DisplaySvcNo="" FundsAvailable="0.00" GetFundsAvailableUserExitInvoked="N" PaymentReference1="" PaymentReference2="MPAGO_CREDIT" PaymentReference3="1023936477" PaymentType="CREDIT_CARD"/>
  </PaymentMethods>
  <ChargeTransactionDetails AdditionalExpectedAuthorizations="0.00" TotalCredits="59950.00" TotalDebits="0.00" TotalOpenAuthorizations="0.00" TotalOpenBookings="62940.00" TotalTransferredIn="0.00" TotalTransferredOut="0.00">
    <ChargeTransactionDetail AuditTransactionID="" AuthorizationExpirationDate="2022-01-19T08:01:31+00:00" AuthorizationID="" BookAmount="0.00" ChargeTransactionKey="2022011908013168173583" ChargeType="CHARGE" CollectionDate="2022-01-19T08:01:31+00:00" CreditAmount="59950.00" DebitAmount="0.00" DistributedAmount="0.00" HoldAgainstBook="Y" OpenAuthorizedAmount="0.00" OrderHeaderKey="2022011908013168173579" OrderInvoiceKey="" PaymentKey="202201190879013168173582" RequestAmount="59950.00" SettledAmount="0.00" Status="CHECKED" TransactionDate="2022-01-19T08:01:55+00:00" TransferFromOhKey="" TransferToOhKey="" UserExitStatus="">
      <InvoiceCollectionDetails/>
      <CreditCardTransactions>
        <CreditCardTransaction AuthAmount="59950.00" AuthAvs="" AuthCode="1234546089" AuthReturnCode="" AuthReturnFlag="" AuthReturnMessage="" AuthTime="2022-01-19T08:01:31+00:00" CVVAuthCode="" ChargeTransactionKey="2022011908013168173583" CreditCardTransactionKey="202201190833013168173584" InternalReturnCode="" InternalReturnFlag="" InternalReturnMessage="" ParentKey="" Reference1="" Reference2="" RequestId="" TranAmount="59950.00" TranRequestTime="2022-01-19T08:01:31+00:00" TranReturnCode="" TranReturnFlag="" TranReturnMessage="" TranType="CHARGE"/>
      </CreditCardTransactions>
      <TransferToOrder/>
      <TransferFromOrder/>
    </ChargeTransactionDetail>
    <ChargeTransactionDetail AuditTransactionID="" AuthorizationExpirationDate="2022-01-19T08:01:31+00:00" AuthorizationID="" BookAmount="62940.00" ChargeTransactionKey="2022011908013168173592" ChargeType="CREATE_ORDER" CollectionDate="2022-01-19T08:01:31+00:00" CreditAmount="0.00" DebitAmount="0.00" DistributedAmount="0.00" HoldAgainstBook="" OpenAuthorizedAmount="0.00" OrderHeaderKey="2022011908013168173579" OrderInvoiceKey="" PaymentKey="" RequestAmount="0.00" SettledAmount="0.00" Status="CHECKED" TransactionDate="2022-01-19T08:01:55+00:00" TransferFromOhKey="" TransferToOhKey="" UserExitStatus="">
      <InvoiceCollectionDetails/>
      <CreditCardTransactions/>
      <TransferToOrder/>
      <TransferFromOrder/>
    </ChargeTransactionDetail>
  </ChargeTransactionDetails>
  <ProductServiceAssocs/>
  <OverallTotals GrandCharges="2990.00" GrandDiscount="0.00" GrandTax="0.00" GrandTotal="62940.00" HdrCharges="2990.00" HdrDiscount="0.00" HdrTax="0.00" HdrTotal="2990.00" LineSubTotal="59950.00"/>
  <InvoicedTotals GrandCharges="0.00" GrandDiscount="0.00" GrandTax="0.00" GrandTotal="0.00" HdrCharges="0.00" HdrDiscount="0.00" HdrTax="0.00" HdrTotal="0.00" LineSubTotal="0.00"/>
  <RemainingTotals GrandCharges="2990.00" GrandDiscount="0.00" GrandTax="0.00" GrandTotal="62940.00" HdrCharges="2990.00" HdrDiscount="0.00" HdrTax="0.00" HdrTotal="2990.00" LineSubTotal="59950.00"/>
  <HeaderCharges>
    <HeaderCharge ChargeAmount="2990.00" ChargeCategory="SHIPPING" ChargeName="SHIPPING_CHARGE" ChargeNameKey="20200210110952508937952" InvoicedChargeAmount="0.00" IsBillable="Y" IsDiscount="N" Reference="" RemainingChargeAmount="2990.00"/>
  </HeaderCharges>
  <HeaderTaxes>
    <HeaderTax ChargeCategory="TAX" ChargeName="SHIPPING_TAX" ChargeNameKey="20200210111104508945910" InvoicedTax="0.00" Reference_1="" Reference_2="" Reference_3="" RemainingTax="477.00" Tax="477.00" TaxName="SHIPPING_TAX" TaxPercentage="0.00" TaxableFlag="Y"/>
    <TaxSummary>
      <TaxSummaryDetail InvoicedTax="0.00" OverallTax="477.00" RemainingTax="477.00" TaxName="SHIPPING_TAX"/>
    </TaxSummary>
  </HeaderTaxes>
  <OrderStatuses>
    <OrderStatus OrderHeaderKey="2022011908013168173579" OrderLineKey="2022011908013168173580" OrderLineScheduleKey="202201190811013568173618" OrderReleaseKey="2022011908013568173614" OrderReleaseStatusKey="202201190864020668173662" PipelineKey="202004200551401016291479" ShipNode="457" Status="3350.1000" StatusDate="2022-01-19T08:02:06+00:00" StatusDescription="Ready for Backroom pick" StatusQty="3" TotalQuantity="3">
      <Details ExpectedDeliveryDate="2022-01-19T08:01:35+00:00" ExpectedShipmentDate="2022-01-19T08:01:35+00:00" TagNumber=""/>
    </OrderStatus>
    <OrderStatus OrderHeaderKey="2022011908013168173579" OrderLineKey="2022011908013168173581" OrderLineScheduleKey="202201190885013568173615" OrderReleaseKey="2022011908013568173614" OrderReleaseStatusKey="202201190821020668173663" PipelineKey="202004200551401016291479" ShipNode="457" Status="3350.1000" StatusDate="2022-01-19T08:02:06+00:00" StatusDescription="Ready for Backroom pick" StatusQty="2" TotalQuantity="2">
      <Details ExpectedDeliveryDate="2022-01-19T08:01:35+00:00" ExpectedShipmentDate="2022-01-19T08:01:35+00:00" TagNumber=""/>
    </OrderStatus>
  </OrderStatuses>
  <ExchangeOrders/>
</Order>

<?xml version="1.0" encoding="UTF-8"?><Order OrderHeaderKey="2022011908013168173579"/>
[INFO]-[2022-01-19 13:32:10.554]-[TestNG-test=OMS-3]-[requestCreationInOMS]-[RequestHelper.java:221]-Pre-condition for Test: getOrderReleaseList
[INFO]-[2022-01-19 13:32:10.557]-[TestNG-test=OMS-3]-[sendAPIRequest]-[RestAssuredRequest.java:20]-Calling POST request with end point : https://localhost:9443/smcfs/restapi/executeFlow/DifarmaGetShipmentListForOrder
io.restassured.internal.RequestSpecificationImpl@6d619489
io.restassured.internal.RestAssuredResponseImpl@507453b8
[INFO]-[2022-01-19 13:32:11.384]-[TestNG-test=OMS-3]-[logRequestResponse]-[RequestPayload.java:171]-API Request sent : 
[INFO]-[2022-01-19 13:32:11.385]-[TestNG-test=OMS-3]-[logRequestResponse]-[RequestPayload.java:172]-Request method:	POST
Request URI:	https://localhost:9443/smcfs/restapi/executeFlow/DifarmaGetShipmentListForOrder
Proxy:			<none>
Request params:	<none>
Query params:	<none>
Form params:	<none>
Path params:	<none>
Headers:		Accept=application/xml
				Authorization=Basic YWRtaW46cGFzc3dvcmQ=
				Content-Type=application/xml
Cookies:		<none>
Multiparts:		<none>
Body:
<Order OrderHeaderKey="2022011908013168173579"/>

[INFO]-[2022-01-19 13:32:11.387]-[TestNG-test=OMS-3]-[logRequestResponse]-[RequestPayload.java:174]-API Response received : 
[INFO]-[2022-01-19 13:32:11.388]-[TestNG-test=OMS-3]-[logRequestResponse]-[RequestPayload.java:175]-HTTP/1.1 200 OK
X-FRAME-OPTIONS: SAMEORIGIN
X-UA-Compatible: IE=EmulateIE8
Access-Control-Max-Age: 3600
Access-Control-Allow-Credentials: true
Access-Control-Allow-Origin: *
Content-Type: application/xml; charset=UTF-8
Content-Encoding: gzip
Content-Language: en-US
Content-Length: 202
Date: Wed, 19 Jan 2022 08:02:10 GMT

<ShipmentList>
  <Shipment DeliveryMethod="PICK" DocumentType="0001" EnterpriseCode="FCVColombia" ShipNode="457" ShipmentKey="2022011908020668173654" Status="1100.70.06.10"/>
</ShipmentList>

[INFO]-[2022-01-19 13:32:11.443]-[TestNG-test=OMS-3]-[requestCreationInOMS]-[RequestHelper.java:211]-Pre-condition for Test: getOrderReleaseList
[INFO]-[2022-01-19 13:32:11.445]-[TestNG-test=OMS-3]-[sendAPIRequest]-[RestAssuredRequest.java:20]-Calling POST request with end point : https://localhost:9443/smcfs/restapi/executeFlow/DifarmaGetShipmentList
io.restassured.internal.RequestSpecificationImpl@715449e4
io.restassured.internal.RestAssuredResponseImpl@41d1b8f
[INFO]-[2022-01-19 13:32:12.269]-[TestNG-test=OMS-3]-[logRequestResponse]-[RequestPayload.java:171]-API Request sent : 
[INFO]-[2022-01-19 13:32:12.269]-[TestNG-test=OMS-3]-[logRequestResponse]-[RequestPayload.java:172]-Request method:	POST
Request URI:	https://localhost:9443/smcfs/restapi/executeFlow/DifarmaGetShipmentList
Proxy:			<none>
Request params:	<none>
Query params:	<none>
Form params:	<none>
Path params:	<none>
Headers:		Accept=application/xml
				Authorization=Basic YWRtaW46cGFzc3dvcmQ=
				Content-Type=application/xml
Cookies:		<none>
Multiparts:		<none>
Body:
<Shipment ShipmentKey="2022011908020668173654"/>

[INFO]-[2022-01-19 13:32:12.271]-[TestNG-test=OMS-3]-[logRequestResponse]-[RequestPayload.java:174]-API Response received : 
[INFO]-[2022-01-19 13:32:12.271]-[TestNG-test=OMS-3]-[logRequestResponse]-[RequestPayload.java:175]-HTTP/1.1 200 OK
X-FRAME-OPTIONS: SAMEORIGIN
X-UA-Compatible: IE=EmulateIE8
Access-Control-Max-Age: 3600
Access-Control-Allow-Credentials: true
Access-Control-Allow-Origin: *
Content-Type: application/xml; charset=UTF-8
Content-Encoding: gzip
Content-Language: en-US
Content-Length: 4476
Date: Wed, 19 Jan 2022 08:02:12 GMT

<Shipments>
  <Shipment Action="" ActualFreightCharge="0.00" AllowOverage="N" AssociationAction="" BBNMinVolume="0.00" BBNMinWeight="0.00" BillToAddressKey="2021112515060161885971" BillToCustomerId="00198505" BuyerOrganizationCode="FCV.CO" CODPayMethod="" CarrierAccountNo="" CarrierPickupTime="2022-01-19T08:02:06+00:00" CarrierServiceCode="" CarrierSortLocationId="" CarrierType="" Code="" CommercialValue="0.00" ContainerizedQuantity="0" Createprogid="CONSOLIDATE_TO_SHIPMENT_0001" Createts="2022-01-19T08:02:06+00:00" Createuserid="DifarmaConsolidateToShipmentAgentServer" Currency="COP" CustomerPoNo="" DeliveryCode="" DeliveryMethod="PICK" DeliveryTS="2022-01-19" DepartmentCode="" DestinationZone="" DoNotConsolidate="Y" DoNotVerifyCaseContent="N" DoNotVerifyPalletContent="N" DocumentType="0001" DownLoadCount="0" EnterpriseCode="FCVColombia" EspCheckRequired="N" EstimatedPrice="59950.00" ExpectedDeliveryDate="2022-01-19T08:01:35+00:00" ExpectedPickDate="2022-01-19T08:01:35+00:00" ExpectedShipmentDate="2022-01-19T08:01:35+00:00" ExportLicenseExpDate="2022-01-19" ExportLicenseNo="" ExportTaxpayerID="" FreightTerms="" FromAddressKey="20210105075420561242010" FromAppointment="2022-01-19" GiftFlag="N" HasNodeExceptions="N" HasOtherShipments="N" HazardousMaterialFlag="N" ITDate="2022-01-19" IsAppointmentReqd="N" IsPackProcessComplete="N" IsProductPlacingComplete="N" IsSingleOrder="N" ItemClassification="" LevelOfService="NextDay" LinesEntered="Y" LocationId="" Lockid="3" ManuallyEntered="N" Modifyprogid="CONSOLIDATE_TO_SHIPMENT_0001" Modifyts="2022-01-19T08:02:06+00:00" Modifyuserid="DifarmaConsolidateToShipmentAgentServer" MustShipBeforeDate="2022-01-19T08:01:35+00:00" NextAlertTs="1900-01-01T00:00:00+00:00" NotificationSent="N" NumOfCartons="1" NumOfPallets="0" OrderAvailableOnSystem="Y" OrderType="PICK" OriginZone="" OverrideManualShipmentEntry="N" PackAndHold="N" PackListType="" PipelineKey="20200219111103596469788" PlacedQuantity="0" PriorityCode="" ReleaseNo="0" RequestedCarrierServiceCode="" RequestedDeliveryDate="2022-01-19T08:01:35+00:00" RequestedShipmentDate="2022-01-19T08:01:35+00:00" RequiresApptConfirmation="N" RoutingContactInfo="" RoutingErrorCode="" RoutingGuideMaintained="03" RoutingSource="" SCAC="" ScacIntegrationRequired="N" SellerOrganizationCode="FCV.CO" ShipDate="2022-01-19T08:01:35+00:00" ShipMode="" ShipNode="457" ShipToCustomerId="00198505" ShipVia="" ShipmentClosedFlag="N" ShipmentConfirmUpdatesDone="N" ShipmentContainerizedFlag="01" ShipmentDeliverUpdatesDone="N" ShipmentGroupId="" ShipmentKey="2022011908020668173654" ShipmentNo="100013622" ShipmentPlannedFlag="N" ShipmentSortLocationId="" ShipmentType="" Status="1100.70.06.10" StatusDate="2022-01-19T08:02:06+00:00" ToAddressKey="2021112515060161885970" ToAppointment="2022-01-19" TotalActualCharge="0.00" TotalEstimatedCharge="0.00" TotalQuantity="5" TotalVolume="0.00" TotalVolumeUOM="CIN" TotalWeight="0.00" TotalWeightUOM="LBS" UnplacedQuantity="5" isHistory="N">
    <Extn ExtnETFulfilment="N" ExtnIsPreSalesEnabled="" ExtnOrderDate="2022-01-19T08:01:31+00:00"/>
    <ShipmentLines>
      <ShipmentLine Action="" BackroomPickedQuantity="" CountryOfOrigin="" Createprogid="CONSOLIDATE_TO_SHIPMENT_0001" Createts="2022-01-19T08:02:06+00:00" Createuserid="DifarmaConsolidateToShipmentAgentServer" CustomerPoLineNo="" CustomerPoNo="" DepartmentCode="" FifoNo="0" GiftFlag="N" IsPickable="Y" ItemDesc="Gaviscon (5+2.67+1.6)% Suspension Oral Frasco X 300mL Menta" ItemID="480568" KitCode="" KitQty="0" LevelOfService="NextDay" Lockid="0" Modifyprogid="CONSOLIDATE_TO_SHIPMENT_0001" Modifyts="2022-01-19T08:02:06+00:00" Modifyuserid="DifarmaConsolidateToShipmentAgentServer" NetWeight="0.00" NetWeightUom="" OrderHeaderKey="2022011908013168173579" OrderLineKey="2022011908013168173580" OrderNo="COCC95023498" OrderReleaseKey="2022011908013568173614" OrderType="PICK" OriginalQuantity="3" OverShipQuantity="0" PrimeLineNo="1" ProductClass="REGULAR" Quantity="3" ReleaseNo="1" RequestedSerialNo="" Segment="" SegmentType="" ShipToCustomerId="00198505" ShipmentKey="2022011908020668173654" ShipmentLineKey="2022011908020668173652" ShipmentLineNo="1" ShipmentSubLineNo="0" ShortageQty="0" SubLineNo="1" UnitOfMeasure="EACH" WaveNo="" isHistory="N">
        <OrderLine AddToOrderReleaseKey="" ApptStatus="" BackorderNotificationQty="0" BasicCapacityRequired="0" CanAddServiceLines="N" CannotMeetAppt="" CapacityUOM="" CarrierAccountNo="" CarrierServiceCode="" ConditionVariable1="" ConditionVariable2="" Createprogid="RestServlet" Createts="2022-01-19T08:01:31+00:00" Createuserid="admin" CustomerLinePONo="" CustomerPONo="" DeliveryCode="" DeliveryMethod="PICK" DepartmentCode="" DependencyRatio="0" EarliestDeliveryDate="2021-11-03T13:31:37+00:00" EarliestShipDate="2021-11-03T13:31:37+00:00" FillQuantity="0" FixedCapacityQtyPerLine="0" FixedPricingQtyPerLine="0" FreightTerms="" FulfillmentType="" GiftFlag="N" HoldFlag="N" HoldReasonCode="" ImportLicenseNo="" IntentionalBackorder="N" InvoiceBasedOnActuals="N" InvoiceComplete="N" InvoicedExtendedPrice="0.00" InvoicedQuantity="0" IsCapacityOverridden="N" IsCostOverridden="Y" IsFirmPredefinedNode="Y" IsPriceMatched="N" IsProcurementAllowed="Y" IsStandaloneService="" ItemGroupCode="PROD" KitCode="" LevelOfService="NextDay" LineSeqNo="1.1" LineType="CnC" Lockid="0" MaintainRatio="" Modifyprogid="RestServlet" Modifyts="2022-01-19T08:01:31+00:00" Modifyuserid="admin" OptionCapacityRequired="0" OrderClass="NEW" OrderHeaderKey="2022011908013168173579" OrderLineKey="2022011908013168173580" OrderedQty="3" OrderingUOM="EACH" OriginalOrderedQty="3" OtherCharges="0.00" OverReceiptQuantity="0" PackListType="" ParentOfDependentGroup="N" PersonalizeCode="" PersonalizeFlag="" PickableFlag="Y" PipelineKey="202004200551401016291479" PricingDate="2022-01-19" PrimeLineNo="1" PropagationQty="0" PropagationToParentRequired="" Purpose="" QuantityToSplit="0" ReceivedAsComponents="" ReceivedQty="0" ReqShipDate="2021-11-03T13:31:37+00:00" ReservationID="" ReservationMandatory="N" ReservationPool="" ReturnReason="" SCAC="" SchedFailureReasonCode="" Segment="" SegmentType="" SerialNo="" ShipNode="457" ShipToID="00198505" ShipToKey="2021112515060161885970" ShipTogetherNo="" ShippedQuantity="0" SplitFromLineKey="" SplitFromPrimeLineNo="0" SplitFromSubLineNo="0" SplitQty="0" SubLineNo="1" Timezone="" TotalQtyToCancel="0" TranDiscrepancyQty="0" TransactionalLineId="" WaitForSeqLine="N" isHistory="N">
          <Extn ExtnCustomerPromiseDate="2021-11-03T13:31:37.000Z" ExtnIsBigStoreSch="N" ExtnIsJumpFlowSch="N" ExtnIsPickUpByAuthPerson="N" ExtnIsPrescriptionHoldRequired="N" ExtnIsPrescriptionVerified="Y" ExtnOriginalReqShipDate="2021-11-03T13:31:37.000Z" ExtnVerifyPrescriptionAtPick="N"/>
          <PersonInfoShipTo AddressLine1="Carrera 70 # 99-8" AddressLine2="" AddressLine3="" AddressLine4="Bogota" AddressLine5="" AddressLine6="" AlternateEmailID="" Beeper="" City="Bogota" Company="" Country="CO" Createprogid="RestServlet" Createts="2021-11-25T15:06:01+00:00" Createuserid="OMSRESTAPIUSER" DayFaxNo="" DayPhone="(+57) 1111111111" Department="" EMailID="test_user_66074730@testuser.com" ErrorTxt="" EveningFaxNo="" EveningPhone="" FirstName="test" HttpUrl="" JobTitle="" LastName="test" Latitude="4.6938158" Lockid="0" Longitude="-74.0759006" MiddleName="" MobilePhone="(+57) 1111111111" Modifyprogid="RestServlet" Modifyts="2021-11-25T15:06:01+00:00" Modifyuserid="OMSRESTAPIUSER" OtherPhone="" PersonID="" PersonInfoKey="2021112515060161885970" PreferredShipAddress="" State="Bogota" Suffix="" Title="" UseCount="0" VerificationStatus="" ZipCode="" isHistory="N"/>
        </OrderLine>
      </ShipmentLine>
      <ShipmentLine Action="" BackroomPickedQuantity="" CountryOfOrigin="" Createprogid="CONSOLIDATE_TO_SHIPMENT_0001" Createts="2022-01-19T08:02:06+00:00" Createuserid="DifarmaConsolidateToShipmentAgentServer" CustomerPoLineNo="" CustomerPoNo="" DepartmentCode="" FifoNo="0" GiftFlag="N" IsPickable="Y" ItemDesc="Gaviscon (5+2.67+1.6)% Suspension Oral Frasco X 300mL Menta" ItemID="456636" KitCode="" KitQty="0" LevelOfService="NextDay" Lockid="0" Modifyprogid="CONSOLIDATE_TO_SHIPMENT_0001" Modifyts="2022-01-19T08:02:06+00:00" Modifyuserid="DifarmaConsolidateToShipmentAgentServer" NetWeight="0.00" NetWeightUom="" OrderHeaderKey="2022011908013168173579" OrderLineKey="2022011908013168173581" OrderNo="COCC95023498" OrderReleaseKey="2022011908013568173614" OrderType="PICK" OriginalQuantity="2" OverShipQuantity="0" PrimeLineNo="2" ProductClass="REGULAR" Quantity="2" ReleaseNo="1" RequestedSerialNo="" Segment="" SegmentType="" ShipToCustomerId="00198505" ShipmentKey="2022011908020668173654" ShipmentLineKey="2022011908020668173653" ShipmentLineNo="2" ShipmentSubLineNo="0" ShortageQty="0" SubLineNo="1" UnitOfMeasure="EACH" WaveNo="" isHistory="N">
        <OrderLine AddToOrderReleaseKey="" ApptStatus="" BackorderNotificationQty="0" BasicCapacityRequired="0" CanAddServiceLines="N" CannotMeetAppt="" CapacityUOM="" CarrierAccountNo="" CarrierServiceCode="" ConditionVariable1="" ConditionVariable2="" Createprogid="RestServlet" Createts="2022-01-19T08:01:31+00:00" Createuserid="admin" CustomerLinePONo="" CustomerPONo="" DeliveryCode="" DeliveryMethod="PICK" DepartmentCode="" DependencyRatio="0" EarliestDeliveryDate="2021-11-03T13:31:37+00:00" EarliestShipDate="2021-11-03T13:31:37+00:00" FillQuantity="0" FixedCapacityQtyPerLine="0" FixedPricingQtyPerLine="0" FreightTerms="" FulfillmentType="" GiftFlag="N" HoldFlag="N" HoldReasonCode="" ImportLicenseNo="" IntentionalBackorder="N" InvoiceBasedOnActuals="N" InvoiceComplete="N" InvoicedExtendedPrice="0.00" InvoicedQuantity="0" IsCapacityOverridden="N" IsCostOverridden="Y" IsFirmPredefinedNode="Y" IsPriceMatched="N" IsProcurementAllowed="Y" IsStandaloneService="" ItemGroupCode="PROD" KitCode="" LevelOfService="NextDay" LineSeqNo="2.1" LineType="CnC" Lockid="0" MaintainRatio="" Modifyprogid="RestServlet" Modifyts="2022-01-19T08:01:31+00:00" Modifyuserid="admin" OptionCapacityRequired="0" OrderClass="NEW" OrderHeaderKey="2022011908013168173579" OrderLineKey="2022011908013168173581" OrderedQty="2" OrderingUOM="EACH" OriginalOrderedQty="2" OtherCharges="0.00" OverReceiptQuantity="0" PackListType="" ParentOfDependentGroup="N" PersonalizeCode="" PersonalizeFlag="" PickableFlag="Y" PipelineKey="202004200551401016291479" PricingDate="2022-01-19" PrimeLineNo="2" PropagationQty="0" PropagationToParentRequired="" Purpose="" QuantityToSplit="0" ReceivedAsComponents="" ReceivedQty="0" ReqShipDate="2021-11-03T13:31:37+00:00" ReservationID="" ReservationMandatory="N" ReservationPool="" ReturnReason="" SCAC="" SchedFailureReasonCode="" Segment="" SegmentType="" SerialNo="" ShipNode="457" ShipToID="00198505" ShipToKey="2021112515060161885970" ShipTogetherNo="" ShippedQuantity="0" SplitFromLineKey="" SplitFromPrimeLineNo="0" SplitFromSubLineNo="0" SplitQty="0" SubLineNo="1" Timezone="" TotalQtyToCancel="0" TranDiscrepancyQty="0" TransactionalLineId="" WaitForSeqLine="N" isHistory="N">
          <Extn ExtnCustomerPromiseDate="2021-11-03T13:31:37.000Z" ExtnIsBigStoreSch="N" ExtnIsJumpFlowSch="N" ExtnIsPickUpByAuthPerson="N" ExtnIsPrescriptionHoldRequired="N" ExtnIsPrescriptionVerified="Y" ExtnOriginalReqShipDate="2021-11-03T13:31:37.000Z" ExtnVerifyPrescriptionAtPick="N"/>
          <PersonInfoShipTo AddressLine1="Carrera 70 # 99-8" AddressLine2="" AddressLine3="" AddressLine4="Bogota" AddressLine5="" AddressLine6="" AlternateEmailID="" Beeper="" City="Bogota" Company="" Country="CO" Createprogid="RestServlet" Createts="2021-11-25T15:06:01+00:00" Createuserid="OMSRESTAPIUSER" DayFaxNo="" DayPhone="(+57) 1111111111" Department="" EMailID="test_user_66074730@testuser.com" ErrorTxt="" EveningFaxNo="" EveningPhone="" FirstName="test" HttpUrl="" JobTitle="" LastName="test" Latitude="4.6938158" Lockid="0" Longitude="-74.0759006" MiddleName="" MobilePhone="(+57) 1111111111" Modifyprogid="RestServlet" Modifyts="2021-11-25T15:06:01+00:00" Modifyuserid="OMSRESTAPIUSER" OtherPhone="" PersonID="" PersonInfoKey="2021112515060161885970" PreferredShipAddress="" State="Bogota" Suffix="" Title="" UseCount="0" VerificationStatus="" ZipCode="" isHistory="N"/>
        </OrderLine>
      </ShipmentLine>
    </ShipmentLines>
    <ShipNode AcceptanceRequired="N" ActivateFlag="" AdvanceNotificationTime="0.00" AgentCriteriaGroup="" BolPrefix="00" CanShipToAllNodes="Y" CanShipToOtherAddresses="Y" ContactAddressKey="20201118224110524185958" Createprogid=".YCPOrgDetailsAPI" Createts="2020-10-30T13:22:16+00:00" Createuserid="admin" CurrentBolNumber="" DcmIntegrationRealTime="N" DefaultDeclaredValue="0.00" DelayedInventoryAllocationSupport="N" Description="457-Avenida Eliodoro Yañez 1281" ExportLicenseExpDate="" ExportLicenseNo="" ExportTaxpayerId="" GLN="" GenerateBolNumber="N" IdentifiedByParentAs="457" IgnorePendingAllocation="N" InheritConfigFromShipNode="" InterfaceSubType="" InterfaceType="YFX" InventoryTracked="Y" Inventorytype="TRACK" IsFulfillmentNode="Y" IsItemBasedAllocationAllowed="Y" IsYard="N" Latitude="-33.433443" Localecode="es_ES_CL" Lockid="26" Longitude="-70.617553" MaintainInventoryCost="N" MaxConcurrentWaves="0" MaxDaysToScheduleBefore="0" MinNotificationTime="0" Modifyprogid=".YCPOrgDetailsAPI" Modifyts="2021-11-12T10:08:50+00:00" Modifyuserid="admin" NodeOrgCode="457" NodeType="Store" OwnerKey="FCVChile" OwnerType="" PackAdjRsnCode="PACK" PicklistType="" ProcureToShipAllowed="Y" ReceiptProcessingTime="0.00" ReceiptProcessingTimeForForwarding="0.00" ReceiptProcessingTimeForFutureInventory="0" ReceiveAdjRsnCode="RECEIPT" ReceivingCalendarKey="2021111210071960344143" ReceivingNode="N" RequireTransferAcceptance="N" RequiresChangeRequest="" ReturnCenterFlag="N" ReturnsNode="N" SerialTrackedOnTransfer="Y" SerialTracking="N" ShipAdjRsnCode="SHIP" ShipNode="457" ShipNodeAddressKey="20210105075420561242010" ShipNodeClass="TIER_1" ShipnodeKey="457" ShipnodeType="" ShippingCalendarKey="2021111210071960344143" ShippingNode="Y" SubstitutionAllowed="" SupplierKey="" TagTrackedAtReceipt="Y" TagTrackedInInventory="Y" ThreePlNode="N" TimeDiff="0.00" UseEndOfShiftTime="" WorkOrderCreationAllowed="N" XDocNode="">
      <ShipNodePersonInfo AddressLine1="Avenida Eliodoro Yañez 1281" AddressLine2="Avenida Eliodoro Yañez 1281" AddressLine3="" AddressLine4="Providencia" AddressLine5="" AddressLine6="" AlternateEmailID="" Beeper="" City="Santiago" Company="" Country="CL" Createprogid="DifarmaStoreUploadServer" Createts="2021-01-05T07:54:20+00:00" Createuserid="DifarmaStoreUploadServer" DayFaxNo="" DayPhone="" Department="" EMailID="F_CV016@farmacruzverde.cl" ErrorTxt="" EveningFaxNo="" EveningPhone="" FirstName="" HttpUrl="" JobTitle="" LastName="" Latitude="-33.433443" Lockid="0" Longitude="-70.617553" MiddleName="" MobilePhone="" Modifyprogid="YDKConfigDeploy" Modifyts="2021-01-05T07:54:20+00:00" Modifyuserid="omdb2" OtherPhone="" PersonID="" PersonInfoKey="20210105075420561242010" PreferredShipAddress="" State="Metropolitana de Santiago" Suffix="" Title="" UseCount="0" VerificationStatus="" ZipCode="" isHistory="N"/>
    </ShipNode>
    <ToAddress AddressLine1="Carrera 70 # 99-8" AddressLine2="" AddressLine3="" AddressLine4="Bogota" AddressLine5="" AddressLine6="" AlternateEmailID="" Beeper="" City="Bogota" Company="" Country="CO" Createprogid="RestServlet" Createts="2021-11-25T15:06:01+00:00" Createuserid="OMSRESTAPIUSER" DayFaxNo="" DayPhone="(+57) 1111111111" Department="" EMailID="test_user_66074730@testuser.com" ErrorTxt="" EveningFaxNo="" EveningPhone="" FirstName="test" HttpUrl="" JobTitle="" LastName="test" Latitude="4.6938158" Lockid="0" Longitude="-74.0759006" MiddleName="" MobilePhone="(+57) 1111111111" Modifyprogid="RestServlet" Modifyts="2021-11-25T15:06:01+00:00" Modifyuserid="OMSRESTAPIUSER" OtherPhone="" PersonID="" PersonInfoKey="2021112515060161885970" PreferredShipAddress="" State="Bogota" Suffix="" Title="" UseCount="0" VerificationStatus="" ZipCode="" isHistory="N"/>
    <Containers TotalNumberOfRecords="0"/>
    <Status Createprogid="XMLMigrator" Createts="2019-07-03T00:17:10+00:00" Createuserid="SYSTEM" Description="Ready For Backroom Pick" Lockid="0" Modifyprogid="XMLMigrator" Modifyts="2019-07-03T00:17:10+00:00" Modifyuserid="SYSTEM" OwnerKey="DEFAULT" ProcessTypeKey="ORDER_DELIVERY" RequiresCollaboration="" Status="1100.70.06.10" StatusKey="YCD_READY_BACKROOM_PICK" StatusName="Ready For Backroom Pick" StatusType="USER"/>
  </Shipment>
</Shipments>

[INFO]-[2022-01-19 13:32:13.579]-[TestNG-test=OMS-3]-[requestCreationInOMS]-[RequestHelper.java:231]-Pre-condition for Test: getOrderReleaseList
[INFO]-[2022-01-19 13:32:13.581]-[TestNG-test=OMS-3]-[sendAPIRequest]-[RestAssuredRequest.java:20]-Calling POST request with end point : https://localhost:9443/smcfs/restapi/executeFlow/DifarmaMobileRecordPickCompletion
io.restassured.internal.RequestSpecificationImpl@4ff174
io.restassured.internal.RestAssuredResponseImpl@74e10c73
[INFO]-[2022-01-19 13:32:15.003]-[TestNG-test=OMS-3]-[logRequestResponse]-[RequestPayload.java:171]-API Request sent : 
[INFO]-[2022-01-19 13:32:15.004]-[TestNG-test=OMS-3]-[logRequestResponse]-[RequestPayload.java:172]-Request method:	POST
Request URI:	https://localhost:9443/smcfs/restapi/executeFlow/DifarmaMobileRecordPickCompletion
Proxy:			<none>
Request params:	<none>
Query params:	<none>
Form params:	<none>
Path params:	<none>
Headers:		Accept=application/xml
				Authorization=Basic YWRtaW46cGFzc3dvcmQ=
				Content-Type=application/xml
Cookies:		<none>
Multiparts:		<none>
Body:
<Shipment DeliveryMethod="PICK" DocumentType="0001" ShipNode="457" ShipmentKey="2022011908020668173654">
  <ShipmentLines>
    <ShipmentLine BackroomPickedQuantity="3" OrderHeaderKey="2022011908013168173579" OrderLineKey="2022011908013168173580" Quantity="3" ShipmentLineKey="2022011908020668173652" ShortageQty="0"/>
    <ShipmentLine BackroomPickedQuantity="2" OrderHeaderKey="2022011908013168173579" OrderLineKey="2022011908013168173581" Quantity="2" ShipmentLineKey="2022011908020668173653" ShortageQty="0"/>
  </ShipmentLines>
</Shipment>

[INFO]-[2022-01-19 13:32:15.005]-[TestNG-test=OMS-3]-[logRequestResponse]-[RequestPayload.java:174]-API Response received : 
[INFO]-[2022-01-19 13:32:15.005]-[TestNG-test=OMS-3]-[logRequestResponse]-[RequestPayload.java:175]-HTTP/1.1 200 OK
X-FRAME-OPTIONS: SAMEORIGIN
X-UA-Compatible: IE=EmulateIE8
Access-Control-Max-Age: 3600
Access-Control-Allow-Credentials: true
Access-Control-Allow-Origin: *
Content-Type: application/xml; charset=UTF-8
Content-Encoding: gzip
Content-Language: en-US
Content-Length: 134
Date: Wed, 19 Jan 2022 08:02:15 GMT

<Shipment ShipmentKey="2022011908020668173654" ShipmentValidationStatus="pickComplete"/>

[INFO]-[2022-01-19 13:32:15.065]-[TestNG-test=OMS-3]-[requestCreationInOMS]-[RequestHelper.java:140]-Pre-condition for Test: getOrderDetails
[INFO]-[2022-01-19 13:32:15.067]-[TestNG-test=OMS-3]-[sendAPIRequest]-[RestAssuredRequest.java:20]-Calling POST request with end point : https://localhost:9443/smcfs/restapi/invoke/getOrderDetails
io.restassured.internal.RequestSpecificationImpl@5cc3386a
io.restassured.internal.RestAssuredResponseImpl@66e7ee17
[INFO]-[2022-01-19 13:32:15.907]-[TestNG-test=OMS-3]-[logRequestResponse]-[RequestPayload.java:171]-API Request sent : 
[INFO]-[2022-01-19 13:32:15.908]-[TestNG-test=OMS-3]-[logRequestResponse]-[RequestPayload.java:172]-Request method:	POST
Request URI:	https://localhost:9443/smcfs/restapi/invoke/getOrderDetails
Proxy:			<none>
Request params:	<none>
Query params:	<none>
Form params:	<none>
Path params:	<none>
Headers:		Accept=application/xml
				Authorization=Basic YWRtaW46cGFzc3dvcmQ=
				Content-Type=application/xml
Cookies:		<none>
Multiparts:		<none>
Body:
<Order DocumentType="0001" EnterpriseCode="FCVColombia" OrderHeaderKey="" OrderNo="COCC95023498"/>

[INFO]-[2022-01-19 13:32:15.909]-[TestNG-test=OMS-3]-[logRequestResponse]-[RequestPayload.java:174]-API Response received : 
[INFO]-[2022-01-19 13:32:15.910]-[TestNG-test=OMS-3]-[logRequestResponse]-[RequestPayload.java:175]-HTTP/1.1 200 OK
X-FRAME-OPTIONS: SAMEORIGIN
X-UA-Compatible: IE=EmulateIE8
Access-Control-Max-Age: 3600
Access-Control-Allow-Credentials: true
Access-Control-Allow-Origin: *
Content-Type: application/xml; charset=UTF-8
Content-Encoding: gzip
Content-Language: en-US
Content-Length: 4216
Date: Wed, 19 Jan 2022 08:02:16 GMT

<Order AllocationRuleID="DIF_SCH" BillToID="00198505" BuyerOrganizationCode="FCV.CO" CarrierAccountNo="" CarrierServiceCode="" ChainType="" ChargeActualFreightFlag="N" CustCustPONo="" CustomerEMailID="tremere27@gmail.com" CustomerPONo="" DeliveryCode="" Division="" DocumentType="0001" DraftOrderFlag="N" EnteredBy="00198505" EnterpriseCode="FCVColombia" EntryType="CustomerOnWeb" FreightTerms="" HasDeliveryLines="N" HasProductLines="Y" HasServiceLines="N" HoldFlag="N" HoldReasonCode="" MaxOrderStatus="3350.3000" MaxOrderStatusDesc="Ready for Customer" MinOrderStatus="3350.3000" MinOrderStatusDesc="Ready for Customer" NotifyAfterShipmentFlag="N" OrderDate="2022-01-19T08:01:31+00:00" OrderHeaderKey="2022011908013168173579" OrderName="" OrderNo="COCC95023498" OrderType="PICK" OriginalTax="0.00" OriginalTotalAmount="62940.00" OtherCharges="2990.00" PaymentStatus="AUTHORIZED" PendingTransferIn="0.00" PersonalizeCode="" PriorityCode="" PriorityNumber="0" Purpose="" ReturnByGiftRecipient="" SCAC="" ScacAndService="" ScacAndServiceKey="" SearchCriteria1="" SearchCriteria2="" SellerOrganizationCode="FCV.CO" ShipToID="00198505" Status="Ready for Customer" TaxExemptFlag="N" TaxExemptionCertificate="" TaxJurisdiction="" TaxPayerId="" TermsCode="" TotalAdjustmentAmount="0.00" isHistory="N">
  <AllowedModifications>
    <Modification ModificationType="REMOVE_PROMOTION" ThroughOverride="Y"/>
    <Modification ModificationType="ORDER_NAME" ThroughOverride="Y"/>
    <Modification ModificationType="CONTACT_INFO" ThroughOverride="Y"/>
    <Modification ModificationType="CHANGE_ITERATION" ThroughOverride="Y"/>
    <Modification ModificationType="BILLTO" ThroughOverride="Y"/>
    <Modification ModificationType="TAX" ThroughOverride="Y"/>
    <Modification ModificationType="CHANGE_PROMOTION" ThroughOverride="Y"/>
    <Modification ModificationType="FREIGHT_TERMS" ThroughOverride="Y"/>
    <Modification ModificationType="ADD_NOTE" ThroughOverride="N"/>
    <Modification ModificationType="CHANGE_STATUS" ThroughOverride="Y"/>
    <Modification ModificationType="ADD_LINE" ThroughOverride="Y"/>
    <Modification ModificationType="CARRIER" ThroughOverride="Y"/>
    <Modification ModificationType="ADDITIONADDR" ThroughOverride="Y"/>
    <Modification ModificationType="SOLDTO" ThroughOverride="Y"/>
    <Modification ModificationType="REQ_SHIP_DATE" ThroughOverride="Y"/>
    <Modification ModificationType="PAYMENT_STATUS" ThroughOverride="Y"/>
    <Modification ModificationType="ADD_INSTRUCTION" ThroughOverride="Y"/>
    <Modification ModificationType="CHANGE_NOTE" ThroughOverride="Y"/>
    <Modification ModificationType="CARRIER_ACCOUNT_NO" ThroughOverride="Y"/>
    <Modification ModificationType="CHANGE_ORDER_DATE" ThroughOverride="Y"/>
    <Modification ModificationType="REMOVE_NOTE" ThroughOverride="Y"/>
    <Modification ModificationType="HOLD" ThroughOverride="N"/>
    <Modification ModificationType="SPECIAL_SERVICE" ThroughOverride="Y"/>
    <Modification ModificationType="RULE_ID" ThroughOverride="Y"/>
    <Modification ModificationType="PRICE" ThroughOverride="Y"/>
    <Modification ModificationType="CARRIER_SERVICE_CODE" ThroughOverride="Y"/>
    <Modification ModificationType="PAYMENT_METHOD" ThroughOverride="Y"/>
    <Modification ModificationType="CHANGE_CUSTOM_ATTRIBUTES" ThroughOverride="Y"/>
    <Modification ModificationType="RELEASE" ThroughOverride="Y"/>
    <Modification ModificationType="SHIP_NODE" ThroughOverride="Y"/>
    <Modification ModificationType="ANSWER_SET" ThroughOverride="Y"/>
    <Modification ModificationType="MARKFOR" ThroughOverride="Y"/>
    <Modification ModificationType="RECEIVING_NODE" ThroughOverride="Y"/>
    <Modification ModificationType="SHORT" ThroughOverride="Y"/>
    <Modification ModificationType="BUYER_USER_ID" ThroughOverride="Y"/>
    <Modification ModificationType="OTHERS" ThroughOverride="N"/>
    <Modification ModificationType="DELIVERY_CODE" ThroughOverride="Y"/>
    <Modification ModificationType="LEVEL_OF_SERVICE" ThroughOverride="Y"/>
    <Modification ModificationType="CANCEL" ThroughOverride="N"/>
    <Modification ModificationType="UNSCHEDULE" ThroughOverride="Y"/>
    <Modification ModificationType="CHANGE_INSTRUCTION" ThroughOverride="Y"/>
    <Modification ModificationType="HOLD_TYPE" ThroughOverride="N"/>
    <Modification ModificationType="REFERENCES" ThroughOverride="Y"/>
  </AllowedModifications>
  <PriceInfo Currency="COP" EnterpriseCurrency="COP" ReportingConversionDate="2022-01-19T08:01:31+00:00" ReportingConversionRate="1.00" TotalAmount="62940.00"/>
  <OrderLines>
    <OrderLine AllocationDate="2021-11-03" ApptStatus="" AwaitingDeliveryRequest="N" CanAddServiceLines="N" CarrierAccountNo="" CarrierServiceCode="" CustomerLinePONo="" CustomerPONo="" DeliveryCode="" DeliveryMethod="PICK" DepartmentCode="" FreightTerms="" FulfillmentType="" HasDeliveryLines="N" HasServiceLines="N" HoldFlag="N" HoldReasonCode="" ImportLicenseNo="" InvoicedQty="0" IsBundleParent="N" ItemGroupCode="PROD" KitCode="" LineSeqNo="1.1" LineType="CnC" MaxLineStatus="3350.3000" MaxLineStatusDesc="Ready for Customer" MinLineStatus="3350.3000" MinLineStatusDesc="Ready for Customer" OpenQty="3" OrderHeaderKey="2022011908013168173579" OrderLineKey="2022011908013168173580" OrderedQty="3" OriginalOrderedQty="3" OtherCharges="0.00" PackListType="" PersonalizeCode="" PersonalizeFlag="" PickableFlag="Y" PrimeLineNo="1" Purpose="" RemainingQty="3" ReqShipDate="2021-11-03T13:31:37+00:00" ReservationID="" ReservationPool="" SCAC="" ScacAndService="" ScacAndServiceKey="" Segment="" SegmentType="" SerialNo="" ShipNode="457" ShipToID="00198505" ShipTogetherNo="" SplitQty="0" Status="Ready for Customer" StatusQuantity="3" SubLineNo="1" SubstituteItemID="" SubstituteItemUOM="" isHistory="N">
      <Item CostCurrency="COP" CountryOfOrigin="" CustomerItem="480568" CustomerItemDesc="Gaviscon (5+2.67+1.6)% Suspension Oral Frasco X 300mL Menta" ECCNNo="" HarmonizedCode="" ISBN="" ItemDesc="Gaviscon (5+2.67+1.6)% Suspension Oral Frasco X 300mL Menta" ItemID="480568" ItemShortDesc="Stevia Endulzante Natural X 200 Ta Caja X 200" ItemWeight="0.00" ItemWeightUOM="LBS" ManufacturerItem="" ManufacturerItemDesc="" ManufacturerName="RB HEALTH COLOMBIA SAS" NMFCClass="" NMFCCode="" NMFCDescription="" ProductClass="REGULAR" ProductLine="" ScheduleBCode="" SupplierItem="" SupplierItemDesc="" TaxProductCode="" UPCCode="" UnitCost="11990.00" UnitOfMeasure="EACH"/>
      <LinePriceInfo ActualPricingQty="3" DiscountPercentage="0.00" InvoicedPricingQty="0" IsPriceLocked="Y" LineTotal="35970.00" ListPrice="11990.00" OrderedPricingQty="3" PricingQtyConversionFactor="0" PricingUOM="EACH" RetailPrice="0.00" SettledAmount="0.00" SettledQuantity="0" TaxableFlag="N" UnitPrice="11990.00"/>
      <OrderLineOptions/>
      <WorkOrders NumberOfWorkOrders="0"/>
      <PersonInfoShipTo AddressLine1="Carrera 70 # 99-8" AddressLine2="" AddressLine3="" AddressLine4="Bogota" AddressLine5="" AddressLine6="" AlternateEmailID="" Beeper="" City="Bogota" Company="" Country="CO" DayFaxNo="" DayPhone="(+57) 1111111111" Department="" EMailID="test_user_66074730@testuser.com" EveningFaxNo="" EveningPhone="" FirstName="test" JobTitle="" LastName="test" MiddleName="" MobilePhone="(+57) 1111111111" OtherPhone="" PersonID="" PersonInfoKey="2021112515060161885970" State="Bogota" Suffix="" Title="" ZipCode=""/>
      <Instructions NumberOfInstructions="0"/>
      <References/>
      <KitLines NumberOfKitLines="0"/>
      <ProductItems/>
      <AdditionalAddresses NumberOfAdditionalAddresses="0"/>
      <Notes NumberOfNotes="0"/>
      <ServiceAssociations/>
      <ProductAssociations/>
      <DeliveryAssociations/>
      <Schedules>
        <Schedule ExpectedDeliveryDate="2022-01-19T08:01:35+00:00" ExpectedShipmentDate="2022-01-19T08:01:35+00:00" OrderHeaderKey="2022011908013168173579" OrderLineKey="2022011908013168173580" OrderLineScheduleKey="202201190811013568173618" Quantity="3" ScheduleNo="3" TagNumber=""/>
      </Schedules>
      <LineOverallTotals Charges="0.00" Discount="0.00" ExtendedPrice="35970.00" LineTotal="35970.00" OptionPrice="0.00" PricingQty="3.00" Tax="0.00" UnitPrice="11990.00"/>
      <LineInvoicedTotals AdditionalLinePriceTotal="0.00" Charges="0.00" Discount="0.00" ExtendedPrice="0.00" LineTotal="0.00" OptionPrice="0.00" PricingQty="0.00" Tax="0.00" UnitPrice="0.00"/>
      <LineRemainingTotals AdditionalLinePriceTotal="0.00" Charges="0.00" Discount="0.00" ExtendedPrice="35970.00" LineTotal="35970.00" OptionPrice="0.00" PricingQty="3.00" Tax="0.00" UnitPrice="11990.00"/>
      <LineCharges/>
      <LineTaxes>
        <LineTax ChargeCategory="TAX" ChargeName="SALES_TAX" ChargeNameKey="20200210111055508944842" InvoicedTax="0.00" Reference_1="" Reference_2="" Reference_3="" RemainingTax="1914.00" Tax="1914.00" TaxName="SalesTax" TaxPercentage="0.00"/>
        <TaxSummary>
          <TaxSummaryDetail InvoicedTax="0.00" OverallTax="1914.00" RemainingTax="1914.00" TaxName="SalesTax"/>
        </TaxSummary>
      </LineTaxes>
      <OrderStatuses>
        <OrderStatus OrderHeaderKey="2022011908013168173579" OrderLineKey="2022011908013168173580" OrderLineScheduleKey="202201190811013568173618" OrderReleaseKey="2022011908013568173614" OrderReleaseStatusKey="202201190882021568173683" PipelineKey="202004200551401016291479" ShipNode="457" Status="3350.3000" StatusDate="2022-01-19T08:02:15+00:00" StatusDescription="Ready for Customer" StatusQty="3" TotalQuantity="3">
          <Details ExpectedDeliveryDate="2022-01-19T08:01:35+00:00" ExpectedShipmentDate="2022-01-19T08:01:35+00:00" TagNumber="">
            <KitDetails/>
          </Details>
        </OrderStatus>
      </OrderStatuses>
      <CapacityAllocations/>
    </OrderLine>
    <OrderLine AllocationDate="2021-11-03" ApptStatus="" AwaitingDeliveryRequest="N" CanAddServiceLines="N" CarrierAccountNo="" CarrierServiceCode="" CustomerLinePONo="" CustomerPONo="" DeliveryCode="" DeliveryMethod="PICK" DepartmentCode="" FreightTerms="" FulfillmentType="" HasDeliveryLines="N" HasServiceLines="N" HoldFlag="N" HoldReasonCode="" ImportLicenseNo="" InvoicedQty="0" IsBundleParent="N" ItemGroupCode="PROD" KitCode="" LineSeqNo="2.1" LineType="CnC" MaxLineStatus="3350.3000" MaxLineStatusDesc="Ready for Customer" MinLineStatus="3350.3000" MinLineStatusDesc="Ready for Customer" OpenQty="2" OrderHeaderKey="2022011908013168173579" OrderLineKey="2022011908013168173581" OrderedQty="2" OriginalOrderedQty="2" OtherCharges="0.00" PackListType="" PersonalizeCode="" PersonalizeFlag="" PickableFlag="Y" PrimeLineNo="2" Purpose="" RemainingQty="2" ReqShipDate="2021-11-03T13:31:37+00:00" ReservationID="" ReservationPool="" SCAC="" ScacAndService="" ScacAndServiceKey="" Segment="" SegmentType="" SerialNo="" ShipNode="457" ShipToID="00198505" ShipTogetherNo="" SplitQty="0" Status="Ready for Customer" StatusQuantity="2" SubLineNo="1" SubstituteItemID="" SubstituteItemUOM="" isHistory="N">
      <Item CostCurrency="COP" CountryOfOrigin="" CustomerItem="456636" CustomerItemDesc="Gaviscon (5+2.67+1.6)% Suspension Oral Frasco X 300mL Menta" ECCNNo="" HarmonizedCode="" ISBN="" ItemDesc="Gaviscon (5+2.67+1.6)% Suspension Oral Frasco X 300mL Menta" ItemID="456636" ItemShortDesc="Stevia Endulzante Natural X 200 Ta Caja X 200" ItemWeight="0.00" ItemWeightUOM="LBS" ManufacturerItem="" ManufacturerItemDesc="" ManufacturerName="RB HEALTH COLOMBIA SAS" NMFCClass="" NMFCCode="" NMFCDescription="" ProductClass="REGULAR" ProductLine="" ScheduleBCode="" SupplierItem="" SupplierItemDesc="" TaxProductCode="" UPCCode="" UnitCost="11990.00" UnitOfMeasure="EACH"/>
      <LinePriceInfo ActualPricingQty="2" DiscountPercentage="0.00" InvoicedPricingQty="0" IsPriceLocked="Y" LineTotal="23980.00" ListPrice="11990.00" OrderedPricingQty="2" PricingQtyConversionFactor="0" PricingUOM="EACH" RetailPrice="0.00" SettledAmount="0.00" SettledQuantity="0" TaxableFlag="N" UnitPrice="11990.00"/>
      <OrderLineOptions/>
      <WorkOrders NumberOfWorkOrders="0"/>
      <PersonInfoShipTo AddressLine1="Carrera 70 # 99-8" AddressLine2="" AddressLine3="" AddressLine4="Bogota" AddressLine5="" AddressLine6="" AlternateEmailID="" Beeper="" City="Bogota" Company="" Country="CO" DayFaxNo="" DayPhone="(+57) 1111111111" Department="" EMailID="test_user_66074730@testuser.com" EveningFaxNo="" EveningPhone="" FirstName="test" JobTitle="" LastName="test" MiddleName="" MobilePhone="(+57) 1111111111" OtherPhone="" PersonID="" PersonInfoKey="2021112515060161885970" State="Bogota" Suffix="" Title="" ZipCode=""/>
      <Instructions NumberOfInstructions="0"/>
      <References/>
      <KitLines NumberOfKitLines="0"/>
      <ProductItems/>
      <AdditionalAddresses NumberOfAdditionalAddresses="0"/>
      <Notes NumberOfNotes="0"/>
      <ServiceAssociations/>
      <ProductAssociations/>
      <DeliveryAssociations/>
      <Schedules>
        <Schedule ExpectedDeliveryDate="2022-01-19T08:01:35+00:00" ExpectedShipmentDate="2022-01-19T08:01:35+00:00" OrderHeaderKey="2022011908013168173579" OrderLineKey="2022011908013168173581" OrderLineScheduleKey="202201190885013568173615" Quantity="2" ScheduleNo="3" TagNumber=""/>
      </Schedules>
      <LineOverallTotals Charges="0.00" Discount="0.00" ExtendedPrice="23980.00" LineTotal="23980.00" OptionPrice="0.00" PricingQty="2.00" Tax="0.00" UnitPrice="11990.00"/>
      <LineInvoicedTotals AdditionalLinePriceTotal="0.00" Charges="0.00" Discount="0.00" ExtendedPrice="0.00" LineTotal="0.00" OptionPrice="0.00" PricingQty="0.00" Tax="0.00" UnitPrice="0.00"/>
      <LineRemainingTotals AdditionalLinePriceTotal="0.00" Charges="0.00" Discount="0.00" ExtendedPrice="23980.00" LineTotal="23980.00" OptionPrice="0.00" PricingQty="2.00" Tax="0.00" UnitPrice="11990.00"/>
      <LineCharges/>
      <LineTaxes>
        <LineTax ChargeCategory="TAX" ChargeName="SALES_TAX" ChargeNameKey="20200210111055508944842" InvoicedTax="0.00" Reference_1="" Reference_2="" Reference_3="" RemainingTax="1914.00" Tax="1914.00" TaxName="SalesTax" TaxPercentage="0.00"/>
        <TaxSummary>
          <TaxSummaryDetail InvoicedTax="0.00" OverallTax="1914.00" RemainingTax="1914.00" TaxName="SalesTax"/>
        </TaxSummary>
      </LineTaxes>
      <OrderStatuses>
        <OrderStatus OrderHeaderKey="2022011908013168173579" OrderLineKey="2022011908013168173581" OrderLineScheduleKey="202201190885013568173615" OrderReleaseKey="2022011908013568173614" OrderReleaseStatusKey="202201190886021568173684" PipelineKey="202004200551401016291479" ShipNode="457" Status="3350.3000" StatusDate="2022-01-19T08:02:15+00:00" StatusDescription="Ready for Customer" StatusQty="2" TotalQuantity="2">
          <Details ExpectedDeliveryDate="2022-01-19T08:01:35+00:00" ExpectedShipmentDate="2022-01-19T08:01:35+00:00" TagNumber="">
            <KitDetails/>
          </Details>
        </OrderStatus>
      </OrderStatuses>
      <CapacityAllocations/>
    </OrderLine>
  </OrderLines>
  <Instructions NumberOfInstructions="0"/>
  <PersonInfoShipTo AddressLine1="Carrera 70 # 99-8" AddressLine2="" AddressLine3="" AddressLine4="Bogota" AddressLine5="" AddressLine6="" AlternateEmailID="" Beeper="" City="Bogota" Company="" Country="CO" DayFaxNo="" DayPhone="(+57) 1111111111" Department="" EMailID="test_user_66074730@testuser.com" EveningFaxNo="" EveningPhone="" FirstName="test" JobTitle="" LastName="test" MiddleName="" MobilePhone="(+57) 1111111111" OtherPhone="" PersonID="" PersonInfoKey="2021112515060161885970" State="Bogota" Suffix="" Title="" ZipCode=""/>
  <PersonInfoBillTo AddressLine1="Carrera 70 # 99-8" AddressLine2="" AddressLine3="" AddressLine4="Bogota" AddressLine5="" AddressLine6="" AlternateEmailID="" Beeper="" City="Bogota" Company="" Country="CO" DayFaxNo="" DayPhone="(+57) 1111111111" Department="" EMailID="test_user_66074730@testuser.com" EveningFaxNo="" EveningPhone="" FirstName="test" JobTitle="" LastName="test" MiddleName="" MobilePhone="" OtherPhone="" PersonID="" PersonInfoKey="2021112515060161885971" State="Bogota" Suffix="" Title="" ZipCode=""/>
  <AdditionalAddresses NumberOfAdditionalAddresses="0"/>
  <References/>
  <PaymentMethods>
    <PaymentMethod CheckNo="" CheckReference="" CreditCardExpDate="20251101" CreditCardName="Luis Gino Beltran" CreditCardNo="371180" CreditCardType="AMEX" CustomerPONo="" DisplayCreditCardNo="7522" DisplayCustomerAccountNo="" DisplayPaymentReference1="" DisplaySvcNo="" FundsAvailable="0.00" GetFundsAvailableUserExitInvoked="N" PaymentReference1="" PaymentReference2="MPAGO_CREDIT" PaymentReference3="1023936477" PaymentType="CREDIT_CARD"/>
  </PaymentMethods>
  <ChargeTransactionDetails AdditionalExpectedAuthorizations="0.00" TotalCredits="59950.00" TotalDebits="0.00" TotalOpenAuthorizations="0.00" TotalOpenBookings="62940.00" TotalTransferredIn="0.00" TotalTransferredOut="0.00">
    <ChargeTransactionDetail AuditTransactionID="" AuthorizationExpirationDate="2022-01-19T08:01:31+00:00" AuthorizationID="" BookAmount="0.00" ChargeTransactionKey="2022011908013168173583" ChargeType="CHARGE" CollectionDate="2022-01-19T08:01:31+00:00" CreditAmount="59950.00" DebitAmount="0.00" DistributedAmount="0.00" HoldAgainstBook="Y" OpenAuthorizedAmount="0.00" OrderHeaderKey="2022011908013168173579" OrderInvoiceKey="" PaymentKey="202201190879013168173582" RequestAmount="59950.00" SettledAmount="0.00" Status="CHECKED" TransactionDate="2022-01-19T08:01:55+00:00" TransferFromOhKey="" TransferToOhKey="" UserExitStatus="">
      <InvoiceCollectionDetails/>
      <CreditCardTransactions>
        <CreditCardTransaction AuthAmount="59950.00" AuthAvs="" AuthCode="1234546089" AuthReturnCode="" AuthReturnFlag="" AuthReturnMessage="" AuthTime="2022-01-19T08:01:31+00:00" CVVAuthCode="" ChargeTransactionKey="2022011908013168173583" CreditCardTransactionKey="202201190833013168173584" InternalReturnCode="" InternalReturnFlag="" InternalReturnMessage="" ParentKey="" Reference1="" Reference2="" RequestId="" TranAmount="59950.00" TranRequestTime="2022-01-19T08:01:31+00:00" TranReturnCode="" TranReturnFlag="" TranReturnMessage="" TranType="CHARGE"/>
      </CreditCardTransactions>
      <TransferToOrder/>
      <TransferFromOrder/>
    </ChargeTransactionDetail>
    <ChargeTransactionDetail AuditTransactionID="" AuthorizationExpirationDate="2022-01-19T08:01:31+00:00" AuthorizationID="" BookAmount="62940.00" ChargeTransactionKey="2022011908013168173592" ChargeType="CREATE_ORDER" CollectionDate="2022-01-19T08:01:31+00:00" CreditAmount="0.00" DebitAmount="0.00" DistributedAmount="0.00" HoldAgainstBook="" OpenAuthorizedAmount="0.00" OrderHeaderKey="2022011908013168173579" OrderInvoiceKey="" PaymentKey="" RequestAmount="0.00" SettledAmount="0.00" Status="CHECKED" TransactionDate="2022-01-19T08:01:55+00:00" TransferFromOhKey="" TransferToOhKey="" UserExitStatus="">
      <InvoiceCollectionDetails/>
      <CreditCardTransactions/>
      <TransferToOrder/>
      <TransferFromOrder/>
    </ChargeTransactionDetail>
  </ChargeTransactionDetails>
  <ProductServiceAssocs/>
  <OverallTotals GrandCharges="2990.00" GrandDiscount="0.00" GrandTax="0.00" GrandTotal="62940.00" HdrCharges="2990.00" HdrDiscount="0.00" HdrTax="0.00" HdrTotal="2990.00" LineSubTotal="59950.00"/>
  <InvoicedTotals GrandCharges="0.00" GrandDiscount="0.00" GrandTax="0.00" GrandTotal="0.00" HdrCharges="0.00" HdrDiscount="0.00" HdrTax="0.00" HdrTotal="0.00" LineSubTotal="0.00"/>
  <RemainingTotals GrandCharges="2990.00" GrandDiscount="0.00" GrandTax="0.00" GrandTotal="62940.00" HdrCharges="2990.00" HdrDiscount="0.00" HdrTax="0.00" HdrTotal="2990.00" LineSubTotal="59950.00"/>
  <HeaderCharges>
    <HeaderCharge ChargeAmount="2990.00" ChargeCategory="SHIPPING" ChargeName="SHIPPING_CHARGE" ChargeNameKey="20200210110952508937952" InvoicedChargeAmount="0.00" IsBillable="Y" IsDiscount="N" Reference="" RemainingChargeAmount="2990.00"/>
  </HeaderCharges>
  <HeaderTaxes>
    <HeaderTax ChargeCategory="TAX" ChargeName="SHIPPING_TAX" ChargeNameKey="20200210111104508945910" InvoicedTax="0.00" Reference_1="" Reference_2="" Reference_3="" RemainingTax="477.00" Tax="477.00" TaxName="SHIPPING_TAX" TaxPercentage="0.00" TaxableFlag="Y"/>
    <TaxSummary>
      <TaxSummaryDetail InvoicedTax="0.00" OverallTax="477.00" RemainingTax="477.00" TaxName="SHIPPING_TAX"/>
    </TaxSummary>
  </HeaderTaxes>
  <OrderStatuses>
    <OrderStatus OrderHeaderKey="2022011908013168173579" OrderLineKey="2022011908013168173580" OrderLineScheduleKey="202201190811013568173618" OrderReleaseKey="2022011908013568173614" OrderReleaseStatusKey="202201190882021568173683" PipelineKey="202004200551401016291479" ShipNode="457" Status="3350.3000" StatusDate="2022-01-19T08:02:15+00:00" StatusDescription="Ready for Customer" StatusQty="3" TotalQuantity="3">
      <Details ExpectedDeliveryDate="2022-01-19T08:01:35+00:00" ExpectedShipmentDate="2022-01-19T08:01:35+00:00" TagNumber=""/>
    </OrderStatus>
    <OrderStatus OrderHeaderKey="2022011908013168173579" OrderLineKey="2022011908013168173581" OrderLineScheduleKey="202201190885013568173615" OrderReleaseKey="2022011908013568173614" OrderReleaseStatusKey="202201190886021568173684" PipelineKey="202004200551401016291479" ShipNode="457" Status="3350.3000" StatusDate="2022-01-19T08:02:15+00:00" StatusDescription="Ready for Customer" StatusQty="2" TotalQuantity="2">
      <Details ExpectedDeliveryDate="2022-01-19T08:01:35+00:00" ExpectedShipmentDate="2022-01-19T08:01:35+00:00" TagNumber=""/>
    </OrderStatus>
  </OrderStatuses>
  <ExchangeOrders/>
</Order>

[INFO]-[2022-01-19 13:32:26.041]-[TestNG-test=OMS-3]-[requestCreationInOMS]-[RequestHelper.java:279]-Pre-condition for Test: getOrderReleaseList
[INFO]-[2022-01-19 13:32:26.043]-[TestNG-test=OMS-3]-[sendAPIRequest]-[RestAssuredRequest.java:20]-Calling POST request with end point : https://localhost:9443/smcfs/restapi/executeFlow/DifarmaMobileFinishCustomerPickService
io.restassured.internal.RequestSpecificationImpl@41bd6d7e
io.restassured.internal.RestAssuredResponseImpl@41c16b62
[INFO]-[2022-01-19 13:32:29.696]-[TestNG-test=OMS-3]-[logRequestResponse]-[RequestPayload.java:171]-API Request sent : 
[INFO]-[2022-01-19 13:32:29.697]-[TestNG-test=OMS-3]-[logRequestResponse]-[RequestPayload.java:172]-Request method:	POST
Request URI:	https://localhost:9443/smcfs/restapi/executeFlow/DifarmaMobileFinishCustomerPickService
Proxy:			<none>
Request params:	<none>
Query params:	<none>
Form params:	<none>
Path params:	<none>
Headers:		Accept=application/xml
				Authorization=Basic YWRtaW46cGFzc3dvcmQ=
				Content-Type=application/xml
Cookies:		<none>
Multiparts:		<none>
Body:
<Shipment AddVerificationMethod="Y" SellerOrganizationCode="FCV.CO" ShipNode="457" ShipmentKey="2022011908020668173654" ShipmentNo="100013622" TransactionId="CONFIRM_SHIPMENT">
  <Notes>
    <Note ContactReference="" ContactType="" ContactUser="" NoteText="Customer Picked the products" Priority="0" ReasonCode="YCD_CUSTOMER_VERIFICATION" VisibleToAll="Y"/>
  </Notes>
  <ShipmentLines>
    <ShipmentLine PickedQty="3" Quantity="3" ReasonCode="" ShipmentLineKey="2022011908020668173652" ShipmentLineNo="1" ShipmentSubLineNo="1" ShortageQuantity="0" ShortageReason=""/>
    <ShipmentLine PickedQty="2" Quantity="2" ReasonCode="" ShipmentLineKey="2022011908020668173653" ShipmentLineNo="2" ShipmentSubLineNo="1" ShortageQuantity="0" ShortageReason=""/>
  </ShipmentLines>
</Shipment>

[INFO]-[2022-01-19 13:32:29.697]-[TestNG-test=OMS-3]-[logRequestResponse]-[RequestPayload.java:174]-API Response received : 
[INFO]-[2022-01-19 13:32:29.699]-[TestNG-test=OMS-3]-[logRequestResponse]-[RequestPayload.java:175]-HTTP/1.1 200 OK
X-FRAME-OPTIONS: SAMEORIGIN
X-UA-Compatible: IE=EmulateIE8
Access-Control-Max-Age: 3600
Access-Control-Allow-Credentials: true
Access-Control-Allow-Origin: *
Content-Type: application/xml; charset=UTF-8
Content-Encoding: gzip
Content-Language: en-US
Content-Length: 146
Date: Wed, 19 Jan 2022 08:02:30 GMT

<Shipment Currency="COP" ShipNode="457" ShipmentKey="2022011908020668173654" Status="1600.002"/>

[INFO]-[2022-01-19 13:32:29.704]-[TestNG-test=OMS-3]-[requestCreationInOMS]-[RequestHelper.java:140]-Pre-condition for Test: getOrderDetails
[INFO]-[2022-01-19 13:32:29.706]-[TestNG-test=OMS-3]-[sendAPIRequest]-[RestAssuredRequest.java:20]-Calling POST request with end point : https://localhost:9443/smcfs/restapi/invoke/getOrderDetails
io.restassured.internal.RequestSpecificationImpl@11bfe13f
io.restassured.internal.RestAssuredResponseImpl@40bbaa62
[INFO]-[2022-01-19 13:32:30.589]-[TestNG-test=OMS-3]-[logRequestResponse]-[RequestPayload.java:171]-API Request sent : 
[INFO]-[2022-01-19 13:32:30.590]-[TestNG-test=OMS-3]-[logRequestResponse]-[RequestPayload.java:172]-Request method:	POST
Request URI:	https://localhost:9443/smcfs/restapi/invoke/getOrderDetails
Proxy:			<none>
Request params:	<none>
Query params:	<none>
Form params:	<none>
Path params:	<none>
Headers:		Accept=application/xml
				Authorization=Basic YWRtaW46cGFzc3dvcmQ=
				Content-Type=application/xml
Cookies:		<none>
Multiparts:		<none>
Body:
<Order DocumentType="0001" EnterpriseCode="FCVColombia" OrderHeaderKey="" OrderNo="COCC95023498"/>

[INFO]-[2022-01-19 13:32:30.592]-[TestNG-test=OMS-3]-[logRequestResponse]-[RequestPayload.java:174]-API Response received : 
[INFO]-[2022-01-19 13:32:30.593]-[TestNG-test=OMS-3]-[logRequestResponse]-[RequestPayload.java:175]-HTTP/1.1 200 OK
X-FRAME-OPTIONS: SAMEORIGIN
X-UA-Compatible: IE=EmulateIE8
Access-Control-Max-Age: 3600
Access-Control-Allow-Credentials: true
Access-Control-Allow-Origin: *
Content-Type: application/xml; charset=UTF-8
Content-Encoding: gzip
Content-Language: en-US
Content-Length: 4256
Date: Wed, 19 Jan 2022 08:02:30 GMT

<Order AllocationRuleID="DIF_SCH" AuthorizationExpirationDate="2022-01-19T08:02:30+00:00" BillToID="00198505" BuyerOrganizationCode="FCV.CO" CarrierAccountNo="" CarrierServiceCode="" ChainType="" ChargeActualFreightFlag="N" CustCustPONo="" CustomerEMailID="tremere27@gmail.com" CustomerPONo="" DeliveryCode="" Division="" DocumentType="0001" DraftOrderFlag="N" EnteredBy="00198505" EnterpriseCode="FCVColombia" EntryType="CustomerOnWeb" FreightTerms="" HasDeliveryLines="N" HasProductLines="Y" HasServiceLines="N" HoldFlag="Y" HoldReasonCode="SYSTEM" MaxOrderStatus="3700.3000" MaxOrderStatusDesc="Customer Picked Up" MinOrderStatus="3700.3000" MinOrderStatusDesc="Customer Picked Up" NotifyAfterShipmentFlag="N" OrderDate="2022-01-19T08:01:31+00:00" OrderHeaderKey="2022011908013168173579" OrderName="" OrderNo="COCC95023498" OrderType="PICK" OriginalTax="0.00" OriginalTotalAmount="62940.00" OtherCharges="0.00" PaymentStatus="AUTHORIZED" PendingTransferIn="0.00" PersonalizeCode="" PriorityCode="" PriorityNumber="0" Purpose="" ReturnByGiftRecipient="" SCAC="" ScacAndService="" ScacAndServiceKey="" SearchCriteria1="" SearchCriteria2="" SellerOrganizationCode="FCV.CO" ShipToID="00198505" Status="Customer Picked Up" TaxExemptFlag="N" TaxExemptionCertificate="" TaxJurisdiction="" TaxPayerId="" TermsCode="" TotalAdjustmentAmount="0.00" isHistory="N">
  <AllowedModifications>
    <Modification ModificationType="REMOVE_PROMOTION" ThroughOverride="Y"/>
    <Modification ModificationType="CONTACT_INFO" ThroughOverride="Y"/>
    <Modification ModificationType="CHANGE_ITERATION" ThroughOverride="Y"/>
    <Modification ModificationType="BILLTO" ThroughOverride="Y"/>
    <Modification ModificationType="TAX" ThroughOverride="Y"/>
    <Modification ModificationType="CHANGE_PROMOTION" ThroughOverride="Y"/>
    <Modification ModificationType="FREIGHT_TERMS" ThroughOverride="Y"/>
    <Modification ModificationType="ADD_NOTE" ThroughOverride="N"/>
    <Modification ModificationType="CHANGE_STATUS" ThroughOverride="Y"/>
    <Modification ModificationType="ADD_LINE" ThroughOverride="Y"/>
    <Modification ModificationType="ADDITIONADDR" ThroughOverride="Y"/>
    <Modification ModificationType="SOLDTO" ThroughOverride="Y"/>
    <Modification ModificationType="REQ_SHIP_DATE" ThroughOverride="Y"/>
    <Modification ModificationType="PAYMENT_STATUS" ThroughOverride="Y"/>
    <Modification ModificationType="ADD_INSTRUCTION" ThroughOverride="Y"/>
    <Modification ModificationType="CHANGE_NOTE" ThroughOverride="Y"/>
    <Modification ModificationType="CHANGE_ORDER_DATE" ThroughOverride="Y"/>
    <Modification ModificationType="REMOVE_NOTE" ThroughOverride="Y"/>
    <Modification ModificationType="HOLD" ThroughOverride="Y"/>
    <Modification ModificationType="RULE_ID" ThroughOverride="Y"/>
    <Modification ModificationType="PRICE" ThroughOverride="Y"/>
    <Modification ModificationType="PAYMENT_METHOD" ThroughOverride="Y"/>
    <Modification ModificationType="CHANGE_CUSTOM_ATTRIBUTES" ThroughOverride="Y"/>
    <Modification ModificationType="RELEASE" ThroughOverride="Y"/>
    <Modification ModificationType="SHIP_NODE" ThroughOverride="Y"/>
    <Modification ModificationType="ANSWER_SET" ThroughOverride="Y"/>
    <Modification ModificationType="RECEIVING_NODE" ThroughOverride="Y"/>
    <Modification ModificationType="SHORT" ThroughOverride="Y"/>
    <Modification ModificationType="BUYER_USER_ID" ThroughOverride="Y"/>
    <Modification ModificationType="OTHERS" ThroughOverride="N"/>
    <Modification ModificationType="CHANGE_INSTRUCTION" ThroughOverride="Y"/>
    <Modification ModificationType="HOLD_TYPE" ThroughOverride="N"/>
    <Modification ModificationType="REFERENCES" ThroughOverride="N"/>
  </AllowedModifications>
  <PriceInfo Currency="COP" EnterpriseCurrency="COP" ReportingConversionDate="2022-01-19T08:01:31+00:00" ReportingConversionRate="1.00" TotalAmount="59950.00"/>
  <OrderLines>
    <OrderLine AllocationDate="2021-11-03" ApptStatus="" AwaitingDeliveryRequest="N" CanAddServiceLines="N" CarrierAccountNo="" CarrierServiceCode="" CustomerLinePONo="" CustomerPONo="" DeliveryCode="" DeliveryMethod="PICK" DepartmentCode="" FreightTerms="" FulfillmentType="" HasDeliveryLines="N" HasServiceLines="N" HoldFlag="N" HoldReasonCode="" ImportLicenseNo="" InvoicedQty="3" IsBundleParent="N" ItemGroupCode="PROD" KitCode="" LineSeqNo="1.1" LineType="CnC" MaxLineStatus="3700.3000" MaxLineStatusDesc="Customer Picked Up" MinLineStatus="3700.3000" MinLineStatusDesc="Customer Picked Up" OpenQty="0" OrderHeaderKey="2022011908013168173579" OrderLineKey="2022011908013168173580" OrderedQty="3" OriginalOrderedQty="3" OtherCharges="0.00" PackListType="" PersonalizeCode="" PersonalizeFlag="" PickableFlag="Y" PrimeLineNo="1" Purpose="" RemainingQty="0" ReqShipDate="2021-11-03T13:31:37+00:00" ReservationID="" ReservationPool="" SCAC="" ScacAndService="" ScacAndServiceKey="" Segment="" SegmentType="" SerialNo="" ShipNode="457" ShipToID="00198505" ShipTogetherNo="" SplitQty="0" Status="Customer Picked Up" StatusQuantity="3" SubLineNo="1" SubstituteItemID="" SubstituteItemUOM="" isHistory="N">
      <Item CostCurrency="COP" CountryOfOrigin="" CustomerItem="480568" CustomerItemDesc="Gaviscon (5+2.67+1.6)% Suspension Oral Frasco X 300mL Menta" ECCNNo="" HarmonizedCode="" ISBN="" ItemDesc="Gaviscon (5+2.67+1.6)% Suspension Oral Frasco X 300mL Menta" ItemID="480568" ItemShortDesc="Stevia Endulzante Natural X 200 Ta Caja X 200" ItemWeight="0.00" ItemWeightUOM="LBS" ManufacturerItem="" ManufacturerItemDesc="" ManufacturerName="RB HEALTH COLOMBIA SAS" NMFCClass="" NMFCCode="" NMFCDescription="" ProductClass="REGULAR" ProductLine="" ScheduleBCode="" SupplierItem="" SupplierItemDesc="" TaxProductCode="" UPCCode="" UnitCost="11990.00" UnitOfMeasure="EACH"/>
      <LinePriceInfo ActualPricingQty="3" DiscountPercentage="0.00" InvoicedPricingQty="3" IsPriceLocked="Y" LineTotal="35970.00" ListPrice="11990.00" OrderedPricingQty="3" PricingQtyConversionFactor="0" PricingUOM="EACH" RetailPrice="0.00" SettledAmount="0.00" SettledQuantity="0" TaxableFlag="N" UnitPrice="11990.00"/>
      <OrderLineOptions/>
      <WorkOrders NumberOfWorkOrders="0"/>
      <PersonInfoShipTo AddressLine1="Carrera 70 # 99-8" AddressLine2="" AddressLine3="" AddressLine4="Bogota" AddressLine5="" AddressLine6="" AlternateEmailID="" Beeper="" City="Bogota" Company="" Country="CO" DayFaxNo="" DayPhone="(+57) 1111111111" Department="" EMailID="test_user_66074730@testuser.com" EveningFaxNo="" EveningPhone="" FirstName="test" JobTitle="" LastName="test" MiddleName="" MobilePhone="(+57) 1111111111" OtherPhone="" PersonID="" PersonInfoKey="2021112515060161885970" State="Bogota" Suffix="" Title="" ZipCode=""/>
      <Instructions NumberOfInstructions="0"/>
      <References/>
      <KitLines NumberOfKitLines="0"/>
      <ProductItems/>
      <AdditionalAddresses NumberOfAdditionalAddresses="0"/>
      <Notes NumberOfNotes="0"/>
      <ServiceAssociations/>
      <ProductAssociations/>
      <DeliveryAssociations/>
      <Schedules>
        <Schedule ExpectedDeliveryDate="2022-01-19T08:01:35+00:00" ExpectedShipmentDate="2022-01-19T08:01:35+00:00" OrderHeaderKey="2022011908013168173579" OrderLineKey="2022011908013168173580" OrderLineScheduleKey="202201190811013568173618" Quantity="3" ScheduleNo="3" TagNumber=""/>
      </Schedules>
      <LineOverallTotals Charges="0.00" Discount="0.00" ExtendedPrice="35970.00" LineTotal="35970.00" OptionPrice="0.00" PricingQty="3.00" Tax="0.00" UnitPrice="11990.00"/>
      <LineInvoicedTotals AdditionalLinePriceTotal="0.00" Charges="0.00" Discount="0.00" ExtendedPrice="35970.00" LineTotal="35970.00" OptionPrice="0.00" PricingQty="3.00" Tax="0.00" UnitPrice="11990.00"/>
      <LineRemainingTotals AdditionalLinePriceTotal="0.00" Charges="0.00" Discount="0.00" ExtendedPrice="0.00" LineTotal="0.00" OptionPrice="0.00" PricingQty="0.00" Tax="0.00" UnitPrice="11990.00"/>
      <LineCharges/>
      <LineTaxes>
        <LineTax ChargeCategory="TAX" ChargeName="SALES_TAX" ChargeNameKey="20200210111055508944842" InvoicedTax="1914.00" Reference_1="" Reference_2="" Reference_3="" RemainingTax="0.00" Tax="1914.00" TaxName="SalesTax" TaxPercentage="0.00"/>
        <TaxSummary>
          <TaxSummaryDetail InvoicedTax="1914.00" OverallTax="1914.00" RemainingTax="0.00" TaxName="SalesTax"/>
        </TaxSummary>
      </LineTaxes>
      <OrderStatuses>
        <OrderStatus OrderHeaderKey="2022011908013168173579" OrderLineKey="2022011908013168173580" OrderLineScheduleKey="202201190811013568173618" OrderReleaseKey="2022011908013568173614" OrderReleaseStatusKey="202201190849022868173723" PipelineKey="202004200551401016291479" ShipNode="457" Status="3700.3000" StatusDate="2022-01-19T08:02:28+00:00" StatusDescription="Customer Picked Up" StatusQty="3" TotalQuantity="3">
          <Details ExpectedDeliveryDate="2022-01-19T08:01:35+00:00" ExpectedShipmentDate="2022-01-19T08:01:35+00:00" TagNumber="">
            <KitDetails/>
          </Details>
        </OrderStatus>
      </OrderStatuses>
      <CapacityAllocations/>
    </OrderLine>
    <OrderLine AllocationDate="2021-11-03" ApptStatus="" AwaitingDeliveryRequest="N" CanAddServiceLines="N" CarrierAccountNo="" CarrierServiceCode="" CustomerLinePONo="" CustomerPONo="" DeliveryCode="" DeliveryMethod="PICK" DepartmentCode="" FreightTerms="" FulfillmentType="" HasDeliveryLines="N" HasServiceLines="N" HoldFlag="N" HoldReasonCode="" ImportLicenseNo="" InvoicedQty="2" IsBundleParent="N" ItemGroupCode="PROD" KitCode="" LineSeqNo="2.1" LineType="CnC" MaxLineStatus="3700.3000" MaxLineStatusDesc="Customer Picked Up" MinLineStatus="3700.3000" MinLineStatusDesc="Customer Picked Up" OpenQty="0" OrderHeaderKey="2022011908013168173579" OrderLineKey="2022011908013168173581" OrderedQty="2" OriginalOrderedQty="2" OtherCharges="0.00" PackListType="" PersonalizeCode="" PersonalizeFlag="" PickableFlag="Y" PrimeLineNo="2" Purpose="" RemainingQty="0" ReqShipDate="2021-11-03T13:31:37+00:00" ReservationID="" ReservationPool="" SCAC="" ScacAndService="" ScacAndServiceKey="" Segment="" SegmentType="" SerialNo="" ShipNode="457" ShipToID="00198505" ShipTogetherNo="" SplitQty="0" Status="Customer Picked Up" StatusQuantity="2" SubLineNo="1" SubstituteItemID="" SubstituteItemUOM="" isHistory="N">
      <Item CostCurrency="COP" CountryOfOrigin="" CustomerItem="456636" CustomerItemDesc="Gaviscon (5+2.67+1.6)% Suspension Oral Frasco X 300mL Menta" ECCNNo="" HarmonizedCode="" ISBN="" ItemDesc="Gaviscon (5+2.67+1.6)% Suspension Oral Frasco X 300mL Menta" ItemID="456636" ItemShortDesc="Stevia Endulzante Natural X 200 Ta Caja X 200" ItemWeight="0.00" ItemWeightUOM="LBS" ManufacturerItem="" ManufacturerItemDesc="" ManufacturerName="RB HEALTH COLOMBIA SAS" NMFCClass="" NMFCCode="" NMFCDescription="" ProductClass="REGULAR" ProductLine="" ScheduleBCode="" SupplierItem="" SupplierItemDesc="" TaxProductCode="" UPCCode="" UnitCost="11990.00" UnitOfMeasure="EACH"/>
      <LinePriceInfo ActualPricingQty="2" DiscountPercentage="0.00" InvoicedPricingQty="2" IsPriceLocked="Y" LineTotal="23980.00" ListPrice="11990.00" OrderedPricingQty="2" PricingQtyConversionFactor="0" PricingUOM="EACH" RetailPrice="0.00" SettledAmount="0.00" SettledQuantity="0" TaxableFlag="N" UnitPrice="11990.00"/>
      <OrderLineOptions/>
      <WorkOrders NumberOfWorkOrders="0"/>
      <PersonInfoShipTo AddressLine1="Carrera 70 # 99-8" AddressLine2="" AddressLine3="" AddressLine4="Bogota" AddressLine5="" AddressLine6="" AlternateEmailID="" Beeper="" City="Bogota" Company="" Country="CO" DayFaxNo="" DayPhone="(+57) 1111111111" Department="" EMailID="test_user_66074730@testuser.com" EveningFaxNo="" EveningPhone="" FirstName="test" JobTitle="" LastName="test" MiddleName="" MobilePhone="(+57) 1111111111" OtherPhone="" PersonID="" PersonInfoKey="2021112515060161885970" State="Bogota" Suffix="" Title="" ZipCode=""/>
      <Instructions NumberOfInstructions="0"/>
      <References/>
      <KitLines NumberOfKitLines="0"/>
      <ProductItems/>
      <AdditionalAddresses NumberOfAdditionalAddresses="0"/>
      <Notes NumberOfNotes="0"/>
      <ServiceAssociations/>
      <ProductAssociations/>
      <DeliveryAssociations/>
      <Schedules>
        <Schedule ExpectedDeliveryDate="2022-01-19T08:01:35+00:00" ExpectedShipmentDate="2022-01-19T08:01:35+00:00" OrderHeaderKey="2022011908013168173579" OrderLineKey="2022011908013168173581" OrderLineScheduleKey="202201190885013568173615" Quantity="2" ScheduleNo="3" TagNumber=""/>
      </Schedules>
      <LineOverallTotals Charges="0.00" Discount="0.00" ExtendedPrice="23980.00" LineTotal="23980.00" OptionPrice="0.00" PricingQty="2.00" Tax="0.00" UnitPrice="11990.00"/>
      <LineInvoicedTotals AdditionalLinePriceTotal="0.00" Charges="0.00" Discount="0.00" ExtendedPrice="23980.00" LineTotal="23980.00" OptionPrice="0.00" PricingQty="2.00" Tax="0.00" UnitPrice="11990.00"/>
      <LineRemainingTotals AdditionalLinePriceTotal="0.00" Charges="0.00" Discount="0.00" ExtendedPrice="0.00" LineTotal="0.00" OptionPrice="0.00" PricingQty="0.00" Tax="0.00" UnitPrice="11990.00"/>
      <LineCharges/>
      <LineTaxes>
        <LineTax ChargeCategory="TAX" ChargeName="SALES_TAX" ChargeNameKey="20200210111055508944842" InvoicedTax="1914.00" Reference_1="" Reference_2="" Reference_3="" RemainingTax="0.00" Tax="1914.00" TaxName="SalesTax" TaxPercentage="0.00"/>
        <TaxSummary>
          <TaxSummaryDetail InvoicedTax="1914.00" OverallTax="1914.00" RemainingTax="0.00" TaxName="SalesTax"/>
        </TaxSummary>
      </LineTaxes>
      <OrderStatuses>
        <OrderStatus OrderHeaderKey="2022011908013168173579" OrderLineKey="2022011908013168173581" OrderLineScheduleKey="202201190885013568173615" OrderReleaseKey="2022011908013568173614" OrderReleaseStatusKey="202201190814022968173735" PipelineKey="202004200551401016291479" ShipNode="457" Status="3700.3000" StatusDate="2022-01-19T08:02:29+00:00" StatusDescription="Customer Picked Up" StatusQty="2" TotalQuantity="2">
          <Details ExpectedDeliveryDate="2022-01-19T08:01:35+00:00" ExpectedShipmentDate="2022-01-19T08:01:35+00:00" TagNumber="">
            <KitDetails/>
          </Details>
        </OrderStatus>
      </OrderStatuses>
      <CapacityAllocations/>
    </OrderLine>
  </OrderLines>
  <Instructions NumberOfInstructions="0"/>
  <PersonInfoShipTo AddressLine1="Carrera 70 # 99-8" AddressLine2="" AddressLine3="" AddressLine4="Bogota" AddressLine5="" AddressLine6="" AlternateEmailID="" Beeper="" City="Bogota" Company="" Country="CO" DayFaxNo="" DayPhone="(+57) 1111111111" Department="" EMailID="test_user_66074730@testuser.com" EveningFaxNo="" EveningPhone="" FirstName="test" JobTitle="" LastName="test" MiddleName="" MobilePhone="(+57) 1111111111" OtherPhone="" PersonID="" PersonInfoKey="2021112515060161885970" State="Bogota" Suffix="" Title="" ZipCode=""/>
  <PersonInfoBillTo AddressLine1="Carrera 70 # 99-8" AddressLine2="" AddressLine3="" AddressLine4="Bogota" AddressLine5="" AddressLine6="" AlternateEmailID="" Beeper="" City="Bogota" Company="" Country="CO" DayFaxNo="" DayPhone="(+57) 1111111111" Department="" EMailID="test_user_66074730@testuser.com" EveningFaxNo="" EveningPhone="" FirstName="test" JobTitle="" LastName="test" MiddleName="" MobilePhone="" OtherPhone="" PersonID="" PersonInfoKey="2021112515060161885971" State="Bogota" Suffix="" Title="" ZipCode=""/>
  <AdditionalAddresses NumberOfAdditionalAddresses="0"/>
  <References/>
  <PaymentMethods>
    <PaymentMethod CheckNo="" CheckReference="" CreditCardExpDate="20251101" CreditCardName="Luis Gino Beltran" CreditCardNo="371180" CreditCardType="AMEX" CustomerPONo="" DisplayCreditCardNo="7522" DisplayCustomerAccountNo="" DisplayPaymentReference1="" DisplaySvcNo="" FundsAvailable="0.00" GetFundsAvailableUserExitInvoked="N" PaymentReference1="" PaymentReference2="MPAGO_CREDIT" PaymentReference3="1023936477" PaymentType="CREDIT_CARD"/>
  </PaymentMethods>
  <ChargeTransactionDetails AdditionalExpectedAuthorizations="0.00" TotalCredits="59950.00" TotalDebits="59950.00" TotalOpenAuthorizations="0.00" TotalOpenBookings="0.00" TotalTransferredIn="0.00" TotalTransferredOut="0.00">
    <ChargeTransactionDetail AuditTransactionID="" AuthorizationExpirationDate="2022-01-19T08:01:31+00:00" AuthorizationID="" BookAmount="0.00" ChargeTransactionKey="2022011908013168173583" ChargeType="CHARGE" CollectionDate="2022-01-19T08:01:31+00:00" CreditAmount="59950.00" DebitAmount="0.00" DistributedAmount="0.00" HoldAgainstBook="Y" OpenAuthorizedAmount="0.00" OrderHeaderKey="2022011908013168173579" OrderInvoiceKey="" PaymentKey="202201190879013168173582" RequestAmount="59950.00" SettledAmount="0.00" Status="CHECKED" TransactionDate="2022-01-19T08:01:55+00:00" TransferFromOhKey="" TransferToOhKey="" UserExitStatus="">
      <InvoiceCollectionDetails/>
      <CreditCardTransactions>
        <CreditCardTransaction AuthAmount="59950.00" AuthAvs="" AuthCode="1234546089" AuthReturnCode="" AuthReturnFlag="" AuthReturnMessage="" AuthTime="2022-01-19T08:01:31+00:00" CVVAuthCode="" ChargeTransactionKey="2022011908013168173583" CreditCardTransactionKey="202201190833013168173584" InternalReturnCode="" InternalReturnFlag="" InternalReturnMessage="" ParentKey="" Reference1="" Reference2="" RequestId="" TranAmount="59950.00" TranRequestTime="2022-01-19T08:01:31+00:00" TranReturnCode="" TranReturnFlag="" TranReturnMessage="" TranType="CHARGE"/>
      </CreditCardTransactions>
      <TransferToOrder/>
      <TransferFromOrder/>
    </ChargeTransactionDetail>
    <ChargeTransactionDetail AuditTransactionID="" AuthorizationExpirationDate="2022-01-19T08:01:31+00:00" AuthorizationID="" BookAmount="62940.00" ChargeTransactionKey="2022011908013168173592" ChargeType="CREATE_ORDER" CollectionDate="2022-01-19T08:01:31+00:00" CreditAmount="0.00" DebitAmount="0.00" DistributedAmount="0.00" HoldAgainstBook="" OpenAuthorizedAmount="0.00" OrderHeaderKey="2022011908013168173579" OrderInvoiceKey="" PaymentKey="" RequestAmount="0.00" SettledAmount="0.00" Status="CHECKED" TransactionDate="2022-01-19T08:01:55+00:00" TransferFromOhKey="" TransferToOhKey="" UserExitStatus="">
      <InvoiceCollectionDetails/>
      <CreditCardTransactions/>
      <TransferToOrder/>
      <TransferFromOrder/>
    </ChargeTransactionDetail>
    <ChargeTransactionDetail AuditTransactionID="" AuthorizationExpirationDate="2022-01-19T08:02:30+00:00" AuthorizationID="" BookAmount="-59950.00" ChargeTransactionKey="2022011908023068173755" ChargeType="SHIPMENT" CollectionDate="2022-01-19T08:02:30+00:00" CreditAmount="0.00" DebitAmount="59950.00" DistributedAmount="0.00" HoldAgainstBook="" OpenAuthorizedAmount="0.00" OrderHeaderKey="2022011908013168173579" OrderInvoiceKey="202201190854023068173749" PaymentKey="" RequestAmount="0.00" SettledAmount="0.00" Status="OPEN" TransactionDate="2022-01-19T08:02:30+00:00" TransferFromOhKey="" TransferToOhKey="" UserExitStatus="">
      <InvoiceCollectionDetails/>
      <CreditCardTransactions/>
      <TransferToOrder/>
      <TransferFromOrder/>
    </ChargeTransactionDetail>
    <ChargeTransactionDetail AuditTransactionID="" AuthorizationExpirationDate="2022-01-19T08:02:30+00:00" AuthorizationID="" BookAmount="-2990.00" ChargeTransactionKey="2022011908023068173756" ChargeType="CHANGE_PRICE" CollectionDate="2022-01-19T08:02:30+00:00" CreditAmount="0.00" DebitAmount="0.00" DistributedAmount="0.00" HoldAgainstBook="" OpenAuthorizedAmount="0.00" OrderHeaderKey="2022011908013168173579" OrderInvoiceKey="" PaymentKey="" RequestAmount="0.00" SettledAmount="0.00" Status="OPEN" TransactionDate="2022-01-19T08:02:30+00:00" TransferFromOhKey="" TransferToOhKey="" UserExitStatus="">
      <InvoiceCollectionDetails/>
      <CreditCardTransactions/>
      <TransferToOrder/>
      <TransferFromOrder/>
    </ChargeTransactionDetail>
  </ChargeTransactionDetails>
  <ProductServiceAssocs/>
  <OverallTotals GrandCharges="0.00" GrandDiscount="0.00" GrandTax="0.00" GrandTotal="59950.00" HdrCharges="0.00" HdrDiscount="0.00" HdrTax="0.00" HdrTotal="0.00" LineSubTotal="59950.00"/>
  <InvoicedTotals GrandCharges="0.00" GrandDiscount="0.00" GrandTax="0.00" GrandTotal="59950.00" HdrCharges="0.00" HdrDiscount="0.00" HdrTax="0.00" HdrTotal="0.00" LineSubTotal="59950.00"/>
  <RemainingTotals GrandCharges="0.00" GrandDiscount="0.00" GrandTax="0.00" GrandTotal="0.00" HdrCharges="0.00" HdrDiscount="0.00" HdrTax="0.00" HdrTotal="0.00" LineSubTotal="0.00"/>
  <HeaderCharges>
    <HeaderCharge ChargeAmount="0.00" ChargeCategory="SHIPPING" ChargeName="SHIPPING_CHARGE" ChargeNameKey="20200210110952508937952" InvoicedChargeAmount="0.00" IsBillable="Y" IsDiscount="N" Reference="" RemainingChargeAmount="0.00"/>
  </HeaderCharges>
  <HeaderTaxes>
    <HeaderTax ChargeCategory="TAX" ChargeName="SHIPPING_TAX" ChargeNameKey="20200210111104508945910" InvoicedTax="477.00" Reference_1="" Reference_2="" Reference_3="" RemainingTax="0.00" Tax="477.00" TaxName="SHIPPING_TAX" TaxPercentage="0.00" TaxableFlag="Y"/>
    <TaxSummary>
      <TaxSummaryDetail InvoicedTax="477.00" OverallTax="477.00" RemainingTax="0.00" TaxName="SHIPPING_TAX"/>
    </TaxSummary>
  </HeaderTaxes>
  <OrderStatuses>
    <OrderStatus OrderHeaderKey="2022011908013168173579" OrderLineKey="2022011908013168173580" OrderLineScheduleKey="202201190811013568173618" OrderReleaseKey="2022011908013568173614" OrderReleaseStatusKey="202201190849022868173723" PipelineKey="202004200551401016291479" ShipNode="457" Status="3700.3000" StatusDate="2022-01-19T08:02:28+00:00" StatusDescription="Customer Picked Up" StatusQty="3" TotalQuantity="3">
      <Details ExpectedDeliveryDate="2022-01-19T08:01:35+00:00" ExpectedShipmentDate="2022-01-19T08:01:35+00:00" TagNumber=""/>
    </OrderStatus>
    <OrderStatus OrderHeaderKey="2022011908013168173579" OrderLineKey="2022011908013168173581" OrderLineScheduleKey="202201190885013568173615" OrderReleaseKey="2022011908013568173614" OrderReleaseStatusKey="202201190814022968173735" PipelineKey="202004200551401016291479" ShipNode="457" Status="3700.3000" StatusDate="2022-01-19T08:02:29+00:00" StatusDescription="Customer Picked Up" StatusQty="2" TotalQuantity="2">
      <Details ExpectedDeliveryDate="2022-01-19T08:01:35+00:00" ExpectedShipmentDate="2022-01-19T08:01:35+00:00" TagNumber=""/>
    </OrderStatus>
  </OrderStatuses>
  <ExchangeOrders/>
</Order>

[INFO]-[2022-01-19 13:32:30.722]-[TestNG-test=OMS-3]-[onTestSuccess]-[TestListener.java:64]-Test successfully completed : TC02_XML_BOPIS_ML_OrderFulfillment[TestClass name=class com.perfaware.automation.oms.sterling.common.testcases.XML_BOPIS_OrderFulfillment]
]]></system-out>
  </testcase>
  <testcase name="TC04_COM_RegisteredUser_SFS_ML_OrderFulfillment" classname="com.perfaware.automation.oms.sterling.common.testcases.COM_RegisteredUser_SFS_OrderFulfillment" time="177.801">
    <system-out><![CDATA[[INFO]-[2022-01-19 13:33:28.755]-[TestNG-test=OMS-1]-[requestCreationInOMS]-[RequestHelper.java:140]-Pre-condition for Test: getOrderDetails
[INFO]-[2022-01-19 13:33:28.759]-[TestNG-test=OMS-1]-[sendAPIRequest]-[RestAssuredRequest.java:20]-Calling POST request with end point : https://localhost:9443/smcfs/restapi/invoke/getOrderDetails
io.restassured.internal.RequestSpecificationImpl@5f5102cd
io.restassured.internal.RestAssuredResponseImpl@47600869
[INFO]-[2022-01-19 13:33:29.889]-[TestNG-test=OMS-1]-[logRequestResponse]-[RequestPayload.java:171]-API Request sent : 
[INFO]-[2022-01-19 13:33:29.890]-[TestNG-test=OMS-1]-[logRequestResponse]-[RequestPayload.java:172]-Request method:	POST
Request URI:	https://localhost:9443/smcfs/restapi/invoke/getOrderDetails
Proxy:			<none>
Request params:	<none>
Query params:	<none>
Form params:	<none>
Path params:	<none>
Headers:		Accept=application/xml
				Authorization=Basic YWRtaW46cGFzc3dvcmQ=
				Content-Type=application/xml
Cookies:		<none>
Multiparts:		<none>
Body:
<Order DocumentType="0001" EnterpriseCode="FCVChile" OrderHeaderKey="" OrderNo="CCC1004648"/>

[INFO]-[2022-01-19 13:33:29.891]-[TestNG-test=OMS-1]-[logRequestResponse]-[RequestPayload.java:174]-API Response received : 
[INFO]-[2022-01-19 13:33:29.891]-[TestNG-test=OMS-1]-[logRequestResponse]-[RequestPayload.java:175]-HTTP/1.1 200 OK
X-FRAME-OPTIONS: SAMEORIGIN
X-UA-Compatible: IE=EmulateIE8
Access-Control-Max-Age: 3600
Access-Control-Allow-Credentials: true
Access-Control-Allow-Origin: *
Content-Type: application/xml; charset=UTF-8
Content-Encoding: gzip
Content-Language: en-US
Content-Length: 4459
Date: Wed, 19 Jan 2022 08:03:30 GMT

<Order AllocationRuleID="DIF_SCH" BillToID="00398015" CarrierAccountNo="" CarrierServiceCode="" ChainType="" ChargeActualFreightFlag="N" CustCustPONo="" CustomerEMailID="correo@pruebas11.cl" CustomerPONo="" DeliveryCode="" Division="" DocumentType="0001" DraftOrderFlag="N" EnterpriseCode="FCVChile" EntryType="Call Center" FreightTerms="" HasDeliveryLines="N" HasProductLines="Y" HasServiceLines="N" HoldFlag="N" HoldReasonCode="" MaxOrderStatus="1100" MaxOrderStatusDesc="Created" MinOrderStatus="1100" MinOrderStatusDesc="Created" NotifyAfterShipmentFlag="N" OrderDate="2022-01-19T08:00:31+00:00" OrderHeaderKey="2022011908003168172864" OrderName="" OrderNo="CCC1004648" OrderType="SHP" OriginalTax="0.00" OriginalTotalAmount="17660.00" OtherCharges="2990.00" PaymentStatus="AUTHORIZED" PendingTransferIn="0.00" PersonalizeCode="" PriorityCode="" PriorityNumber="0" Purpose="" ReturnByGiftRecipient="" SCAC="" ScacAndService="" ScacAndServiceKey="" SearchCriteria1="" SearchCriteria2="" SellerOrganizationCode="FCV" ShipToID="00398015" Status="Created" TaxExemptFlag="N" TaxExemptionCertificate="" TaxJurisdiction="" TaxPayerId="" TermsCode="" TotalAdjustmentAmount="0.00" isHistory="N">
  <AllowedModifications>
    <Modification ModificationType="REMOVE_PROMOTION" ThroughOverride="N"/>
    <Modification ModificationType="ORDER_NAME" ThroughOverride="N"/>
    <Modification ModificationType="CONTACT_INFO" ThroughOverride="N"/>
    <Modification ModificationType="CHANGE_ITERATION" ThroughOverride="Y"/>
    <Modification ModificationType="BILLTO" ThroughOverride="N"/>
    <Modification ModificationType="TAX" ThroughOverride="N"/>
    <Modification ModificationType="CHANGE_PROMOTION" ThroughOverride="N"/>
    <Modification ModificationType="SHIPTO" ThroughOverride="N"/>
    <Modification ModificationType="FREIGHT_TERMS" ThroughOverride="N"/>
    <Modification ModificationType="ADD_NOTE" ThroughOverride="N"/>
    <Modification ModificationType="CHANGE_STATUS" ThroughOverride="Y"/>
    <Modification ModificationType="ADD_LINE" ThroughOverride="N"/>
    <Modification ModificationType="CARRIER" ThroughOverride="N"/>
    <Modification ModificationType="ADDITIONADDR" ThroughOverride="N"/>
    <Modification ModificationType="SOLDTO" ThroughOverride="N"/>
    <Modification ModificationType="REQ_SHIP_DATE" ThroughOverride="N"/>
    <Modification ModificationType="PAYMENT_STATUS" ThroughOverride="N"/>
    <Modification ModificationType="ADD_INSTRUCTION" ThroughOverride="N"/>
    <Modification ModificationType="CHANGE_NOTE" ThroughOverride="Y"/>
    <Modification ModificationType="CARRIER_ACCOUNT_NO" ThroughOverride="N"/>
    <Modification ModificationType="CHANGE_ORDER_DATE" ThroughOverride="N"/>
    <Modification ModificationType="REMOVE_NOTE" ThroughOverride="Y"/>
    <Modification ModificationType="CHANGE_SCHEDULE" ThroughOverride="N"/>
    <Modification ModificationType="HOLD" ThroughOverride="N"/>
    <Modification ModificationType="SPECIAL_SERVICE" ThroughOverride="N"/>
    <Modification ModificationType="RULE_ID" ThroughOverride="N"/>
    <Modification ModificationType="PRICE" ThroughOverride="N"/>
    <Modification ModificationType="CARRIER_SERVICE_CODE" ThroughOverride="N"/>
    <Modification ModificationType="PAYMENT_METHOD" ThroughOverride="N"/>
    <Modification ModificationType="CHANGE_CUSTOM_ATTRIBUTES" ThroughOverride="N"/>
    <Modification ModificationType="RELEASE" ThroughOverride="N"/>
    <Modification ModificationType="SHIP_NODE" ThroughOverride="N"/>
    <Modification ModificationType="ANSWER_SET" ThroughOverride="N"/>
    <Modification ModificationType="MARKFOR" ThroughOverride="N"/>
    <Modification ModificationType="RECEIVING_NODE" ThroughOverride="N"/>
    <Modification ModificationType="SHORT" ThroughOverride="N"/>
    <Modification ModificationType="BUYER_USER_ID" ThroughOverride="Y"/>
    <Modification ModificationType="OTHERS" ThroughOverride="N"/>
    <Modification ModificationType="DELIVERY_CODE" ThroughOverride="N"/>
    <Modification ModificationType="LEVEL_OF_SERVICE" ThroughOverride="Y"/>
    <Modification ModificationType="CANCEL" ThroughOverride="N"/>
    <Modification ModificationType="CHANGE_INSTRUCTION" ThroughOverride="N"/>
    <Modification ModificationType="HOLD_TYPE" ThroughOverride="N"/>
    <Modification ModificationType="REFERENCES" ThroughOverride="N"/>
  </AllowedModifications>
  <PriceInfo Currency="CLP" EnterpriseCurrency="CLP" ReportingConversionDate="2022-01-19T08:00:31+00:00" ReportingConversionRate="1.00" TotalAmount="17660.00"/>
  <OrderLines>
    <OrderLine AllocationDate="2022-01-20" ApptStatus="" AwaitingDeliveryRequest="N" CanAddServiceLines="N" CarrierAccountNo="" CarrierServiceCode="NextDay" CustomerLinePONo="" CustomerPONo="" DeliveryCode="" DeliveryMethod="SHP" DepartmentCode="" FreightTerms="" FulfillmentType="SHIP_TO_HOME" HasDeliveryLines="N" HasServiceLines="N" HoldFlag="N" HoldReasonCode="" ImportLicenseNo="" InvoicedQty="0" IsBundleParent="N" ItemGroupCode="PROD" KitCode="" LineSeqNo="1.1" LineType="" MaxLineStatus="1100" MaxLineStatusDesc="Created" MinLineStatus="1100" MinLineStatusDesc="Created" OpenQty="2" OrderHeaderKey="2022011908003168172864" OrderLineKey="2022011908005968173409" OrderedQty="2" OriginalOrderedQty="2" OtherCharges="0.00" PackListType="" PersonalizeCode="" PersonalizeFlag="" PickableFlag="Y" PrimeLineNo="1" Purpose="" RemainingQty="2" ReqShipDate="2022-01-20T05:00:00+00:00" ReservationID="SHP_CCC1004648" ReservationPool="" SCAC="" ScacAndService="" ScacAndServiceKey="" Segment="" SegmentType="" SerialNo="" ShipNode="466" ShipToID="00398015" ShipTogetherNo="" SplitQty="0" Status="Created" StatusQuantity="2" SubLineNo="1" SubstituteItemID="" SubstituteItemUOM="" isHistory="N">
      <Item CostCurrency="" CountryOfOrigin="" CustomerItem="111160" CustomerItemDesc="Fluarix Tetra 2020 Vacuna Influenza" ECCNNo="" HarmonizedCode="" ISBN="" ItemDesc="Fluarix Tetra 2020 Vacuna Influenza" ItemID="111160" ItemShortDesc="Fluarix Tetra 2020 Vacuna contra Influenza 1 Jeringa" ItemWeight="10.00" ItemWeightUOM="GRAM" ManufacturerItem="" ManufacturerItemDesc="" ManufacturerName="" NMFCClass="" NMFCCode="" NMFCDescription="" ProductClass="REGULAR" ProductLine="" ScheduleBCode="" SupplierItem="" SupplierItemDesc="" TaxProductCode="" UPCCode="" UnitCost="0.00" UnitOfMeasure="EACH"/>
      <LinePriceInfo ActualPricingQty="2" DiscountPercentage="0.00" InvoicedPricingQty="0" IsPriceLocked="N" LineTotal="11580.00" ListPrice="0.00" OrderedPricingQty="2" PricingQtyConversionFactor="0" PricingUOM="EACH" RetailPrice="0.00" SettledAmount="0.00" SettledQuantity="0" TaxableFlag="Y" UnitPrice="5790.00"/>
      <OrderLineOptions/>
      <WorkOrders NumberOfWorkOrders="0"/>
      <Instructions NumberOfInstructions="0"/>
      <References/>
      <KitLines NumberOfKitLines="0"/>
      <ProductItems/>
      <AdditionalAddresses NumberOfAdditionalAddresses="0"/>
      <Notes NumberOfNotes="0"/>
      <ServiceAssociations/>
      <ProductAssociations/>
      <DeliveryAssociations/>
      <Schedules>
        <Schedule ExpectedDeliveryDate="2022-01-20T05:00:00+00:00" ExpectedShipmentDate="2022-01-20T05:00:00+00:00" OrderHeaderKey="2022011908003168172864" OrderLineKey="2022011908005968173409" OrderLineScheduleKey="202201190852012768173515" Quantity="2" ScheduleNo="3" TagNumber=""/>
      </Schedules>
      <LineOverallTotals Charges="0.00" Discount="0.00" ExtendedPrice="11580.00" LineTotal="11580.00" OptionPrice="0.00" PricingQty="2.00" Tax="0.00" UnitPrice="5790.00"/>
      <LineInvoicedTotals AdditionalLinePriceTotal="0.00" Charges="0.00" Discount="0.00" ExtendedPrice="0.00" LineTotal="0.00" OptionPrice="0.00" PricingQty="0.00" Tax="0.00" UnitPrice="0.00"/>
      <LineRemainingTotals AdditionalLinePriceTotal="0.00" Charges="0.00" Discount="0.00" ExtendedPrice="11580.00" LineTotal="11580.00" OptionPrice="0.00" PricingQty="2.00" Tax="0.00" UnitPrice="5790.00"/>
      <LineCharges/>
      <LineTaxes>
        <LineTax ChargeCategory="TAX" ChargeName="SALES_TAX" ChargeNameKey="20200217045213576867911" InvoicedTax="0.00" Reference_1="standard" Reference_2="" Reference_3="" RemainingTax="1849.00" Tax="1849.00" TaxName="SALES_TAX" TaxPercentage="0.19"/>
        <TaxSummary>
          <TaxSummaryDetail InvoicedTax="0.00" OverallTax="1849.00" RemainingTax="1849.00" TaxName="SALES_TAX"/>
        </TaxSummary>
      </LineTaxes>
      <OrderStatuses>
        <OrderStatus OrderHeaderKey="2022011908003168172864" OrderLineKey="2022011908005968173409" OrderLineScheduleKey="202201190852012768173515" OrderReleaseStatusKey="202201190888031068173811" PipelineKey="202004200522321016156546" ShipNode="466" Status="1100" StatusDate="2022-01-19T08:03:10+00:00" StatusDescription="Created" StatusQty="2" TotalQuantity="2">
          <Details ExpectedDeliveryDate="2022-01-20T05:00:00+00:00" ExpectedShipmentDate="2022-01-20T05:00:00+00:00" TagNumber="">
            <KitDetails/>
          </Details>
        </OrderStatus>
      </OrderStatuses>
      <CapacityAllocations/>
    </OrderLine>
    <OrderLine AllocationDate="2022-01-20" ApptStatus="" AwaitingDeliveryRequest="N" CanAddServiceLines="N" CarrierAccountNo="" CarrierServiceCode="NextDay" CustomerLinePONo="" CustomerPONo="" DeliveryCode="" DeliveryMethod="SHP" DepartmentCode="" FreightTerms="" FulfillmentType="SHIP_TO_HOME" HasDeliveryLines="N" HasServiceLines="N" HoldFlag="N" HoldReasonCode="" ImportLicenseNo="" InvoicedQty="0" IsBundleParent="N" ItemGroupCode="PROD" KitCode="" LineSeqNo="2.1" LineType="" MaxLineStatus="1100" MaxLineStatusDesc="Created" MinLineStatus="1100" MinLineStatusDesc="Created" OpenQty="1" OrderHeaderKey="2022011908003168172864" OrderLineKey="2022011908005968173410" OrderedQty="1" OriginalOrderedQty="1" OtherCharges="0.00" PackListType="" PersonalizeCode="" PersonalizeFlag="" PickableFlag="Y" PrimeLineNo="2" Purpose="" RemainingQty="1" ReqShipDate="2022-01-20T05:00:00+00:00" ReservationID="SHP_CCC1004648" ReservationPool="" SCAC="" ScacAndService="" ScacAndServiceKey="" Segment="" SegmentType="" SerialNo="" ShipNode="466" ShipToID="00398015" ShipTogetherNo="" SplitQty="0" Status="Created" StatusQuantity="1" SubLineNo="1" SubstituteItemID="" SubstituteItemUOM="" isHistory="N">
      <Item CostCurrency="" CountryOfOrigin="" CustomerItem="102417" CustomerItemDesc="Cerca de 48.000 pequeÃ±os tenderos en BogotÃ¡, que trabajan en tiendas de barrio, peluquerÃ­as, papelerÃ­as, miscelÃ¡neas y otros negocios que han ayudado prestando su servicio, estÃ¡n en crisis y necesitan nuestra mano solidaria. Por esta razÃ³n, la FundaciÃ³n Solidaridad por Chile, FENALCO, Cruz Verde, Fenaltiendas, Fundecomercio, tuboleta, ProbogotÃ¡ y Punto Red se unen a esta iniciativa." ECCNNo="" HarmonizedCode="" ISBN="" ItemDesc="Cerca de 48.000 pequeÃ±os tenderos en BogotÃ¡, que trabajan en tiendas de barrio, peluquerÃ­as, papelerÃ­as, miscelÃ¡neas y otros negocios que han ayudado prestando su servicio, estÃ¡n en crisis y necesitan nuestra mano solidaria. Por esta razÃ³n, la FundaciÃ³n Solidaridad por Chile, FENALCO, Cruz Verde, Fenaltiendas, Fundecomercio, tuboleta, ProbogotÃ¡ y Punto Red se unen a esta iniciativa." ItemID="102417" ItemShortDesc="DonaciÃ³n Coronaton â€“ FundaciÃ³n Solidaridad por Chile" ItemWeight="0.00" ItemWeightUOM="LBS" ManufacturerItem="" ManufacturerItemDesc="" ManufacturerName="FUNDACIÃ“N SOLIDARIDAD POR Chile" NMFCClass="" NMFCCode="" NMFCDescription="" ProductClass="REGULAR" ProductLine="" ScheduleBCode="" SupplierItem="" SupplierItemDesc="" TaxProductCode="" UPCCode="" UnitCost="0.00" UnitOfMeasure="EACH"/>
      <LinePriceInfo ActualPricingQty="1" DiscountPercentage="0.00" InvoicedPricingQty="0" IsPriceLocked="N" LineTotal="3090.00" ListPrice="0.00" OrderedPricingQty="1" PricingQtyConversionFactor="0" PricingUOM="EACH" RetailPrice="0.00" SettledAmount="0.00" SettledQuantity="0" TaxableFlag="Y" UnitPrice="3090.00"/>
      <OrderLineOptions/>
      <WorkOrders NumberOfWorkOrders="0"/>
      <Instructions NumberOfInstructions="0"/>
      <References/>
      <KitLines NumberOfKitLines="0"/>
      <ProductItems/>
      <AdditionalAddresses NumberOfAdditionalAddresses="0"/>
      <Notes NumberOfNotes="0"/>
      <ServiceAssociations/>
      <ProductAssociations/>
      <DeliveryAssociations/>
      <Schedules>
        <Schedule ExpectedDeliveryDate="2022-01-20T05:00:00+00:00" ExpectedShipmentDate="2022-01-20T05:00:00+00:00" OrderHeaderKey="2022011908003168172864" OrderLineKey="2022011908005968173410" OrderLineScheduleKey="202201190868012668173488" Quantity="1" ScheduleNo="3" TagNumber=""/>
      </Schedules>
      <LineOverallTotals Charges="0.00" Discount="0.00" ExtendedPrice="3090.00" LineTotal="3090.00" OptionPrice="0.00" PricingQty="1.00" Tax="0.00" UnitPrice="3090.00"/>
      <LineInvoicedTotals AdditionalLinePriceTotal="0.00" Charges="0.00" Discount="0.00" ExtendedPrice="0.00" LineTotal="0.00" OptionPrice="0.00" PricingQty="0.00" Tax="0.00" UnitPrice="0.00"/>
      <LineRemainingTotals AdditionalLinePriceTotal="0.00" Charges="0.00" Discount="0.00" ExtendedPrice="3090.00" LineTotal="3090.00" OptionPrice="0.00" PricingQty="1.00" Tax="0.00" UnitPrice="3090.00"/>
      <LineCharges/>
      <LineTaxes>
        <LineTax ChargeCategory="TAX" ChargeName="SALES_TAX" ChargeNameKey="20200217045213576867911" InvoicedTax="0.00" Reference_1="standard" Reference_2="" Reference_3="" RemainingTax="493.00" Tax="493.00" TaxName="SALES_TAX" TaxPercentage="0.19"/>
        <TaxSummary>
          <TaxSummaryDetail InvoicedTax="0.00" OverallTax="493.00" RemainingTax="493.00" TaxName="SALES_TAX"/>
        </TaxSummary>
      </LineTaxes>
      <OrderStatuses>
        <OrderStatus OrderHeaderKey="2022011908003168172864" OrderLineKey="2022011908005968173410" OrderLineScheduleKey="202201190868012668173488" OrderReleaseStatusKey="202201190852031068173812" PipelineKey="202004200522321016156546" ShipNode="466" Status="1100" StatusDate="2022-01-19T08:03:10+00:00" StatusDescription="Created" StatusQty="1" TotalQuantity="1">
          <Details ExpectedDeliveryDate="2022-01-20T05:00:00+00:00" ExpectedShipmentDate="2022-01-20T05:00:00+00:00" TagNumber="">
            <KitDetails/>
          </Details>
        </OrderStatus>
      </OrderStatuses>
      <CapacityAllocations/>
    </OrderLine>
  </OrderLines>
  <Instructions NumberOfInstructions="0"/>
  <PersonInfoShipTo AddressLine1="Avenida Providencia 1144, Providencia, Chile" AddressLine2="" AddressLine3="" AddressLine4="Providencia" AddressLine5="" AddressLine6="" AlternateEmailID="" Beeper="" City="Providencia" Company="" Country="CL" DayFaxNo="" DayPhone="" Department="" EMailID="" EveningFaxNo="" EveningPhone="" FirstName="Sole" JobTitle="" LastName="Pruebas" MiddleName="" MobilePhone="" OtherPhone="" PersonID="" PersonInfoKey="2021111205145760313008" State="Región Metropolitana" Suffix="" Title="" ZipCode=""/>
  <PersonInfoBillTo AddressLine1="Avenida Providencia 1144, Providencia, Chile" AddressLine2="" AddressLine3="" AddressLine4="Providencia" AddressLine5="" AddressLine6="" AlternateEmailID="" Beeper="" City="Providencia" Company="" Country="CL" DayFaxNo="" DayPhone="" Department="" EMailID="correo@pruebas11.cl" EveningFaxNo="" EveningPhone="" FirstName="Sole" JobTitle="" LastName="Pruebas" MiddleName="" MobilePhone="" OtherPhone="" PersonID="" PersonInfoKey="2021111205095760312239" State="Región Metropolitana" Suffix="" Title="" ZipCode=""/>
  <AdditionalAddresses NumberOfAdditionalAddresses="0"/>
  <References>
    <Reference Name="MERCADOPAGO_PREFID" Value="488645542-a5c05724-9971-480e-ad86-a1b51b48ebaf"/>
    <Reference Name="BOLETA_ID" Value="14693402"/>
  </References>
  <PaymentMethods>
    <PaymentMethod CheckNo="" CheckReference="" CreditCardExpDate="102025" CreditCardName="Sole" CreditCardNo="371180" CreditCardType="AMEX" CustomerPONo="" DisplayCreditCardNo="7522" DisplayCustomerAccountNo="" DisplayPaymentReference1="" DisplaySvcNo="" FundsAvailable="0.00" GetFundsAvailableUserExitInvoked="N" PaymentReference1="" PaymentReference2="MPAGO_CREDIT" PaymentReference3="111111111" PaymentType="CREDIT_CARD"/>
  </PaymentMethods>
  <ChargeTransactionDetails AdditionalExpectedAuthorizations="0.00" TotalCredits="17660.00" TotalDebits="0.00" TotalOpenAuthorizations="0.00" TotalOpenBookings="17660.00" TotalTransferredIn="0.00" TotalTransferredOut="0.00">
    <ChargeTransactionDetail AuditTransactionID="" AuthorizationExpirationDate="2022-01-19T08:03:08+00:00" AuthorizationID="" BookAmount="0.00" ChargeTransactionKey="2022011908030868173806" ChargeType="CHARGE" CollectionDate="2022-01-19T08:03:08+00:00" CreditAmount="17660.00" DebitAmount="0.00" DistributedAmount="0.00" HoldAgainstBook="Y" OpenAuthorizedAmount="0.00" OrderHeaderKey="2022011908003168172864" OrderInvoiceKey="" PaymentKey="202201190888030868173805" RequestAmount="17660.00" SettledAmount="0.00" Status="CHECKED" TransactionDate="2022-01-19T08:03:13+00:00" TransferFromOhKey="" TransferToOhKey="" UserExitStatus="">
      <InvoiceCollectionDetails/>
      <CreditCardTransactions/>
      <TransferToOrder/>
      <TransferFromOrder/>
    </ChargeTransactionDetail>
    <ChargeTransactionDetail AuditTransactionID="" AuthorizationExpirationDate="2022-01-19T08:03:10+00:00" AuthorizationID="" BookAmount="17660.00" ChargeTransactionKey="2022011908031068173807" ChargeType="CREATE_ORDER" CollectionDate="2022-01-19T08:03:10+00:00" CreditAmount="0.00" DebitAmount="0.00" DistributedAmount="0.00" HoldAgainstBook="" OpenAuthorizedAmount="0.00" OrderHeaderKey="2022011908003168172864" OrderInvoiceKey="" PaymentKey="" RequestAmount="0.00" SettledAmount="0.00" Status="CHECKED" TransactionDate="2022-01-19T08:03:13+00:00" TransferFromOhKey="" TransferToOhKey="" UserExitStatus="">
      <InvoiceCollectionDetails/>
      <CreditCardTransactions/>
      <TransferToOrder/>
      <TransferFromOrder/>
    </ChargeTransactionDetail>
  </ChargeTransactionDetails>
  <ProductServiceAssocs/>
  <OverallTotals GrandCharges="2990.00" GrandDiscount="0.00" GrandTax="0.00" GrandTotal="17660.00" HdrCharges="2990.00" HdrDiscount="0.00" HdrTax="0.00" HdrTotal="2990.00" LineSubTotal="14670.00"/>
  <InvoicedTotals GrandCharges="0.00" GrandDiscount="0.00" GrandTax="0.00" GrandTotal="0.00" HdrCharges="0.00" HdrDiscount="0.00" HdrTax="0.00" HdrTotal="0.00" LineSubTotal="0.00"/>
  <RemainingTotals GrandCharges="2990.00" GrandDiscount="0.00" GrandTax="0.00" GrandTotal="17660.00" HdrCharges="2990.00" HdrDiscount="0.00" HdrTax="0.00" HdrTotal="2990.00" LineSubTotal="14670.00"/>
  <HeaderCharges>
    <HeaderCharge ChargeAmount="2990.00" ChargeCategory="SHIPPING" ChargeName="SHIPPING_CHARGE" ChargeNameKey="201911051207401838388" InvoicedChargeAmount="0.00" IsBillable="Y" IsDiscount="N" Reference="" RemainingChargeAmount="2990.00"/>
    <HeaderCharge ChargeAmount="0.00" ChargeCategory="DISCOUNT" ChargeName="SHIP_DISCOUNT" ChargeNameKey="201911051206481838382" InvoicedChargeAmount="0.00" IsBillable="Y" IsDiscount="Y" Reference="" RemainingChargeAmount="0.00"/>
  </HeaderCharges>
  <HeaderTaxes>
    <HeaderTax ChargeCategory="TAX" ChargeName="SHIPPING_TAX" ChargeNameKey="20200217045236576870517" InvoicedTax="0.00" Reference_1="" Reference_2="" Reference_3="" RemainingTax="477.00" Tax="477.00" TaxName="SHIPPING_TAX" TaxPercentage="0.00" TaxableFlag="N"/>
    <TaxSummary>
      <TaxSummaryDetail InvoicedTax="0.00" OverallTax="477.00" RemainingTax="477.00" TaxName="SHIPPING_TAX"/>
    </TaxSummary>
  </HeaderTaxes>
  <OrderStatuses>
    <OrderStatus OrderHeaderKey="2022011908003168172864" OrderLineKey="2022011908005968173409" OrderLineScheduleKey="202201190852012768173515" OrderReleaseStatusKey="202201190888031068173811" PipelineKey="202004200522321016156546" ShipNode="466" Status="1100" StatusDate="2022-01-19T08:03:10+00:00" StatusDescription="Created" StatusQty="2" TotalQuantity="2">
      <Details ExpectedDeliveryDate="2022-01-20T05:00:00+00:00" ExpectedShipmentDate="2022-01-20T05:00:00+00:00" TagNumber=""/>
    </OrderStatus>
    <OrderStatus OrderHeaderKey="2022011908003168172864" OrderLineKey="2022011908005968173410" OrderLineScheduleKey="202201190868012668173488" OrderReleaseStatusKey="202201190852031068173812" PipelineKey="202004200522321016156546" ShipNode="466" Status="1100" StatusDate="2022-01-19T08:03:10+00:00" StatusDescription="Created" StatusQty="1" TotalQuantity="1">
      <Details ExpectedDeliveryDate="2022-01-20T05:00:00+00:00" ExpectedShipmentDate="2022-01-20T05:00:00+00:00" TagNumber=""/>
    </OrderStatus>
  </OrderStatuses>
  <ExchangeOrders/>
</Order>

[INFO]-[2022-01-19 13:33:30.105]-[TestNG-test=OMS-1]-[requestCreationInOMS]-[RequestHelper.java:175]-Pre-condition for Test: Change Order for resolving the holds
[INFO]-[2022-01-19 13:33:30.108]-[TestNG-test=OMS-1]-[sendAPIRequest]-[RestAssuredRequest.java:20]-Calling POST request with end point : https://localhost:9443/smcfs/restapi/invoke/scheduleOrder
io.restassured.internal.RequestSpecificationImpl@c238798
io.restassured.internal.RestAssuredResponseImpl@29a3e70b
[INFO]-[2022-01-19 13:33:31.055]-[TestNG-test=OMS-1]-[logRequestResponse]-[RequestPayload.java:171]-API Request sent : 
[INFO]-[2022-01-19 13:33:31.056]-[TestNG-test=OMS-1]-[logRequestResponse]-[RequestPayload.java:172]-Request method:	POST
Request URI:	https://localhost:9443/smcfs/restapi/invoke/scheduleOrder
Proxy:			<none>
Request params:	<none>
Query params:	<none>
Form params:	<none>
Path params:	<none>
Headers:		Accept=application/xml
				Authorization=Basic YWRtaW46cGFzc3dvcmQ=
				Content-Type=application/xml
Cookies:		<none>
Multiparts:		<none>
Body:
<ScheduleOrder CheckInventory="Y" DocumentType="0001" EnterpriseCode="FCVChile" OrderHeaderKey="" OrderNo="CCC1004648"/>

[INFO]-[2022-01-19 13:33:31.056]-[TestNG-test=OMS-1]-[logRequestResponse]-[RequestPayload.java:174]-API Response received : 
[INFO]-[2022-01-19 13:33:31.057]-[TestNG-test=OMS-1]-[logRequestResponse]-[RequestPayload.java:175]-HTTP/1.1 204 No Content
X-FRAME-OPTIONS: SAMEORIGIN
X-UA-Compatible: IE=EmulateIE8
Access-Control-Max-Age: 3600
Access-Control-Allow-Credentials: true
Access-Control-Allow-Origin: *
Content-Language: en-US
Content-Length: 0
Date: Wed, 19 Jan 2022 08:03:31 GMT

[INFO]-[2022-01-19 13:33:31.060]-[TestNG-test=OMS-1]-[requestCreationInOMS]-[RequestHelper.java:140]-Pre-condition for Test: getOrderDetails
[INFO]-[2022-01-19 13:33:31.062]-[TestNG-test=OMS-1]-[sendAPIRequest]-[RestAssuredRequest.java:20]-Calling POST request with end point : https://localhost:9443/smcfs/restapi/invoke/getOrderDetails
io.restassured.internal.RequestSpecificationImpl@8b618fe
io.restassured.internal.RestAssuredResponseImpl@439b3162
[INFO]-[2022-01-19 13:33:31.901]-[TestNG-test=OMS-1]-[logRequestResponse]-[RequestPayload.java:171]-API Request sent : 
[INFO]-[2022-01-19 13:33:31.901]-[TestNG-test=OMS-1]-[logRequestResponse]-[RequestPayload.java:172]-Request method:	POST
Request URI:	https://localhost:9443/smcfs/restapi/invoke/getOrderDetails
Proxy:			<none>
Request params:	<none>
Query params:	<none>
Form params:	<none>
Path params:	<none>
Headers:		Accept=application/xml
				Authorization=Basic YWRtaW46cGFzc3dvcmQ=
				Content-Type=application/xml
Cookies:		<none>
Multiparts:		<none>
Body:
<Order DocumentType="0001" EnterpriseCode="FCVChile" OrderHeaderKey="" OrderNo="CCC1004648"/>

[INFO]-[2022-01-19 13:33:31.904]-[TestNG-test=OMS-1]-[logRequestResponse]-[RequestPayload.java:174]-API Response received : 
[INFO]-[2022-01-19 13:33:31.905]-[TestNG-test=OMS-1]-[logRequestResponse]-[RequestPayload.java:175]-HTTP/1.1 200 OK
X-FRAME-OPTIONS: SAMEORIGIN
X-UA-Compatible: IE=EmulateIE8
Access-Control-Max-Age: 3600
Access-Control-Allow-Credentials: true
Access-Control-Allow-Origin: *
Content-Type: application/xml; charset=UTF-8
Content-Encoding: gzip
Content-Language: en-US
Content-Length: 4469
Date: Wed, 19 Jan 2022 08:03:32 GMT

<Order AllocationRuleID="DIF_SCH" AuthorizationExpirationDate="2022-01-19T08:03:31+00:00" BillToID="00398015" CarrierAccountNo="" CarrierServiceCode="" ChainType="" ChargeActualFreightFlag="N" CustCustPONo="" CustomerEMailID="correo@pruebas11.cl" CustomerPONo="" DeliveryCode="" Division="" DocumentType="0001" DraftOrderFlag="N" EnterpriseCode="FCVChile" EntryType="Call Center" FreightTerms="" HasDeliveryLines="N" HasProductLines="Y" HasServiceLines="N" HoldFlag="N" HoldReasonCode="" MaxOrderStatus="1500" MaxOrderStatusDesc="Scheduled" MinOrderStatus="1500" MinOrderStatusDesc="Scheduled" NotifyAfterShipmentFlag="N" OrderDate="2022-01-19T08:00:31+00:00" OrderHeaderKey="2022011908003168172864" OrderName="" OrderNo="CCC1004648" OrderType="SHP" OriginalTax="0.00" OriginalTotalAmount="17660.00" OtherCharges="2990.00" PaymentStatus="AUTHORIZED" PendingTransferIn="0.00" PersonalizeCode="" PriorityCode="" PriorityNumber="0" Purpose="" ReturnByGiftRecipient="" SCAC="" ScacAndService="" ScacAndServiceKey="" SearchCriteria1="" SearchCriteria2="" SellerOrganizationCode="FCV" ShipToID="00398015" Status="Scheduled" TaxExemptFlag="N" TaxExemptionCertificate="" TaxJurisdiction="" TaxPayerId="" TermsCode="" TotalAdjustmentAmount="0.00" isHistory="N">
  <AllowedModifications>
    <Modification ModificationType="REMOVE_PROMOTION" ThroughOverride="Y"/>
    <Modification ModificationType="ORDER_NAME" ThroughOverride="Y"/>
    <Modification ModificationType="CONTACT_INFO" ThroughOverride="Y"/>
    <Modification ModificationType="CHANGE_ITERATION" ThroughOverride="Y"/>
    <Modification ModificationType="BILLTO" ThroughOverride="Y"/>
    <Modification ModificationType="TAX" ThroughOverride="N"/>
    <Modification ModificationType="CHANGE_PROMOTION" ThroughOverride="Y"/>
    <Modification ModificationType="SHIPTO" ThroughOverride="Y"/>
    <Modification ModificationType="FREIGHT_TERMS" ThroughOverride="Y"/>
    <Modification ModificationType="ADD_NOTE" ThroughOverride="N"/>
    <Modification ModificationType="CHANGE_STATUS" ThroughOverride="Y"/>
    <Modification ModificationType="ADD_LINE" ThroughOverride="Y"/>
    <Modification ModificationType="CARRIER" ThroughOverride="Y"/>
    <Modification ModificationType="ADDITIONADDR" ThroughOverride="Y"/>
    <Modification ModificationType="SOLDTO" ThroughOverride="Y"/>
    <Modification ModificationType="REQ_SHIP_DATE" ThroughOverride="Y"/>
    <Modification ModificationType="PAYMENT_STATUS" ThroughOverride="Y"/>
    <Modification ModificationType="ADD_INSTRUCTION" ThroughOverride="Y"/>
    <Modification ModificationType="CHANGE_NOTE" ThroughOverride="Y"/>
    <Modification ModificationType="CARRIER_ACCOUNT_NO" ThroughOverride="Y"/>
    <Modification ModificationType="CHANGE_ORDER_DATE" ThroughOverride="Y"/>
    <Modification ModificationType="REMOVE_NOTE" ThroughOverride="Y"/>
    <Modification ModificationType="CHANGE_SCHEDULE" ThroughOverride="Y"/>
    <Modification ModificationType="HOLD" ThroughOverride="N"/>
    <Modification ModificationType="SPECIAL_SERVICE" ThroughOverride="Y"/>
    <Modification ModificationType="RULE_ID" ThroughOverride="N"/>
    <Modification ModificationType="PRICE" ThroughOverride="N"/>
    <Modification ModificationType="CARRIER_SERVICE_CODE" ThroughOverride="Y"/>
    <Modification ModificationType="PAYMENT_METHOD" ThroughOverride="Y"/>
    <Modification ModificationType="CHANGE_CUSTOM_ATTRIBUTES" ThroughOverride="Y"/>
    <Modification ModificationType="RELEASE" ThroughOverride="N"/>
    <Modification ModificationType="SHIP_NODE" ThroughOverride="Y"/>
    <Modification ModificationType="ANSWER_SET" ThroughOverride="Y"/>
    <Modification ModificationType="MARKFOR" ThroughOverride="Y"/>
    <Modification ModificationType="RECEIVING_NODE" ThroughOverride="Y"/>
    <Modification ModificationType="SHORT" ThroughOverride="Y"/>
    <Modification ModificationType="BUYER_USER_ID" ThroughOverride="Y"/>
    <Modification ModificationType="OTHERS" ThroughOverride="N"/>
    <Modification ModificationType="DELIVERY_CODE" ThroughOverride="Y"/>
    <Modification ModificationType="LEVEL_OF_SERVICE" ThroughOverride="Y"/>
    <Modification ModificationType="CANCEL" ThroughOverride="N"/>
    <Modification ModificationType="UNSCHEDULE" ThroughOverride="N"/>
    <Modification ModificationType="CHANGE_INSTRUCTION" ThroughOverride="Y"/>
    <Modification ModificationType="HOLD_TYPE" ThroughOverride="N"/>
    <Modification ModificationType="REFERENCES" ThroughOverride="Y"/>
  </AllowedModifications>
  <PriceInfo Currency="CLP" EnterpriseCurrency="CLP" ReportingConversionDate="2022-01-19T08:00:31+00:00" ReportingConversionRate="1.00" TotalAmount="17660.00"/>
  <OrderLines>
    <OrderLine AllocationDate="2022-01-20" ApptStatus="" AwaitingDeliveryRequest="N" CanAddServiceLines="N" CarrierAccountNo="" CarrierServiceCode="NextDay" CustomerLinePONo="" CustomerPONo="" DeliveryCode="" DeliveryMethod="SHP" DepartmentCode="" FreightTerms="" FulfillmentType="SHIP_TO_HOME" HasDeliveryLines="N" HasServiceLines="N" HoldFlag="N" HoldReasonCode="" ImportLicenseNo="" InvoicedQty="0" IsBundleParent="N" ItemGroupCode="PROD" KitCode="" LineSeqNo="1.1" LineType="" MaxLineStatus="1500" MaxLineStatusDesc="Scheduled" MinLineStatus="1500" MinLineStatusDesc="Scheduled" OpenQty="2" OrderHeaderKey="2022011908003168172864" OrderLineKey="2022011908005968173409" OrderedQty="2" OriginalOrderedQty="2" OtherCharges="0.00" PackListType="" PersonalizeCode="" PersonalizeFlag="" PickableFlag="Y" PrimeLineNo="1" Purpose="" RemainingQty="2" ReqShipDate="2022-01-20T05:00:00+00:00" ReservationID="SHP_CCC1004648" ReservationPool="" SCAC="" ScacAndService="" ScacAndServiceKey="" Segment="" SegmentType="" SerialNo="" ShipNode="466" ShipToID="00398015" ShipTogetherNo="" SplitQty="0" Status="Scheduled" StatusQuantity="2" SubLineNo="1" SubstituteItemID="" SubstituteItemUOM="" isHistory="N">
      <Item CostCurrency="" CountryOfOrigin="" CustomerItem="111160" CustomerItemDesc="Fluarix Tetra 2020 Vacuna Influenza" ECCNNo="" HarmonizedCode="" ISBN="" ItemDesc="Fluarix Tetra 2020 Vacuna Influenza" ItemID="111160" ItemShortDesc="Fluarix Tetra 2020 Vacuna contra Influenza 1 Jeringa" ItemWeight="10.00" ItemWeightUOM="GRAM" ManufacturerItem="" ManufacturerItemDesc="" ManufacturerName="" NMFCClass="" NMFCCode="" NMFCDescription="" ProductClass="REGULAR" ProductLine="" ScheduleBCode="" SupplierItem="" SupplierItemDesc="" TaxProductCode="" UPCCode="" UnitCost="0.00" UnitOfMeasure="EACH"/>
      <LinePriceInfo ActualPricingQty="2" DiscountPercentage="0.00" InvoicedPricingQty="0" IsPriceLocked="N" LineTotal="11580.00" ListPrice="0.00" OrderedPricingQty="2" PricingQtyConversionFactor="0" PricingUOM="EACH" RetailPrice="0.00" SettledAmount="0.00" SettledQuantity="0" TaxableFlag="Y" UnitPrice="5790.00"/>
      <OrderLineOptions/>
      <WorkOrders NumberOfWorkOrders="0"/>
      <Instructions NumberOfInstructions="0"/>
      <References/>
      <KitLines NumberOfKitLines="0"/>
      <ProductItems/>
      <AdditionalAddresses NumberOfAdditionalAddresses="0"/>
      <Notes NumberOfNotes="0"/>
      <ServiceAssociations/>
      <ProductAssociations/>
      <DeliveryAssociations/>
      <Schedules>
        <Schedule ExpectedDeliveryDate="2022-01-20T05:00:00+00:00" ExpectedShipmentDate="2022-01-20T05:00:00+00:00" OrderHeaderKey="2022011908003168172864" OrderLineKey="2022011908005968173409" OrderLineScheduleKey="202201190852012768173515" Quantity="2" ScheduleNo="3" TagNumber=""/>
      </Schedules>
      <LineOverallTotals Charges="0.00" Discount="0.00" ExtendedPrice="11580.00" LineTotal="11580.00" OptionPrice="0.00" PricingQty="2.00" Tax="0.00" UnitPrice="5790.00"/>
      <LineInvoicedTotals AdditionalLinePriceTotal="0.00" Charges="0.00" Discount="0.00" ExtendedPrice="0.00" LineTotal="0.00" OptionPrice="0.00" PricingQty="0.00" Tax="0.00" UnitPrice="0.00"/>
      <LineRemainingTotals AdditionalLinePriceTotal="0.00" Charges="0.00" Discount="0.00" ExtendedPrice="11580.00" LineTotal="11580.00" OptionPrice="0.00" PricingQty="2.00" Tax="0.00" UnitPrice="5790.00"/>
      <LineCharges/>
      <LineTaxes>
        <LineTax ChargeCategory="TAX" ChargeName="SALES_TAX" ChargeNameKey="20200217045213576867911" InvoicedTax="0.00" Reference_1="standard" Reference_2="" Reference_3="" RemainingTax="1849.00" Tax="1849.00" TaxName="SALES_TAX" TaxPercentage="0.19"/>
        <TaxSummary>
          <TaxSummaryDetail InvoicedTax="0.00" OverallTax="1849.00" RemainingTax="1849.00" TaxName="SALES_TAX"/>
        </TaxSummary>
      </LineTaxes>
      <OrderStatuses>
        <OrderStatus OrderHeaderKey="2022011908003168172864" OrderLineKey="2022011908005968173409" OrderLineScheduleKey="202201190852012768173515" OrderReleaseStatusKey="202201190827033168173828" PipelineKey="202004200522321016156546" ShipNode="466" Status="1500" StatusDate="2022-01-19T08:03:31+00:00" StatusDescription="Scheduled" StatusQty="2" TotalQuantity="2">
          <Details ExpectedDeliveryDate="2022-01-20T05:00:00+00:00" ExpectedShipmentDate="2022-01-20T05:00:00+00:00" TagNumber="">
            <KitDetails/>
          </Details>
        </OrderStatus>
      </OrderStatuses>
      <CapacityAllocations/>
    </OrderLine>
    <OrderLine AllocationDate="2022-01-20" ApptStatus="" AwaitingDeliveryRequest="N" CanAddServiceLines="N" CarrierAccountNo="" CarrierServiceCode="NextDay" CustomerLinePONo="" CustomerPONo="" DeliveryCode="" DeliveryMethod="SHP" DepartmentCode="" FreightTerms="" FulfillmentType="SHIP_TO_HOME" HasDeliveryLines="N" HasServiceLines="N" HoldFlag="N" HoldReasonCode="" ImportLicenseNo="" InvoicedQty="0" IsBundleParent="N" ItemGroupCode="PROD" KitCode="" LineSeqNo="2.1" LineType="" MaxLineStatus="1500" MaxLineStatusDesc="Scheduled" MinLineStatus="1500" MinLineStatusDesc="Scheduled" OpenQty="1" OrderHeaderKey="2022011908003168172864" OrderLineKey="2022011908005968173410" OrderedQty="1" OriginalOrderedQty="1" OtherCharges="0.00" PackListType="" PersonalizeCode="" PersonalizeFlag="" PickableFlag="Y" PrimeLineNo="2" Purpose="" RemainingQty="1" ReqShipDate="2022-01-20T05:00:00+00:00" ReservationID="SHP_CCC1004648" ReservationPool="" SCAC="" ScacAndService="" ScacAndServiceKey="" Segment="" SegmentType="" SerialNo="" ShipNode="466" ShipToID="00398015" ShipTogetherNo="" SplitQty="0" Status="Scheduled" StatusQuantity="1" SubLineNo="1" SubstituteItemID="" SubstituteItemUOM="" isHistory="N">
      <Item CostCurrency="" CountryOfOrigin="" CustomerItem="102417" CustomerItemDesc="Cerca de 48.000 pequeÃ±os tenderos en BogotÃ¡, que trabajan en tiendas de barrio, peluquerÃ­as, papelerÃ­as, miscelÃ¡neas y otros negocios que han ayudado prestando su servicio, estÃ¡n en crisis y necesitan nuestra mano solidaria. Por esta razÃ³n, la FundaciÃ³n Solidaridad por Chile, FENALCO, Cruz Verde, Fenaltiendas, Fundecomercio, tuboleta, ProbogotÃ¡ y Punto Red se unen a esta iniciativa." ECCNNo="" HarmonizedCode="" ISBN="" ItemDesc="Cerca de 48.000 pequeÃ±os tenderos en BogotÃ¡, que trabajan en tiendas de barrio, peluquerÃ­as, papelerÃ­as, miscelÃ¡neas y otros negocios que han ayudado prestando su servicio, estÃ¡n en crisis y necesitan nuestra mano solidaria. Por esta razÃ³n, la FundaciÃ³n Solidaridad por Chile, FENALCO, Cruz Verde, Fenaltiendas, Fundecomercio, tuboleta, ProbogotÃ¡ y Punto Red se unen a esta iniciativa." ItemID="102417" ItemShortDesc="DonaciÃ³n Coronaton â€“ FundaciÃ³n Solidaridad por Chile" ItemWeight="0.00" ItemWeightUOM="LBS" ManufacturerItem="" ManufacturerItemDesc="" ManufacturerName="FUNDACIÃ“N SOLIDARIDAD POR Chile" NMFCClass="" NMFCCode="" NMFCDescription="" ProductClass="REGULAR" ProductLine="" ScheduleBCode="" SupplierItem="" SupplierItemDesc="" TaxProductCode="" UPCCode="" UnitCost="0.00" UnitOfMeasure="EACH"/>
      <LinePriceInfo ActualPricingQty="1" DiscountPercentage="0.00" InvoicedPricingQty="0" IsPriceLocked="N" LineTotal="3090.00" ListPrice="0.00" OrderedPricingQty="1" PricingQtyConversionFactor="0" PricingUOM="EACH" RetailPrice="0.00" SettledAmount="0.00" SettledQuantity="0" TaxableFlag="Y" UnitPrice="3090.00"/>
      <OrderLineOptions/>
      <WorkOrders NumberOfWorkOrders="0"/>
      <Instructions NumberOfInstructions="0"/>
      <References/>
      <KitLines NumberOfKitLines="0"/>
      <ProductItems/>
      <AdditionalAddresses NumberOfAdditionalAddresses="0"/>
      <Notes NumberOfNotes="0"/>
      <ServiceAssociations/>
      <ProductAssociations/>
      <DeliveryAssociations/>
      <Schedules>
        <Schedule ExpectedDeliveryDate="2022-01-20T05:00:00+00:00" ExpectedShipmentDate="2022-01-20T05:00:00+00:00" OrderHeaderKey="2022011908003168172864" OrderLineKey="2022011908005968173410" OrderLineScheduleKey="202201190868012668173488" Quantity="1" ScheduleNo="3" TagNumber=""/>
      </Schedules>
      <LineOverallTotals Charges="0.00" Discount="0.00" ExtendedPrice="3090.00" LineTotal="3090.00" OptionPrice="0.00" PricingQty="1.00" Tax="0.00" UnitPrice="3090.00"/>
      <LineInvoicedTotals AdditionalLinePriceTotal="0.00" Charges="0.00" Discount="0.00" ExtendedPrice="0.00" LineTotal="0.00" OptionPrice="0.00" PricingQty="0.00" Tax="0.00" UnitPrice="0.00"/>
      <LineRemainingTotals AdditionalLinePriceTotal="0.00" Charges="0.00" Discount="0.00" ExtendedPrice="3090.00" LineTotal="3090.00" OptionPrice="0.00" PricingQty="1.00" Tax="0.00" UnitPrice="3090.00"/>
      <LineCharges/>
      <LineTaxes>
        <LineTax ChargeCategory="TAX" ChargeName="SALES_TAX" ChargeNameKey="20200217045213576867911" InvoicedTax="0.00" Reference_1="standard" Reference_2="" Reference_3="" RemainingTax="493.00" Tax="493.00" TaxName="SALES_TAX" TaxPercentage="0.19"/>
        <TaxSummary>
          <TaxSummaryDetail InvoicedTax="0.00" OverallTax="493.00" RemainingTax="493.00" TaxName="SALES_TAX"/>
        </TaxSummary>
      </LineTaxes>
      <OrderStatuses>
        <OrderStatus OrderHeaderKey="2022011908003168172864" OrderLineKey="2022011908005968173410" OrderLineScheduleKey="202201190868012668173488" OrderReleaseStatusKey="202201190873033168173826" PipelineKey="202004200522321016156546" ShipNode="466" Status="1500" StatusDate="2022-01-19T08:03:31+00:00" StatusDescription="Scheduled" StatusQty="1" TotalQuantity="1">
          <Details ExpectedDeliveryDate="2022-01-20T05:00:00+00:00" ExpectedShipmentDate="2022-01-20T05:00:00+00:00" TagNumber="">
            <KitDetails/>
          </Details>
        </OrderStatus>
      </OrderStatuses>
      <CapacityAllocations/>
    </OrderLine>
  </OrderLines>
  <Instructions NumberOfInstructions="0"/>
  <PersonInfoShipTo AddressLine1="Avenida Providencia 1144, Providencia, Chile" AddressLine2="" AddressLine3="" AddressLine4="Providencia" AddressLine5="" AddressLine6="" AlternateEmailID="" Beeper="" City="Providencia" Company="" Country="CL" DayFaxNo="" DayPhone="" Department="" EMailID="" EveningFaxNo="" EveningPhone="" FirstName="Sole" JobTitle="" LastName="Pruebas" MiddleName="" MobilePhone="" OtherPhone="" PersonID="" PersonInfoKey="2021111205145760313008" State="Región Metropolitana" Suffix="" Title="" ZipCode=""/>
  <PersonInfoBillTo AddressLine1="Avenida Providencia 1144, Providencia, Chile" AddressLine2="" AddressLine3="" AddressLine4="Providencia" AddressLine5="" AddressLine6="" AlternateEmailID="" Beeper="" City="Providencia" Company="" Country="CL" DayFaxNo="" DayPhone="" Department="" EMailID="correo@pruebas11.cl" EveningFaxNo="" EveningPhone="" FirstName="Sole" JobTitle="" LastName="Pruebas" MiddleName="" MobilePhone="" OtherPhone="" PersonID="" PersonInfoKey="2021111205095760312239" State="Región Metropolitana" Suffix="" Title="" ZipCode=""/>
  <AdditionalAddresses NumberOfAdditionalAddresses="0"/>
  <References>
    <Reference Name="MERCADOPAGO_PREFID" Value="488645542-a5c05724-9971-480e-ad86-a1b51b48ebaf"/>
    <Reference Name="BOLETA_ID" Value="14693402"/>
  </References>
  <PaymentMethods>
    <PaymentMethod CheckNo="" CheckReference="" CreditCardExpDate="102025" CreditCardName="Sole" CreditCardNo="371180" CreditCardType="AMEX" CustomerPONo="" DisplayCreditCardNo="7522" DisplayCustomerAccountNo="" DisplayPaymentReference1="" DisplaySvcNo="" FundsAvailable="0.00" GetFundsAvailableUserExitInvoked="N" PaymentReference1="" PaymentReference2="MPAGO_CREDIT" PaymentReference3="111111111" PaymentType="CREDIT_CARD"/>
  </PaymentMethods>
  <ChargeTransactionDetails AdditionalExpectedAuthorizations="0.00" TotalCredits="17660.00" TotalDebits="0.00" TotalOpenAuthorizations="0.00" TotalOpenBookings="17660.00" TotalTransferredIn="0.00" TotalTransferredOut="0.00">
    <ChargeTransactionDetail AuditTransactionID="" AuthorizationExpirationDate="2022-01-19T08:03:08+00:00" AuthorizationID="" BookAmount="0.00" ChargeTransactionKey="2022011908030868173806" ChargeType="CHARGE" CollectionDate="2022-01-19T08:03:08+00:00" CreditAmount="17660.00" DebitAmount="0.00" DistributedAmount="0.00" HoldAgainstBook="Y" OpenAuthorizedAmount="0.00" OrderHeaderKey="2022011908003168172864" OrderInvoiceKey="" PaymentKey="202201190888030868173805" RequestAmount="17660.00" SettledAmount="0.00" Status="CHECKED" TransactionDate="2022-01-19T08:03:13+00:00" TransferFromOhKey="" TransferToOhKey="" UserExitStatus="">
      <InvoiceCollectionDetails/>
      <CreditCardTransactions/>
      <TransferToOrder/>
      <TransferFromOrder/>
    </ChargeTransactionDetail>
    <ChargeTransactionDetail AuditTransactionID="" AuthorizationExpirationDate="2022-01-19T08:03:10+00:00" AuthorizationID="" BookAmount="17660.00" ChargeTransactionKey="2022011908031068173807" ChargeType="CREATE_ORDER" CollectionDate="2022-01-19T08:03:10+00:00" CreditAmount="0.00" DebitAmount="0.00" DistributedAmount="0.00" HoldAgainstBook="" OpenAuthorizedAmount="0.00" OrderHeaderKey="2022011908003168172864" OrderInvoiceKey="" PaymentKey="" RequestAmount="0.00" SettledAmount="0.00" Status="CHECKED" TransactionDate="2022-01-19T08:03:13+00:00" TransferFromOhKey="" TransferToOhKey="" UserExitStatus="">
      <InvoiceCollectionDetails/>
      <CreditCardTransactions/>
      <TransferToOrder/>
      <TransferFromOrder/>
    </ChargeTransactionDetail>
  </ChargeTransactionDetails>
  <ProductServiceAssocs/>
  <OverallTotals GrandCharges="2990.00" GrandDiscount="0.00" GrandTax="0.00" GrandTotal="17660.00" HdrCharges="2990.00" HdrDiscount="0.00" HdrTax="0.00" HdrTotal="2990.00" LineSubTotal="14670.00"/>
  <InvoicedTotals GrandCharges="0.00" GrandDiscount="0.00" GrandTax="0.00" GrandTotal="0.00" HdrCharges="0.00" HdrDiscount="0.00" HdrTax="0.00" HdrTotal="0.00" LineSubTotal="0.00"/>
  <RemainingTotals GrandCharges="2990.00" GrandDiscount="0.00" GrandTax="0.00" GrandTotal="17660.00" HdrCharges="2990.00" HdrDiscount="0.00" HdrTax="0.00" HdrTotal="2990.00" LineSubTotal="14670.00"/>
  <HeaderCharges>
    <HeaderCharge ChargeAmount="2990.00" ChargeCategory="SHIPPING" ChargeName="SHIPPING_CHARGE" ChargeNameKey="201911051207401838388" InvoicedChargeAmount="0.00" IsBillable="Y" IsDiscount="N" Reference="" RemainingChargeAmount="2990.00"/>
    <HeaderCharge ChargeAmount="0.00" ChargeCategory="DISCOUNT" ChargeName="SHIP_DISCOUNT" ChargeNameKey="201911051206481838382" InvoicedChargeAmount="0.00" IsBillable="Y" IsDiscount="Y" Reference="" RemainingChargeAmount="0.00"/>
  </HeaderCharges>
  <HeaderTaxes>
    <HeaderTax ChargeCategory="TAX" ChargeName="SHIPPING_TAX" ChargeNameKey="20200217045236576870517" InvoicedTax="0.00" Reference_1="" Reference_2="" Reference_3="" RemainingTax="477.00" Tax="477.00" TaxName="SHIPPING_TAX" TaxPercentage="0.00" TaxableFlag="N"/>
    <TaxSummary>
      <TaxSummaryDetail InvoicedTax="0.00" OverallTax="477.00" RemainingTax="477.00" TaxName="SHIPPING_TAX"/>
    </TaxSummary>
  </HeaderTaxes>
  <OrderStatuses>
    <OrderStatus OrderHeaderKey="2022011908003168172864" OrderLineKey="2022011908005968173409" OrderLineScheduleKey="202201190852012768173515" OrderReleaseStatusKey="202201190827033168173828" PipelineKey="202004200522321016156546" ShipNode="466" Status="1500" StatusDate="2022-01-19T08:03:31+00:00" StatusDescription="Scheduled" StatusQty="2" TotalQuantity="2">
      <Details ExpectedDeliveryDate="2022-01-20T05:00:00+00:00" ExpectedShipmentDate="2022-01-20T05:00:00+00:00" TagNumber=""/>
    </OrderStatus>
    <OrderStatus OrderHeaderKey="2022011908003168172864" OrderLineKey="2022011908005968173410" OrderLineScheduleKey="202201190868012668173488" OrderReleaseStatusKey="202201190873033168173826" PipelineKey="202004200522321016156546" ShipNode="466" Status="1500" StatusDate="2022-01-19T08:03:31+00:00" StatusDescription="Scheduled" StatusQty="1" TotalQuantity="1">
      <Details ExpectedDeliveryDate="2022-01-20T05:00:00+00:00" ExpectedShipmentDate="2022-01-20T05:00:00+00:00" TagNumber=""/>
    </OrderStatus>
  </OrderStatuses>
  <ExchangeOrders/>
</Order>

[INFO]-[2022-01-19 13:33:32.362]-[TestNG-test=OMS-1]-[requestCreationInOMS]-[RequestHelper.java:184]-Pre-condition for Test: Change Order for resolving the holds
[INFO]-[2022-01-19 13:33:32.365]-[TestNG-test=OMS-1]-[sendAPIRequest]-[RestAssuredRequest.java:20]-Calling POST request with end point : https://localhost:9443/smcfs/restapi/invoke/releaseOrder
io.restassured.internal.RequestSpecificationImpl@4a3cd393
io.restassured.internal.RestAssuredResponseImpl@5e74c9b3
[INFO]-[2022-01-19 13:33:33.340]-[TestNG-test=OMS-1]-[logRequestResponse]-[RequestPayload.java:171]-API Request sent : 
[INFO]-[2022-01-19 13:33:33.341]-[TestNG-test=OMS-1]-[logRequestResponse]-[RequestPayload.java:172]-Request method:	POST
Request URI:	https://localhost:9443/smcfs/restapi/invoke/releaseOrder
Proxy:			<none>
Request params:	<none>
Query params:	<none>
Form params:	<none>
Path params:	<none>
Headers:		Accept=application/xml
				Authorization=Basic YWRtaW46cGFzc3dvcmQ=
				Content-Type=application/xml
Cookies:		<none>
Multiparts:		<none>
Body:
<ReleaseOrder CheckInventory="Y" DocumentType="0001" EnterpriseCode="FCVChile" OrderHeaderKey="" OrderNo="CCC1004648"/>

[INFO]-[2022-01-19 13:33:33.341]-[TestNG-test=OMS-1]-[logRequestResponse]-[RequestPayload.java:174]-API Response received : 
[INFO]-[2022-01-19 13:33:33.342]-[TestNG-test=OMS-1]-[logRequestResponse]-[RequestPayload.java:175]-HTTP/1.1 204 No Content
X-FRAME-OPTIONS: SAMEORIGIN
X-UA-Compatible: IE=EmulateIE8
Access-Control-Max-Age: 3600
Access-Control-Allow-Credentials: true
Access-Control-Allow-Origin: *
Content-Language: en-US
Content-Length: 0
Date: Wed, 19 Jan 2022 08:03:33 GMT

[INFO]-[2022-01-19 13:33:33.346]-[TestNG-test=OMS-1]-[requestCreationInOMS]-[RequestHelper.java:140]-Pre-condition for Test: getOrderDetails
[INFO]-[2022-01-19 13:33:33.348]-[TestNG-test=OMS-1]-[sendAPIRequest]-[RestAssuredRequest.java:20]-Calling POST request with end point : https://localhost:9443/smcfs/restapi/invoke/getOrderDetails
io.restassured.internal.RequestSpecificationImpl@7fade563
io.restassured.internal.RestAssuredResponseImpl@70086522
[INFO]-[2022-01-19 13:33:34.241]-[TestNG-test=OMS-1]-[logRequestResponse]-[RequestPayload.java:171]-API Request sent : 
[INFO]-[2022-01-19 13:33:34.242]-[TestNG-test=OMS-1]-[logRequestResponse]-[RequestPayload.java:172]-Request method:	POST
Request URI:	https://localhost:9443/smcfs/restapi/invoke/getOrderDetails
Proxy:			<none>
Request params:	<none>
Query params:	<none>
Form params:	<none>
Path params:	<none>
Headers:		Accept=application/xml
				Authorization=Basic YWRtaW46cGFzc3dvcmQ=
				Content-Type=application/xml
Cookies:		<none>
Multiparts:		<none>
Body:
<Order DocumentType="0001" EnterpriseCode="FCVChile" OrderHeaderKey="" OrderNo="CCC1004648"/>

[INFO]-[2022-01-19 13:33:34.243]-[TestNG-test=OMS-1]-[logRequestResponse]-[RequestPayload.java:174]-API Response received : 
[INFO]-[2022-01-19 13:33:34.243]-[TestNG-test=OMS-1]-[logRequestResponse]-[RequestPayload.java:175]-HTTP/1.1 200 OK
X-FRAME-OPTIONS: SAMEORIGIN
X-UA-Compatible: IE=EmulateIE8
Access-Control-Max-Age: 3600
Access-Control-Allow-Credentials: true
Access-Control-Allow-Origin: *
Content-Type: application/xml; charset=UTF-8
Content-Encoding: gzip
Content-Language: en-US
Content-Length: 4469
Date: Wed, 19 Jan 2022 08:03:34 GMT

<Order AllocationRuleID="DIF_SCH" AuthorizationExpirationDate="2022-01-19T08:03:31+00:00" BillToID="00398015" CarrierAccountNo="" CarrierServiceCode="" ChainType="" ChargeActualFreightFlag="N" CustCustPONo="" CustomerEMailID="correo@pruebas11.cl" CustomerPONo="" DeliveryCode="" Division="" DocumentType="0001" DraftOrderFlag="N" EnterpriseCode="FCVChile" EntryType="Call Center" FreightTerms="" HasDeliveryLines="N" HasProductLines="Y" HasServiceLines="N" HoldFlag="N" HoldReasonCode="" MaxOrderStatus="1500" MaxOrderStatusDesc="Scheduled" MinOrderStatus="1500" MinOrderStatusDesc="Scheduled" NotifyAfterShipmentFlag="N" OrderDate="2022-01-19T08:00:31+00:00" OrderHeaderKey="2022011908003168172864" OrderName="" OrderNo="CCC1004648" OrderType="SHP" OriginalTax="0.00" OriginalTotalAmount="17660.00" OtherCharges="2990.00" PaymentStatus="AUTHORIZED" PendingTransferIn="0.00" PersonalizeCode="" PriorityCode="" PriorityNumber="0" Purpose="" ReturnByGiftRecipient="" SCAC="" ScacAndService="" ScacAndServiceKey="" SearchCriteria1="" SearchCriteria2="" SellerOrganizationCode="FCV" ShipToID="00398015" Status="Scheduled" TaxExemptFlag="N" TaxExemptionCertificate="" TaxJurisdiction="" TaxPayerId="" TermsCode="" TotalAdjustmentAmount="0.00" isHistory="N">
  <AllowedModifications>
    <Modification ModificationType="REMOVE_PROMOTION" ThroughOverride="Y"/>
    <Modification ModificationType="ORDER_NAME" ThroughOverride="Y"/>
    <Modification ModificationType="CONTACT_INFO" ThroughOverride="Y"/>
    <Modification ModificationType="CHANGE_ITERATION" ThroughOverride="Y"/>
    <Modification ModificationType="BILLTO" ThroughOverride="Y"/>
    <Modification ModificationType="TAX" ThroughOverride="N"/>
    <Modification ModificationType="CHANGE_PROMOTION" ThroughOverride="Y"/>
    <Modification ModificationType="SHIPTO" ThroughOverride="Y"/>
    <Modification ModificationType="FREIGHT_TERMS" ThroughOverride="Y"/>
    <Modification ModificationType="ADD_NOTE" ThroughOverride="N"/>
    <Modification ModificationType="CHANGE_STATUS" ThroughOverride="Y"/>
    <Modification ModificationType="ADD_LINE" ThroughOverride="Y"/>
    <Modification ModificationType="CARRIER" ThroughOverride="Y"/>
    <Modification ModificationType="ADDITIONADDR" ThroughOverride="Y"/>
    <Modification ModificationType="SOLDTO" ThroughOverride="Y"/>
    <Modification ModificationType="REQ_SHIP_DATE" ThroughOverride="Y"/>
    <Modification ModificationType="PAYMENT_STATUS" ThroughOverride="Y"/>
    <Modification ModificationType="ADD_INSTRUCTION" ThroughOverride="Y"/>
    <Modification ModificationType="CHANGE_NOTE" ThroughOverride="Y"/>
    <Modification ModificationType="CARRIER_ACCOUNT_NO" ThroughOverride="Y"/>
    <Modification ModificationType="CHANGE_ORDER_DATE" ThroughOverride="Y"/>
    <Modification ModificationType="REMOVE_NOTE" ThroughOverride="Y"/>
    <Modification ModificationType="CHANGE_SCHEDULE" ThroughOverride="Y"/>
    <Modification ModificationType="HOLD" ThroughOverride="N"/>
    <Modification ModificationType="SPECIAL_SERVICE" ThroughOverride="Y"/>
    <Modification ModificationType="RULE_ID" ThroughOverride="N"/>
    <Modification ModificationType="PRICE" ThroughOverride="N"/>
    <Modification ModificationType="CARRIER_SERVICE_CODE" ThroughOverride="Y"/>
    <Modification ModificationType="PAYMENT_METHOD" ThroughOverride="Y"/>
    <Modification ModificationType="CHANGE_CUSTOM_ATTRIBUTES" ThroughOverride="Y"/>
    <Modification ModificationType="RELEASE" ThroughOverride="N"/>
    <Modification ModificationType="SHIP_NODE" ThroughOverride="Y"/>
    <Modification ModificationType="ANSWER_SET" ThroughOverride="Y"/>
    <Modification ModificationType="MARKFOR" ThroughOverride="Y"/>
    <Modification ModificationType="RECEIVING_NODE" ThroughOverride="Y"/>
    <Modification ModificationType="SHORT" ThroughOverride="Y"/>
    <Modification ModificationType="BUYER_USER_ID" ThroughOverride="Y"/>
    <Modification ModificationType="OTHERS" ThroughOverride="N"/>
    <Modification ModificationType="DELIVERY_CODE" ThroughOverride="Y"/>
    <Modification ModificationType="LEVEL_OF_SERVICE" ThroughOverride="Y"/>
    <Modification ModificationType="CANCEL" ThroughOverride="N"/>
    <Modification ModificationType="UNSCHEDULE" ThroughOverride="N"/>
    <Modification ModificationType="CHANGE_INSTRUCTION" ThroughOverride="Y"/>
    <Modification ModificationType="HOLD_TYPE" ThroughOverride="N"/>
    <Modification ModificationType="REFERENCES" ThroughOverride="Y"/>
  </AllowedModifications>
  <PriceInfo Currency="CLP" EnterpriseCurrency="CLP" ReportingConversionDate="2022-01-19T08:00:31+00:00" ReportingConversionRate="1.00" TotalAmount="17660.00"/>
  <OrderLines>
    <OrderLine AllocationDate="2022-01-20" ApptStatus="" AwaitingDeliveryRequest="N" CanAddServiceLines="N" CarrierAccountNo="" CarrierServiceCode="NextDay" CustomerLinePONo="" CustomerPONo="" DeliveryCode="" DeliveryMethod="SHP" DepartmentCode="" FreightTerms="" FulfillmentType="SHIP_TO_HOME" HasDeliveryLines="N" HasServiceLines="N" HoldFlag="N" HoldReasonCode="" ImportLicenseNo="" InvoicedQty="0" IsBundleParent="N" ItemGroupCode="PROD" KitCode="" LineSeqNo="1.1" LineType="" MaxLineStatus="1500" MaxLineStatusDesc="Scheduled" MinLineStatus="1500" MinLineStatusDesc="Scheduled" OpenQty="2" OrderHeaderKey="2022011908003168172864" OrderLineKey="2022011908005968173409" OrderedQty="2" OriginalOrderedQty="2" OtherCharges="0.00" PackListType="" PersonalizeCode="" PersonalizeFlag="" PickableFlag="Y" PrimeLineNo="1" Purpose="" RemainingQty="2" ReqShipDate="2022-01-20T05:00:00+00:00" ReservationID="SHP_CCC1004648" ReservationPool="" SCAC="" ScacAndService="" ScacAndServiceKey="" Segment="" SegmentType="" SerialNo="" ShipNode="466" ShipToID="00398015" ShipTogetherNo="" SplitQty="0" Status="Scheduled" StatusQuantity="2" SubLineNo="1" SubstituteItemID="" SubstituteItemUOM="" isHistory="N">
      <Item CostCurrency="" CountryOfOrigin="" CustomerItem="111160" CustomerItemDesc="Fluarix Tetra 2020 Vacuna Influenza" ECCNNo="" HarmonizedCode="" ISBN="" ItemDesc="Fluarix Tetra 2020 Vacuna Influenza" ItemID="111160" ItemShortDesc="Fluarix Tetra 2020 Vacuna contra Influenza 1 Jeringa" ItemWeight="10.00" ItemWeightUOM="GRAM" ManufacturerItem="" ManufacturerItemDesc="" ManufacturerName="" NMFCClass="" NMFCCode="" NMFCDescription="" ProductClass="REGULAR" ProductLine="" ScheduleBCode="" SupplierItem="" SupplierItemDesc="" TaxProductCode="" UPCCode="" UnitCost="0.00" UnitOfMeasure="EACH"/>
      <LinePriceInfo ActualPricingQty="2" DiscountPercentage="0.00" InvoicedPricingQty="0" IsPriceLocked="N" LineTotal="11580.00" ListPrice="0.00" OrderedPricingQty="2" PricingQtyConversionFactor="0" PricingUOM="EACH" RetailPrice="0.00" SettledAmount="0.00" SettledQuantity="0" TaxableFlag="Y" UnitPrice="5790.00"/>
      <OrderLineOptions/>
      <WorkOrders NumberOfWorkOrders="0"/>
      <Instructions NumberOfInstructions="0"/>
      <References/>
      <KitLines NumberOfKitLines="0"/>
      <ProductItems/>
      <AdditionalAddresses NumberOfAdditionalAddresses="0"/>
      <Notes NumberOfNotes="0"/>
      <ServiceAssociations/>
      <ProductAssociations/>
      <DeliveryAssociations/>
      <Schedules>
        <Schedule ExpectedDeliveryDate="2022-01-20T05:00:00+00:00" ExpectedShipmentDate="2022-01-20T05:00:00+00:00" OrderHeaderKey="2022011908003168172864" OrderLineKey="2022011908005968173409" OrderLineScheduleKey="202201190852012768173515" Quantity="2" ScheduleNo="3" TagNumber=""/>
      </Schedules>
      <LineOverallTotals Charges="0.00" Discount="0.00" ExtendedPrice="11580.00" LineTotal="11580.00" OptionPrice="0.00" PricingQty="2.00" Tax="0.00" UnitPrice="5790.00"/>
      <LineInvoicedTotals AdditionalLinePriceTotal="0.00" Charges="0.00" Discount="0.00" ExtendedPrice="0.00" LineTotal="0.00" OptionPrice="0.00" PricingQty="0.00" Tax="0.00" UnitPrice="0.00"/>
      <LineRemainingTotals AdditionalLinePriceTotal="0.00" Charges="0.00" Discount="0.00" ExtendedPrice="11580.00" LineTotal="11580.00" OptionPrice="0.00" PricingQty="2.00" Tax="0.00" UnitPrice="5790.00"/>
      <LineCharges/>
      <LineTaxes>
        <LineTax ChargeCategory="TAX" ChargeName="SALES_TAX" ChargeNameKey="20200217045213576867911" InvoicedTax="0.00" Reference_1="standard" Reference_2="" Reference_3="" RemainingTax="1849.00" Tax="1849.00" TaxName="SALES_TAX" TaxPercentage="0.19"/>
        <TaxSummary>
          <TaxSummaryDetail InvoicedTax="0.00" OverallTax="1849.00" RemainingTax="1849.00" TaxName="SALES_TAX"/>
        </TaxSummary>
      </LineTaxes>
      <OrderStatuses>
        <OrderStatus OrderHeaderKey="2022011908003168172864" OrderLineKey="2022011908005968173409" OrderLineScheduleKey="202201190852012768173515" OrderReleaseStatusKey="202201190827033168173828" PipelineKey="202004200522321016156546" ShipNode="466" Status="1500" StatusDate="2022-01-19T08:03:31+00:00" StatusDescription="Scheduled" StatusQty="2" TotalQuantity="2">
          <Details ExpectedDeliveryDate="2022-01-20T05:00:00+00:00" ExpectedShipmentDate="2022-01-20T05:00:00+00:00" TagNumber="">
            <KitDetails/>
          </Details>
        </OrderStatus>
      </OrderStatuses>
      <CapacityAllocations/>
    </OrderLine>
    <OrderLine AllocationDate="2022-01-20" ApptStatus="" AwaitingDeliveryRequest="N" CanAddServiceLines="N" CarrierAccountNo="" CarrierServiceCode="NextDay" CustomerLinePONo="" CustomerPONo="" DeliveryCode="" DeliveryMethod="SHP" DepartmentCode="" FreightTerms="" FulfillmentType="SHIP_TO_HOME" HasDeliveryLines="N" HasServiceLines="N" HoldFlag="N" HoldReasonCode="" ImportLicenseNo="" InvoicedQty="0" IsBundleParent="N" ItemGroupCode="PROD" KitCode="" LineSeqNo="2.1" LineType="" MaxLineStatus="1500" MaxLineStatusDesc="Scheduled" MinLineStatus="1500" MinLineStatusDesc="Scheduled" OpenQty="1" OrderHeaderKey="2022011908003168172864" OrderLineKey="2022011908005968173410" OrderedQty="1" OriginalOrderedQty="1" OtherCharges="0.00" PackListType="" PersonalizeCode="" PersonalizeFlag="" PickableFlag="Y" PrimeLineNo="2" Purpose="" RemainingQty="1" ReqShipDate="2022-01-20T05:00:00+00:00" ReservationID="SHP_CCC1004648" ReservationPool="" SCAC="" ScacAndService="" ScacAndServiceKey="" Segment="" SegmentType="" SerialNo="" ShipNode="466" ShipToID="00398015" ShipTogetherNo="" SplitQty="0" Status="Scheduled" StatusQuantity="1" SubLineNo="1" SubstituteItemID="" SubstituteItemUOM="" isHistory="N">
      <Item CostCurrency="" CountryOfOrigin="" CustomerItem="102417" CustomerItemDesc="Cerca de 48.000 pequeÃ±os tenderos en BogotÃ¡, que trabajan en tiendas de barrio, peluquerÃ­as, papelerÃ­as, miscelÃ¡neas y otros negocios que han ayudado prestando su servicio, estÃ¡n en crisis y necesitan nuestra mano solidaria. Por esta razÃ³n, la FundaciÃ³n Solidaridad por Chile, FENALCO, Cruz Verde, Fenaltiendas, Fundecomercio, tuboleta, ProbogotÃ¡ y Punto Red se unen a esta iniciativa." ECCNNo="" HarmonizedCode="" ISBN="" ItemDesc="Cerca de 48.000 pequeÃ±os tenderos en BogotÃ¡, que trabajan en tiendas de barrio, peluquerÃ­as, papelerÃ­as, miscelÃ¡neas y otros negocios que han ayudado prestando su servicio, estÃ¡n en crisis y necesitan nuestra mano solidaria. Por esta razÃ³n, la FundaciÃ³n Solidaridad por Chile, FENALCO, Cruz Verde, Fenaltiendas, Fundecomercio, tuboleta, ProbogotÃ¡ y Punto Red se unen a esta iniciativa." ItemID="102417" ItemShortDesc="DonaciÃ³n Coronaton â€“ FundaciÃ³n Solidaridad por Chile" ItemWeight="0.00" ItemWeightUOM="LBS" ManufacturerItem="" ManufacturerItemDesc="" ManufacturerName="FUNDACIÃ“N SOLIDARIDAD POR Chile" NMFCClass="" NMFCCode="" NMFCDescription="" ProductClass="REGULAR" ProductLine="" ScheduleBCode="" SupplierItem="" SupplierItemDesc="" TaxProductCode="" UPCCode="" UnitCost="0.00" UnitOfMeasure="EACH"/>
      <LinePriceInfo ActualPricingQty="1" DiscountPercentage="0.00" InvoicedPricingQty="0" IsPriceLocked="N" LineTotal="3090.00" ListPrice="0.00" OrderedPricingQty="1" PricingQtyConversionFactor="0" PricingUOM="EACH" RetailPrice="0.00" SettledAmount="0.00" SettledQuantity="0" TaxableFlag="Y" UnitPrice="3090.00"/>
      <OrderLineOptions/>
      <WorkOrders NumberOfWorkOrders="0"/>
      <Instructions NumberOfInstructions="0"/>
      <References/>
      <KitLines NumberOfKitLines="0"/>
      <ProductItems/>
      <AdditionalAddresses NumberOfAdditionalAddresses="0"/>
      <Notes NumberOfNotes="0"/>
      <ServiceAssociations/>
      <ProductAssociations/>
      <DeliveryAssociations/>
      <Schedules>
        <Schedule ExpectedDeliveryDate="2022-01-20T05:00:00+00:00" ExpectedShipmentDate="2022-01-20T05:00:00+00:00" OrderHeaderKey="2022011908003168172864" OrderLineKey="2022011908005968173410" OrderLineScheduleKey="202201190868012668173488" Quantity="1" ScheduleNo="3" TagNumber=""/>
      </Schedules>
      <LineOverallTotals Charges="0.00" Discount="0.00" ExtendedPrice="3090.00" LineTotal="3090.00" OptionPrice="0.00" PricingQty="1.00" Tax="0.00" UnitPrice="3090.00"/>
      <LineInvoicedTotals AdditionalLinePriceTotal="0.00" Charges="0.00" Discount="0.00" ExtendedPrice="0.00" LineTotal="0.00" OptionPrice="0.00" PricingQty="0.00" Tax="0.00" UnitPrice="0.00"/>
      <LineRemainingTotals AdditionalLinePriceTotal="0.00" Charges="0.00" Discount="0.00" ExtendedPrice="3090.00" LineTotal="3090.00" OptionPrice="0.00" PricingQty="1.00" Tax="0.00" UnitPrice="3090.00"/>
      <LineCharges/>
      <LineTaxes>
        <LineTax ChargeCategory="TAX" ChargeName="SALES_TAX" ChargeNameKey="20200217045213576867911" InvoicedTax="0.00" Reference_1="standard" Reference_2="" Reference_3="" RemainingTax="493.00" Tax="493.00" TaxName="SALES_TAX" TaxPercentage="0.19"/>
        <TaxSummary>
          <TaxSummaryDetail InvoicedTax="0.00" OverallTax="493.00" RemainingTax="493.00" TaxName="SALES_TAX"/>
        </TaxSummary>
      </LineTaxes>
      <OrderStatuses>
        <OrderStatus OrderHeaderKey="2022011908003168172864" OrderLineKey="2022011908005968173410" OrderLineScheduleKey="202201190868012668173488" OrderReleaseStatusKey="202201190873033168173826" PipelineKey="202004200522321016156546" ShipNode="466" Status="1500" StatusDate="2022-01-19T08:03:31+00:00" StatusDescription="Scheduled" StatusQty="1" TotalQuantity="1">
          <Details ExpectedDeliveryDate="2022-01-20T05:00:00+00:00" ExpectedShipmentDate="2022-01-20T05:00:00+00:00" TagNumber="">
            <KitDetails/>
          </Details>
        </OrderStatus>
      </OrderStatuses>
      <CapacityAllocations/>
    </OrderLine>
  </OrderLines>
  <Instructions NumberOfInstructions="0"/>
  <PersonInfoShipTo AddressLine1="Avenida Providencia 1144, Providencia, Chile" AddressLine2="" AddressLine3="" AddressLine4="Providencia" AddressLine5="" AddressLine6="" AlternateEmailID="" Beeper="" City="Providencia" Company="" Country="CL" DayFaxNo="" DayPhone="" Department="" EMailID="" EveningFaxNo="" EveningPhone="" FirstName="Sole" JobTitle="" LastName="Pruebas" MiddleName="" MobilePhone="" OtherPhone="" PersonID="" PersonInfoKey="2021111205145760313008" State="Región Metropolitana" Suffix="" Title="" ZipCode=""/>
  <PersonInfoBillTo AddressLine1="Avenida Providencia 1144, Providencia, Chile" AddressLine2="" AddressLine3="" AddressLine4="Providencia" AddressLine5="" AddressLine6="" AlternateEmailID="" Beeper="" City="Providencia" Company="" Country="CL" DayFaxNo="" DayPhone="" Department="" EMailID="correo@pruebas11.cl" EveningFaxNo="" EveningPhone="" FirstName="Sole" JobTitle="" LastName="Pruebas" MiddleName="" MobilePhone="" OtherPhone="" PersonID="" PersonInfoKey="2021111205095760312239" State="Región Metropolitana" Suffix="" Title="" ZipCode=""/>
  <AdditionalAddresses NumberOfAdditionalAddresses="0"/>
  <References>
    <Reference Name="MERCADOPAGO_PREFID" Value="488645542-a5c05724-9971-480e-ad86-a1b51b48ebaf"/>
    <Reference Name="BOLETA_ID" Value="14693402"/>
  </References>
  <PaymentMethods>
    <PaymentMethod CheckNo="" CheckReference="" CreditCardExpDate="102025" CreditCardName="Sole" CreditCardNo="371180" CreditCardType="AMEX" CustomerPONo="" DisplayCreditCardNo="7522" DisplayCustomerAccountNo="" DisplayPaymentReference1="" DisplaySvcNo="" FundsAvailable="0.00" GetFundsAvailableUserExitInvoked="N" PaymentReference1="" PaymentReference2="MPAGO_CREDIT" PaymentReference3="111111111" PaymentType="CREDIT_CARD"/>
  </PaymentMethods>
  <ChargeTransactionDetails AdditionalExpectedAuthorizations="0.00" TotalCredits="17660.00" TotalDebits="0.00" TotalOpenAuthorizations="0.00" TotalOpenBookings="17660.00" TotalTransferredIn="0.00" TotalTransferredOut="0.00">
    <ChargeTransactionDetail AuditTransactionID="" AuthorizationExpirationDate="2022-01-19T08:03:08+00:00" AuthorizationID="" BookAmount="0.00" ChargeTransactionKey="2022011908030868173806" ChargeType="CHARGE" CollectionDate="2022-01-19T08:03:08+00:00" CreditAmount="17660.00" DebitAmount="0.00" DistributedAmount="0.00" HoldAgainstBook="Y" OpenAuthorizedAmount="0.00" OrderHeaderKey="2022011908003168172864" OrderInvoiceKey="" PaymentKey="202201190888030868173805" RequestAmount="17660.00" SettledAmount="0.00" Status="CHECKED" TransactionDate="2022-01-19T08:03:13+00:00" TransferFromOhKey="" TransferToOhKey="" UserExitStatus="">
      <InvoiceCollectionDetails/>
      <CreditCardTransactions/>
      <TransferToOrder/>
      <TransferFromOrder/>
    </ChargeTransactionDetail>
    <ChargeTransactionDetail AuditTransactionID="" AuthorizationExpirationDate="2022-01-19T08:03:10+00:00" AuthorizationID="" BookAmount="17660.00" ChargeTransactionKey="2022011908031068173807" ChargeType="CREATE_ORDER" CollectionDate="2022-01-19T08:03:10+00:00" CreditAmount="0.00" DebitAmount="0.00" DistributedAmount="0.00" HoldAgainstBook="" OpenAuthorizedAmount="0.00" OrderHeaderKey="2022011908003168172864" OrderInvoiceKey="" PaymentKey="" RequestAmount="0.00" SettledAmount="0.00" Status="CHECKED" TransactionDate="2022-01-19T08:03:13+00:00" TransferFromOhKey="" TransferToOhKey="" UserExitStatus="">
      <InvoiceCollectionDetails/>
      <CreditCardTransactions/>
      <TransferToOrder/>
      <TransferFromOrder/>
    </ChargeTransactionDetail>
  </ChargeTransactionDetails>
  <ProductServiceAssocs/>
  <OverallTotals GrandCharges="2990.00" GrandDiscount="0.00" GrandTax="0.00" GrandTotal="17660.00" HdrCharges="2990.00" HdrDiscount="0.00" HdrTax="0.00" HdrTotal="2990.00" LineSubTotal="14670.00"/>
  <InvoicedTotals GrandCharges="0.00" GrandDiscount="0.00" GrandTax="0.00" GrandTotal="0.00" HdrCharges="0.00" HdrDiscount="0.00" HdrTax="0.00" HdrTotal="0.00" LineSubTotal="0.00"/>
  <RemainingTotals GrandCharges="2990.00" GrandDiscount="0.00" GrandTax="0.00" GrandTotal="17660.00" HdrCharges="2990.00" HdrDiscount="0.00" HdrTax="0.00" HdrTotal="2990.00" LineSubTotal="14670.00"/>
  <HeaderCharges>
    <HeaderCharge ChargeAmount="2990.00" ChargeCategory="SHIPPING" ChargeName="SHIPPING_CHARGE" ChargeNameKey="201911051207401838388" InvoicedChargeAmount="0.00" IsBillable="Y" IsDiscount="N" Reference="" RemainingChargeAmount="2990.00"/>
    <HeaderCharge ChargeAmount="0.00" ChargeCategory="DISCOUNT" ChargeName="SHIP_DISCOUNT" ChargeNameKey="201911051206481838382" InvoicedChargeAmount="0.00" IsBillable="Y" IsDiscount="Y" Reference="" RemainingChargeAmount="0.00"/>
  </HeaderCharges>
  <HeaderTaxes>
    <HeaderTax ChargeCategory="TAX" ChargeName="SHIPPING_TAX" ChargeNameKey="20200217045236576870517" InvoicedTax="0.00" Reference_1="" Reference_2="" Reference_3="" RemainingTax="477.00" Tax="477.00" TaxName="SHIPPING_TAX" TaxPercentage="0.00" TaxableFlag="N"/>
    <TaxSummary>
      <TaxSummaryDetail InvoicedTax="0.00" OverallTax="477.00" RemainingTax="477.00" TaxName="SHIPPING_TAX"/>
    </TaxSummary>
  </HeaderTaxes>
  <OrderStatuses>
    <OrderStatus OrderHeaderKey="2022011908003168172864" OrderLineKey="2022011908005968173409" OrderLineScheduleKey="202201190852012768173515" OrderReleaseStatusKey="202201190827033168173828" PipelineKey="202004200522321016156546" ShipNode="466" Status="1500" StatusDate="2022-01-19T08:03:31+00:00" StatusDescription="Scheduled" StatusQty="2" TotalQuantity="2">
      <Details ExpectedDeliveryDate="2022-01-20T05:00:00+00:00" ExpectedShipmentDate="2022-01-20T05:00:00+00:00" TagNumber=""/>
    </OrderStatus>
    <OrderStatus OrderHeaderKey="2022011908003168172864" OrderLineKey="2022011908005968173410" OrderLineScheduleKey="202201190868012668173488" OrderReleaseStatusKey="202201190873033168173826" PipelineKey="202004200522321016156546" ShipNode="466" Status="1500" StatusDate="2022-01-19T08:03:31+00:00" StatusDescription="Scheduled" StatusQty="1" TotalQuantity="1">
      <Details ExpectedDeliveryDate="2022-01-20T05:00:00+00:00" ExpectedShipmentDate="2022-01-20T05:00:00+00:00" TagNumber=""/>
    </OrderStatus>
  </OrderStatuses>
  <ExchangeOrders/>
</Order>

[INFO]-[2022-01-19 13:33:44.303]-[TestNG-test=OMS-1]-[requestCreationInOMS]-[RequestHelper.java:140]-Pre-condition for Test: getOrderDetails
[INFO]-[2022-01-19 13:33:44.305]-[TestNG-test=OMS-1]-[sendAPIRequest]-[RestAssuredRequest.java:20]-Calling POST request with end point : https://localhost:9443/smcfs/restapi/invoke/getOrderDetails
io.restassured.internal.RequestSpecificationImpl@6d02675d
io.restassured.internal.RestAssuredResponseImpl@321ab38e
[INFO]-[2022-01-19 13:33:45.165]-[TestNG-test=OMS-1]-[logRequestResponse]-[RequestPayload.java:171]-API Request sent : 
[INFO]-[2022-01-19 13:33:45.167]-[TestNG-test=OMS-1]-[logRequestResponse]-[RequestPayload.java:172]-Request method:	POST
Request URI:	https://localhost:9443/smcfs/restapi/invoke/getOrderDetails
Proxy:			<none>
Request params:	<none>
Query params:	<none>
Form params:	<none>
Path params:	<none>
Headers:		Accept=application/xml
				Authorization=Basic YWRtaW46cGFzc3dvcmQ=
				Content-Type=application/xml
Cookies:		<none>
Multiparts:		<none>
Body:
<Order DocumentType="0001" EnterpriseCode="FCVChile" OrderHeaderKey="" OrderNo="CCC1004648"/>

[INFO]-[2022-01-19 13:33:45.168]-[TestNG-test=OMS-1]-[logRequestResponse]-[RequestPayload.java:174]-API Response received : 
[INFO]-[2022-01-19 13:33:45.169]-[TestNG-test=OMS-1]-[logRequestResponse]-[RequestPayload.java:175]-HTTP/1.1 200 OK
X-FRAME-OPTIONS: SAMEORIGIN
X-UA-Compatible: IE=EmulateIE8
Access-Control-Max-Age: 3600
Access-Control-Allow-Credentials: true
Access-Control-Allow-Origin: *
Content-Type: application/xml; charset=UTF-8
Content-Encoding: gzip
Content-Language: en-US
Content-Length: 4486
Date: Wed, 19 Jan 2022 08:03:45 GMT

<Order AllocationRuleID="DIF_SCH" AuthorizationExpirationDate="2022-01-19T08:03:31+00:00" BillToID="00398015" CarrierAccountNo="" CarrierServiceCode="" ChainType="" ChargeActualFreightFlag="N" CustCustPONo="" CustomerEMailID="correo@pruebas11.cl" CustomerPONo="" DeliveryCode="" Division="" DocumentType="0001" DraftOrderFlag="N" EnterpriseCode="FCVChile" EntryType="Call Center" FreightTerms="" HasDeliveryLines="N" HasProductLines="Y" HasServiceLines="N" HoldFlag="N" HoldReasonCode="" MaxOrderStatus="3200" MaxOrderStatusDesc="Released to store" MinOrderStatus="3200" MinOrderStatusDesc="Released to store" NotifyAfterShipmentFlag="N" OrderDate="2022-01-19T08:00:31+00:00" OrderHeaderKey="2022011908003168172864" OrderName="" OrderNo="CCC1004648" OrderType="SHP" OriginalTax="0.00" OriginalTotalAmount="17660.00" OtherCharges="2990.00" PaymentStatus="AUTHORIZED" PendingTransferIn="0.00" PersonalizeCode="" PriorityCode="" PriorityNumber="0" Purpose="" ReturnByGiftRecipient="" SCAC="" ScacAndService="" ScacAndServiceKey="" SearchCriteria1="" SearchCriteria2="" SellerOrganizationCode="FCV" ShipToID="00398015" Status="Released to store" TaxExemptFlag="N" TaxExemptionCertificate="" TaxJurisdiction="" TaxPayerId="" TermsCode="" TotalAdjustmentAmount="0.00" isHistory="N">
  <AllowedModifications>
    <Modification ModificationType="REMOVE_PROMOTION" ThroughOverride="Y"/>
    <Modification ModificationType="ORDER_NAME" ThroughOverride="Y"/>
    <Modification ModificationType="CONTACT_INFO" ThroughOverride="Y"/>
    <Modification ModificationType="CHANGE_ITERATION" ThroughOverride="Y"/>
    <Modification ModificationType="BILLTO" ThroughOverride="Y"/>
    <Modification ModificationType="TAX" ThroughOverride="N"/>
    <Modification ModificationType="CHANGE_PROMOTION" ThroughOverride="Y"/>
    <Modification ModificationType="FREIGHT_TERMS" ThroughOverride="Y"/>
    <Modification ModificationType="ADD_NOTE" ThroughOverride="N"/>
    <Modification ModificationType="CHANGE_STATUS" ThroughOverride="Y"/>
    <Modification ModificationType="ADD_LINE" ThroughOverride="Y"/>
    <Modification ModificationType="CARRIER" ThroughOverride="Y"/>
    <Modification ModificationType="ADDITIONADDR" ThroughOverride="Y"/>
    <Modification ModificationType="SOLDTO" ThroughOverride="Y"/>
    <Modification ModificationType="REQ_SHIP_DATE" ThroughOverride="Y"/>
    <Modification ModificationType="PAYMENT_STATUS" ThroughOverride="Y"/>
    <Modification ModificationType="ADD_INSTRUCTION" ThroughOverride="Y"/>
    <Modification ModificationType="CHANGE_NOTE" ThroughOverride="Y"/>
    <Modification ModificationType="CARRIER_ACCOUNT_NO" ThroughOverride="Y"/>
    <Modification ModificationType="CHANGE_ORDER_DATE" ThroughOverride="Y"/>
    <Modification ModificationType="REMOVE_NOTE" ThroughOverride="Y"/>
    <Modification ModificationType="CHANGE_SCHEDULE" ThroughOverride="Y"/>
    <Modification ModificationType="HOLD" ThroughOverride="N"/>
    <Modification ModificationType="SPECIAL_SERVICE" ThroughOverride="Y"/>
    <Modification ModificationType="RULE_ID" ThroughOverride="Y"/>
    <Modification ModificationType="PRICE" ThroughOverride="N"/>
    <Modification ModificationType="CARRIER_SERVICE_CODE" ThroughOverride="Y"/>
    <Modification ModificationType="PAYMENT_METHOD" ThroughOverride="Y"/>
    <Modification ModificationType="CHANGE_CUSTOM_ATTRIBUTES" ThroughOverride="Y"/>
    <Modification ModificationType="RELEASE" ThroughOverride="Y"/>
    <Modification ModificationType="SHIP_NODE" ThroughOverride="Y"/>
    <Modification ModificationType="ANSWER_SET" ThroughOverride="Y"/>
    <Modification ModificationType="MARKFOR" ThroughOverride="Y"/>
    <Modification ModificationType="RECEIVING_NODE" ThroughOverride="Y"/>
    <Modification ModificationType="SHORT" ThroughOverride="N"/>
    <Modification ModificationType="BUYER_USER_ID" ThroughOverride="Y"/>
    <Modification ModificationType="OTHERS" ThroughOverride="N"/>
    <Modification ModificationType="DELIVERY_CODE" ThroughOverride="Y"/>
    <Modification ModificationType="LEVEL_OF_SERVICE" ThroughOverride="Y"/>
    <Modification ModificationType="CANCEL" ThroughOverride="N"/>
    <Modification ModificationType="UNSCHEDULE" ThroughOverride="Y"/>
    <Modification ModificationType="CHANGE_INSTRUCTION" ThroughOverride="Y"/>
    <Modification ModificationType="HOLD_TYPE" ThroughOverride="N"/>
    <Modification ModificationType="REFERENCES" ThroughOverride="N"/>
  </AllowedModifications>
  <PriceInfo Currency="CLP" EnterpriseCurrency="CLP" ReportingConversionDate="2022-01-19T08:00:31+00:00" ReportingConversionRate="1.00" TotalAmount="17660.00"/>
  <OrderLines>
    <OrderLine AllocationDate="2022-01-20" ApptStatus="" AwaitingDeliveryRequest="N" CanAddServiceLines="N" CarrierAccountNo="" CarrierServiceCode="NextDay" CustomerLinePONo="" CustomerPONo="" DeliveryCode="" DeliveryMethod="SHP" DepartmentCode="" FreightTerms="" FulfillmentType="SHIP_TO_HOME" HasDeliveryLines="N" HasServiceLines="N" HoldFlag="N" HoldReasonCode="" ImportLicenseNo="" InvoicedQty="0" IsBundleParent="N" ItemGroupCode="PROD" KitCode="" LineSeqNo="1.1" LineType="" MaxLineStatus="3200" MaxLineStatusDesc="Released to store" MinLineStatus="3200" MinLineStatusDesc="Released to store" OpenQty="2" OrderHeaderKey="2022011908003168172864" OrderLineKey="2022011908005968173409" OrderedQty="2" OriginalOrderedQty="2" OtherCharges="0.00" PackListType="" PersonalizeCode="" PersonalizeFlag="" PickableFlag="Y" PrimeLineNo="1" Purpose="" RemainingQty="2" ReqShipDate="2022-01-20T05:00:00+00:00" ReservationID="SHP_CCC1004648" ReservationPool="" SCAC="" ScacAndService="" ScacAndServiceKey="" Segment="" SegmentType="" SerialNo="" ShipNode="466" ShipToID="00398015" ShipTogetherNo="" SplitQty="0" Status="Released to store" StatusQuantity="2" SubLineNo="1" SubstituteItemID="" SubstituteItemUOM="" isHistory="N">
      <Item CostCurrency="" CountryOfOrigin="" CustomerItem="111160" CustomerItemDesc="Fluarix Tetra 2020 Vacuna Influenza" ECCNNo="" HarmonizedCode="" ISBN="" ItemDesc="Fluarix Tetra 2020 Vacuna Influenza" ItemID="111160" ItemShortDesc="Fluarix Tetra 2020 Vacuna contra Influenza 1 Jeringa" ItemWeight="10.00" ItemWeightUOM="GRAM" ManufacturerItem="" ManufacturerItemDesc="" ManufacturerName="" NMFCClass="" NMFCCode="" NMFCDescription="" ProductClass="REGULAR" ProductLine="" ScheduleBCode="" SupplierItem="" SupplierItemDesc="" TaxProductCode="" UPCCode="" UnitCost="0.00" UnitOfMeasure="EACH"/>
      <LinePriceInfo ActualPricingQty="2" DiscountPercentage="0.00" InvoicedPricingQty="0" IsPriceLocked="N" LineTotal="11580.00" ListPrice="0.00" OrderedPricingQty="2" PricingQtyConversionFactor="0" PricingUOM="EACH" RetailPrice="0.00" SettledAmount="0.00" SettledQuantity="0" TaxableFlag="Y" UnitPrice="5790.00"/>
      <OrderLineOptions/>
      <WorkOrders NumberOfWorkOrders="0"/>
      <Instructions NumberOfInstructions="0"/>
      <References/>
      <KitLines NumberOfKitLines="0"/>
      <ProductItems/>
      <AdditionalAddresses NumberOfAdditionalAddresses="0"/>
      <Notes NumberOfNotes="0"/>
      <ServiceAssociations/>
      <ProductAssociations/>
      <DeliveryAssociations/>
      <Schedules>
        <Schedule ExpectedDeliveryDate="2022-01-20T05:00:00+00:00" ExpectedShipmentDate="2022-01-20T05:00:00+00:00" OrderHeaderKey="2022011908003168172864" OrderLineKey="2022011908005968173409" OrderLineScheduleKey="202201190852012768173515" Quantity="2" ScheduleNo="3" TagNumber=""/>
      </Schedules>
      <LineOverallTotals Charges="0.00" Discount="0.00" ExtendedPrice="11580.00" LineTotal="11580.00" OptionPrice="0.00" PricingQty="2.00" Tax="0.00" UnitPrice="5790.00"/>
      <LineInvoicedTotals AdditionalLinePriceTotal="0.00" Charges="0.00" Discount="0.00" ExtendedPrice="0.00" LineTotal="0.00" OptionPrice="0.00" PricingQty="0.00" Tax="0.00" UnitPrice="0.00"/>
      <LineRemainingTotals AdditionalLinePriceTotal="0.00" Charges="0.00" Discount="0.00" ExtendedPrice="11580.00" LineTotal="11580.00" OptionPrice="0.00" PricingQty="2.00" Tax="0.00" UnitPrice="5790.00"/>
      <LineCharges/>
      <LineTaxes>
        <LineTax ChargeCategory="TAX" ChargeName="SALES_TAX" ChargeNameKey="20200217045213576867911" InvoicedTax="0.00" Reference_1="standard" Reference_2="" Reference_3="" RemainingTax="1849.00" Tax="1849.00" TaxName="SALES_TAX" TaxPercentage="0.19"/>
        <TaxSummary>
          <TaxSummaryDetail InvoicedTax="0.00" OverallTax="1849.00" RemainingTax="1849.00" TaxName="SALES_TAX"/>
        </TaxSummary>
      </LineTaxes>
      <OrderStatuses>
        <OrderStatus OrderHeaderKey="2022011908003168172864" OrderLineKey="2022011908005968173409" OrderLineScheduleKey="202201190852012768173515" OrderReleaseKey="2022011908033668173837" OrderReleaseStatusKey="202201190849033668173840" PipelineKey="202004200522321016156546" ShipNode="466" Status="3200" StatusDate="2022-01-19T08:03:36+00:00" StatusDescription="Released to store" StatusQty="2" TotalQuantity="2">
          <Details ExpectedDeliveryDate="2022-01-20T05:00:00+00:00" ExpectedShipmentDate="2022-01-20T05:00:00+00:00" TagNumber="">
            <KitDetails/>
          </Details>
        </OrderStatus>
      </OrderStatuses>
      <CapacityAllocations/>
    </OrderLine>
    <OrderLine AllocationDate="2022-01-20" ApptStatus="" AwaitingDeliveryRequest="N" CanAddServiceLines="N" CarrierAccountNo="" CarrierServiceCode="NextDay" CustomerLinePONo="" CustomerPONo="" DeliveryCode="" DeliveryMethod="SHP" DepartmentCode="" FreightTerms="" FulfillmentType="SHIP_TO_HOME" HasDeliveryLines="N" HasServiceLines="N" HoldFlag="N" HoldReasonCode="" ImportLicenseNo="" InvoicedQty="0" IsBundleParent="N" ItemGroupCode="PROD" KitCode="" LineSeqNo="2.1" LineType="" MaxLineStatus="3200" MaxLineStatusDesc="Released to store" MinLineStatus="3200" MinLineStatusDesc="Released to store" OpenQty="1" OrderHeaderKey="2022011908003168172864" OrderLineKey="2022011908005968173410" OrderedQty="1" OriginalOrderedQty="1" OtherCharges="0.00" PackListType="" PersonalizeCode="" PersonalizeFlag="" PickableFlag="Y" PrimeLineNo="2" Purpose="" RemainingQty="1" ReqShipDate="2022-01-20T05:00:00+00:00" ReservationID="SHP_CCC1004648" ReservationPool="" SCAC="" ScacAndService="" ScacAndServiceKey="" Segment="" SegmentType="" SerialNo="" ShipNode="466" ShipToID="00398015" ShipTogetherNo="" SplitQty="0" Status="Released to store" StatusQuantity="1" SubLineNo="1" SubstituteItemID="" SubstituteItemUOM="" isHistory="N">
      <Item CostCurrency="" CountryOfOrigin="" CustomerItem="102417" CustomerItemDesc="Cerca de 48.000 pequeÃ±os tenderos en BogotÃ¡, que trabajan en tiendas de barrio, peluquerÃ­as, papelerÃ­as, miscelÃ¡neas y otros negocios que han ayudado prestando su servicio, estÃ¡n en crisis y necesitan nuestra mano solidaria. Por esta razÃ³n, la FundaciÃ³n Solidaridad por Chile, FENALCO, Cruz Verde, Fenaltiendas, Fundecomercio, tuboleta, ProbogotÃ¡ y Punto Red se unen a esta iniciativa." ECCNNo="" HarmonizedCode="" ISBN="" ItemDesc="Cerca de 48.000 pequeÃ±os tenderos en BogotÃ¡, que trabajan en tiendas de barrio, peluquerÃ­as, papelerÃ­as, miscelÃ¡neas y otros negocios que han ayudado prestando su servicio, estÃ¡n en crisis y necesitan nuestra mano solidaria. Por esta razÃ³n, la FundaciÃ³n Solidaridad por Chile, FENALCO, Cruz Verde, Fenaltiendas, Fundecomercio, tuboleta, ProbogotÃ¡ y Punto Red se unen a esta iniciativa." ItemID="102417" ItemShortDesc="DonaciÃ³n Coronaton â€“ FundaciÃ³n Solidaridad por Chile" ItemWeight="0.00" ItemWeightUOM="LBS" ManufacturerItem="" ManufacturerItemDesc="" ManufacturerName="FUNDACIÃ“N SOLIDARIDAD POR Chile" NMFCClass="" NMFCCode="" NMFCDescription="" ProductClass="REGULAR" ProductLine="" ScheduleBCode="" SupplierItem="" SupplierItemDesc="" TaxProductCode="" UPCCode="" UnitCost="0.00" UnitOfMeasure="EACH"/>
      <LinePriceInfo ActualPricingQty="1" DiscountPercentage="0.00" InvoicedPricingQty="0" IsPriceLocked="N" LineTotal="3090.00" ListPrice="0.00" OrderedPricingQty="1" PricingQtyConversionFactor="0" PricingUOM="EACH" RetailPrice="0.00" SettledAmount="0.00" SettledQuantity="0" TaxableFlag="Y" UnitPrice="3090.00"/>
      <OrderLineOptions/>
      <WorkOrders NumberOfWorkOrders="0"/>
      <Instructions NumberOfInstructions="0"/>
      <References/>
      <KitLines NumberOfKitLines="0"/>
      <ProductItems/>
      <AdditionalAddresses NumberOfAdditionalAddresses="0"/>
      <Notes NumberOfNotes="0"/>
      <ServiceAssociations/>
      <ProductAssociations/>
      <DeliveryAssociations/>
      <Schedules>
        <Schedule ExpectedDeliveryDate="2022-01-20T05:00:00+00:00" ExpectedShipmentDate="2022-01-20T05:00:00+00:00" OrderHeaderKey="2022011908003168172864" OrderLineKey="2022011908005968173410" OrderLineScheduleKey="202201190868012668173488" Quantity="1" ScheduleNo="3" TagNumber=""/>
      </Schedules>
      <LineOverallTotals Charges="0.00" Discount="0.00" ExtendedPrice="3090.00" LineTotal="3090.00" OptionPrice="0.00" PricingQty="1.00" Tax="0.00" UnitPrice="3090.00"/>
      <LineInvoicedTotals AdditionalLinePriceTotal="0.00" Charges="0.00" Discount="0.00" ExtendedPrice="0.00" LineTotal="0.00" OptionPrice="0.00" PricingQty="0.00" Tax="0.00" UnitPrice="0.00"/>
      <LineRemainingTotals AdditionalLinePriceTotal="0.00" Charges="0.00" Discount="0.00" ExtendedPrice="3090.00" LineTotal="3090.00" OptionPrice="0.00" PricingQty="1.00" Tax="0.00" UnitPrice="3090.00"/>
      <LineCharges/>
      <LineTaxes>
        <LineTax ChargeCategory="TAX" ChargeName="SALES_TAX" ChargeNameKey="20200217045213576867911" InvoicedTax="0.00" Reference_1="standard" Reference_2="" Reference_3="" RemainingTax="493.00" Tax="493.00" TaxName="SALES_TAX" TaxPercentage="0.19"/>
        <TaxSummary>
          <TaxSummaryDetail InvoicedTax="0.00" OverallTax="493.00" RemainingTax="493.00" TaxName="SALES_TAX"/>
        </TaxSummary>
      </LineTaxes>
      <OrderStatuses>
        <OrderStatus OrderHeaderKey="2022011908003168172864" OrderLineKey="2022011908005968173410" OrderLineScheduleKey="202201190868012668173488" OrderReleaseKey="2022011908033668173837" OrderReleaseStatusKey="202201190828033668173838" PipelineKey="202004200522321016156546" ShipNode="466" Status="3200" StatusDate="2022-01-19T08:03:36+00:00" StatusDescription="Released to store" StatusQty="1" TotalQuantity="1">
          <Details ExpectedDeliveryDate="2022-01-20T05:00:00+00:00" ExpectedShipmentDate="2022-01-20T05:00:00+00:00" TagNumber="">
            <KitDetails/>
          </Details>
        </OrderStatus>
      </OrderStatuses>
      <CapacityAllocations/>
    </OrderLine>
  </OrderLines>
  <Instructions NumberOfInstructions="0"/>
  <PersonInfoShipTo AddressLine1="Avenida Providencia 1144, Providencia, Chile" AddressLine2="" AddressLine3="" AddressLine4="Providencia" AddressLine5="" AddressLine6="" AlternateEmailID="" Beeper="" City="Providencia" Company="" Country="CL" DayFaxNo="" DayPhone="" Department="" EMailID="" EveningFaxNo="" EveningPhone="" FirstName="Sole" JobTitle="" LastName="Pruebas" MiddleName="" MobilePhone="" OtherPhone="" PersonID="" PersonInfoKey="2021111205145760313008" State="Región Metropolitana" Suffix="" Title="" ZipCode=""/>
  <PersonInfoBillTo AddressLine1="Avenida Providencia 1144, Providencia, Chile" AddressLine2="" AddressLine3="" AddressLine4="Providencia" AddressLine5="" AddressLine6="" AlternateEmailID="" Beeper="" City="Providencia" Company="" Country="CL" DayFaxNo="" DayPhone="" Department="" EMailID="correo@pruebas11.cl" EveningFaxNo="" EveningPhone="" FirstName="Sole" JobTitle="" LastName="Pruebas" MiddleName="" MobilePhone="" OtherPhone="" PersonID="" PersonInfoKey="2021111205095760312239" State="Región Metropolitana" Suffix="" Title="" ZipCode=""/>
  <AdditionalAddresses NumberOfAdditionalAddresses="0"/>
  <References>
    <Reference Name="MERCADOPAGO_PREFID" Value="488645542-a5c05724-9971-480e-ad86-a1b51b48ebaf"/>
    <Reference Name="BOLETA_ID" Value="14693402"/>
  </References>
  <PaymentMethods>
    <PaymentMethod CheckNo="" CheckReference="" CreditCardExpDate="102025" CreditCardName="Sole" CreditCardNo="371180" CreditCardType="AMEX" CustomerPONo="" DisplayCreditCardNo="7522" DisplayCustomerAccountNo="" DisplayPaymentReference1="" DisplaySvcNo="" FundsAvailable="0.00" GetFundsAvailableUserExitInvoked="N" PaymentReference1="" PaymentReference2="MPAGO_CREDIT" PaymentReference3="111111111" PaymentType="CREDIT_CARD"/>
  </PaymentMethods>
  <ChargeTransactionDetails AdditionalExpectedAuthorizations="0.00" TotalCredits="17660.00" TotalDebits="0.00" TotalOpenAuthorizations="0.00" TotalOpenBookings="17660.00" TotalTransferredIn="0.00" TotalTransferredOut="0.00">
    <ChargeTransactionDetail AuditTransactionID="" AuthorizationExpirationDate="2022-01-19T08:03:08+00:00" AuthorizationID="" BookAmount="0.00" ChargeTransactionKey="2022011908030868173806" ChargeType="CHARGE" CollectionDate="2022-01-19T08:03:08+00:00" CreditAmount="17660.00" DebitAmount="0.00" DistributedAmount="0.00" HoldAgainstBook="Y" OpenAuthorizedAmount="0.00" OrderHeaderKey="2022011908003168172864" OrderInvoiceKey="" PaymentKey="202201190888030868173805" RequestAmount="17660.00" SettledAmount="0.00" Status="CHECKED" TransactionDate="2022-01-19T08:03:13+00:00" TransferFromOhKey="" TransferToOhKey="" UserExitStatus="">
      <InvoiceCollectionDetails/>
      <CreditCardTransactions/>
      <TransferToOrder/>
      <TransferFromOrder/>
    </ChargeTransactionDetail>
    <ChargeTransactionDetail AuditTransactionID="" AuthorizationExpirationDate="2022-01-19T08:03:10+00:00" AuthorizationID="" BookAmount="17660.00" ChargeTransactionKey="2022011908031068173807" ChargeType="CREATE_ORDER" CollectionDate="2022-01-19T08:03:10+00:00" CreditAmount="0.00" DebitAmount="0.00" DistributedAmount="0.00" HoldAgainstBook="" OpenAuthorizedAmount="0.00" OrderHeaderKey="2022011908003168172864" OrderInvoiceKey="" PaymentKey="" RequestAmount="0.00" SettledAmount="0.00" Status="CHECKED" TransactionDate="2022-01-19T08:03:13+00:00" TransferFromOhKey="" TransferToOhKey="" UserExitStatus="">
      <InvoiceCollectionDetails/>
      <CreditCardTransactions/>
      <TransferToOrder/>
      <TransferFromOrder/>
    </ChargeTransactionDetail>
  </ChargeTransactionDetails>
  <ProductServiceAssocs/>
  <OverallTotals GrandCharges="2990.00" GrandDiscount="0.00" GrandTax="0.00" GrandTotal="17660.00" HdrCharges="2990.00" HdrDiscount="0.00" HdrTax="0.00" HdrTotal="2990.00" LineSubTotal="14670.00"/>
  <InvoicedTotals GrandCharges="0.00" GrandDiscount="0.00" GrandTax="0.00" GrandTotal="0.00" HdrCharges="0.00" HdrDiscount="0.00" HdrTax="0.00" HdrTotal="0.00" LineSubTotal="0.00"/>
  <RemainingTotals GrandCharges="2990.00" GrandDiscount="0.00" GrandTax="0.00" GrandTotal="17660.00" HdrCharges="2990.00" HdrDiscount="0.00" HdrTax="0.00" HdrTotal="2990.00" LineSubTotal="14670.00"/>
  <HeaderCharges>
    <HeaderCharge ChargeAmount="2990.00" ChargeCategory="SHIPPING" ChargeName="SHIPPING_CHARGE" ChargeNameKey="201911051207401838388" InvoicedChargeAmount="0.00" IsBillable="Y" IsDiscount="N" Reference="" RemainingChargeAmount="2990.00"/>
    <HeaderCharge ChargeAmount="0.00" ChargeCategory="DISCOUNT" ChargeName="SHIP_DISCOUNT" ChargeNameKey="201911051206481838382" InvoicedChargeAmount="0.00" IsBillable="Y" IsDiscount="Y" Reference="" RemainingChargeAmount="0.00"/>
  </HeaderCharges>
  <HeaderTaxes>
    <HeaderTax ChargeCategory="TAX" ChargeName="SHIPPING_TAX" ChargeNameKey="20200217045236576870517" InvoicedTax="0.00" Reference_1="" Reference_2="" Reference_3="" RemainingTax="477.00" Tax="477.00" TaxName="SHIPPING_TAX" TaxPercentage="0.00" TaxableFlag="N"/>
    <TaxSummary>
      <TaxSummaryDetail InvoicedTax="0.00" OverallTax="477.00" RemainingTax="477.00" TaxName="SHIPPING_TAX"/>
    </TaxSummary>
  </HeaderTaxes>
  <OrderStatuses>
    <OrderStatus OrderHeaderKey="2022011908003168172864" OrderLineKey="2022011908005968173409" OrderLineScheduleKey="202201190852012768173515" OrderReleaseKey="2022011908033668173837" OrderReleaseStatusKey="202201190849033668173840" PipelineKey="202004200522321016156546" ShipNode="466" Status="3200" StatusDate="2022-01-19T08:03:36+00:00" StatusDescription="Released to store" StatusQty="2" TotalQuantity="2">
      <Details ExpectedDeliveryDate="2022-01-20T05:00:00+00:00" ExpectedShipmentDate="2022-01-20T05:00:00+00:00" TagNumber=""/>
    </OrderStatus>
    <OrderStatus OrderHeaderKey="2022011908003168172864" OrderLineKey="2022011908005968173410" OrderLineScheduleKey="202201190868012668173488" OrderReleaseKey="2022011908033668173837" OrderReleaseStatusKey="202201190828033668173838" PipelineKey="202004200522321016156546" ShipNode="466" Status="3200" StatusDate="2022-01-19T08:03:36+00:00" StatusDescription="Released to store" StatusQty="1" TotalQuantity="1">
      <Details ExpectedDeliveryDate="2022-01-20T05:00:00+00:00" ExpectedShipmentDate="2022-01-20T05:00:00+00:00" TagNumber=""/>
    </OrderStatus>
  </OrderStatuses>
  <ExchangeOrders/>
</Order>

[INFO]-[2022-01-19 13:33:45.460]-[TestNG-test=OMS-1]-[requestCreationInOMS]-[RequestHelper.java:140]-Pre-condition for Test: getOrderDetails
[INFO]-[2022-01-19 13:33:45.462]-[TestNG-test=OMS-1]-[sendAPIRequest]-[RestAssuredRequest.java:20]-Calling POST request with end point : https://localhost:9443/smcfs/restapi/invoke/getOrderDetails
io.restassured.internal.RequestSpecificationImpl@784b35ea
io.restassured.internal.RestAssuredResponseImpl@5ef70be3
[INFO]-[2022-01-19 13:33:46.393]-[TestNG-test=OMS-1]-[logRequestResponse]-[RequestPayload.java:171]-API Request sent : 
[INFO]-[2022-01-19 13:33:46.394]-[TestNG-test=OMS-1]-[logRequestResponse]-[RequestPayload.java:172]-Request method:	POST
Request URI:	https://localhost:9443/smcfs/restapi/invoke/getOrderDetails
Proxy:			<none>
Request params:	<none>
Query params:	<none>
Form params:	<none>
Path params:	<none>
Headers:		Accept=application/xml
				Authorization=Basic YWRtaW46cGFzc3dvcmQ=
				Content-Type=application/xml
Cookies:		<none>
Multiparts:		<none>
Body:
<Order DocumentType="0001" EnterpriseCode="FCVChile" OrderHeaderKey="" OrderNo="CCC1004648"/>

[INFO]-[2022-01-19 13:33:46.395]-[TestNG-test=OMS-1]-[logRequestResponse]-[RequestPayload.java:174]-API Response received : 
[INFO]-[2022-01-19 13:33:46.395]-[TestNG-test=OMS-1]-[logRequestResponse]-[RequestPayload.java:175]-HTTP/1.1 200 OK
X-FRAME-OPTIONS: SAMEORIGIN
X-UA-Compatible: IE=EmulateIE8
Access-Control-Max-Age: 3600
Access-Control-Allow-Credentials: true
Access-Control-Allow-Origin: *
Content-Type: application/xml; charset=UTF-8
Content-Encoding: gzip
Content-Language: en-US
Content-Length: 4486
Date: Wed, 19 Jan 2022 08:03:46 GMT

<Order AllocationRuleID="DIF_SCH" AuthorizationExpirationDate="2022-01-19T08:03:31+00:00" BillToID="00398015" CarrierAccountNo="" CarrierServiceCode="" ChainType="" ChargeActualFreightFlag="N" CustCustPONo="" CustomerEMailID="correo@pruebas11.cl" CustomerPONo="" DeliveryCode="" Division="" DocumentType="0001" DraftOrderFlag="N" EnterpriseCode="FCVChile" EntryType="Call Center" FreightTerms="" HasDeliveryLines="N" HasProductLines="Y" HasServiceLines="N" HoldFlag="N" HoldReasonCode="" MaxOrderStatus="3200" MaxOrderStatusDesc="Released to store" MinOrderStatus="3200" MinOrderStatusDesc="Released to store" NotifyAfterShipmentFlag="N" OrderDate="2022-01-19T08:00:31+00:00" OrderHeaderKey="2022011908003168172864" OrderName="" OrderNo="CCC1004648" OrderType="SHP" OriginalTax="0.00" OriginalTotalAmount="17660.00" OtherCharges="2990.00" PaymentStatus="AUTHORIZED" PendingTransferIn="0.00" PersonalizeCode="" PriorityCode="" PriorityNumber="0" Purpose="" ReturnByGiftRecipient="" SCAC="" ScacAndService="" ScacAndServiceKey="" SearchCriteria1="" SearchCriteria2="" SellerOrganizationCode="FCV" ShipToID="00398015" Status="Released to store" TaxExemptFlag="N" TaxExemptionCertificate="" TaxJurisdiction="" TaxPayerId="" TermsCode="" TotalAdjustmentAmount="0.00" isHistory="N">
  <AllowedModifications>
    <Modification ModificationType="REMOVE_PROMOTION" ThroughOverride="Y"/>
    <Modification ModificationType="ORDER_NAME" ThroughOverride="Y"/>
    <Modification ModificationType="CONTACT_INFO" ThroughOverride="Y"/>
    <Modification ModificationType="CHANGE_ITERATION" ThroughOverride="Y"/>
    <Modification ModificationType="BILLTO" ThroughOverride="Y"/>
    <Modification ModificationType="TAX" ThroughOverride="N"/>
    <Modification ModificationType="CHANGE_PROMOTION" ThroughOverride="Y"/>
    <Modification ModificationType="FREIGHT_TERMS" ThroughOverride="Y"/>
    <Modification ModificationType="ADD_NOTE" ThroughOverride="N"/>
    <Modification ModificationType="CHANGE_STATUS" ThroughOverride="Y"/>
    <Modification ModificationType="ADD_LINE" ThroughOverride="Y"/>
    <Modification ModificationType="CARRIER" ThroughOverride="Y"/>
    <Modification ModificationType="ADDITIONADDR" ThroughOverride="Y"/>
    <Modification ModificationType="SOLDTO" ThroughOverride="Y"/>
    <Modification ModificationType="REQ_SHIP_DATE" ThroughOverride="Y"/>
    <Modification ModificationType="PAYMENT_STATUS" ThroughOverride="Y"/>
    <Modification ModificationType="ADD_INSTRUCTION" ThroughOverride="Y"/>
    <Modification ModificationType="CHANGE_NOTE" ThroughOverride="Y"/>
    <Modification ModificationType="CARRIER_ACCOUNT_NO" ThroughOverride="Y"/>
    <Modification ModificationType="CHANGE_ORDER_DATE" ThroughOverride="Y"/>
    <Modification ModificationType="REMOVE_NOTE" ThroughOverride="Y"/>
    <Modification ModificationType="CHANGE_SCHEDULE" ThroughOverride="Y"/>
    <Modification ModificationType="HOLD" ThroughOverride="N"/>
    <Modification ModificationType="SPECIAL_SERVICE" ThroughOverride="Y"/>
    <Modification ModificationType="RULE_ID" ThroughOverride="Y"/>
    <Modification ModificationType="PRICE" ThroughOverride="N"/>
    <Modification ModificationType="CARRIER_SERVICE_CODE" ThroughOverride="Y"/>
    <Modification ModificationType="PAYMENT_METHOD" ThroughOverride="Y"/>
    <Modification ModificationType="CHANGE_CUSTOM_ATTRIBUTES" ThroughOverride="Y"/>
    <Modification ModificationType="RELEASE" ThroughOverride="Y"/>
    <Modification ModificationType="SHIP_NODE" ThroughOverride="Y"/>
    <Modification ModificationType="ANSWER_SET" ThroughOverride="Y"/>
    <Modification ModificationType="MARKFOR" ThroughOverride="Y"/>
    <Modification ModificationType="RECEIVING_NODE" ThroughOverride="Y"/>
    <Modification ModificationType="SHORT" ThroughOverride="N"/>
    <Modification ModificationType="BUYER_USER_ID" ThroughOverride="Y"/>
    <Modification ModificationType="OTHERS" ThroughOverride="N"/>
    <Modification ModificationType="DELIVERY_CODE" ThroughOverride="Y"/>
    <Modification ModificationType="LEVEL_OF_SERVICE" ThroughOverride="Y"/>
    <Modification ModificationType="CANCEL" ThroughOverride="N"/>
    <Modification ModificationType="UNSCHEDULE" ThroughOverride="Y"/>
    <Modification ModificationType="CHANGE_INSTRUCTION" ThroughOverride="Y"/>
    <Modification ModificationType="HOLD_TYPE" ThroughOverride="N"/>
    <Modification ModificationType="REFERENCES" ThroughOverride="N"/>
  </AllowedModifications>
  <PriceInfo Currency="CLP" EnterpriseCurrency="CLP" ReportingConversionDate="2022-01-19T08:00:31+00:00" ReportingConversionRate="1.00" TotalAmount="17660.00"/>
  <OrderLines>
    <OrderLine AllocationDate="2022-01-20" ApptStatus="" AwaitingDeliveryRequest="N" CanAddServiceLines="N" CarrierAccountNo="" CarrierServiceCode="NextDay" CustomerLinePONo="" CustomerPONo="" DeliveryCode="" DeliveryMethod="SHP" DepartmentCode="" FreightTerms="" FulfillmentType="SHIP_TO_HOME" HasDeliveryLines="N" HasServiceLines="N" HoldFlag="N" HoldReasonCode="" ImportLicenseNo="" InvoicedQty="0" IsBundleParent="N" ItemGroupCode="PROD" KitCode="" LineSeqNo="1.1" LineType="" MaxLineStatus="3200" MaxLineStatusDesc="Released to store" MinLineStatus="3200" MinLineStatusDesc="Released to store" OpenQty="2" OrderHeaderKey="2022011908003168172864" OrderLineKey="2022011908005968173409" OrderedQty="2" OriginalOrderedQty="2" OtherCharges="0.00" PackListType="" PersonalizeCode="" PersonalizeFlag="" PickableFlag="Y" PrimeLineNo="1" Purpose="" RemainingQty="2" ReqShipDate="2022-01-20T05:00:00+00:00" ReservationID="SHP_CCC1004648" ReservationPool="" SCAC="" ScacAndService="" ScacAndServiceKey="" Segment="" SegmentType="" SerialNo="" ShipNode="466" ShipToID="00398015" ShipTogetherNo="" SplitQty="0" Status="Released to store" StatusQuantity="2" SubLineNo="1" SubstituteItemID="" SubstituteItemUOM="" isHistory="N">
      <Item CostCurrency="" CountryOfOrigin="" CustomerItem="111160" CustomerItemDesc="Fluarix Tetra 2020 Vacuna Influenza" ECCNNo="" HarmonizedCode="" ISBN="" ItemDesc="Fluarix Tetra 2020 Vacuna Influenza" ItemID="111160" ItemShortDesc="Fluarix Tetra 2020 Vacuna contra Influenza 1 Jeringa" ItemWeight="10.00" ItemWeightUOM="GRAM" ManufacturerItem="" ManufacturerItemDesc="" ManufacturerName="" NMFCClass="" NMFCCode="" NMFCDescription="" ProductClass="REGULAR" ProductLine="" ScheduleBCode="" SupplierItem="" SupplierItemDesc="" TaxProductCode="" UPCCode="" UnitCost="0.00" UnitOfMeasure="EACH"/>
      <LinePriceInfo ActualPricingQty="2" DiscountPercentage="0.00" InvoicedPricingQty="0" IsPriceLocked="N" LineTotal="11580.00" ListPrice="0.00" OrderedPricingQty="2" PricingQtyConversionFactor="0" PricingUOM="EACH" RetailPrice="0.00" SettledAmount="0.00" SettledQuantity="0" TaxableFlag="Y" UnitPrice="5790.00"/>
      <OrderLineOptions/>
      <WorkOrders NumberOfWorkOrders="0"/>
      <Instructions NumberOfInstructions="0"/>
      <References/>
      <KitLines NumberOfKitLines="0"/>
      <ProductItems/>
      <AdditionalAddresses NumberOfAdditionalAddresses="0"/>
      <Notes NumberOfNotes="0"/>
      <ServiceAssociations/>
      <ProductAssociations/>
      <DeliveryAssociations/>
      <Schedules>
        <Schedule ExpectedDeliveryDate="2022-01-20T05:00:00+00:00" ExpectedShipmentDate="2022-01-20T05:00:00+00:00" OrderHeaderKey="2022011908003168172864" OrderLineKey="2022011908005968173409" OrderLineScheduleKey="202201190852012768173515" Quantity="2" ScheduleNo="3" TagNumber=""/>
      </Schedules>
      <LineOverallTotals Charges="0.00" Discount="0.00" ExtendedPrice="11580.00" LineTotal="11580.00" OptionPrice="0.00" PricingQty="2.00" Tax="0.00" UnitPrice="5790.00"/>
      <LineInvoicedTotals AdditionalLinePriceTotal="0.00" Charges="0.00" Discount="0.00" ExtendedPrice="0.00" LineTotal="0.00" OptionPrice="0.00" PricingQty="0.00" Tax="0.00" UnitPrice="0.00"/>
      <LineRemainingTotals AdditionalLinePriceTotal="0.00" Charges="0.00" Discount="0.00" ExtendedPrice="11580.00" LineTotal="11580.00" OptionPrice="0.00" PricingQty="2.00" Tax="0.00" UnitPrice="5790.00"/>
      <LineCharges/>
      <LineTaxes>
        <LineTax ChargeCategory="TAX" ChargeName="SALES_TAX" ChargeNameKey="20200217045213576867911" InvoicedTax="0.00" Reference_1="standard" Reference_2="" Reference_3="" RemainingTax="1849.00" Tax="1849.00" TaxName="SALES_TAX" TaxPercentage="0.19"/>
        <TaxSummary>
          <TaxSummaryDetail InvoicedTax="0.00" OverallTax="1849.00" RemainingTax="1849.00" TaxName="SALES_TAX"/>
        </TaxSummary>
      </LineTaxes>
      <OrderStatuses>
        <OrderStatus OrderHeaderKey="2022011908003168172864" OrderLineKey="2022011908005968173409" OrderLineScheduleKey="202201190852012768173515" OrderReleaseKey="2022011908033668173837" OrderReleaseStatusKey="202201190849033668173840" PipelineKey="202004200522321016156546" ShipNode="466" Status="3200" StatusDate="2022-01-19T08:03:36+00:00" StatusDescription="Released to store" StatusQty="2" TotalQuantity="2">
          <Details ExpectedDeliveryDate="2022-01-20T05:00:00+00:00" ExpectedShipmentDate="2022-01-20T05:00:00+00:00" TagNumber="">
            <KitDetails/>
          </Details>
        </OrderStatus>
      </OrderStatuses>
      <CapacityAllocations/>
    </OrderLine>
    <OrderLine AllocationDate="2022-01-20" ApptStatus="" AwaitingDeliveryRequest="N" CanAddServiceLines="N" CarrierAccountNo="" CarrierServiceCode="NextDay" CustomerLinePONo="" CustomerPONo="" DeliveryCode="" DeliveryMethod="SHP" DepartmentCode="" FreightTerms="" FulfillmentType="SHIP_TO_HOME" HasDeliveryLines="N" HasServiceLines="N" HoldFlag="N" HoldReasonCode="" ImportLicenseNo="" InvoicedQty="0" IsBundleParent="N" ItemGroupCode="PROD" KitCode="" LineSeqNo="2.1" LineType="" MaxLineStatus="3200" MaxLineStatusDesc="Released to store" MinLineStatus="3200" MinLineStatusDesc="Released to store" OpenQty="1" OrderHeaderKey="2022011908003168172864" OrderLineKey="2022011908005968173410" OrderedQty="1" OriginalOrderedQty="1" OtherCharges="0.00" PackListType="" PersonalizeCode="" PersonalizeFlag="" PickableFlag="Y" PrimeLineNo="2" Purpose="" RemainingQty="1" ReqShipDate="2022-01-20T05:00:00+00:00" ReservationID="SHP_CCC1004648" ReservationPool="" SCAC="" ScacAndService="" ScacAndServiceKey="" Segment="" SegmentType="" SerialNo="" ShipNode="466" ShipToID="00398015" ShipTogetherNo="" SplitQty="0" Status="Released to store" StatusQuantity="1" SubLineNo="1" SubstituteItemID="" SubstituteItemUOM="" isHistory="N">
      <Item CostCurrency="" CountryOfOrigin="" CustomerItem="102417" CustomerItemDesc="Cerca de 48.000 pequeÃ±os tenderos en BogotÃ¡, que trabajan en tiendas de barrio, peluquerÃ­as, papelerÃ­as, miscelÃ¡neas y otros negocios que han ayudado prestando su servicio, estÃ¡n en crisis y necesitan nuestra mano solidaria. Por esta razÃ³n, la FundaciÃ³n Solidaridad por Chile, FENALCO, Cruz Verde, Fenaltiendas, Fundecomercio, tuboleta, ProbogotÃ¡ y Punto Red se unen a esta iniciativa." ECCNNo="" HarmonizedCode="" ISBN="" ItemDesc="Cerca de 48.000 pequeÃ±os tenderos en BogotÃ¡, que trabajan en tiendas de barrio, peluquerÃ­as, papelerÃ­as, miscelÃ¡neas y otros negocios que han ayudado prestando su servicio, estÃ¡n en crisis y necesitan nuestra mano solidaria. Por esta razÃ³n, la FundaciÃ³n Solidaridad por Chile, FENALCO, Cruz Verde, Fenaltiendas, Fundecomercio, tuboleta, ProbogotÃ¡ y Punto Red se unen a esta iniciativa." ItemID="102417" ItemShortDesc="DonaciÃ³n Coronaton â€“ FundaciÃ³n Solidaridad por Chile" ItemWeight="0.00" ItemWeightUOM="LBS" ManufacturerItem="" ManufacturerItemDesc="" ManufacturerName="FUNDACIÃ“N SOLIDARIDAD POR Chile" NMFCClass="" NMFCCode="" NMFCDescription="" ProductClass="REGULAR" ProductLine="" ScheduleBCode="" SupplierItem="" SupplierItemDesc="" TaxProductCode="" UPCCode="" UnitCost="0.00" UnitOfMeasure="EACH"/>
      <LinePriceInfo ActualPricingQty="1" DiscountPercentage="0.00" InvoicedPricingQty="0" IsPriceLocked="N" LineTotal="3090.00" ListPrice="0.00" OrderedPricingQty="1" PricingQtyConversionFactor="0" PricingUOM="EACH" RetailPrice="0.00" SettledAmount="0.00" SettledQuantity="0" TaxableFlag="Y" UnitPrice="3090.00"/>
      <OrderLineOptions/>
      <WorkOrders NumberOfWorkOrders="0"/>
      <Instructions NumberOfInstructions="0"/>
      <References/>
      <KitLines NumberOfKitLines="0"/>
      <ProductItems/>
      <AdditionalAddresses NumberOfAdditionalAddresses="0"/>
      <Notes NumberOfNotes="0"/>
      <ServiceAssociations/>
      <ProductAssociations/>
      <DeliveryAssociations/>
      <Schedules>
        <Schedule ExpectedDeliveryDate="2022-01-20T05:00:00+00:00" ExpectedShipmentDate="2022-01-20T05:00:00+00:00" OrderHeaderKey="2022011908003168172864" OrderLineKey="2022011908005968173410" OrderLineScheduleKey="202201190868012668173488" Quantity="1" ScheduleNo="3" TagNumber=""/>
      </Schedules>
      <LineOverallTotals Charges="0.00" Discount="0.00" ExtendedPrice="3090.00" LineTotal="3090.00" OptionPrice="0.00" PricingQty="1.00" Tax="0.00" UnitPrice="3090.00"/>
      <LineInvoicedTotals AdditionalLinePriceTotal="0.00" Charges="0.00" Discount="0.00" ExtendedPrice="0.00" LineTotal="0.00" OptionPrice="0.00" PricingQty="0.00" Tax="0.00" UnitPrice="0.00"/>
      <LineRemainingTotals AdditionalLinePriceTotal="0.00" Charges="0.00" Discount="0.00" ExtendedPrice="3090.00" LineTotal="3090.00" OptionPrice="0.00" PricingQty="1.00" Tax="0.00" UnitPrice="3090.00"/>
      <LineCharges/>
      <LineTaxes>
        <LineTax ChargeCategory="TAX" ChargeName="SALES_TAX" ChargeNameKey="20200217045213576867911" InvoicedTax="0.00" Reference_1="standard" Reference_2="" Reference_3="" RemainingTax="493.00" Tax="493.00" TaxName="SALES_TAX" TaxPercentage="0.19"/>
        <TaxSummary>
          <TaxSummaryDetail InvoicedTax="0.00" OverallTax="493.00" RemainingTax="493.00" TaxName="SALES_TAX"/>
        </TaxSummary>
      </LineTaxes>
      <OrderStatuses>
        <OrderStatus OrderHeaderKey="2022011908003168172864" OrderLineKey="2022011908005968173410" OrderLineScheduleKey="202201190868012668173488" OrderReleaseKey="2022011908033668173837" OrderReleaseStatusKey="202201190828033668173838" PipelineKey="202004200522321016156546" ShipNode="466" Status="3200" StatusDate="2022-01-19T08:03:36+00:00" StatusDescription="Released to store" StatusQty="1" TotalQuantity="1">
          <Details ExpectedDeliveryDate="2022-01-20T05:00:00+00:00" ExpectedShipmentDate="2022-01-20T05:00:00+00:00" TagNumber="">
            <KitDetails/>
          </Details>
        </OrderStatus>
      </OrderStatuses>
      <CapacityAllocations/>
    </OrderLine>
  </OrderLines>
  <Instructions NumberOfInstructions="0"/>
  <PersonInfoShipTo AddressLine1="Avenida Providencia 1144, Providencia, Chile" AddressLine2="" AddressLine3="" AddressLine4="Providencia" AddressLine5="" AddressLine6="" AlternateEmailID="" Beeper="" City="Providencia" Company="" Country="CL" DayFaxNo="" DayPhone="" Department="" EMailID="" EveningFaxNo="" EveningPhone="" FirstName="Sole" JobTitle="" LastName="Pruebas" MiddleName="" MobilePhone="" OtherPhone="" PersonID="" PersonInfoKey="2021111205145760313008" State="Región Metropolitana" Suffix="" Title="" ZipCode=""/>
  <PersonInfoBillTo AddressLine1="Avenida Providencia 1144, Providencia, Chile" AddressLine2="" AddressLine3="" AddressLine4="Providencia" AddressLine5="" AddressLine6="" AlternateEmailID="" Beeper="" City="Providencia" Company="" Country="CL" DayFaxNo="" DayPhone="" Department="" EMailID="correo@pruebas11.cl" EveningFaxNo="" EveningPhone="" FirstName="Sole" JobTitle="" LastName="Pruebas" MiddleName="" MobilePhone="" OtherPhone="" PersonID="" PersonInfoKey="2021111205095760312239" State="Región Metropolitana" Suffix="" Title="" ZipCode=""/>
  <AdditionalAddresses NumberOfAdditionalAddresses="0"/>
  <References>
    <Reference Name="MERCADOPAGO_PREFID" Value="488645542-a5c05724-9971-480e-ad86-a1b51b48ebaf"/>
    <Reference Name="BOLETA_ID" Value="14693402"/>
  </References>
  <PaymentMethods>
    <PaymentMethod CheckNo="" CheckReference="" CreditCardExpDate="102025" CreditCardName="Sole" CreditCardNo="371180" CreditCardType="AMEX" CustomerPONo="" DisplayCreditCardNo="7522" DisplayCustomerAccountNo="" DisplayPaymentReference1="" DisplaySvcNo="" FundsAvailable="0.00" GetFundsAvailableUserExitInvoked="N" PaymentReference1="" PaymentReference2="MPAGO_CREDIT" PaymentReference3="111111111" PaymentType="CREDIT_CARD"/>
  </PaymentMethods>
  <ChargeTransactionDetails AdditionalExpectedAuthorizations="0.00" TotalCredits="17660.00" TotalDebits="0.00" TotalOpenAuthorizations="0.00" TotalOpenBookings="17660.00" TotalTransferredIn="0.00" TotalTransferredOut="0.00">
    <ChargeTransactionDetail AuditTransactionID="" AuthorizationExpirationDate="2022-01-19T08:03:08+00:00" AuthorizationID="" BookAmount="0.00" ChargeTransactionKey="2022011908030868173806" ChargeType="CHARGE" CollectionDate="2022-01-19T08:03:08+00:00" CreditAmount="17660.00" DebitAmount="0.00" DistributedAmount="0.00" HoldAgainstBook="Y" OpenAuthorizedAmount="0.00" OrderHeaderKey="2022011908003168172864" OrderInvoiceKey="" PaymentKey="202201190888030868173805" RequestAmount="17660.00" SettledAmount="0.00" Status="CHECKED" TransactionDate="2022-01-19T08:03:13+00:00" TransferFromOhKey="" TransferToOhKey="" UserExitStatus="">
      <InvoiceCollectionDetails/>
      <CreditCardTransactions/>
      <TransferToOrder/>
      <TransferFromOrder/>
    </ChargeTransactionDetail>
    <ChargeTransactionDetail AuditTransactionID="" AuthorizationExpirationDate="2022-01-19T08:03:10+00:00" AuthorizationID="" BookAmount="17660.00" ChargeTransactionKey="2022011908031068173807" ChargeType="CREATE_ORDER" CollectionDate="2022-01-19T08:03:10+00:00" CreditAmount="0.00" DebitAmount="0.00" DistributedAmount="0.00" HoldAgainstBook="" OpenAuthorizedAmount="0.00" OrderHeaderKey="2022011908003168172864" OrderInvoiceKey="" PaymentKey="" RequestAmount="0.00" SettledAmount="0.00" Status="CHECKED" TransactionDate="2022-01-19T08:03:13+00:00" TransferFromOhKey="" TransferToOhKey="" UserExitStatus="">
      <InvoiceCollectionDetails/>
      <CreditCardTransactions/>
      <TransferToOrder/>
      <TransferFromOrder/>
    </ChargeTransactionDetail>
  </ChargeTransactionDetails>
  <ProductServiceAssocs/>
  <OverallTotals GrandCharges="2990.00" GrandDiscount="0.00" GrandTax="0.00" GrandTotal="17660.00" HdrCharges="2990.00" HdrDiscount="0.00" HdrTax="0.00" HdrTotal="2990.00" LineSubTotal="14670.00"/>
  <InvoicedTotals GrandCharges="0.00" GrandDiscount="0.00" GrandTax="0.00" GrandTotal="0.00" HdrCharges="0.00" HdrDiscount="0.00" HdrTax="0.00" HdrTotal="0.00" LineSubTotal="0.00"/>
  <RemainingTotals GrandCharges="2990.00" GrandDiscount="0.00" GrandTax="0.00" GrandTotal="17660.00" HdrCharges="2990.00" HdrDiscount="0.00" HdrTax="0.00" HdrTotal="2990.00" LineSubTotal="14670.00"/>
  <HeaderCharges>
    <HeaderCharge ChargeAmount="2990.00" ChargeCategory="SHIPPING" ChargeName="SHIPPING_CHARGE" ChargeNameKey="201911051207401838388" InvoicedChargeAmount="0.00" IsBillable="Y" IsDiscount="N" Reference="" RemainingChargeAmount="2990.00"/>
    <HeaderCharge ChargeAmount="0.00" ChargeCategory="DISCOUNT" ChargeName="SHIP_DISCOUNT" ChargeNameKey="201911051206481838382" InvoicedChargeAmount="0.00" IsBillable="Y" IsDiscount="Y" Reference="" RemainingChargeAmount="0.00"/>
  </HeaderCharges>
  <HeaderTaxes>
    <HeaderTax ChargeCategory="TAX" ChargeName="SHIPPING_TAX" ChargeNameKey="20200217045236576870517" InvoicedTax="0.00" Reference_1="" Reference_2="" Reference_3="" RemainingTax="477.00" Tax="477.00" TaxName="SHIPPING_TAX" TaxPercentage="0.00" TaxableFlag="N"/>
    <TaxSummary>
      <TaxSummaryDetail InvoicedTax="0.00" OverallTax="477.00" RemainingTax="477.00" TaxName="SHIPPING_TAX"/>
    </TaxSummary>
  </HeaderTaxes>
  <OrderStatuses>
    <OrderStatus OrderHeaderKey="2022011908003168172864" OrderLineKey="2022011908005968173409" OrderLineScheduleKey="202201190852012768173515" OrderReleaseKey="2022011908033668173837" OrderReleaseStatusKey="202201190849033668173840" PipelineKey="202004200522321016156546" ShipNode="466" Status="3200" StatusDate="2022-01-19T08:03:36+00:00" StatusDescription="Released to store" StatusQty="2" TotalQuantity="2">
      <Details ExpectedDeliveryDate="2022-01-20T05:00:00+00:00" ExpectedShipmentDate="2022-01-20T05:00:00+00:00" TagNumber=""/>
    </OrderStatus>
    <OrderStatus OrderHeaderKey="2022011908003168172864" OrderLineKey="2022011908005968173410" OrderLineScheduleKey="202201190868012668173488" OrderReleaseKey="2022011908033668173837" OrderReleaseStatusKey="202201190828033668173838" PipelineKey="202004200522321016156546" ShipNode="466" Status="3200" StatusDate="2022-01-19T08:03:36+00:00" StatusDescription="Released to store" StatusQty="1" TotalQuantity="1">
      <Details ExpectedDeliveryDate="2022-01-20T05:00:00+00:00" ExpectedShipmentDate="2022-01-20T05:00:00+00:00" TagNumber=""/>
    </OrderStatus>
  </OrderStatuses>
  <ExchangeOrders/>
</Order>

[INFO]-[2022-01-19 13:33:56.441]-[TestNG-test=OMS-1]-[requestCreationInOMS]-[RequestHelper.java:140]-Pre-condition for Test: getOrderDetails
[INFO]-[2022-01-19 13:33:56.442]-[TestNG-test=OMS-1]-[sendAPIRequest]-[RestAssuredRequest.java:20]-Calling POST request with end point : https://localhost:9443/smcfs/restapi/invoke/getOrderDetails
io.restassured.internal.RequestSpecificationImpl@d254a20
io.restassured.internal.RestAssuredResponseImpl@2b5ea15d
[INFO]-[2022-01-19 13:33:57.317]-[TestNG-test=OMS-1]-[logRequestResponse]-[RequestPayload.java:171]-API Request sent : 
[INFO]-[2022-01-19 13:33:57.318]-[TestNG-test=OMS-1]-[logRequestResponse]-[RequestPayload.java:172]-Request method:	POST
Request URI:	https://localhost:9443/smcfs/restapi/invoke/getOrderDetails
Proxy:			<none>
Request params:	<none>
Query params:	<none>
Form params:	<none>
Path params:	<none>
Headers:		Accept=application/xml
				Authorization=Basic YWRtaW46cGFzc3dvcmQ=
				Content-Type=application/xml
Cookies:		<none>
Multiparts:		<none>
Body:
<Order DocumentType="0001" EnterpriseCode="FCVChile" OrderHeaderKey="" OrderNo="CCC1004648"/>

[INFO]-[2022-01-19 13:33:57.318]-[TestNG-test=OMS-1]-[logRequestResponse]-[RequestPayload.java:174]-API Response received : 
[INFO]-[2022-01-19 13:33:57.319]-[TestNG-test=OMS-1]-[logRequestResponse]-[RequestPayload.java:175]-HTTP/1.1 200 OK
X-FRAME-OPTIONS: SAMEORIGIN
X-UA-Compatible: IE=EmulateIE8
Access-Control-Max-Age: 3600
Access-Control-Allow-Credentials: true
Access-Control-Allow-Origin: *
Content-Type: application/xml; charset=UTF-8
Content-Encoding: gzip
Content-Language: en-US
Content-Length: 4486
Date: Wed, 19 Jan 2022 08:03:57 GMT

<Order AllocationRuleID="DIF_SCH" AuthorizationExpirationDate="2022-01-19T08:03:31+00:00" BillToID="00398015" CarrierAccountNo="" CarrierServiceCode="" ChainType="" ChargeActualFreightFlag="N" CustCustPONo="" CustomerEMailID="correo@pruebas11.cl" CustomerPONo="" DeliveryCode="" Division="" DocumentType="0001" DraftOrderFlag="N" EnterpriseCode="FCVChile" EntryType="Call Center" FreightTerms="" HasDeliveryLines="N" HasProductLines="Y" HasServiceLines="N" HoldFlag="N" HoldReasonCode="" MaxOrderStatus="3200" MaxOrderStatusDesc="Released to store" MinOrderStatus="3200" MinOrderStatusDesc="Released to store" NotifyAfterShipmentFlag="N" OrderDate="2022-01-19T08:00:31+00:00" OrderHeaderKey="2022011908003168172864" OrderName="" OrderNo="CCC1004648" OrderType="SHP" OriginalTax="0.00" OriginalTotalAmount="17660.00" OtherCharges="2990.00" PaymentStatus="AUTHORIZED" PendingTransferIn="0.00" PersonalizeCode="" PriorityCode="" PriorityNumber="0" Purpose="" ReturnByGiftRecipient="" SCAC="" ScacAndService="" ScacAndServiceKey="" SearchCriteria1="" SearchCriteria2="" SellerOrganizationCode="FCV" ShipToID="00398015" Status="Released to store" TaxExemptFlag="N" TaxExemptionCertificate="" TaxJurisdiction="" TaxPayerId="" TermsCode="" TotalAdjustmentAmount="0.00" isHistory="N">
  <AllowedModifications>
    <Modification ModificationType="REMOVE_PROMOTION" ThroughOverride="Y"/>
    <Modification ModificationType="ORDER_NAME" ThroughOverride="Y"/>
    <Modification ModificationType="CONTACT_INFO" ThroughOverride="Y"/>
    <Modification ModificationType="CHANGE_ITERATION" ThroughOverride="Y"/>
    <Modification ModificationType="BILLTO" ThroughOverride="Y"/>
    <Modification ModificationType="TAX" ThroughOverride="N"/>
    <Modification ModificationType="CHANGE_PROMOTION" ThroughOverride="Y"/>
    <Modification ModificationType="FREIGHT_TERMS" ThroughOverride="Y"/>
    <Modification ModificationType="ADD_NOTE" ThroughOverride="N"/>
    <Modification ModificationType="CHANGE_STATUS" ThroughOverride="Y"/>
    <Modification ModificationType="ADD_LINE" ThroughOverride="Y"/>
    <Modification ModificationType="CARRIER" ThroughOverride="Y"/>
    <Modification ModificationType="ADDITIONADDR" ThroughOverride="Y"/>
    <Modification ModificationType="SOLDTO" ThroughOverride="Y"/>
    <Modification ModificationType="REQ_SHIP_DATE" ThroughOverride="Y"/>
    <Modification ModificationType="PAYMENT_STATUS" ThroughOverride="Y"/>
    <Modification ModificationType="ADD_INSTRUCTION" ThroughOverride="Y"/>
    <Modification ModificationType="CHANGE_NOTE" ThroughOverride="Y"/>
    <Modification ModificationType="CARRIER_ACCOUNT_NO" ThroughOverride="Y"/>
    <Modification ModificationType="CHANGE_ORDER_DATE" ThroughOverride="Y"/>
    <Modification ModificationType="REMOVE_NOTE" ThroughOverride="Y"/>
    <Modification ModificationType="CHANGE_SCHEDULE" ThroughOverride="Y"/>
    <Modification ModificationType="HOLD" ThroughOverride="N"/>
    <Modification ModificationType="SPECIAL_SERVICE" ThroughOverride="Y"/>
    <Modification ModificationType="RULE_ID" ThroughOverride="Y"/>
    <Modification ModificationType="PRICE" ThroughOverride="N"/>
    <Modification ModificationType="CARRIER_SERVICE_CODE" ThroughOverride="Y"/>
    <Modification ModificationType="PAYMENT_METHOD" ThroughOverride="Y"/>
    <Modification ModificationType="CHANGE_CUSTOM_ATTRIBUTES" ThroughOverride="Y"/>
    <Modification ModificationType="RELEASE" ThroughOverride="Y"/>
    <Modification ModificationType="SHIP_NODE" ThroughOverride="Y"/>
    <Modification ModificationType="ANSWER_SET" ThroughOverride="Y"/>
    <Modification ModificationType="MARKFOR" ThroughOverride="Y"/>
    <Modification ModificationType="RECEIVING_NODE" ThroughOverride="Y"/>
    <Modification ModificationType="SHORT" ThroughOverride="N"/>
    <Modification ModificationType="BUYER_USER_ID" ThroughOverride="Y"/>
    <Modification ModificationType="OTHERS" ThroughOverride="N"/>
    <Modification ModificationType="DELIVERY_CODE" ThroughOverride="Y"/>
    <Modification ModificationType="LEVEL_OF_SERVICE" ThroughOverride="Y"/>
    <Modification ModificationType="CANCEL" ThroughOverride="N"/>
    <Modification ModificationType="UNSCHEDULE" ThroughOverride="Y"/>
    <Modification ModificationType="CHANGE_INSTRUCTION" ThroughOverride="Y"/>
    <Modification ModificationType="HOLD_TYPE" ThroughOverride="N"/>
    <Modification ModificationType="REFERENCES" ThroughOverride="N"/>
  </AllowedModifications>
  <PriceInfo Currency="CLP" EnterpriseCurrency="CLP" ReportingConversionDate="2022-01-19T08:00:31+00:00" ReportingConversionRate="1.00" TotalAmount="17660.00"/>
  <OrderLines>
    <OrderLine AllocationDate="2022-01-20" ApptStatus="" AwaitingDeliveryRequest="N" CanAddServiceLines="N" CarrierAccountNo="" CarrierServiceCode="NextDay" CustomerLinePONo="" CustomerPONo="" DeliveryCode="" DeliveryMethod="SHP" DepartmentCode="" FreightTerms="" FulfillmentType="SHIP_TO_HOME" HasDeliveryLines="N" HasServiceLines="N" HoldFlag="N" HoldReasonCode="" ImportLicenseNo="" InvoicedQty="0" IsBundleParent="N" ItemGroupCode="PROD" KitCode="" LineSeqNo="1.1" LineType="" MaxLineStatus="3200" MaxLineStatusDesc="Released to store" MinLineStatus="3200" MinLineStatusDesc="Released to store" OpenQty="2" OrderHeaderKey="2022011908003168172864" OrderLineKey="2022011908005968173409" OrderedQty="2" OriginalOrderedQty="2" OtherCharges="0.00" PackListType="" PersonalizeCode="" PersonalizeFlag="" PickableFlag="Y" PrimeLineNo="1" Purpose="" RemainingQty="2" ReqShipDate="2022-01-20T05:00:00+00:00" ReservationID="SHP_CCC1004648" ReservationPool="" SCAC="" ScacAndService="" ScacAndServiceKey="" Segment="" SegmentType="" SerialNo="" ShipNode="466" ShipToID="00398015" ShipTogetherNo="" SplitQty="0" Status="Released to store" StatusQuantity="2" SubLineNo="1" SubstituteItemID="" SubstituteItemUOM="" isHistory="N">
      <Item CostCurrency="" CountryOfOrigin="" CustomerItem="111160" CustomerItemDesc="Fluarix Tetra 2020 Vacuna Influenza" ECCNNo="" HarmonizedCode="" ISBN="" ItemDesc="Fluarix Tetra 2020 Vacuna Influenza" ItemID="111160" ItemShortDesc="Fluarix Tetra 2020 Vacuna contra Influenza 1 Jeringa" ItemWeight="10.00" ItemWeightUOM="GRAM" ManufacturerItem="" ManufacturerItemDesc="" ManufacturerName="" NMFCClass="" NMFCCode="" NMFCDescription="" ProductClass="REGULAR" ProductLine="" ScheduleBCode="" SupplierItem="" SupplierItemDesc="" TaxProductCode="" UPCCode="" UnitCost="0.00" UnitOfMeasure="EACH"/>
      <LinePriceInfo ActualPricingQty="2" DiscountPercentage="0.00" InvoicedPricingQty="0" IsPriceLocked="N" LineTotal="11580.00" ListPrice="0.00" OrderedPricingQty="2" PricingQtyConversionFactor="0" PricingUOM="EACH" RetailPrice="0.00" SettledAmount="0.00" SettledQuantity="0" TaxableFlag="Y" UnitPrice="5790.00"/>
      <OrderLineOptions/>
      <WorkOrders NumberOfWorkOrders="0"/>
      <Instructions NumberOfInstructions="0"/>
      <References/>
      <KitLines NumberOfKitLines="0"/>
      <ProductItems/>
      <AdditionalAddresses NumberOfAdditionalAddresses="0"/>
      <Notes NumberOfNotes="0"/>
      <ServiceAssociations/>
      <ProductAssociations/>
      <DeliveryAssociations/>
      <Schedules>
        <Schedule ExpectedDeliveryDate="2022-01-20T05:00:00+00:00" ExpectedShipmentDate="2022-01-20T05:00:00+00:00" OrderHeaderKey="2022011908003168172864" OrderLineKey="2022011908005968173409" OrderLineScheduleKey="202201190852012768173515" Quantity="2" ScheduleNo="3" TagNumber=""/>
      </Schedules>
      <LineOverallTotals Charges="0.00" Discount="0.00" ExtendedPrice="11580.00" LineTotal="11580.00" OptionPrice="0.00" PricingQty="2.00" Tax="0.00" UnitPrice="5790.00"/>
      <LineInvoicedTotals AdditionalLinePriceTotal="0.00" Charges="0.00" Discount="0.00" ExtendedPrice="0.00" LineTotal="0.00" OptionPrice="0.00" PricingQty="0.00" Tax="0.00" UnitPrice="0.00"/>
      <LineRemainingTotals AdditionalLinePriceTotal="0.00" Charges="0.00" Discount="0.00" ExtendedPrice="11580.00" LineTotal="11580.00" OptionPrice="0.00" PricingQty="2.00" Tax="0.00" UnitPrice="5790.00"/>
      <LineCharges/>
      <LineTaxes>
        <LineTax ChargeCategory="TAX" ChargeName="SALES_TAX" ChargeNameKey="20200217045213576867911" InvoicedTax="0.00" Reference_1="standard" Reference_2="" Reference_3="" RemainingTax="1849.00" Tax="1849.00" TaxName="SALES_TAX" TaxPercentage="0.19"/>
        <TaxSummary>
          <TaxSummaryDetail InvoicedTax="0.00" OverallTax="1849.00" RemainingTax="1849.00" TaxName="SALES_TAX"/>
        </TaxSummary>
      </LineTaxes>
      <OrderStatuses>
        <OrderStatus OrderHeaderKey="2022011908003168172864" OrderLineKey="2022011908005968173409" OrderLineScheduleKey="202201190852012768173515" OrderReleaseKey="2022011908033668173837" OrderReleaseStatusKey="202201190849033668173840" PipelineKey="202004200522321016156546" ShipNode="466" Status="3200" StatusDate="2022-01-19T08:03:36+00:00" StatusDescription="Released to store" StatusQty="2" TotalQuantity="2">
          <Details ExpectedDeliveryDate="2022-01-20T05:00:00+00:00" ExpectedShipmentDate="2022-01-20T05:00:00+00:00" TagNumber="">
            <KitDetails/>
          </Details>
        </OrderStatus>
      </OrderStatuses>
      <CapacityAllocations/>
    </OrderLine>
    <OrderLine AllocationDate="2022-01-20" ApptStatus="" AwaitingDeliveryRequest="N" CanAddServiceLines="N" CarrierAccountNo="" CarrierServiceCode="NextDay" CustomerLinePONo="" CustomerPONo="" DeliveryCode="" DeliveryMethod="SHP" DepartmentCode="" FreightTerms="" FulfillmentType="SHIP_TO_HOME" HasDeliveryLines="N" HasServiceLines="N" HoldFlag="N" HoldReasonCode="" ImportLicenseNo="" InvoicedQty="0" IsBundleParent="N" ItemGroupCode="PROD" KitCode="" LineSeqNo="2.1" LineType="" MaxLineStatus="3200" MaxLineStatusDesc="Released to store" MinLineStatus="3200" MinLineStatusDesc="Released to store" OpenQty="1" OrderHeaderKey="2022011908003168172864" OrderLineKey="2022011908005968173410" OrderedQty="1" OriginalOrderedQty="1" OtherCharges="0.00" PackListType="" PersonalizeCode="" PersonalizeFlag="" PickableFlag="Y" PrimeLineNo="2" Purpose="" RemainingQty="1" ReqShipDate="2022-01-20T05:00:00+00:00" ReservationID="SHP_CCC1004648" ReservationPool="" SCAC="" ScacAndService="" ScacAndServiceKey="" Segment="" SegmentType="" SerialNo="" ShipNode="466" ShipToID="00398015" ShipTogetherNo="" SplitQty="0" Status="Released to store" StatusQuantity="1" SubLineNo="1" SubstituteItemID="" SubstituteItemUOM="" isHistory="N">
      <Item CostCurrency="" CountryOfOrigin="" CustomerItem="102417" CustomerItemDesc="Cerca de 48.000 pequeÃ±os tenderos en BogotÃ¡, que trabajan en tiendas de barrio, peluquerÃ­as, papelerÃ­as, miscelÃ¡neas y otros negocios que han ayudado prestando su servicio, estÃ¡n en crisis y necesitan nuestra mano solidaria. Por esta razÃ³n, la FundaciÃ³n Solidaridad por Chile, FENALCO, Cruz Verde, Fenaltiendas, Fundecomercio, tuboleta, ProbogotÃ¡ y Punto Red se unen a esta iniciativa." ECCNNo="" HarmonizedCode="" ISBN="" ItemDesc="Cerca de 48.000 pequeÃ±os tenderos en BogotÃ¡, que trabajan en tiendas de barrio, peluquerÃ­as, papelerÃ­as, miscelÃ¡neas y otros negocios que han ayudado prestando su servicio, estÃ¡n en crisis y necesitan nuestra mano solidaria. Por esta razÃ³n, la FundaciÃ³n Solidaridad por Chile, FENALCO, Cruz Verde, Fenaltiendas, Fundecomercio, tuboleta, ProbogotÃ¡ y Punto Red se unen a esta iniciativa." ItemID="102417" ItemShortDesc="DonaciÃ³n Coronaton â€“ FundaciÃ³n Solidaridad por Chile" ItemWeight="0.00" ItemWeightUOM="LBS" ManufacturerItem="" ManufacturerItemDesc="" ManufacturerName="FUNDACIÃ“N SOLIDARIDAD POR Chile" NMFCClass="" NMFCCode="" NMFCDescription="" ProductClass="REGULAR" ProductLine="" ScheduleBCode="" SupplierItem="" SupplierItemDesc="" TaxProductCode="" UPCCode="" UnitCost="0.00" UnitOfMeasure="EACH"/>
      <LinePriceInfo ActualPricingQty="1" DiscountPercentage="0.00" InvoicedPricingQty="0" IsPriceLocked="N" LineTotal="3090.00" ListPrice="0.00" OrderedPricingQty="1" PricingQtyConversionFactor="0" PricingUOM="EACH" RetailPrice="0.00" SettledAmount="0.00" SettledQuantity="0" TaxableFlag="Y" UnitPrice="3090.00"/>
      <OrderLineOptions/>
      <WorkOrders NumberOfWorkOrders="0"/>
      <Instructions NumberOfInstructions="0"/>
      <References/>
      <KitLines NumberOfKitLines="0"/>
      <ProductItems/>
      <AdditionalAddresses NumberOfAdditionalAddresses="0"/>
      <Notes NumberOfNotes="0"/>
      <ServiceAssociations/>
      <ProductAssociations/>
      <DeliveryAssociations/>
      <Schedules>
        <Schedule ExpectedDeliveryDate="2022-01-20T05:00:00+00:00" ExpectedShipmentDate="2022-01-20T05:00:00+00:00" OrderHeaderKey="2022011908003168172864" OrderLineKey="2022011908005968173410" OrderLineScheduleKey="202201190868012668173488" Quantity="1" ScheduleNo="3" TagNumber=""/>
      </Schedules>
      <LineOverallTotals Charges="0.00" Discount="0.00" ExtendedPrice="3090.00" LineTotal="3090.00" OptionPrice="0.00" PricingQty="1.00" Tax="0.00" UnitPrice="3090.00"/>
      <LineInvoicedTotals AdditionalLinePriceTotal="0.00" Charges="0.00" Discount="0.00" ExtendedPrice="0.00" LineTotal="0.00" OptionPrice="0.00" PricingQty="0.00" Tax="0.00" UnitPrice="0.00"/>
      <LineRemainingTotals AdditionalLinePriceTotal="0.00" Charges="0.00" Discount="0.00" ExtendedPrice="3090.00" LineTotal="3090.00" OptionPrice="0.00" PricingQty="1.00" Tax="0.00" UnitPrice="3090.00"/>
      <LineCharges/>
      <LineTaxes>
        <LineTax ChargeCategory="TAX" ChargeName="SALES_TAX" ChargeNameKey="20200217045213576867911" InvoicedTax="0.00" Reference_1="standard" Reference_2="" Reference_3="" RemainingTax="493.00" Tax="493.00" TaxName="SALES_TAX" TaxPercentage="0.19"/>
        <TaxSummary>
          <TaxSummaryDetail InvoicedTax="0.00" OverallTax="493.00" RemainingTax="493.00" TaxName="SALES_TAX"/>
        </TaxSummary>
      </LineTaxes>
      <OrderStatuses>
        <OrderStatus OrderHeaderKey="2022011908003168172864" OrderLineKey="2022011908005968173410" OrderLineScheduleKey="202201190868012668173488" OrderReleaseKey="2022011908033668173837" OrderReleaseStatusKey="202201190828033668173838" PipelineKey="202004200522321016156546" ShipNode="466" Status="3200" StatusDate="2022-01-19T08:03:36+00:00" StatusDescription="Released to store" StatusQty="1" TotalQuantity="1">
          <Details ExpectedDeliveryDate="2022-01-20T05:00:00+00:00" ExpectedShipmentDate="2022-01-20T05:00:00+00:00" TagNumber="">
            <KitDetails/>
          </Details>
        </OrderStatus>
      </OrderStatuses>
      <CapacityAllocations/>
    </OrderLine>
  </OrderLines>
  <Instructions NumberOfInstructions="0"/>
  <PersonInfoShipTo AddressLine1="Avenida Providencia 1144, Providencia, Chile" AddressLine2="" AddressLine3="" AddressLine4="Providencia" AddressLine5="" AddressLine6="" AlternateEmailID="" Beeper="" City="Providencia" Company="" Country="CL" DayFaxNo="" DayPhone="" Department="" EMailID="" EveningFaxNo="" EveningPhone="" FirstName="Sole" JobTitle="" LastName="Pruebas" MiddleName="" MobilePhone="" OtherPhone="" PersonID="" PersonInfoKey="2021111205145760313008" State="Región Metropolitana" Suffix="" Title="" ZipCode=""/>
  <PersonInfoBillTo AddressLine1="Avenida Providencia 1144, Providencia, Chile" AddressLine2="" AddressLine3="" AddressLine4="Providencia" AddressLine5="" AddressLine6="" AlternateEmailID="" Beeper="" City="Providencia" Company="" Country="CL" DayFaxNo="" DayPhone="" Department="" EMailID="correo@pruebas11.cl" EveningFaxNo="" EveningPhone="" FirstName="Sole" JobTitle="" LastName="Pruebas" MiddleName="" MobilePhone="" OtherPhone="" PersonID="" PersonInfoKey="2021111205095760312239" State="Región Metropolitana" Suffix="" Title="" ZipCode=""/>
  <AdditionalAddresses NumberOfAdditionalAddresses="0"/>
  <References>
    <Reference Name="MERCADOPAGO_PREFID" Value="488645542-a5c05724-9971-480e-ad86-a1b51b48ebaf"/>
    <Reference Name="BOLETA_ID" Value="14693402"/>
  </References>
  <PaymentMethods>
    <PaymentMethod CheckNo="" CheckReference="" CreditCardExpDate="102025" CreditCardName="Sole" CreditCardNo="371180" CreditCardType="AMEX" CustomerPONo="" DisplayCreditCardNo="7522" DisplayCustomerAccountNo="" DisplayPaymentReference1="" DisplaySvcNo="" FundsAvailable="0.00" GetFundsAvailableUserExitInvoked="N" PaymentReference1="" PaymentReference2="MPAGO_CREDIT" PaymentReference3="111111111" PaymentType="CREDIT_CARD"/>
  </PaymentMethods>
  <ChargeTransactionDetails AdditionalExpectedAuthorizations="0.00" TotalCredits="17660.00" TotalDebits="0.00" TotalOpenAuthorizations="0.00" TotalOpenBookings="17660.00" TotalTransferredIn="0.00" TotalTransferredOut="0.00">
    <ChargeTransactionDetail AuditTransactionID="" AuthorizationExpirationDate="2022-01-19T08:03:08+00:00" AuthorizationID="" BookAmount="0.00" ChargeTransactionKey="2022011908030868173806" ChargeType="CHARGE" CollectionDate="2022-01-19T08:03:08+00:00" CreditAmount="17660.00" DebitAmount="0.00" DistributedAmount="0.00" HoldAgainstBook="Y" OpenAuthorizedAmount="0.00" OrderHeaderKey="2022011908003168172864" OrderInvoiceKey="" PaymentKey="202201190888030868173805" RequestAmount="17660.00" SettledAmount="0.00" Status="CHECKED" TransactionDate="2022-01-19T08:03:13+00:00" TransferFromOhKey="" TransferToOhKey="" UserExitStatus="">
      <InvoiceCollectionDetails/>
      <CreditCardTransactions/>
      <TransferToOrder/>
      <TransferFromOrder/>
    </ChargeTransactionDetail>
    <ChargeTransactionDetail AuditTransactionID="" AuthorizationExpirationDate="2022-01-19T08:03:10+00:00" AuthorizationID="" BookAmount="17660.00" ChargeTransactionKey="2022011908031068173807" ChargeType="CREATE_ORDER" CollectionDate="2022-01-19T08:03:10+00:00" CreditAmount="0.00" DebitAmount="0.00" DistributedAmount="0.00" HoldAgainstBook="" OpenAuthorizedAmount="0.00" OrderHeaderKey="2022011908003168172864" OrderInvoiceKey="" PaymentKey="" RequestAmount="0.00" SettledAmount="0.00" Status="CHECKED" TransactionDate="2022-01-19T08:03:13+00:00" TransferFromOhKey="" TransferToOhKey="" UserExitStatus="">
      <InvoiceCollectionDetails/>
      <CreditCardTransactions/>
      <TransferToOrder/>
      <TransferFromOrder/>
    </ChargeTransactionDetail>
  </ChargeTransactionDetails>
  <ProductServiceAssocs/>
  <OverallTotals GrandCharges="2990.00" GrandDiscount="0.00" GrandTax="0.00" GrandTotal="17660.00" HdrCharges="2990.00" HdrDiscount="0.00" HdrTax="0.00" HdrTotal="2990.00" LineSubTotal="14670.00"/>
  <InvoicedTotals GrandCharges="0.00" GrandDiscount="0.00" GrandTax="0.00" GrandTotal="0.00" HdrCharges="0.00" HdrDiscount="0.00" HdrTax="0.00" HdrTotal="0.00" LineSubTotal="0.00"/>
  <RemainingTotals GrandCharges="2990.00" GrandDiscount="0.00" GrandTax="0.00" GrandTotal="17660.00" HdrCharges="2990.00" HdrDiscount="0.00" HdrTax="0.00" HdrTotal="2990.00" LineSubTotal="14670.00"/>
  <HeaderCharges>
    <HeaderCharge ChargeAmount="2990.00" ChargeCategory="SHIPPING" ChargeName="SHIPPING_CHARGE" ChargeNameKey="201911051207401838388" InvoicedChargeAmount="0.00" IsBillable="Y" IsDiscount="N" Reference="" RemainingChargeAmount="2990.00"/>
    <HeaderCharge ChargeAmount="0.00" ChargeCategory="DISCOUNT" ChargeName="SHIP_DISCOUNT" ChargeNameKey="201911051206481838382" InvoicedChargeAmount="0.00" IsBillable="Y" IsDiscount="Y" Reference="" RemainingChargeAmount="0.00"/>
  </HeaderCharges>
  <HeaderTaxes>
    <HeaderTax ChargeCategory="TAX" ChargeName="SHIPPING_TAX" ChargeNameKey="20200217045236576870517" InvoicedTax="0.00" Reference_1="" Reference_2="" Reference_3="" RemainingTax="477.00" Tax="477.00" TaxName="SHIPPING_TAX" TaxPercentage="0.00" TaxableFlag="N"/>
    <TaxSummary>
      <TaxSummaryDetail InvoicedTax="0.00" OverallTax="477.00" RemainingTax="477.00" TaxName="SHIPPING_TAX"/>
    </TaxSummary>
  </HeaderTaxes>
  <OrderStatuses>
    <OrderStatus OrderHeaderKey="2022011908003168172864" OrderLineKey="2022011908005968173409" OrderLineScheduleKey="202201190852012768173515" OrderReleaseKey="2022011908033668173837" OrderReleaseStatusKey="202201190849033668173840" PipelineKey="202004200522321016156546" ShipNode="466" Status="3200" StatusDate="2022-01-19T08:03:36+00:00" StatusDescription="Released to store" StatusQty="2" TotalQuantity="2">
      <Details ExpectedDeliveryDate="2022-01-20T05:00:00+00:00" ExpectedShipmentDate="2022-01-20T05:00:00+00:00" TagNumber=""/>
    </OrderStatus>
    <OrderStatus OrderHeaderKey="2022011908003168172864" OrderLineKey="2022011908005968173410" OrderLineScheduleKey="202201190868012668173488" OrderReleaseKey="2022011908033668173837" OrderReleaseStatusKey="202201190828033668173838" PipelineKey="202004200522321016156546" ShipNode="466" Status="3200" StatusDate="2022-01-19T08:03:36+00:00" StatusDescription="Released to store" StatusQty="1" TotalQuantity="1">
      <Details ExpectedDeliveryDate="2022-01-20T05:00:00+00:00" ExpectedShipmentDate="2022-01-20T05:00:00+00:00" TagNumber=""/>
    </OrderStatus>
  </OrderStatuses>
  <ExchangeOrders/>
</Order>

[INFO]-[2022-01-19 13:34:07.353]-[TestNG-test=OMS-1]-[requestCreationInOMS]-[RequestHelper.java:140]-Pre-condition for Test: getOrderDetails
[INFO]-[2022-01-19 13:34:07.355]-[TestNG-test=OMS-1]-[sendAPIRequest]-[RestAssuredRequest.java:20]-Calling POST request with end point : https://localhost:9443/smcfs/restapi/invoke/getOrderDetails
io.restassured.internal.RequestSpecificationImpl@59a63f9f
io.restassured.internal.RestAssuredResponseImpl@7aecf594
[INFO]-[2022-01-19 13:34:08.490]-[TestNG-test=OMS-1]-[logRequestResponse]-[RequestPayload.java:171]-API Request sent : 
[INFO]-[2022-01-19 13:34:08.491]-[TestNG-test=OMS-1]-[logRequestResponse]-[RequestPayload.java:172]-Request method:	POST
Request URI:	https://localhost:9443/smcfs/restapi/invoke/getOrderDetails
Proxy:			<none>
Request params:	<none>
Query params:	<none>
Form params:	<none>
Path params:	<none>
Headers:		Accept=application/xml
				Authorization=Basic YWRtaW46cGFzc3dvcmQ=
				Content-Type=application/xml
Cookies:		<none>
Multiparts:		<none>
Body:
<Order DocumentType="0001" EnterpriseCode="FCVChile" OrderHeaderKey="" OrderNo="CCC1004648"/>

[INFO]-[2022-01-19 13:34:08.492]-[TestNG-test=OMS-1]-[logRequestResponse]-[RequestPayload.java:174]-API Response received : 
[INFO]-[2022-01-19 13:34:08.492]-[TestNG-test=OMS-1]-[logRequestResponse]-[RequestPayload.java:175]-HTTP/1.1 200 OK
X-FRAME-OPTIONS: SAMEORIGIN
X-UA-Compatible: IE=EmulateIE8
Access-Control-Max-Age: 3600
Access-Control-Allow-Credentials: true
Access-Control-Allow-Origin: *
Content-Type: application/xml; charset=UTF-8
Content-Encoding: gzip
Content-Language: en-US
Content-Length: 4499
Date: Wed, 19 Jan 2022 08:04:08 GMT

<Order AllocationRuleID="DIF_SCH" BillToID="00398015" CarrierAccountNo="" CarrierServiceCode="" ChainType="" ChargeActualFreightFlag="N" CustCustPONo="" CustomerEMailID="correo@pruebas11.cl" CustomerPONo="" DeliveryCode="" Division="" DocumentType="0001" DraftOrderFlag="N" EnterpriseCode="FCVChile" EntryType="Call Center" FreightTerms="" HasDeliveryLines="N" HasProductLines="Y" HasServiceLines="N" HoldFlag="N" HoldReasonCode="" MaxOrderStatus="3350.1000" MaxOrderStatusDesc="Ready for Backroom pick" MinOrderStatus="3350.1000" MinOrderStatusDesc="Ready for Backroom pick" NotifyAfterShipmentFlag="N" OrderDate="2022-01-19T08:00:31+00:00" OrderHeaderKey="2022011908003168172864" OrderName="" OrderNo="CCC1004648" OrderType="SHP" OriginalTax="0.00" OriginalTotalAmount="17660.00" OtherCharges="2990.00" PaymentStatus="AUTHORIZED" PendingTransferIn="0.00" PersonalizeCode="" PriorityCode="" PriorityNumber="0" Purpose="" ReturnByGiftRecipient="" SCAC="" ScacAndService="" ScacAndServiceKey="" SearchCriteria1="" SearchCriteria2="" SellerOrganizationCode="FCV" ShipToID="00398015" Status="Ready for Backroom pick" TaxExemptFlag="N" TaxExemptionCertificate="" TaxJurisdiction="" TaxPayerId="" TermsCode="" TotalAdjustmentAmount="0.00" isHistory="N">
  <AllowedModifications>
    <Modification ModificationType="REMOVE_PROMOTION" ThroughOverride="Y"/>
    <Modification ModificationType="ORDER_NAME" ThroughOverride="Y"/>
    <Modification ModificationType="CONTACT_INFO" ThroughOverride="Y"/>
    <Modification ModificationType="CHANGE_ITERATION" ThroughOverride="Y"/>
    <Modification ModificationType="BILLTO" ThroughOverride="Y"/>
    <Modification ModificationType="TAX" ThroughOverride="N"/>
    <Modification ModificationType="CHANGE_PROMOTION" ThroughOverride="Y"/>
    <Modification ModificationType="FREIGHT_TERMS" ThroughOverride="Y"/>
    <Modification ModificationType="ADD_NOTE" ThroughOverride="N"/>
    <Modification ModificationType="CHANGE_STATUS" ThroughOverride="Y"/>
    <Modification ModificationType="ADD_LINE" ThroughOverride="Y"/>
    <Modification ModificationType="CARRIER" ThroughOverride="Y"/>
    <Modification ModificationType="ADDITIONADDR" ThroughOverride="Y"/>
    <Modification ModificationType="SOLDTO" ThroughOverride="Y"/>
    <Modification ModificationType="REQ_SHIP_DATE" ThroughOverride="Y"/>
    <Modification ModificationType="PAYMENT_STATUS" ThroughOverride="Y"/>
    <Modification ModificationType="ADD_INSTRUCTION" ThroughOverride="Y"/>
    <Modification ModificationType="CHANGE_NOTE" ThroughOverride="Y"/>
    <Modification ModificationType="CARRIER_ACCOUNT_NO" ThroughOverride="Y"/>
    <Modification ModificationType="CHANGE_ORDER_DATE" ThroughOverride="Y"/>
    <Modification ModificationType="REMOVE_NOTE" ThroughOverride="Y"/>
    <Modification ModificationType="HOLD" ThroughOverride="N"/>
    <Modification ModificationType="SPECIAL_SERVICE" ThroughOverride="Y"/>
    <Modification ModificationType="RULE_ID" ThroughOverride="Y"/>
    <Modification ModificationType="PRICE" ThroughOverride="N"/>
    <Modification ModificationType="CARRIER_SERVICE_CODE" ThroughOverride="Y"/>
    <Modification ModificationType="PAYMENT_METHOD" ThroughOverride="Y"/>
    <Modification ModificationType="CHANGE_CUSTOM_ATTRIBUTES" ThroughOverride="Y"/>
    <Modification ModificationType="RELEASE" ThroughOverride="Y"/>
    <Modification ModificationType="SHIP_NODE" ThroughOverride="Y"/>
    <Modification ModificationType="ANSWER_SET" ThroughOverride="Y"/>
    <Modification ModificationType="MARKFOR" ThroughOverride="Y"/>
    <Modification ModificationType="RECEIVING_NODE" ThroughOverride="Y"/>
    <Modification ModificationType="SHORT" ThroughOverride="Y"/>
    <Modification ModificationType="BUYER_USER_ID" ThroughOverride="Y"/>
    <Modification ModificationType="OTHERS" ThroughOverride="N"/>
    <Modification ModificationType="DELIVERY_CODE" ThroughOverride="Y"/>
    <Modification ModificationType="LEVEL_OF_SERVICE" ThroughOverride="Y"/>
    <Modification ModificationType="CANCEL" ThroughOverride="N"/>
    <Modification ModificationType="UNSCHEDULE" ThroughOverride="Y"/>
    <Modification ModificationType="CHANGE_INSTRUCTION" ThroughOverride="Y"/>
    <Modification ModificationType="HOLD_TYPE" ThroughOverride="N"/>
    <Modification ModificationType="REFERENCES" ThroughOverride="N"/>
  </AllowedModifications>
  <PriceInfo Currency="CLP" EnterpriseCurrency="CLP" ReportingConversionDate="2022-01-19T08:00:31+00:00" ReportingConversionRate="1.00" TotalAmount="17660.00"/>
  <OrderLines>
    <OrderLine AllocationDate="2022-01-20" ApptStatus="" AwaitingDeliveryRequest="N" CanAddServiceLines="N" CarrierAccountNo="" CarrierServiceCode="NextDay" CustomerLinePONo="" CustomerPONo="" DeliveryCode="" DeliveryMethod="SHP" DepartmentCode="" FreightTerms="" FulfillmentType="SHIP_TO_HOME" HasDeliveryLines="N" HasServiceLines="N" HoldFlag="N" HoldReasonCode="" ImportLicenseNo="" InvoicedQty="0" IsBundleParent="N" ItemGroupCode="PROD" KitCode="" LineSeqNo="1.1" LineType="" MaxLineStatus="3350.1000" MaxLineStatusDesc="Ready for Backroom pick" MinLineStatus="3350.1000" MinLineStatusDesc="Ready for Backroom pick" OpenQty="2" OrderHeaderKey="2022011908003168172864" OrderLineKey="2022011908005968173409" OrderedQty="2" OriginalOrderedQty="2" OtherCharges="0.00" PackListType="" PersonalizeCode="" PersonalizeFlag="" PickableFlag="Y" PrimeLineNo="1" Purpose="" RemainingQty="2" ReqShipDate="2022-01-20T05:00:00+00:00" ReservationID="SHP_CCC1004648" ReservationPool="" SCAC="" ScacAndService="" ScacAndServiceKey="" Segment="" SegmentType="" SerialNo="" ShipNode="466" ShipToID="00398015" ShipTogetherNo="" SplitQty="0" Status="Ready for Backroom pick" StatusQuantity="2" SubLineNo="1" SubstituteItemID="" SubstituteItemUOM="" isHistory="N">
      <Item CostCurrency="" CountryOfOrigin="" CustomerItem="111160" CustomerItemDesc="Fluarix Tetra 2020 Vacuna Influenza" ECCNNo="" HarmonizedCode="" ISBN="" ItemDesc="Fluarix Tetra 2020 Vacuna Influenza" ItemID="111160" ItemShortDesc="Fluarix Tetra 2020 Vacuna contra Influenza 1 Jeringa" ItemWeight="10.00" ItemWeightUOM="GRAM" ManufacturerItem="" ManufacturerItemDesc="" ManufacturerName="" NMFCClass="" NMFCCode="" NMFCDescription="" ProductClass="REGULAR" ProductLine="" ScheduleBCode="" SupplierItem="" SupplierItemDesc="" TaxProductCode="" UPCCode="" UnitCost="0.00" UnitOfMeasure="EACH"/>
      <LinePriceInfo ActualPricingQty="2" DiscountPercentage="0.00" InvoicedPricingQty="0" IsPriceLocked="N" LineTotal="11580.00" ListPrice="0.00" OrderedPricingQty="2" PricingQtyConversionFactor="0" PricingUOM="EACH" RetailPrice="0.00" SettledAmount="0.00" SettledQuantity="0" TaxableFlag="Y" UnitPrice="5790.00"/>
      <OrderLineOptions/>
      <WorkOrders NumberOfWorkOrders="0"/>
      <Instructions NumberOfInstructions="0"/>
      <References/>
      <KitLines NumberOfKitLines="0"/>
      <ProductItems/>
      <AdditionalAddresses NumberOfAdditionalAddresses="0"/>
      <Notes NumberOfNotes="0"/>
      <ServiceAssociations/>
      <ProductAssociations/>
      <DeliveryAssociations/>
      <Schedules>
        <Schedule ExpectedDeliveryDate="2022-01-20T05:00:00+00:00" ExpectedShipmentDate="2022-01-20T05:00:00+00:00" OrderHeaderKey="2022011908003168172864" OrderLineKey="2022011908005968173409" OrderLineScheduleKey="202201190852012768173515" Quantity="2" ScheduleNo="3" TagNumber=""/>
      </Schedules>
      <LineOverallTotals Charges="0.00" Discount="0.00" ExtendedPrice="11580.00" LineTotal="11580.00" OptionPrice="0.00" PricingQty="2.00" Tax="0.00" UnitPrice="5790.00"/>
      <LineInvoicedTotals AdditionalLinePriceTotal="0.00" Charges="0.00" Discount="0.00" ExtendedPrice="0.00" LineTotal="0.00" OptionPrice="0.00" PricingQty="0.00" Tax="0.00" UnitPrice="0.00"/>
      <LineRemainingTotals AdditionalLinePriceTotal="0.00" Charges="0.00" Discount="0.00" ExtendedPrice="11580.00" LineTotal="11580.00" OptionPrice="0.00" PricingQty="2.00" Tax="0.00" UnitPrice="5790.00"/>
      <LineCharges/>
      <LineTaxes>
        <LineTax ChargeCategory="TAX" ChargeName="SALES_TAX" ChargeNameKey="20200217045213576867911" InvoicedTax="0.00" Reference_1="standard" Reference_2="" Reference_3="" RemainingTax="1849.00" Tax="1849.00" TaxName="SALES_TAX" TaxPercentage="0.19"/>
        <TaxSummary>
          <TaxSummaryDetail InvoicedTax="0.00" OverallTax="1849.00" RemainingTax="1849.00" TaxName="SALES_TAX"/>
        </TaxSummary>
      </LineTaxes>
      <OrderStatuses>
        <OrderStatus OrderHeaderKey="2022011908003168172864" OrderLineKey="2022011908005968173409" OrderLineScheduleKey="202201190852012768173515" OrderReleaseKey="2022011908033668173837" OrderReleaseStatusKey="202201190886040668173880" PipelineKey="202004200522321016156546" ShipNode="466" Status="3350.1000" StatusDate="2022-01-19T08:04:06+00:00" StatusDescription="Ready for Backroom pick" StatusQty="2" TotalQuantity="2">
          <Details ExpectedDeliveryDate="2022-01-20T05:00:00+00:00" ExpectedShipmentDate="2022-01-20T05:00:00+00:00" TagNumber="">
            <KitDetails/>
          </Details>
        </OrderStatus>
      </OrderStatuses>
      <CapacityAllocations/>
    </OrderLine>
    <OrderLine AllocationDate="2022-01-20" ApptStatus="" AwaitingDeliveryRequest="N" CanAddServiceLines="N" CarrierAccountNo="" CarrierServiceCode="NextDay" CustomerLinePONo="" CustomerPONo="" DeliveryCode="" DeliveryMethod="SHP" DepartmentCode="" FreightTerms="" FulfillmentType="SHIP_TO_HOME" HasDeliveryLines="N" HasServiceLines="N" HoldFlag="N" HoldReasonCode="" ImportLicenseNo="" InvoicedQty="0" IsBundleParent="N" ItemGroupCode="PROD" KitCode="" LineSeqNo="2.1" LineType="" MaxLineStatus="3350.1000" MaxLineStatusDesc="Ready for Backroom pick" MinLineStatus="3350.1000" MinLineStatusDesc="Ready for Backroom pick" OpenQty="1" OrderHeaderKey="2022011908003168172864" OrderLineKey="2022011908005968173410" OrderedQty="1" OriginalOrderedQty="1" OtherCharges="0.00" PackListType="" PersonalizeCode="" PersonalizeFlag="" PickableFlag="Y" PrimeLineNo="2" Purpose="" RemainingQty="1" ReqShipDate="2022-01-20T05:00:00+00:00" ReservationID="SHP_CCC1004648" ReservationPool="" SCAC="" ScacAndService="" ScacAndServiceKey="" Segment="" SegmentType="" SerialNo="" ShipNode="466" ShipToID="00398015" ShipTogetherNo="" SplitQty="0" Status="Ready for Backroom pick" StatusQuantity="1" SubLineNo="1" SubstituteItemID="" SubstituteItemUOM="" isHistory="N">
      <Item CostCurrency="" CountryOfOrigin="" CustomerItem="102417" CustomerItemDesc="Cerca de 48.000 pequeÃ±os tenderos en BogotÃ¡, que trabajan en tiendas de barrio, peluquerÃ­as, papelerÃ­as, miscelÃ¡neas y otros negocios que han ayudado prestando su servicio, estÃ¡n en crisis y necesitan nuestra mano solidaria. Por esta razÃ³n, la FundaciÃ³n Solidaridad por Chile, FENALCO, Cruz Verde, Fenaltiendas, Fundecomercio, tuboleta, ProbogotÃ¡ y Punto Red se unen a esta iniciativa." ECCNNo="" HarmonizedCode="" ISBN="" ItemDesc="Cerca de 48.000 pequeÃ±os tenderos en BogotÃ¡, que trabajan en tiendas de barrio, peluquerÃ­as, papelerÃ­as, miscelÃ¡neas y otros negocios que han ayudado prestando su servicio, estÃ¡n en crisis y necesitan nuestra mano solidaria. Por esta razÃ³n, la FundaciÃ³n Solidaridad por Chile, FENALCO, Cruz Verde, Fenaltiendas, Fundecomercio, tuboleta, ProbogotÃ¡ y Punto Red se unen a esta iniciativa." ItemID="102417" ItemShortDesc="DonaciÃ³n Coronaton â€“ FundaciÃ³n Solidaridad por Chile" ItemWeight="0.00" ItemWeightUOM="LBS" ManufacturerItem="" ManufacturerItemDesc="" ManufacturerName="FUNDACIÃ“N SOLIDARIDAD POR Chile" NMFCClass="" NMFCCode="" NMFCDescription="" ProductClass="REGULAR" ProductLine="" ScheduleBCode="" SupplierItem="" SupplierItemDesc="" TaxProductCode="" UPCCode="" UnitCost="0.00" UnitOfMeasure="EACH"/>
      <LinePriceInfo ActualPricingQty="1" DiscountPercentage="0.00" InvoicedPricingQty="0" IsPriceLocked="N" LineTotal="3090.00" ListPrice="0.00" OrderedPricingQty="1" PricingQtyConversionFactor="0" PricingUOM="EACH" RetailPrice="0.00" SettledAmount="0.00" SettledQuantity="0" TaxableFlag="Y" UnitPrice="3090.00"/>
      <OrderLineOptions/>
      <WorkOrders NumberOfWorkOrders="0"/>
      <Instructions NumberOfInstructions="0"/>
      <References/>
      <KitLines NumberOfKitLines="0"/>
      <ProductItems/>
      <AdditionalAddresses NumberOfAdditionalAddresses="0"/>
      <Notes NumberOfNotes="0"/>
      <ServiceAssociations/>
      <ProductAssociations/>
      <DeliveryAssociations/>
      <Schedules>
        <Schedule ExpectedDeliveryDate="2022-01-20T05:00:00+00:00" ExpectedShipmentDate="2022-01-20T05:00:00+00:00" OrderHeaderKey="2022011908003168172864" OrderLineKey="2022011908005968173410" OrderLineScheduleKey="202201190868012668173488" Quantity="1" ScheduleNo="3" TagNumber=""/>
      </Schedules>
      <LineOverallTotals Charges="0.00" Discount="0.00" ExtendedPrice="3090.00" LineTotal="3090.00" OptionPrice="0.00" PricingQty="1.00" Tax="0.00" UnitPrice="3090.00"/>
      <LineInvoicedTotals AdditionalLinePriceTotal="0.00" Charges="0.00" Discount="0.00" ExtendedPrice="0.00" LineTotal="0.00" OptionPrice="0.00" PricingQty="0.00" Tax="0.00" UnitPrice="0.00"/>
      <LineRemainingTotals AdditionalLinePriceTotal="0.00" Charges="0.00" Discount="0.00" ExtendedPrice="3090.00" LineTotal="3090.00" OptionPrice="0.00" PricingQty="1.00" Tax="0.00" UnitPrice="3090.00"/>
      <LineCharges/>
      <LineTaxes>
        <LineTax ChargeCategory="TAX" ChargeName="SALES_TAX" ChargeNameKey="20200217045213576867911" InvoicedTax="0.00" Reference_1="standard" Reference_2="" Reference_3="" RemainingTax="493.00" Tax="493.00" TaxName="SALES_TAX" TaxPercentage="0.19"/>
        <TaxSummary>
          <TaxSummaryDetail InvoicedTax="0.00" OverallTax="493.00" RemainingTax="493.00" TaxName="SALES_TAX"/>
        </TaxSummary>
      </LineTaxes>
      <OrderStatuses>
        <OrderStatus OrderHeaderKey="2022011908003168172864" OrderLineKey="2022011908005968173410" OrderLineScheduleKey="202201190868012668173488" OrderReleaseKey="2022011908033668173837" OrderReleaseStatusKey="202201190857040668173881" PipelineKey="202004200522321016156546" ShipNode="466" Status="3350.1000" StatusDate="2022-01-19T08:04:06+00:00" StatusDescription="Ready for Backroom pick" StatusQty="1" TotalQuantity="1">
          <Details ExpectedDeliveryDate="2022-01-20T05:00:00+00:00" ExpectedShipmentDate="2022-01-20T05:00:00+00:00" TagNumber="">
            <KitDetails/>
          </Details>
        </OrderStatus>
      </OrderStatuses>
      <CapacityAllocations/>
    </OrderLine>
  </OrderLines>
  <Instructions NumberOfInstructions="0"/>
  <PersonInfoShipTo AddressLine1="Avenida Providencia 1144, Providencia, Chile" AddressLine2="" AddressLine3="" AddressLine4="Providencia" AddressLine5="" AddressLine6="" AlternateEmailID="" Beeper="" City="Providencia" Company="" Country="CL" DayFaxNo="" DayPhone="" Department="" EMailID="" EveningFaxNo="" EveningPhone="" FirstName="Sole" JobTitle="" LastName="Pruebas" MiddleName="" MobilePhone="" OtherPhone="" PersonID="" PersonInfoKey="2021111205145760313008" State="Región Metropolitana" Suffix="" Title="" ZipCode=""/>
  <PersonInfoBillTo AddressLine1="Avenida Providencia 1144, Providencia, Chile" AddressLine2="" AddressLine3="" AddressLine4="Providencia" AddressLine5="" AddressLine6="" AlternateEmailID="" Beeper="" City="Providencia" Company="" Country="CL" DayFaxNo="" DayPhone="" Department="" EMailID="correo@pruebas11.cl" EveningFaxNo="" EveningPhone="" FirstName="Sole" JobTitle="" LastName="Pruebas" MiddleName="" MobilePhone="" OtherPhone="" PersonID="" PersonInfoKey="2021111205095760312239" State="Región Metropolitana" Suffix="" Title="" ZipCode=""/>
  <AdditionalAddresses NumberOfAdditionalAddresses="0"/>
  <References>
    <Reference Name="MERCADOPAGO_PREFID" Value="488645542-a5c05724-9971-480e-ad86-a1b51b48ebaf"/>
    <Reference Name="BOLETA_ID" Value="14693402"/>
  </References>
  <PaymentMethods>
    <PaymentMethod CheckNo="" CheckReference="" CreditCardExpDate="102025" CreditCardName="Sole" CreditCardNo="371180" CreditCardType="AMEX" CustomerPONo="" DisplayCreditCardNo="7522" DisplayCustomerAccountNo="" DisplayPaymentReference1="" DisplaySvcNo="" FundsAvailable="0.00" GetFundsAvailableUserExitInvoked="N" PaymentReference1="" PaymentReference2="MPAGO_CREDIT" PaymentReference3="111111111" PaymentType="CREDIT_CARD"/>
  </PaymentMethods>
  <ChargeTransactionDetails AdditionalExpectedAuthorizations="0.00" TotalCredits="17660.00" TotalDebits="0.00" TotalOpenAuthorizations="0.00" TotalOpenBookings="17660.00" TotalTransferredIn="0.00" TotalTransferredOut="0.00">
    <ChargeTransactionDetail AuditTransactionID="" AuthorizationExpirationDate="2022-01-19T08:03:08+00:00" AuthorizationID="" BookAmount="0.00" ChargeTransactionKey="2022011908030868173806" ChargeType="CHARGE" CollectionDate="2022-01-19T08:03:08+00:00" CreditAmount="17660.00" DebitAmount="0.00" DistributedAmount="0.00" HoldAgainstBook="Y" OpenAuthorizedAmount="0.00" OrderHeaderKey="2022011908003168172864" OrderInvoiceKey="" PaymentKey="202201190888030868173805" RequestAmount="17660.00" SettledAmount="0.00" Status="CHECKED" TransactionDate="2022-01-19T08:03:13+00:00" TransferFromOhKey="" TransferToOhKey="" UserExitStatus="">
      <InvoiceCollectionDetails/>
      <CreditCardTransactions/>
      <TransferToOrder/>
      <TransferFromOrder/>
    </ChargeTransactionDetail>
    <ChargeTransactionDetail AuditTransactionID="" AuthorizationExpirationDate="2022-01-19T08:03:10+00:00" AuthorizationID="" BookAmount="17660.00" ChargeTransactionKey="2022011908031068173807" ChargeType="CREATE_ORDER" CollectionDate="2022-01-19T08:03:10+00:00" CreditAmount="0.00" DebitAmount="0.00" DistributedAmount="0.00" HoldAgainstBook="" OpenAuthorizedAmount="0.00" OrderHeaderKey="2022011908003168172864" OrderInvoiceKey="" PaymentKey="" RequestAmount="0.00" SettledAmount="0.00" Status="CHECKED" TransactionDate="2022-01-19T08:03:13+00:00" TransferFromOhKey="" TransferToOhKey="" UserExitStatus="">
      <InvoiceCollectionDetails/>
      <CreditCardTransactions/>
      <TransferToOrder/>
      <TransferFromOrder/>
    </ChargeTransactionDetail>
  </ChargeTransactionDetails>
  <ProductServiceAssocs/>
  <OverallTotals GrandCharges="2990.00" GrandDiscount="0.00" GrandTax="0.00" GrandTotal="17660.00" HdrCharges="2990.00" HdrDiscount="0.00" HdrTax="0.00" HdrTotal="2990.00" LineSubTotal="14670.00"/>
  <InvoicedTotals GrandCharges="0.00" GrandDiscount="0.00" GrandTax="0.00" GrandTotal="0.00" HdrCharges="0.00" HdrDiscount="0.00" HdrTax="0.00" HdrTotal="0.00" LineSubTotal="0.00"/>
  <RemainingTotals GrandCharges="2990.00" GrandDiscount="0.00" GrandTax="0.00" GrandTotal="17660.00" HdrCharges="2990.00" HdrDiscount="0.00" HdrTax="0.00" HdrTotal="2990.00" LineSubTotal="14670.00"/>
  <HeaderCharges>
    <HeaderCharge ChargeAmount="2990.00" ChargeCategory="SHIPPING" ChargeName="SHIPPING_CHARGE" ChargeNameKey="201911051207401838388" InvoicedChargeAmount="0.00" IsBillable="Y" IsDiscount="N" Reference="" RemainingChargeAmount="2990.00"/>
    <HeaderCharge ChargeAmount="0.00" ChargeCategory="DISCOUNT" ChargeName="SHIP_DISCOUNT" ChargeNameKey="201911051206481838382" InvoicedChargeAmount="0.00" IsBillable="Y" IsDiscount="Y" Reference="" RemainingChargeAmount="0.00"/>
  </HeaderCharges>
  <HeaderTaxes>
    <HeaderTax ChargeCategory="TAX" ChargeName="SHIPPING_TAX" ChargeNameKey="20200217045236576870517" InvoicedTax="0.00" Reference_1="" Reference_2="" Reference_3="" RemainingTax="477.00" Tax="477.00" TaxName="SHIPPING_TAX" TaxPercentage="0.00" TaxableFlag="N"/>
    <TaxSummary>
      <TaxSummaryDetail InvoicedTax="0.00" OverallTax="477.00" RemainingTax="477.00" TaxName="SHIPPING_TAX"/>
    </TaxSummary>
  </HeaderTaxes>
  <OrderStatuses>
    <OrderStatus OrderHeaderKey="2022011908003168172864" OrderLineKey="2022011908005968173409" OrderLineScheduleKey="202201190852012768173515" OrderReleaseKey="2022011908033668173837" OrderReleaseStatusKey="202201190886040668173880" PipelineKey="202004200522321016156546" ShipNode="466" Status="3350.1000" StatusDate="2022-01-19T08:04:06+00:00" StatusDescription="Ready for Backroom pick" StatusQty="2" TotalQuantity="2">
      <Details ExpectedDeliveryDate="2022-01-20T05:00:00+00:00" ExpectedShipmentDate="2022-01-20T05:00:00+00:00" TagNumber=""/>
    </OrderStatus>
    <OrderStatus OrderHeaderKey="2022011908003168172864" OrderLineKey="2022011908005968173410" OrderLineScheduleKey="202201190868012668173488" OrderReleaseKey="2022011908033668173837" OrderReleaseStatusKey="202201190857040668173881" PipelineKey="202004200522321016156546" ShipNode="466" Status="3350.1000" StatusDate="2022-01-19T08:04:06+00:00" StatusDescription="Ready for Backroom pick" StatusQty="1" TotalQuantity="1">
      <Details ExpectedDeliveryDate="2022-01-20T05:00:00+00:00" ExpectedShipmentDate="2022-01-20T05:00:00+00:00" TagNumber=""/>
    </OrderStatus>
  </OrderStatuses>
  <ExchangeOrders/>
</Order>

<?xml version="1.0" encoding="UTF-8"?><Order OrderHeaderKey="2022011908003168172864"/>
[INFO]-[2022-01-19 13:34:08.784]-[TestNG-test=OMS-1]-[requestCreationInOMS]-[RequestHelper.java:221]-Pre-condition for Test: getOrderReleaseList
[INFO]-[2022-01-19 13:34:08.785]-[TestNG-test=OMS-1]-[sendAPIRequest]-[RestAssuredRequest.java:20]-Calling POST request with end point : https://localhost:9443/smcfs/restapi/executeFlow/DifarmaGetShipmentListForOrder
io.restassured.internal.RequestSpecificationImpl@2f8941be
io.restassured.internal.RestAssuredResponseImpl@3272d414
[INFO]-[2022-01-19 13:34:09.562]-[TestNG-test=OMS-1]-[logRequestResponse]-[RequestPayload.java:171]-API Request sent : 
[INFO]-[2022-01-19 13:34:09.563]-[TestNG-test=OMS-1]-[logRequestResponse]-[RequestPayload.java:172]-Request method:	POST
Request URI:	https://localhost:9443/smcfs/restapi/executeFlow/DifarmaGetShipmentListForOrder
Proxy:			<none>
Request params:	<none>
Query params:	<none>
Form params:	<none>
Path params:	<none>
Headers:		Accept=application/xml
				Authorization=Basic YWRtaW46cGFzc3dvcmQ=
				Content-Type=application/xml
Cookies:		<none>
Multiparts:		<none>
Body:
<Order OrderHeaderKey="2022011908003168172864"/>

[INFO]-[2022-01-19 13:34:09.564]-[TestNG-test=OMS-1]-[logRequestResponse]-[RequestPayload.java:174]-API Response received : 
[INFO]-[2022-01-19 13:34:09.565]-[TestNG-test=OMS-1]-[logRequestResponse]-[RequestPayload.java:175]-HTTP/1.1 200 OK
X-FRAME-OPTIONS: SAMEORIGIN
X-UA-Compatible: IE=EmulateIE8
Access-Control-Max-Age: 3600
Access-Control-Allow-Credentials: true
Access-Control-Allow-Origin: *
Content-Type: application/xml; charset=UTF-8
Content-Encoding: gzip
Content-Language: en-US
Content-Length: 199
Date: Wed, 19 Jan 2022 08:04:09 GMT

<ShipmentList>
  <Shipment DeliveryMethod="SHP" DocumentType="0001" EnterpriseCode="FCVChile" ShipNode="466" ShipmentKey="2022011908040668173872" Status="1100.70.06.10"/>
</ShipmentList>

[INFO]-[2022-01-19 13:34:09.618]-[TestNG-test=OMS-1]-[requestCreationInOMS]-[RequestHelper.java:211]-Pre-condition for Test: getOrderReleaseList
[INFO]-[2022-01-19 13:34:09.620]-[TestNG-test=OMS-1]-[sendAPIRequest]-[RestAssuredRequest.java:20]-Calling POST request with end point : https://localhost:9443/smcfs/restapi/executeFlow/DifarmaGetShipmentList
io.restassured.internal.RequestSpecificationImpl@4a63b636
io.restassured.internal.RestAssuredResponseImpl@8b767dd
[INFO]-[2022-01-19 13:34:10.484]-[TestNG-test=OMS-1]-[logRequestResponse]-[RequestPayload.java:171]-API Request sent : 
[INFO]-[2022-01-19 13:34:10.485]-[TestNG-test=OMS-1]-[logRequestResponse]-[RequestPayload.java:172]-Request method:	POST
Request URI:	https://localhost:9443/smcfs/restapi/executeFlow/DifarmaGetShipmentList
Proxy:			<none>
Request params:	<none>
Query params:	<none>
Form params:	<none>
Path params:	<none>
Headers:		Accept=application/xml
				Authorization=Basic YWRtaW46cGFzc3dvcmQ=
				Content-Type=application/xml
Cookies:		<none>
Multiparts:		<none>
Body:
<Shipment ShipmentKey="2022011908040668173872"/>

[INFO]-[2022-01-19 13:34:10.486]-[TestNG-test=OMS-1]-[logRequestResponse]-[RequestPayload.java:174]-API Response received : 
[INFO]-[2022-01-19 13:34:10.487]-[TestNG-test=OMS-1]-[logRequestResponse]-[RequestPayload.java:175]-HTTP/1.1 200 OK
X-FRAME-OPTIONS: SAMEORIGIN
X-UA-Compatible: IE=EmulateIE8
Access-Control-Max-Age: 3600
Access-Control-Allow-Credentials: true
Access-Control-Allow-Origin: *
Content-Type: application/xml; charset=UTF-8
Content-Encoding: gzip
Content-Language: en-US
Content-Length: 4547
Date: Wed, 19 Jan 2022 08:04:10 GMT

<Shipments>
  <Shipment Action="" ActualFreightCharge="0.00" AllowOverage="N" AssociationAction="" BBNMinVolume="0.00" BBNMinWeight="0.00" BillToAddressKey="2021111205095760312239" BillToCustomerId="00398015" CODPayMethod="" CarrierAccountNo="" CarrierPickupTime="2022-01-19T08:04:06+00:00" CarrierServiceCode="" CarrierSortLocationId="" CarrierType="" Code="" CommercialValue="0.00" ContainerizedQuantity="0" Createprogid="CONSOLIDATE_TO_SHIPMENT_0001" Createts="2022-01-19T08:04:06+00:00" Createuserid="DifarmaConsolidateToShipmentAgentServer" Currency="CLP" CustomerPoNo="" DeliveryCode="" DeliveryMethod="SHP" DeliveryTS="2022-01-20" DepartmentCode="" DestinationZone="" DoNotConsolidate="Y" DoNotVerifyCaseContent="N" DoNotVerifyPalletContent="N" DocumentType="0001" DownLoadCount="0" EnterpriseCode="FCVChile" EspCheckRequired="N" EstimatedPrice="14670.00" ExpectedDeliveryDate="2022-01-20T05:00:00+00:00" ExpectedPickDate="2022-01-20T05:00:00+00:00" ExpectedShipmentDate="2022-01-20T05:00:00+00:00" ExportLicenseExpDate="2022-01-19" ExportLicenseNo="" ExportTaxpayerID="" FreightTerms="" FromAddressKey="20210211211021566573536" FromAppointment="2022-01-19" GiftFlag="N" HasNodeExceptions="N" HasOtherShipments="N" HazardousMaterialFlag="N" ITDate="2022-01-19" IsAppointmentReqd="N" IsPackProcessComplete="N" IsProductPlacingComplete="N" IsSingleOrder="N" ItemClassification="" LevelOfService="NextDay" LinesEntered="Y" LocationId="" Lockid="3" ManuallyEntered="N" Modifyprogid="CONSOLIDATE_TO_SHIPMENT_0001" Modifyts="2022-01-19T08:04:06+00:00" Modifyuserid="DifarmaConsolidateToShipmentAgentServer" MustShipBeforeDate="2022-01-20T05:00:00+00:00" NextAlertTs="1900-01-01T00:00:00+00:00" NotificationSent="N" NumOfCartons="1" NumOfPallets="0" OrderAvailableOnSystem="Y" OrderType="SHP" OriginZone="" OverrideManualShipmentEntry="N" PackAndHold="N" PackListType="" PipelineKey="202004200525561016172621" PlacedQuantity="0" PriorityCode="" ReleaseNo="0" RequestedCarrierServiceCode="NextDay" RequestedDeliveryDate="2022-01-20T05:00:00+00:00" RequestedShipmentDate="2022-01-20T05:00:00+00:00" RequiresApptConfirmation="N" RoutingContactInfo="" RoutingErrorCode="" RoutingGuideMaintained="03" RoutingSource="02" SCAC="RAYO" ScacIntegrationRequired="N" SellerOrganizationCode="FCV" ShipDate="2022-01-20T05:00:00+00:00" ShipMode="" ShipNode="466" ShipToCustomerId="00398015" ShipVia="" ShipmentClosedFlag="N" ShipmentConfirmUpdatesDone="N" ShipmentContainerizedFlag="01" ShipmentDeliverUpdatesDone="N" ShipmentGroupId="" ShipmentKey="2022011908040668173872" ShipmentNo="100013623" ShipmentPlannedFlag="N" ShipmentSortLocationId="" ShipmentType="" Status="1100.70.06.10" StatusDate="2022-01-19T08:04:06+00:00" ToAddressKey="2021111205145760313008" ToAppointment="2022-01-19" TotalActualCharge="0.00" TotalEstimatedCharge="0.00" TotalQuantity="3" TotalVolume="122.0472" TotalVolumeUOM="CIN" TotalWeight="0.0441" TotalWeightUOM="LBS" UnplacedQuantity="3" isHistory="N">
    <Extn ExtnETFulfilment="N" ExtnIsPreSalesEnabled="" ExtnOrderDate="2022-01-19T08:00:31+00:00"/>
    <ShipmentLines>
      <ShipmentLine Action="" BackroomPickedQuantity="" CountryOfOrigin="" Createprogid="CONSOLIDATE_TO_SHIPMENT_0001" Createts="2022-01-19T08:04:06+00:00" Createuserid="DifarmaConsolidateToShipmentAgentServer" CustomerPoLineNo="" CustomerPoNo="" DepartmentCode="" FifoNo="0" GiftFlag="N" IsPickable="Y" ItemDesc="Fluarix Tetra 2020 Vacuna Influenza" ItemID="111160" KitCode="" KitQty="0" LevelOfService="NextDay" Lockid="0" Modifyprogid="CONSOLIDATE_TO_SHIPMENT_0001" Modifyts="2022-01-19T08:04:06+00:00" Modifyuserid="DifarmaConsolidateToShipmentAgentServer" NetWeight="0.00" NetWeightUom="" OrderHeaderKey="2022011908003168172864" OrderLineKey="2022011908005968173409" OrderNo="CCC1004648" OrderReleaseKey="2022011908033668173837" OrderType="SHP" OriginalQuantity="2" OverShipQuantity="0" PrimeLineNo="1" ProductClass="REGULAR" Quantity="2" ReleaseNo="1" RequestedSerialNo="" ReturnShippingLabelLevel="N" Segment="" SegmentType="" ShipToCustomerId="00398015" ShipmentKey="2022011908040668173872" ShipmentLineKey="2022011908040668173870" ShipmentLineNo="1" ShipmentSubLineNo="0" ShortageQty="0" SubLineNo="1" UnitOfMeasure="EACH" WaveNo="" isHistory="N">
        <OrderLine AddToOrderReleaseKey="" ApptStatus="" BackorderNotificationQty="0" BasicCapacityRequired="0" CanAddServiceLines="N" CannotMeetAppt="" CapacityUOM="" CarrierAccountNo="" CarrierServiceCode="NextDay" ConditionVariable1="" ConditionVariable2="" Createprogid="ISCCSSYS001" Createts="2022-01-19T08:01:00+00:00" Createuserid="admin" CustomerLinePONo="" CustomerPONo="" DeliveryCode="" DeliveryMethod="SHP" DepartmentCode="" DependencyRatio="0" EarliestDeliveryDate="2022-01-20T05:00:00+00:00" EarliestShipDate="2022-01-20T05:00:00+00:00" FillQuantity="0" FixedCapacityQtyPerLine="0" FixedPricingQtyPerLine="0" FreightTerms="" FulfillmentType="SHIP_TO_HOME" GiftFlag="N" HoldFlag="N" HoldReasonCode="" ImportLicenseNo="" IntentionalBackorder="N" InvoiceBasedOnActuals="N" InvoiceComplete="N" InvoicedExtendedPrice="0.00" InvoicedQuantity="0" IsCapacityOverridden="N" IsCostOverridden="Y" IsFirmPredefinedNode="Y" IsPriceMatched="N" IsStandaloneService="" ItemGroupCode="PROD" KitCode="" LevelOfService="NextDay" LineSeqNo="1.1" LineType="" Lockid="2" MaintainRatio="" Modifyprogid="ISCCSSYS001" Modifyts="2022-01-19T08:01:27+00:00" Modifyuserid="admin" OptionCapacityRequired="0" OrderClass="NEW" OrderHeaderKey="2022011908003168172864" OrderLineKey="2022011908005968173409" OrderedQty="2" OrderingUOM="EACH" OriginalOrderedQty="2" OtherCharges="0.00" OverReceiptQuantity="0" PackListType="" ParentOfDependentGroup="N" PersonalizeCode="" PersonalizeFlag="" PickableFlag="Y" PipelineKey="202004200522321016156546" PricingDate="2022-01-19" PrimeLineNo="1" PropagationQty="0" PropagationToParentRequired="" Purpose="" QuantityToSplit="0" ReceivedAsComponents="" ReceivedQty="0" ReqShipDate="2022-01-20T05:00:00+00:00" ReservationID="SHP_CCC1004648" ReservationMandatory="N" ReservationPool="" ReturnReason="" SCAC="" SchedFailureReasonCode="" Segment="" SegmentType="" SerialNo="" ShipNode="466" ShipToID="00398015" ShipTogetherNo="" ShippedQuantity="0" SplitFromLineKey="" SplitFromPrimeLineNo="0" SplitFromSubLineNo="0" SplitQty="0" SubLineNo="1" Timezone="" TotalQtyToCancel="0" TranDiscrepancyQty="0" TransactionalLineId="" WaitForSeqLine="N" isHistory="N">
          <Extn ExtnCustomerPromiseDate="2022-01-20T04:01:00+00:00" ExtnIsBigStoreSch="N" ExtnIsJumpFlowSch="N" ExtnNxtDayTimeWOSLA="2022-01-20T04:00:00Z" ExtnOriginalReqShipDate="2022-01-20T04:01:00+00:00"/>
        </OrderLine>
      </ShipmentLine>
      <ShipmentLine Action="" BackroomPickedQuantity="" CountryOfOrigin="" Createprogid="CONSOLIDATE_TO_SHIPMENT_0001" Createts="2022-01-19T08:04:06+00:00" Createuserid="DifarmaConsolidateToShipmentAgentServer" CustomerPoLineNo="" CustomerPoNo="" DepartmentCode="" FifoNo="0" GiftFlag="N" IsPickable="Y" ItemDesc="Cerca de 48.000 pequeÃ±os tenderos en BogotÃ¡, que trabajan en tiendas de barrio, peluquerÃ­as, papelerÃ­as, miscelÃ¡neas y otros negocios que han ayudado prestando su servicio, estÃ¡n en crisis y necesitan nuestra mano solidaria. Por esta razÃ³n, la FundaciÃ³n Solidaridad por Chile, FENALCO, Cruz Verde, Fenaltiendas, Fundecomercio, tuboleta, ProbogotÃ¡ y Punto Red se unen a esta iniciativa." ItemID="102417" KitCode="" KitQty="0" LevelOfService="NextDay" Lockid="0" Modifyprogid="CONSOLIDATE_TO_SHIPMENT_0001" Modifyts="2022-01-19T08:04:06+00:00" Modifyuserid="DifarmaConsolidateToShipmentAgentServer" NetWeight="0.00" NetWeightUom="" OrderHeaderKey="2022011908003168172864" OrderLineKey="2022011908005968173410" OrderNo="CCC1004648" OrderReleaseKey="2022011908033668173837" OrderType="SHP" OriginalQuantity="1" OverShipQuantity="0" PrimeLineNo="2" ProductClass="REGULAR" Quantity="1" ReleaseNo="1" RequestedSerialNo="" Segment="" SegmentType="" ShipToCustomerId="00398015" ShipmentKey="2022011908040668173872" ShipmentLineKey="2022011908040668173871" ShipmentLineNo="2" ShipmentSubLineNo="0" ShortageQty="0" SubLineNo="1" UnitOfMeasure="EACH" WaveNo="" isHistory="N">
        <OrderLine AddToOrderReleaseKey="" ApptStatus="" BackorderNotificationQty="0" BasicCapacityRequired="0" CanAddServiceLines="N" CannotMeetAppt="" CapacityUOM="" CarrierAccountNo="" CarrierServiceCode="NextDay" ConditionVariable1="" ConditionVariable2="" Createprogid="ISCCSSYS001" Createts="2022-01-19T08:01:00+00:00" Createuserid="admin" CustomerLinePONo="" CustomerPONo="" DeliveryCode="" DeliveryMethod="SHP" DepartmentCode="" DependencyRatio="0" EarliestDeliveryDate="2022-01-20T05:00:00+00:00" EarliestShipDate="2022-01-20T05:00:00+00:00" FillQuantity="0" FixedCapacityQtyPerLine="0" FixedPricingQtyPerLine="0" FreightTerms="" FulfillmentType="SHIP_TO_HOME" GiftFlag="N" HoldFlag="N" HoldReasonCode="" ImportLicenseNo="" IntentionalBackorder="N" InvoiceBasedOnActuals="N" InvoiceComplete="N" InvoicedExtendedPrice="0.00" InvoicedQuantity="0" IsCapacityOverridden="N" IsCostOverridden="Y" IsFirmPredefinedNode="Y" IsPriceMatched="N" IsStandaloneService="" ItemGroupCode="PROD" KitCode="" LevelOfService="NextDay" LineSeqNo="2.1" LineType="" Lockid="2" MaintainRatio="" Modifyprogid="ISCCSSYS001" Modifyts="2022-01-19T08:01:27+00:00" Modifyuserid="admin" OptionCapacityRequired="0" OrderClass="NEW" OrderHeaderKey="2022011908003168172864" OrderLineKey="2022011908005968173410" OrderedQty="1" OrderingUOM="EACH" OriginalOrderedQty="1" OtherCharges="0.00" OverReceiptQuantity="0" PackListType="" ParentOfDependentGroup="N" PersonalizeCode="" PersonalizeFlag="" PickableFlag="Y" PipelineKey="202004200522321016156546" PricingDate="2022-01-19" PrimeLineNo="2" PropagationQty="0" PropagationToParentRequired="" Purpose="" QuantityToSplit="0" ReceivedAsComponents="" ReceivedQty="0" ReqShipDate="2022-01-20T05:00:00+00:00" ReservationID="SHP_CCC1004648" ReservationMandatory="N" ReservationPool="" ReturnReason="" SCAC="" SchedFailureReasonCode="" Segment="" SegmentType="" SerialNo="" ShipNode="466" ShipToID="00398015" ShipTogetherNo="" ShippedQuantity="0" SplitFromLineKey="" SplitFromPrimeLineNo="0" SplitFromSubLineNo="0" SplitQty="0" SubLineNo="1" Timezone="" TotalQtyToCancel="0" TranDiscrepancyQty="0" TransactionalLineId="" WaitForSeqLine="N" isHistory="N">
          <Extn ExtnCustomerPromiseDate="2022-01-20T04:01:00+00:00" ExtnIsBigStoreSch="N" ExtnIsJumpFlowSch="N" ExtnNxtDayTimeWOSLA="2022-01-20T04:00:00Z" ExtnOriginalReqShipDate="2022-01-20T04:01:00+00:00"/>
        </OrderLine>
      </ShipmentLine>
    </ShipmentLines>
    <ShipNode AcceptanceRequired="N" ActivateFlag="" AdvanceNotificationTime="0.00" AgentCriteriaGroup="" BolPrefix="00" CanShipToAllNodes="Y" CanShipToOtherAddresses="Y" ContactAddressKey="20210211211021566573536" Createprogid="SterlingHttpTester" Createts="2019-11-19T07:25:04+00:00" Createuserid="admin" CurrentBolNumber="" DcmIntegrationRealTime="N" DefaultDeclaredValue="0.00" DelayedInventoryAllocationSupport="N" Description="466-Avenida Pedro de Valdivia 2520" ExportLicenseExpDate="" ExportLicenseNo="" ExportTaxpayerId="" GLN="" GenerateBolNumber="N" IdentifiedByParentAs="466" IgnorePendingAllocation="N" InheritConfigFromShipNode="" InterfaceSubType="" InterfaceType="YFX" InventoryTracked="Y" Inventorytype="TRACK" IsFulfillmentNode="Y" IsItemBasedAllocationAllowed="Y" IsYard="N" Latitude="-33.439761" Localecode="es_ES_CL" Lockid="16" Longitude="-70.653896" MaintainInventoryCost="N" MaxConcurrentWaves="0" MaxDaysToScheduleBefore="0" MinNotificationTime="0" Modifyprogid=".YCPOrgDetailsAPI" Modifyts="2021-12-21T13:14:42+00:00" Modifyuserid="admin" NodeOrgCode="466" NodeType="Store" OwnerKey="FCVChile" OwnerType="" PackAdjRsnCode="PACK" PicklistType="" ProcureToShipAllowed="Y" ReceiptProcessingTime="0.00" ReceiptProcessingTimeForForwarding="0.00" ReceiptProcessingTimeForFutureInventory="0" ReceiveAdjRsnCode="RECEIPT" ReceivingCalendarKey="2020050508593023631996" ReceivingNode="N" RequireTransferAcceptance="N" RequiresChangeRequest="" ReturnCenterFlag="N" ReturnsNode="N" SerialTrackedOnTransfer="Y" SerialTracking="N" ShipAdjRsnCode="SHIP" ShipNode="466" ShipNodeAddressKey="20210211211021566573536" ShipNodeClass="0" ShipnodeKey="466" ShipnodeType="" ShippingCalendarKey="2020050508593023631996" ShippingNode="Y" SubstitutionAllowed="" SupplierKey="" TagTrackedAtReceipt="Y" TagTrackedInInventory="Y" ThreePlNode="N" TimeDiff="0.00" UseEndOfShiftTime="" WorkOrderCreationAllowed="N" XDocNode="">
      <ShipNodePersonInfo AddressLine1="Avenida Pedro de Valdivia 2520" AddressLine2="Avenida Pedro de Valdivia 2520" AddressLine3="" AddressLine4="Ñuñoa" AddressLine5="" AddressLine6="" AlternateEmailID="" Beeper="" City="Santiago" Company="" Country="CL" Createprogid="DifarmaStoreUploadServer" Createts="2021-02-11T21:10:21+00:00" Createuserid="DifarmaStoreUploadServer" DayFaxNo="" DayPhone="2-22090194" Department="" EMailID="F_CV466@farmacruzverde.cl" ErrorTxt="" EveningFaxNo="" EveningPhone="" FirstName="" HttpUrl="" JobTitle="" LastName="" Latitude="-33.439761" Lockid="2" Longitude="-70.653896" MiddleName="" MobilePhone="" Modifyprogid=".YCPOrgDetailsAPI" Modifyts="2021-07-15T11:29:33+00:00" Modifyuserid="admin" OtherPhone="" PersonID="" PersonInfoKey="20210211211021566573536" PreferredShipAddress="" State="Metropolitana de Santiago" Suffix="" Title="" UseCount="0" VerificationStatus="" ZipCode="" isHistory="N"/>
    </ShipNode>
    <ToAddress AddressID="ShipTo" AddressLine1="Avenida Providencia 1144, Providencia, Chile" AddressLine2="" AddressLine3="" AddressLine4="Providencia" AddressLine5="" AddressLine6="" AlternateEmailID="" Beeper="" City="Providencia" Company="" Country="CL" Createprogid="ISCCSSYS001" Createts="2021-11-12T05:14:57+00:00" Createuserid="admin" DayFaxNo="" DayPhone="" Department="" EMailID="" ErrorTxt="" EveningFaxNo="" EveningPhone="" FirstName="Sole" HttpUrl="" JobTitle="" LastName="Pruebas" Latitude="-33.429448" Lockid="0" Longitude="-70.6216772" MiddleName="" MobilePhone="" Modifyprogid="ISCCSSYS001" Modifyts="2021-11-12T05:14:57+00:00" Modifyuserid="admin" OtherPhone="" PersonID="" PersonInfoKey="2021111205145760313008" PreferredShipAddress="" State="Región Metropolitana" Suffix="" Title="" UseCount="0" VerificationStatus="" ZipCode="" isHistory="N"/>
    <Containers TotalNumberOfRecords="0"/>
    <Status Createprogid="XMLMigrator" Createts="2019-07-03T00:17:10+00:00" Createuserid="SYSTEM" Description="Ready For Backroom Pick" Lockid="0" Modifyprogid="XMLMigrator" Modifyts="2019-07-03T00:17:10+00:00" Modifyuserid="SYSTEM" OwnerKey="DEFAULT" ProcessTypeKey="ORDER_DELIVERY" RequiresCollaboration="" Status="1100.70.06.10" StatusKey="YCD_READY_BACKROOM_PICK" StatusName="Ready For Backroom Pick" StatusType="USER"/>
  </Shipment>
</Shipments>

[INFO]-[2022-01-19 13:34:11.309]-[TestNG-test=OMS-1]-[requestCreationInOMS]-[RequestHelper.java:231]-Pre-condition for Test: getOrderReleaseList
[INFO]-[2022-01-19 13:34:11.310]-[TestNG-test=OMS-1]-[sendAPIRequest]-[RestAssuredRequest.java:20]-Calling POST request with end point : https://localhost:9443/smcfs/restapi/executeFlow/DifarmaMobileRecordPickCompletion
io.restassured.internal.RequestSpecificationImpl@6f66810f
io.restassured.internal.RestAssuredResponseImpl@1f29b374
[INFO]-[2022-01-19 13:34:18.581]-[TestNG-test=OMS-1]-[logRequestResponse]-[RequestPayload.java:171]-API Request sent : 
[INFO]-[2022-01-19 13:34:18.581]-[TestNG-test=OMS-1]-[logRequestResponse]-[RequestPayload.java:172]-Request method:	POST
Request URI:	https://localhost:9443/smcfs/restapi/executeFlow/DifarmaMobileRecordPickCompletion
Proxy:			<none>
Request params:	<none>
Query params:	<none>
Form params:	<none>
Path params:	<none>
Headers:		Accept=application/xml
				Authorization=Basic YWRtaW46cGFzc3dvcmQ=
				Content-Type=application/xml
Cookies:		<none>
Multiparts:		<none>
Body:
<Shipment DeliveryMethod="PICK" DocumentType="0001" ShipNode="466" ShipmentKey="2022011908040668173872">
  <ShipmentLines>
    <ShipmentLine BackroomPickedQuantity="2" OrderHeaderKey="2022011908003168172864" OrderLineKey="2022011908005968173409" Quantity="2" ShipmentLineKey="2022011908040668173870" ShortageQty="0"/>
    <ShipmentLine BackroomPickedQuantity="1" OrderHeaderKey="2022011908003168172864" OrderLineKey="2022011908005968173410" Quantity="1" ShipmentLineKey="2022011908040668173871" ShortageQty="0"/>
  </ShipmentLines>
</Shipment>

[INFO]-[2022-01-19 13:34:18.582]-[TestNG-test=OMS-1]-[logRequestResponse]-[RequestPayload.java:174]-API Response received : 
[INFO]-[2022-01-19 13:34:18.583]-[TestNG-test=OMS-1]-[logRequestResponse]-[RequestPayload.java:175]-HTTP/1.1 200 OK
X-FRAME-OPTIONS: SAMEORIGIN
X-UA-Compatible: IE=EmulateIE8
Access-Control-Max-Age: 3600
Access-Control-Allow-Credentials: true
Access-Control-Allow-Origin: *
Content-Type: application/xml; charset=UTF-8
Content-Encoding: gzip
Content-Language: en-US
Content-Length: 134
Date: Wed, 19 Jan 2022 08:04:18 GMT

<Shipment ShipmentKey="2022011908040668173872" ShipmentValidationStatus="pickComplete"/>

[INFO]-[2022-01-19 13:34:18.653]-[TestNG-test=OMS-1]-[requestCreationInOMS]-[RequestHelper.java:241]-Pre-condition for Test: DifarmaMobileRecordPickCompletion
[INFO]-[2022-01-19 13:34:18.655]-[TestNG-test=OMS-1]-[sendAPIRequest]-[RestAssuredRequest.java:20]-Calling POST request with end point : https://localhost:9443/smcfs/restapi/executeFlow/DifarmaMobileRecordPackCompletion
io.restassured.internal.RequestSpecificationImpl@a918392
io.restassured.internal.RestAssuredResponseImpl@43e20bd
[INFO]-[2022-01-19 13:34:19.638]-[TestNG-test=OMS-1]-[logRequestResponse]-[RequestPayload.java:171]-API Request sent : 
[INFO]-[2022-01-19 13:34:19.639]-[TestNG-test=OMS-1]-[logRequestResponse]-[RequestPayload.java:172]-Request method:	POST
Request URI:	https://localhost:9443/smcfs/restapi/executeFlow/DifarmaMobileRecordPackCompletion
Proxy:			<none>
Request params:	<none>
Query params:	<none>
Form params:	<none>
Path params:	<none>
Headers:		Accept=application/xml
				Authorization=Basic YWRtaW46cGFzc3dvcmQ=
				Content-Type=application/xml
Cookies:		<none>
Multiparts:		<none>
Body:
<Shipment DocumentType="0001" ShipNode="466" ShipmentKey="2022011908040668173872" ShipmentNo="100013623">
  <Containers>
    <Container>
      <ContainerDetails>
        <ContainerDetail Quantity="1" ShipmentLineKey="2022011908040668173871">
          <ShipmentLine PrimeLineNo="" ShipmentLineNo="2" SubLineNo="1"/>
        </ContainerDetail>
      </ContainerDetails>
    </Container>
  </Containers>
</Shipment>

[INFO]-[2022-01-19 13:34:19.639]-[TestNG-test=OMS-1]-[logRequestResponse]-[RequestPayload.java:174]-API Response received : 
[INFO]-[2022-01-19 13:34:19.640]-[TestNG-test=OMS-1]-[logRequestResponse]-[RequestPayload.java:175]-HTTP/1.1 200 OK
X-FRAME-OPTIONS: SAMEORIGIN
X-UA-Compatible: IE=EmulateIE8
Access-Control-Max-Age: 3600
Access-Control-Allow-Credentials: true
Access-Control-Allow-Origin: *
Content-Type: application/xml; charset=UTF-8
Content-Encoding: gzip
Content-Language: en-US
Content-Length: 101
Date: Wed, 19 Jan 2022 08:04:20 GMT

<Shipment ShipmentKey="2022011908040668173872"/>

[INFO]-[2022-01-19 13:34:19.903]-[TestNG-test=OMS-1]-[requestCreationInOMS]-[RequestHelper.java:140]-Pre-condition for Test: getOrderDetails
[INFO]-[2022-01-19 13:34:19.905]-[TestNG-test=OMS-1]-[sendAPIRequest]-[RestAssuredRequest.java:20]-Calling POST request with end point : https://localhost:9443/smcfs/restapi/invoke/getOrderDetails
io.restassured.internal.RequestSpecificationImpl@65da123
io.restassured.internal.RestAssuredResponseImpl@709671b8
[INFO]-[2022-01-19 13:34:20.949]-[TestNG-test=OMS-1]-[logRequestResponse]-[RequestPayload.java:171]-API Request sent : 
[INFO]-[2022-01-19 13:34:20.950]-[TestNG-test=OMS-1]-[logRequestResponse]-[RequestPayload.java:172]-Request method:	POST
Request URI:	https://localhost:9443/smcfs/restapi/invoke/getOrderDetails
Proxy:			<none>
Request params:	<none>
Query params:	<none>
Form params:	<none>
Path params:	<none>
Headers:		Accept=application/xml
				Authorization=Basic YWRtaW46cGFzc3dvcmQ=
				Content-Type=application/xml
Cookies:		<none>
Multiparts:		<none>
Body:
<Order DocumentType="0001" EnterpriseCode="FCVChile" OrderHeaderKey="" OrderNo="CCC1004648"/>

[INFO]-[2022-01-19 13:34:20.951]-[TestNG-test=OMS-1]-[logRequestResponse]-[RequestPayload.java:174]-API Response received : 
[INFO]-[2022-01-19 13:34:20.951]-[TestNG-test=OMS-1]-[logRequestResponse]-[RequestPayload.java:175]-HTTP/1.1 200 OK
X-FRAME-OPTIONS: SAMEORIGIN
X-UA-Compatible: IE=EmulateIE8
Access-Control-Max-Age: 3600
Access-Control-Allow-Credentials: true
Access-Control-Allow-Origin: *
Content-Type: application/xml; charset=UTF-8
Content-Encoding: gzip
Content-Language: en-US
Content-Length: 4500
Date: Wed, 19 Jan 2022 08:04:21 GMT

<Order AllocationRuleID="DIF_SCH" AuthorizationExpirationDate="2022-01-19T08:04:13+00:00" BillToID="00398015" CarrierAccountNo="" CarrierServiceCode="" ChainType="" ChargeActualFreightFlag="N" CustCustPONo="" CustomerEMailID="correo@pruebas11.cl" CustomerPONo="" DeliveryCode="" Division="" DocumentType="0001" DraftOrderFlag="N" EnterpriseCode="FCVChile" EntryType="Call Center" FreightTerms="" HasDeliveryLines="N" HasProductLines="Y" HasServiceLines="N" HoldFlag="N" HoldReasonCode="" MaxOrderStatus="3350.1500.1000" MaxOrderStatusDesc="Packing Complete" MinOrderStatus="3350.1500.1000" MinOrderStatusDesc="Packing Complete" NotifyAfterShipmentFlag="N" OrderDate="2022-01-19T08:00:31+00:00" OrderHeaderKey="2022011908003168172864" OrderName="" OrderNo="CCC1004648" OrderType="SHP" OriginalTax="0.00" OriginalTotalAmount="17660.00" OtherCharges="2990.00" PaymentStatus="AUTHORIZED" PendingTransferIn="0.00" PersonalizeCode="" PriorityCode="" PriorityNumber="0" Purpose="" ReturnByGiftRecipient="" SCAC="" ScacAndService="" ScacAndServiceKey="" SearchCriteria1="" SearchCriteria2="" SellerOrganizationCode="FCV" ShipToID="00398015" Status="Packing Complete" TaxExemptFlag="N" TaxExemptionCertificate="" TaxJurisdiction="" TaxPayerId="" TermsCode="" TotalAdjustmentAmount="0.00" isHistory="N">
  <AllowedModifications>
    <Modification ModificationType="REMOVE_PROMOTION" ThroughOverride="Y"/>
    <Modification ModificationType="ORDER_NAME" ThroughOverride="Y"/>
    <Modification ModificationType="CONTACT_INFO" ThroughOverride="Y"/>
    <Modification ModificationType="CHANGE_ITERATION" ThroughOverride="Y"/>
    <Modification ModificationType="BILLTO" ThroughOverride="Y"/>
    <Modification ModificationType="TAX" ThroughOverride="N"/>
    <Modification ModificationType="CHANGE_PROMOTION" ThroughOverride="Y"/>
    <Modification ModificationType="FREIGHT_TERMS" ThroughOverride="Y"/>
    <Modification ModificationType="ADD_NOTE" ThroughOverride="N"/>
    <Modification ModificationType="CHANGE_STATUS" ThroughOverride="Y"/>
    <Modification ModificationType="ADD_LINE" ThroughOverride="Y"/>
    <Modification ModificationType="CARRIER" ThroughOverride="Y"/>
    <Modification ModificationType="ADDITIONADDR" ThroughOverride="Y"/>
    <Modification ModificationType="SOLDTO" ThroughOverride="Y"/>
    <Modification ModificationType="REQ_SHIP_DATE" ThroughOverride="Y"/>
    <Modification ModificationType="PAYMENT_STATUS" ThroughOverride="Y"/>
    <Modification ModificationType="ADD_INSTRUCTION" ThroughOverride="Y"/>
    <Modification ModificationType="CHANGE_NOTE" ThroughOverride="Y"/>
    <Modification ModificationType="CARRIER_ACCOUNT_NO" ThroughOverride="Y"/>
    <Modification ModificationType="CHANGE_ORDER_DATE" ThroughOverride="Y"/>
    <Modification ModificationType="REMOVE_NOTE" ThroughOverride="Y"/>
    <Modification ModificationType="HOLD" ThroughOverride="N"/>
    <Modification ModificationType="SPECIAL_SERVICE" ThroughOverride="Y"/>
    <Modification ModificationType="RULE_ID" ThroughOverride="Y"/>
    <Modification ModificationType="PRICE" ThroughOverride="N"/>
    <Modification ModificationType="CARRIER_SERVICE_CODE" ThroughOverride="Y"/>
    <Modification ModificationType="PAYMENT_METHOD" ThroughOverride="Y"/>
    <Modification ModificationType="CHANGE_CUSTOM_ATTRIBUTES" ThroughOverride="N"/>
    <Modification ModificationType="RELEASE" ThroughOverride="N"/>
    <Modification ModificationType="SHIP_NODE" ThroughOverride="Y"/>
    <Modification ModificationType="ANSWER_SET" ThroughOverride="Y"/>
    <Modification ModificationType="MARKFOR" ThroughOverride="Y"/>
    <Modification ModificationType="RECEIVING_NODE" ThroughOverride="Y"/>
    <Modification ModificationType="SHORT" ThroughOverride="Y"/>
    <Modification ModificationType="BUYER_USER_ID" ThroughOverride="Y"/>
    <Modification ModificationType="OTHERS" ThroughOverride="N"/>
    <Modification ModificationType="DELIVERY_CODE" ThroughOverride="Y"/>
    <Modification ModificationType="LEVEL_OF_SERVICE" ThroughOverride="Y"/>
    <Modification ModificationType="CANCEL" ThroughOverride="N"/>
    <Modification ModificationType="UNSCHEDULE" ThroughOverride="Y"/>
    <Modification ModificationType="CHANGE_INSTRUCTION" ThroughOverride="Y"/>
    <Modification ModificationType="HOLD_TYPE" ThroughOverride="N"/>
    <Modification ModificationType="REFERENCES" ThroughOverride="N"/>
  </AllowedModifications>
  <PriceInfo Currency="CLP" EnterpriseCurrency="CLP" ReportingConversionDate="2022-01-19T08:00:31+00:00" ReportingConversionRate="1.00" TotalAmount="17660.00"/>
  <OrderLines>
    <OrderLine AllocationDate="2022-01-20" ApptStatus="" AwaitingDeliveryRequest="N" CanAddServiceLines="N" CarrierAccountNo="" CarrierServiceCode="NextDay" CustomerLinePONo="" CustomerPONo="" DeliveryCode="" DeliveryMethod="SHP" DepartmentCode="" FreightTerms="" FulfillmentType="SHIP_TO_HOME" HasDeliveryLines="N" HasServiceLines="N" HoldFlag="N" HoldReasonCode="" ImportLicenseNo="" InvoicedQty="0" IsBundleParent="N" ItemGroupCode="PROD" KitCode="" LineSeqNo="1.1" LineType="" MaxLineStatus="3350.1500.1000" MaxLineStatusDesc="Packing Complete" MinLineStatus="3350.1500.1000" MinLineStatusDesc="Packing Complete" OpenQty="2" OrderHeaderKey="2022011908003168172864" OrderLineKey="2022011908005968173409" OrderedQty="2" OriginalOrderedQty="2" OtherCharges="0.00" PackListType="" PersonalizeCode="" PersonalizeFlag="" PickableFlag="Y" PrimeLineNo="1" Purpose="" RemainingQty="2" ReqShipDate="2022-01-20T05:00:00+00:00" ReservationID="SHP_CCC1004648" ReservationPool="" SCAC="" ScacAndService="" ScacAndServiceKey="" Segment="" SegmentType="" SerialNo="" ShipNode="466" ShipToID="00398015" ShipTogetherNo="" SplitQty="0" Status="Packing Complete" StatusQuantity="2" SubLineNo="1" SubstituteItemID="" SubstituteItemUOM="" isHistory="N">
      <Item CostCurrency="" CountryOfOrigin="" CustomerItem="111160" CustomerItemDesc="Fluarix Tetra 2020 Vacuna Influenza" ECCNNo="" HarmonizedCode="" ISBN="" ItemDesc="Fluarix Tetra 2020 Vacuna Influenza" ItemID="111160" ItemShortDesc="Fluarix Tetra 2020 Vacuna contra Influenza 1 Jeringa" ItemWeight="10.00" ItemWeightUOM="GRAM" ManufacturerItem="" ManufacturerItemDesc="" ManufacturerName="" NMFCClass="" NMFCCode="" NMFCDescription="" ProductClass="REGULAR" ProductLine="" ScheduleBCode="" SupplierItem="" SupplierItemDesc="" TaxProductCode="" UPCCode="" UnitCost="0.00" UnitOfMeasure="EACH"/>
      <LinePriceInfo ActualPricingQty="2" DiscountPercentage="0.00" InvoicedPricingQty="0" IsPriceLocked="N" LineTotal="11580.00" ListPrice="0.00" OrderedPricingQty="2" PricingQtyConversionFactor="0" PricingUOM="EACH" RetailPrice="0.00" SettledAmount="0.00" SettledQuantity="0" TaxableFlag="Y" UnitPrice="5790.00"/>
      <OrderLineOptions/>
      <WorkOrders NumberOfWorkOrders="0"/>
      <Instructions NumberOfInstructions="0"/>
      <References/>
      <KitLines NumberOfKitLines="0"/>
      <ProductItems/>
      <AdditionalAddresses NumberOfAdditionalAddresses="0"/>
      <Notes NumberOfNotes="0"/>
      <ServiceAssociations/>
      <ProductAssociations/>
      <DeliveryAssociations/>
      <Schedules>
        <Schedule ExpectedDeliveryDate="2022-01-20T05:00:00+00:00" ExpectedShipmentDate="2022-01-20T05:00:00+00:00" OrderHeaderKey="2022011908003168172864" OrderLineKey="2022011908005968173409" OrderLineScheduleKey="202201190852012768173515" Quantity="2" ScheduleNo="3" TagNumber=""/>
      </Schedules>
      <LineOverallTotals Charges="0.00" Discount="0.00" ExtendedPrice="11580.00" LineTotal="11580.00" OptionPrice="0.00" PricingQty="2.00" Tax="0.00" UnitPrice="5790.00"/>
      <LineInvoicedTotals AdditionalLinePriceTotal="0.00" Charges="0.00" Discount="0.00" ExtendedPrice="0.00" LineTotal="0.00" OptionPrice="0.00" PricingQty="0.00" Tax="0.00" UnitPrice="0.00"/>
      <LineRemainingTotals AdditionalLinePriceTotal="0.00" Charges="0.00" Discount="0.00" ExtendedPrice="11580.00" LineTotal="11580.00" OptionPrice="0.00" PricingQty="2.00" Tax="0.00" UnitPrice="5790.00"/>
      <LineCharges/>
      <LineTaxes>
        <LineTax ChargeCategory="TAX" ChargeName="SALES_TAX" ChargeNameKey="20200217045213576867911" InvoicedTax="0.00" Reference_1="standard" Reference_2="" Reference_3="" RemainingTax="1849.00" Tax="1849.00" TaxName="SALES_TAX" TaxPercentage="0.19"/>
        <TaxSummary>
          <TaxSummaryDetail InvoicedTax="0.00" OverallTax="1849.00" RemainingTax="1849.00" TaxName="SALES_TAX"/>
        </TaxSummary>
      </LineTaxes>
      <OrderStatuses>
        <OrderStatus OrderHeaderKey="2022011908003168172864" OrderLineKey="2022011908005968173409" OrderLineScheduleKey="202201190852012768173515" OrderReleaseKey="2022011908033668173837" OrderReleaseStatusKey="202201190889041968173927" PipelineKey="202004200522321016156546" ShipNode="466" Status="3350.1500.1000" StatusDate="2022-01-19T08:04:19+00:00" StatusDescription="Packing Complete" StatusQty="2" TotalQuantity="2">
          <Details ExpectedDeliveryDate="2022-01-20T05:00:00+00:00" ExpectedShipmentDate="2022-01-20T05:00:00+00:00" TagNumber="">
            <KitDetails/>
          </Details>
        </OrderStatus>
      </OrderStatuses>
      <CapacityAllocations/>
    </OrderLine>
    <OrderLine AllocationDate="2022-01-20" ApptStatus="" AwaitingDeliveryRequest="N" CanAddServiceLines="N" CarrierAccountNo="" CarrierServiceCode="NextDay" CustomerLinePONo="" CustomerPONo="" DeliveryCode="" DeliveryMethod="SHP" DepartmentCode="" FreightTerms="" FulfillmentType="SHIP_TO_HOME" HasDeliveryLines="N" HasServiceLines="N" HoldFlag="N" HoldReasonCode="" ImportLicenseNo="" InvoicedQty="0" IsBundleParent="N" ItemGroupCode="PROD" KitCode="" LineSeqNo="2.1" LineType="" MaxLineStatus="3350.1500.1000" MaxLineStatusDesc="Packing Complete" MinLineStatus="3350.1500.1000" MinLineStatusDesc="Packing Complete" OpenQty="1" OrderHeaderKey="2022011908003168172864" OrderLineKey="2022011908005968173410" OrderedQty="1" OriginalOrderedQty="1" OtherCharges="0.00" PackListType="" PersonalizeCode="" PersonalizeFlag="" PickableFlag="Y" PrimeLineNo="2" Purpose="" RemainingQty="1" ReqShipDate="2022-01-20T05:00:00+00:00" ReservationID="SHP_CCC1004648" ReservationPool="" SCAC="" ScacAndService="" ScacAndServiceKey="" Segment="" SegmentType="" SerialNo="" ShipNode="466" ShipToID="00398015" ShipTogetherNo="" SplitQty="0" Status="Packing Complete" StatusQuantity="1" SubLineNo="1" SubstituteItemID="" SubstituteItemUOM="" isHistory="N">
      <Item CostCurrency="" CountryOfOrigin="" CustomerItem="102417" CustomerItemDesc="Cerca de 48.000 pequeÃ±os tenderos en BogotÃ¡, que trabajan en tiendas de barrio, peluquerÃ­as, papelerÃ­as, miscelÃ¡neas y otros negocios que han ayudado prestando su servicio, estÃ¡n en crisis y necesitan nuestra mano solidaria. Por esta razÃ³n, la FundaciÃ³n Solidaridad por Chile, FENALCO, Cruz Verde, Fenaltiendas, Fundecomercio, tuboleta, ProbogotÃ¡ y Punto Red se unen a esta iniciativa." ECCNNo="" HarmonizedCode="" ISBN="" ItemDesc="Cerca de 48.000 pequeÃ±os tenderos en BogotÃ¡, que trabajan en tiendas de barrio, peluquerÃ­as, papelerÃ­as, miscelÃ¡neas y otros negocios que han ayudado prestando su servicio, estÃ¡n en crisis y necesitan nuestra mano solidaria. Por esta razÃ³n, la FundaciÃ³n Solidaridad por Chile, FENALCO, Cruz Verde, Fenaltiendas, Fundecomercio, tuboleta, ProbogotÃ¡ y Punto Red se unen a esta iniciativa." ItemID="102417" ItemShortDesc="DonaciÃ³n Coronaton â€“ FundaciÃ³n Solidaridad por Chile" ItemWeight="0.00" ItemWeightUOM="LBS" ManufacturerItem="" ManufacturerItemDesc="" ManufacturerName="FUNDACIÃ“N SOLIDARIDAD POR Chile" NMFCClass="" NMFCCode="" NMFCDescription="" ProductClass="REGULAR" ProductLine="" ScheduleBCode="" SupplierItem="" SupplierItemDesc="" TaxProductCode="" UPCCode="" UnitCost="0.00" UnitOfMeasure="EACH"/>
      <LinePriceInfo ActualPricingQty="1" DiscountPercentage="0.00" InvoicedPricingQty="0" IsPriceLocked="N" LineTotal="3090.00" ListPrice="0.00" OrderedPricingQty="1" PricingQtyConversionFactor="0" PricingUOM="EACH" RetailPrice="0.00" SettledAmount="0.00" SettledQuantity="0" TaxableFlag="Y" UnitPrice="3090.00"/>
      <OrderLineOptions/>
      <WorkOrders NumberOfWorkOrders="0"/>
      <Instructions NumberOfInstructions="0"/>
      <References/>
      <KitLines NumberOfKitLines="0"/>
      <ProductItems/>
      <AdditionalAddresses NumberOfAdditionalAddresses="0"/>
      <Notes NumberOfNotes="0"/>
      <ServiceAssociations/>
      <ProductAssociations/>
      <DeliveryAssociations/>
      <Schedules>
        <Schedule ExpectedDeliveryDate="2022-01-20T05:00:00+00:00" ExpectedShipmentDate="2022-01-20T05:00:00+00:00" OrderHeaderKey="2022011908003168172864" OrderLineKey="2022011908005968173410" OrderLineScheduleKey="202201190868012668173488" Quantity="1" ScheduleNo="3" TagNumber=""/>
      </Schedules>
      <LineOverallTotals Charges="0.00" Discount="0.00" ExtendedPrice="3090.00" LineTotal="3090.00" OptionPrice="0.00" PricingQty="1.00" Tax="0.00" UnitPrice="3090.00"/>
      <LineInvoicedTotals AdditionalLinePriceTotal="0.00" Charges="0.00" Discount="0.00" ExtendedPrice="0.00" LineTotal="0.00" OptionPrice="0.00" PricingQty="0.00" Tax="0.00" UnitPrice="0.00"/>
      <LineRemainingTotals AdditionalLinePriceTotal="0.00" Charges="0.00" Discount="0.00" ExtendedPrice="3090.00" LineTotal="3090.00" OptionPrice="0.00" PricingQty="1.00" Tax="0.00" UnitPrice="3090.00"/>
      <LineCharges/>
      <LineTaxes>
        <LineTax ChargeCategory="TAX" ChargeName="SALES_TAX" ChargeNameKey="20200217045213576867911" InvoicedTax="0.00" Reference_1="standard" Reference_2="" Reference_3="" RemainingTax="493.00" Tax="493.00" TaxName="SALES_TAX" TaxPercentage="0.19"/>
        <TaxSummary>
          <TaxSummaryDetail InvoicedTax="0.00" OverallTax="493.00" RemainingTax="493.00" TaxName="SALES_TAX"/>
        </TaxSummary>
      </LineTaxes>
      <OrderStatuses>
        <OrderStatus OrderHeaderKey="2022011908003168172864" OrderLineKey="2022011908005968173410" OrderLineScheduleKey="202201190868012668173488" OrderReleaseKey="2022011908033668173837" OrderReleaseStatusKey="202201190893041968173928" PipelineKey="202004200522321016156546" ShipNode="466" Status="3350.1500.1000" StatusDate="2022-01-19T08:04:19+00:00" StatusDescription="Packing Complete" StatusQty="1" TotalQuantity="1">
          <Details ExpectedDeliveryDate="2022-01-20T05:00:00+00:00" ExpectedShipmentDate="2022-01-20T05:00:00+00:00" TagNumber="">
            <KitDetails/>
          </Details>
        </OrderStatus>
      </OrderStatuses>
      <CapacityAllocations/>
    </OrderLine>
  </OrderLines>
  <Instructions NumberOfInstructions="0"/>
  <PersonInfoShipTo AddressLine1="Avenida Providencia 1144, Providencia, Chile" AddressLine2="" AddressLine3="" AddressLine4="Providencia" AddressLine5="" AddressLine6="" AlternateEmailID="" Beeper="" City="Providencia" Company="" Country="CL" DayFaxNo="" DayPhone="" Department="" EMailID="" EveningFaxNo="" EveningPhone="" FirstName="Sole" JobTitle="" LastName="Pruebas" MiddleName="" MobilePhone="" OtherPhone="" PersonID="" PersonInfoKey="2021111205145760313008" State="Región Metropolitana" Suffix="" Title="" ZipCode=""/>
  <PersonInfoBillTo AddressLine1="Avenida Providencia 1144, Providencia, Chile" AddressLine2="" AddressLine3="" AddressLine4="Providencia" AddressLine5="" AddressLine6="" AlternateEmailID="" Beeper="" City="Providencia" Company="" Country="CL" DayFaxNo="" DayPhone="" Department="" EMailID="correo@pruebas11.cl" EveningFaxNo="" EveningPhone="" FirstName="Sole" JobTitle="" LastName="Pruebas" MiddleName="" MobilePhone="" OtherPhone="" PersonID="" PersonInfoKey="2021111205095760312239" State="Región Metropolitana" Suffix="" Title="" ZipCode=""/>
  <AdditionalAddresses NumberOfAdditionalAddresses="0"/>
  <References>
    <Reference Name="MERCADOPAGO_PREFID" Value="488645542-a5c05724-9971-480e-ad86-a1b51b48ebaf"/>
    <Reference Name="BOLETA_ID" Value="14693402"/>
  </References>
  <PaymentMethods>
    <PaymentMethod CheckNo="" CheckReference="" CreditCardExpDate="102025" CreditCardName="Sole" CreditCardNo="371180" CreditCardType="AMEX" CustomerPONo="" DisplayCreditCardNo="7522" DisplayCustomerAccountNo="" DisplayPaymentReference1="" DisplaySvcNo="" FundsAvailable="0.00" GetFundsAvailableUserExitInvoked="N" PaymentReference1="" PaymentReference2="MPAGO_CREDIT" PaymentReference3="111111111" PaymentType="CREDIT_CARD"/>
  </PaymentMethods>
  <ChargeTransactionDetails AdditionalExpectedAuthorizations="0.00" TotalCredits="17660.00" TotalDebits="0.00" TotalOpenAuthorizations="0.00" TotalOpenBookings="17660.00" TotalTransferredIn="0.00" TotalTransferredOut="0.00">
    <ChargeTransactionDetail AuditTransactionID="" AuthorizationExpirationDate="2022-01-19T08:03:08+00:00" AuthorizationID="" BookAmount="0.00" ChargeTransactionKey="2022011908030868173806" ChargeType="CHARGE" CollectionDate="2022-01-19T08:03:08+00:00" CreditAmount="17660.00" DebitAmount="0.00" DistributedAmount="0.00" HoldAgainstBook="Y" OpenAuthorizedAmount="0.00" OrderHeaderKey="2022011908003168172864" OrderInvoiceKey="" PaymentKey="202201190888030868173805" RequestAmount="17660.00" SettledAmount="0.00" Status="CHECKED" TransactionDate="2022-01-19T08:03:13+00:00" TransferFromOhKey="" TransferToOhKey="" UserExitStatus="">
      <InvoiceCollectionDetails/>
      <CreditCardTransactions/>
      <TransferToOrder/>
      <TransferFromOrder/>
    </ChargeTransactionDetail>
    <ChargeTransactionDetail AuditTransactionID="" AuthorizationExpirationDate="2022-01-19T08:03:10+00:00" AuthorizationID="" BookAmount="17660.00" ChargeTransactionKey="2022011908031068173807" ChargeType="CREATE_ORDER" CollectionDate="2022-01-19T08:03:10+00:00" CreditAmount="0.00" DebitAmount="0.00" DistributedAmount="0.00" HoldAgainstBook="" OpenAuthorizedAmount="0.00" OrderHeaderKey="2022011908003168172864" OrderInvoiceKey="" PaymentKey="" RequestAmount="0.00" SettledAmount="0.00" Status="CHECKED" TransactionDate="2022-01-19T08:03:13+00:00" TransferFromOhKey="" TransferToOhKey="" UserExitStatus="">
      <InvoiceCollectionDetails/>
      <CreditCardTransactions/>
      <TransferToOrder/>
      <TransferFromOrder/>
    </ChargeTransactionDetail>
  </ChargeTransactionDetails>
  <ProductServiceAssocs/>
  <OverallTotals GrandCharges="2990.00" GrandDiscount="0.00" GrandTax="0.00" GrandTotal="17660.00" HdrCharges="2990.00" HdrDiscount="0.00" HdrTax="0.00" HdrTotal="2990.00" LineSubTotal="14670.00"/>
  <InvoicedTotals GrandCharges="0.00" GrandDiscount="0.00" GrandTax="0.00" GrandTotal="0.00" HdrCharges="0.00" HdrDiscount="0.00" HdrTax="0.00" HdrTotal="0.00" LineSubTotal="0.00"/>
  <RemainingTotals GrandCharges="2990.00" GrandDiscount="0.00" GrandTax="0.00" GrandTotal="17660.00" HdrCharges="2990.00" HdrDiscount="0.00" HdrTax="0.00" HdrTotal="2990.00" LineSubTotal="14670.00"/>
  <HeaderCharges>
    <HeaderCharge ChargeAmount="2990.00" ChargeCategory="SHIPPING" ChargeName="SHIPPING_CHARGE" ChargeNameKey="201911051207401838388" InvoicedChargeAmount="0.00" IsBillable="Y" IsDiscount="N" Reference="" RemainingChargeAmount="2990.00"/>
    <HeaderCharge ChargeAmount="0.00" ChargeCategory="DISCOUNT" ChargeName="SHIP_DISCOUNT" ChargeNameKey="201911051206481838382" InvoicedChargeAmount="0.00" IsBillable="Y" IsDiscount="Y" Reference="" RemainingChargeAmount="0.00"/>
  </HeaderCharges>
  <HeaderTaxes>
    <HeaderTax ChargeCategory="TAX" ChargeName="SHIPPING_TAX" ChargeNameKey="20200217045236576870517" InvoicedTax="0.00" Reference_1="" Reference_2="" Reference_3="" RemainingTax="477.00" Tax="477.00" TaxName="SHIPPING_TAX" TaxPercentage="0.00" TaxableFlag="N"/>
    <TaxSummary>
      <TaxSummaryDetail InvoicedTax="0.00" OverallTax="477.00" RemainingTax="477.00" TaxName="SHIPPING_TAX"/>
    </TaxSummary>
  </HeaderTaxes>
  <OrderStatuses>
    <OrderStatus OrderHeaderKey="2022011908003168172864" OrderLineKey="2022011908005968173409" OrderLineScheduleKey="202201190852012768173515" OrderReleaseKey="2022011908033668173837" OrderReleaseStatusKey="202201190889041968173927" PipelineKey="202004200522321016156546" ShipNode="466" Status="3350.1500.1000" StatusDate="2022-01-19T08:04:19+00:00" StatusDescription="Packing Complete" StatusQty="2" TotalQuantity="2">
      <Details ExpectedDeliveryDate="2022-01-20T05:00:00+00:00" ExpectedShipmentDate="2022-01-20T05:00:00+00:00" TagNumber=""/>
    </OrderStatus>
    <OrderStatus OrderHeaderKey="2022011908003168172864" OrderLineKey="2022011908005968173410" OrderLineScheduleKey="202201190868012668173488" OrderReleaseKey="2022011908033668173837" OrderReleaseStatusKey="202201190893041968173928" PipelineKey="202004200522321016156546" ShipNode="466" Status="3350.1500.1000" StatusDate="2022-01-19T08:04:19+00:00" StatusDescription="Packing Complete" StatusQty="1" TotalQuantity="1">
      <Details ExpectedDeliveryDate="2022-01-20T05:00:00+00:00" ExpectedShipmentDate="2022-01-20T05:00:00+00:00" TagNumber=""/>
    </OrderStatus>
  </OrderStatuses>
  <ExchangeOrders/>
</Order>

orderData-->{Shipment.ShipmentKey=2022011908040668173872, Shipment.EnterpriseCode=FCVChile, Shipment.ShipNode=466}
[INFO]-[2022-01-19 13:34:21.123]-[TestNG-test=OMS-1]-[requestCreationInOMS]-[RequestHelper.java:270]-Pre-condition for Test: Mock Confirm Shipment
[INFO]-[2022-01-19 13:34:21.128]-[TestNG-test=OMS-1]-[sendAPIRequest]-[RestAssuredRequest.java:20]-Calling POST request with end point : https://localhost:9443/smcfs/restapi/invoke/confirmShipment
io.restassured.internal.RequestSpecificationImpl@7bcbc792
io.restassured.internal.RestAssuredResponseImpl@510dc703
[INFO]-[2022-01-19 13:34:22.410]-[TestNG-test=OMS-1]-[logRequestResponse]-[RequestPayload.java:171]-API Request sent : 
[INFO]-[2022-01-19 13:34:22.411]-[TestNG-test=OMS-1]-[logRequestResponse]-[RequestPayload.java:172]-Request method:	POST
Request URI:	https://localhost:9443/smcfs/restapi/invoke/confirmShipment
Proxy:			<none>
Request params:	<none>
Query params:	<none>
Form params:	<none>
Path params:	<none>
Headers:		Accept=application/xml
				Authorization=Basic YWRtaW46cGFzc3dvcmQ=
				Content-Type=application/xml
Cookies:		<none>
Multiparts:		<none>
Body:
<Shipment Action="Confirm" DocumentType="0001" EnterpriseCode="FCVChile" ShipNode="466" ShipmentKey="2022011908040668173872"/>

[INFO]-[2022-01-19 13:34:22.412]-[TestNG-test=OMS-1]-[logRequestResponse]-[RequestPayload.java:174]-API Response received : 
[INFO]-[2022-01-19 13:34:22.413]-[TestNG-test=OMS-1]-[logRequestResponse]-[RequestPayload.java:175]-HTTP/1.1 200 OK
X-FRAME-OPTIONS: SAMEORIGIN
X-UA-Compatible: IE=EmulateIE8
Access-Control-Max-Age: 3600
Access-Control-Allow-Credentials: true
Access-Control-Allow-Origin: *
Content-Type: application/xml; charset=UTF-8
Content-Encoding: gzip
Content-Language: en-US
Content-Length: 155
Date: Wed, 19 Jan 2022 08:04:22 GMT

<Shipment SellerOrganizationCode="FCV" ShipNode="466" ShipmentKey="2022011908040668173872" ShipmentNo="100013623"/>

[INFO]-[2022-01-19 13:34:22.583]-[TestNG-test=OMS-1]-[requestCreationInOMS]-[RequestHelper.java:140]-Pre-condition for Test: getOrderDetails
[INFO]-[2022-01-19 13:34:22.584]-[TestNG-test=OMS-1]-[sendAPIRequest]-[RestAssuredRequest.java:20]-Calling POST request with end point : https://localhost:9443/smcfs/restapi/invoke/getOrderDetails
io.restassured.internal.RequestSpecificationImpl@461a1b2e
io.restassured.internal.RestAssuredResponseImpl@3d691819
[INFO]-[2022-01-19 13:34:23.632]-[TestNG-test=OMS-1]-[logRequestResponse]-[RequestPayload.java:171]-API Request sent : 
[INFO]-[2022-01-19 13:34:23.633]-[TestNG-test=OMS-1]-[logRequestResponse]-[RequestPayload.java:172]-Request method:	POST
Request URI:	https://localhost:9443/smcfs/restapi/invoke/getOrderDetails
Proxy:			<none>
Request params:	<none>
Query params:	<none>
Form params:	<none>
Path params:	<none>
Headers:		Accept=application/xml
				Authorization=Basic YWRtaW46cGFzc3dvcmQ=
				Content-Type=application/xml
Cookies:		<none>
Multiparts:		<none>
Body:
<Order DocumentType="0001" EnterpriseCode="FCVChile" OrderHeaderKey="" OrderNo="CCC1004648"/>

[INFO]-[2022-01-19 13:34:23.634]-[TestNG-test=OMS-1]-[logRequestResponse]-[RequestPayload.java:174]-API Response received : 
[INFO]-[2022-01-19 13:34:23.635]-[TestNG-test=OMS-1]-[logRequestResponse]-[RequestPayload.java:175]-HTTP/1.1 200 OK
X-FRAME-OPTIONS: SAMEORIGIN
X-UA-Compatible: IE=EmulateIE8
Access-Control-Max-Age: 3600
Access-Control-Allow-Credentials: true
Access-Control-Allow-Origin: *
Content-Type: application/xml; charset=UTF-8
Content-Encoding: gzip
Content-Language: en-US
Content-Length: 4481
Date: Wed, 19 Jan 2022 08:04:24 GMT

<Order AllocationRuleID="DIF_SCH" AuthorizationExpirationDate="2022-01-19T08:04:22+00:00" BillToID="00398015" CarrierAccountNo="" CarrierServiceCode="" ChainType="" ChargeActualFreightFlag="N" CustCustPONo="" CustomerEMailID="correo@pruebas11.cl" CustomerPONo="" DeliveryCode="" Division="" DocumentType="0001" DraftOrderFlag="N" EnterpriseCode="FCVChile" EntryType="Call Center" FreightTerms="" HasDeliveryLines="N" HasProductLines="Y" HasServiceLines="N" HoldFlag="N" HoldReasonCode="" MaxOrderStatus="3700.1000" MaxOrderStatusDesc="In Transit to Customer" MinOrderStatus="3700.1000" MinOrderStatusDesc="In Transit to Customer" NotifyAfterShipmentFlag="N" OrderDate="2022-01-19T08:00:31+00:00" OrderHeaderKey="2022011908003168172864" OrderName="" OrderNo="CCC1004648" OrderType="SHP" OriginalTax="0.00" OriginalTotalAmount="17660.00" OtherCharges="2990.00" PaymentStatus="AUTHORIZED" PendingTransferIn="0.00" PersonalizeCode="" PriorityCode="" PriorityNumber="0" Purpose="" ReturnByGiftRecipient="" SCAC="" ScacAndService="" ScacAndServiceKey="" SearchCriteria1="" SearchCriteria2="" SellerOrganizationCode="FCV" ShipToID="00398015" Status="In Transit to Customer" TaxExemptFlag="N" TaxExemptionCertificate="" TaxJurisdiction="" TaxPayerId="" TermsCode="" TotalAdjustmentAmount="0.00" isHistory="N">
  <AllowedModifications>
    <Modification ModificationType="REMOVE_PROMOTION" ThroughOverride="Y"/>
    <Modification ModificationType="CONTACT_INFO" ThroughOverride="Y"/>
    <Modification ModificationType="CHANGE_ITERATION" ThroughOverride="Y"/>
    <Modification ModificationType="BILLTO" ThroughOverride="Y"/>
    <Modification ModificationType="TAX" ThroughOverride="N"/>
    <Modification ModificationType="CHANGE_PROMOTION" ThroughOverride="Y"/>
    <Modification ModificationType="FREIGHT_TERMS" ThroughOverride="Y"/>
    <Modification ModificationType="ADD_NOTE" ThroughOverride="N"/>
    <Modification ModificationType="CHANGE_STATUS" ThroughOverride="Y"/>
    <Modification ModificationType="ADD_LINE" ThroughOverride="Y"/>
    <Modification ModificationType="ADDITIONADDR" ThroughOverride="Y"/>
    <Modification ModificationType="SOLDTO" ThroughOverride="Y"/>
    <Modification ModificationType="REQ_SHIP_DATE" ThroughOverride="Y"/>
    <Modification ModificationType="PAYMENT_STATUS" ThroughOverride="Y"/>
    <Modification ModificationType="ADD_INSTRUCTION" ThroughOverride="Y"/>
    <Modification ModificationType="CHANGE_NOTE" ThroughOverride="Y"/>
    <Modification ModificationType="CHANGE_ORDER_DATE" ThroughOverride="Y"/>
    <Modification ModificationType="REMOVE_NOTE" ThroughOverride="Y"/>
    <Modification ModificationType="HOLD" ThroughOverride="Y"/>
    <Modification ModificationType="RULE_ID" ThroughOverride="Y"/>
    <Modification ModificationType="PRICE" ThroughOverride="N"/>
    <Modification ModificationType="PAYMENT_METHOD" ThroughOverride="Y"/>
    <Modification ModificationType="CHANGE_CUSTOM_ATTRIBUTES" ThroughOverride="Y"/>
    <Modification ModificationType="RELEASE" ThroughOverride="Y"/>
    <Modification ModificationType="SHIP_NODE" ThroughOverride="Y"/>
    <Modification ModificationType="ANSWER_SET" ThroughOverride="Y"/>
    <Modification ModificationType="RECEIVING_NODE" ThroughOverride="Y"/>
    <Modification ModificationType="SHORT" ThroughOverride="Y"/>
    <Modification ModificationType="BUYER_USER_ID" ThroughOverride="Y"/>
    <Modification ModificationType="OTHERS" ThroughOverride="N"/>
    <Modification ModificationType="CHANGE_INSTRUCTION" ThroughOverride="Y"/>
    <Modification ModificationType="HOLD_TYPE" ThroughOverride="Y"/>
    <Modification ModificationType="REFERENCES" ThroughOverride="N"/>
  </AllowedModifications>
  <PriceInfo Currency="CLP" EnterpriseCurrency="CLP" ReportingConversionDate="2022-01-19T08:00:31+00:00" ReportingConversionRate="1.00" TotalAmount="17660.00"/>
  <OrderLines>
    <OrderLine AllocationDate="2022-01-20" ApptStatus="" AwaitingDeliveryRequest="N" CanAddServiceLines="N" CarrierAccountNo="" CarrierServiceCode="NextDay" CustomerLinePONo="" CustomerPONo="" DeliveryCode="" DeliveryMethod="SHP" DepartmentCode="" FreightTerms="" FulfillmentType="SHIP_TO_HOME" HasDeliveryLines="N" HasServiceLines="N" HoldFlag="N" HoldReasonCode="" ImportLicenseNo="" InvoicedQty="2" IsBundleParent="N" ItemGroupCode="PROD" KitCode="" LineSeqNo="1.1" LineType="" MaxLineStatus="3700.1000" MaxLineStatusDesc="In Transit to Customer" MinLineStatus="3700.1000" MinLineStatusDesc="In Transit to Customer" OpenQty="0" OrderHeaderKey="2022011908003168172864" OrderLineKey="2022011908005968173409" OrderedQty="2" OriginalOrderedQty="2" OtherCharges="0.00" PackListType="" PersonalizeCode="" PersonalizeFlag="" PickableFlag="Y" PrimeLineNo="1" Purpose="" RemainingQty="0" ReqShipDate="2022-01-20T05:00:00+00:00" ReservationID="SHP_CCC1004648" ReservationPool="" SCAC="" ScacAndService="" ScacAndServiceKey="" Segment="" SegmentType="" SerialNo="" ShipNode="466" ShipToID="00398015" ShipTogetherNo="" SplitQty="0" Status="In Transit to Customer" StatusQuantity="2" SubLineNo="1" SubstituteItemID="" SubstituteItemUOM="" isHistory="N">
      <Item CostCurrency="" CountryOfOrigin="" CustomerItem="111160" CustomerItemDesc="Fluarix Tetra 2020 Vacuna Influenza" ECCNNo="" HarmonizedCode="" ISBN="" ItemDesc="Fluarix Tetra 2020 Vacuna Influenza" ItemID="111160" ItemShortDesc="Fluarix Tetra 2020 Vacuna contra Influenza 1 Jeringa" ItemWeight="10.00" ItemWeightUOM="GRAM" ManufacturerItem="" ManufacturerItemDesc="" ManufacturerName="" NMFCClass="" NMFCCode="" NMFCDescription="" ProductClass="REGULAR" ProductLine="" ScheduleBCode="" SupplierItem="" SupplierItemDesc="" TaxProductCode="" UPCCode="" UnitCost="0.00" UnitOfMeasure="EACH"/>
      <LinePriceInfo ActualPricingQty="2" DiscountPercentage="0.00" InvoicedPricingQty="2" IsPriceLocked="N" LineTotal="11580.00" ListPrice="0.00" OrderedPricingQty="2" PricingQtyConversionFactor="0" PricingUOM="EACH" RetailPrice="0.00" SettledAmount="0.00" SettledQuantity="0" TaxableFlag="Y" UnitPrice="5790.00"/>
      <OrderLineOptions/>
      <WorkOrders NumberOfWorkOrders="0"/>
      <Instructions NumberOfInstructions="0"/>
      <References/>
      <KitLines NumberOfKitLines="0"/>
      <ProductItems/>
      <AdditionalAddresses NumberOfAdditionalAddresses="0"/>
      <Notes NumberOfNotes="0"/>
      <ServiceAssociations/>
      <ProductAssociations/>
      <DeliveryAssociations/>
      <Schedules>
        <Schedule ExpectedDeliveryDate="2022-01-20T05:00:00+00:00" ExpectedShipmentDate="2022-01-20T05:00:00+00:00" OrderHeaderKey="2022011908003168172864" OrderLineKey="2022011908005968173409" OrderLineScheduleKey="202201190852012768173515" Quantity="2" ScheduleNo="3" TagNumber=""/>
      </Schedules>
      <LineOverallTotals Charges="0.00" Discount="0.00" ExtendedPrice="11580.00" LineTotal="11580.00" OptionPrice="0.00" PricingQty="2.00" Tax="0.00" UnitPrice="5790.00"/>
      <LineInvoicedTotals AdditionalLinePriceTotal="0.00" Charges="0.00" Discount="0.00" ExtendedPrice="11580.00" LineTotal="11580.00" OptionPrice="0.00" PricingQty="2.00" Tax="0.00" UnitPrice="5790.00"/>
      <LineRemainingTotals AdditionalLinePriceTotal="0.00" Charges="0.00" Discount="0.00" ExtendedPrice="0.00" LineTotal="0.00" OptionPrice="0.00" PricingQty="0.00" Tax="0.00" UnitPrice="5790.00"/>
      <LineCharges/>
      <LineTaxes>
        <LineTax ChargeCategory="TAX" ChargeName="SALES_TAX" ChargeNameKey="20200217045213576867911" InvoicedTax="1849.00" Reference_1="standard" Reference_2="" Reference_3="" RemainingTax="0.00" Tax="1849.00" TaxName="SALES_TAX" TaxPercentage="0.19"/>
        <TaxSummary>
          <TaxSummaryDetail InvoicedTax="1849.00" OverallTax="1849.00" RemainingTax="0.00" TaxName="SALES_TAX"/>
        </TaxSummary>
      </LineTaxes>
      <OrderStatuses>
        <OrderStatus OrderHeaderKey="2022011908003168172864" OrderLineKey="2022011908005968173409" OrderLineScheduleKey="202201190852012768173515" OrderReleaseKey="2022011908033668173837" OrderReleaseStatusKey="202201190846042268173952" PipelineKey="202004200522321016156546" ShipNode="466" Status="3700.1000" StatusDate="2022-01-19T08:04:22+00:00" StatusDescription="In Transit to Customer" StatusQty="2" TotalQuantity="2">
          <Details ExpectedDeliveryDate="2022-01-20T05:00:00+00:00" ExpectedShipmentDate="2022-01-20T05:00:00+00:00" TagNumber="">
            <KitDetails/>
          </Details>
        </OrderStatus>
      </OrderStatuses>
      <CapacityAllocations/>
    </OrderLine>
    <OrderLine AllocationDate="2022-01-20" ApptStatus="" AwaitingDeliveryRequest="N" CanAddServiceLines="N" CarrierAccountNo="" CarrierServiceCode="NextDay" CustomerLinePONo="" CustomerPONo="" DeliveryCode="" DeliveryMethod="SHP" DepartmentCode="" FreightTerms="" FulfillmentType="SHIP_TO_HOME" HasDeliveryLines="N" HasServiceLines="N" HoldFlag="N" HoldReasonCode="" ImportLicenseNo="" InvoicedQty="1" IsBundleParent="N" ItemGroupCode="PROD" KitCode="" LineSeqNo="2.1" LineType="" MaxLineStatus="3700.1000" MaxLineStatusDesc="In Transit to Customer" MinLineStatus="3700.1000" MinLineStatusDesc="In Transit to Customer" OpenQty="0" OrderHeaderKey="2022011908003168172864" OrderLineKey="2022011908005968173410" OrderedQty="1" OriginalOrderedQty="1" OtherCharges="0.00" PackListType="" PersonalizeCode="" PersonalizeFlag="" PickableFlag="Y" PrimeLineNo="2" Purpose="" RemainingQty="0" ReqShipDate="2022-01-20T05:00:00+00:00" ReservationID="SHP_CCC1004648" ReservationPool="" SCAC="" ScacAndService="" ScacAndServiceKey="" Segment="" SegmentType="" SerialNo="" ShipNode="466" ShipToID="00398015" ShipTogetherNo="" SplitQty="0" Status="In Transit to Customer" StatusQuantity="1" SubLineNo="1" SubstituteItemID="" SubstituteItemUOM="" isHistory="N">
      <Item CostCurrency="" CountryOfOrigin="" CustomerItem="102417" CustomerItemDesc="Cerca de 48.000 pequeÃ±os tenderos en BogotÃ¡, que trabajan en tiendas de barrio, peluquerÃ­as, papelerÃ­as, miscelÃ¡neas y otros negocios que han ayudado prestando su servicio, estÃ¡n en crisis y necesitan nuestra mano solidaria. Por esta razÃ³n, la FundaciÃ³n Solidaridad por Chile, FENALCO, Cruz Verde, Fenaltiendas, Fundecomercio, tuboleta, ProbogotÃ¡ y Punto Red se unen a esta iniciativa." ECCNNo="" HarmonizedCode="" ISBN="" ItemDesc="Cerca de 48.000 pequeÃ±os tenderos en BogotÃ¡, que trabajan en tiendas de barrio, peluquerÃ­as, papelerÃ­as, miscelÃ¡neas y otros negocios que han ayudado prestando su servicio, estÃ¡n en crisis y necesitan nuestra mano solidaria. Por esta razÃ³n, la FundaciÃ³n Solidaridad por Chile, FENALCO, Cruz Verde, Fenaltiendas, Fundecomercio, tuboleta, ProbogotÃ¡ y Punto Red se unen a esta iniciativa." ItemID="102417" ItemShortDesc="DonaciÃ³n Coronaton â€“ FundaciÃ³n Solidaridad por Chile" ItemWeight="0.00" ItemWeightUOM="LBS" ManufacturerItem="" ManufacturerItemDesc="" ManufacturerName="FUNDACIÃ“N SOLIDARIDAD POR Chile" NMFCClass="" NMFCCode="" NMFCDescription="" ProductClass="REGULAR" ProductLine="" ScheduleBCode="" SupplierItem="" SupplierItemDesc="" TaxProductCode="" UPCCode="" UnitCost="0.00" UnitOfMeasure="EACH"/>
      <LinePriceInfo ActualPricingQty="1" DiscountPercentage="0.00" InvoicedPricingQty="1" IsPriceLocked="N" LineTotal="3090.00" ListPrice="0.00" OrderedPricingQty="1" PricingQtyConversionFactor="0" PricingUOM="EACH" RetailPrice="0.00" SettledAmount="0.00" SettledQuantity="0" TaxableFlag="Y" UnitPrice="3090.00"/>
      <OrderLineOptions/>
      <WorkOrders NumberOfWorkOrders="0"/>
      <Instructions NumberOfInstructions="0"/>
      <References/>
      <KitLines NumberOfKitLines="0"/>
      <ProductItems/>
      <AdditionalAddresses NumberOfAdditionalAddresses="0"/>
      <Notes NumberOfNotes="0"/>
      <ServiceAssociations/>
      <ProductAssociations/>
      <DeliveryAssociations/>
      <Schedules>
        <Schedule ExpectedDeliveryDate="2022-01-20T05:00:00+00:00" ExpectedShipmentDate="2022-01-20T05:00:00+00:00" OrderHeaderKey="2022011908003168172864" OrderLineKey="2022011908005968173410" OrderLineScheduleKey="202201190868012668173488" Quantity="1" ScheduleNo="3" TagNumber=""/>
      </Schedules>
      <LineOverallTotals Charges="0.00" Discount="0.00" ExtendedPrice="3090.00" LineTotal="3090.00" OptionPrice="0.00" PricingQty="1.00" Tax="0.00" UnitPrice="3090.00"/>
      <LineInvoicedTotals AdditionalLinePriceTotal="0.00" Charges="0.00" Discount="0.00" ExtendedPrice="3090.00" LineTotal="3090.00" OptionPrice="0.00" PricingQty="1.00" Tax="0.00" UnitPrice="3090.00"/>
      <LineRemainingTotals AdditionalLinePriceTotal="0.00" Charges="0.00" Discount="0.00" ExtendedPrice="0.00" LineTotal="0.00" OptionPrice="0.00" PricingQty="0.00" Tax="0.00" UnitPrice="3090.00"/>
      <LineCharges/>
      <LineTaxes>
        <LineTax ChargeCategory="TAX" ChargeName="SALES_TAX" ChargeNameKey="20200217045213576867911" InvoicedTax="493.00" Reference_1="standard" Reference_2="" Reference_3="" RemainingTax="0.00" Tax="493.00" TaxName="SALES_TAX" TaxPercentage="0.19"/>
        <TaxSummary>
          <TaxSummaryDetail InvoicedTax="493.00" OverallTax="493.00" RemainingTax="0.00" TaxName="SALES_TAX"/>
        </TaxSummary>
      </LineTaxes>
      <OrderStatuses>
        <OrderStatus OrderHeaderKey="2022011908003168172864" OrderLineKey="2022011908005968173410" OrderLineScheduleKey="202201190868012668173488" OrderReleaseKey="2022011908033668173837" OrderReleaseStatusKey="202201190840042268173953" PipelineKey="202004200522321016156546" ShipNode="466" Status="3700.1000" StatusDate="2022-01-19T08:04:22+00:00" StatusDescription="In Transit to Customer" StatusQty="1" TotalQuantity="1">
          <Details ExpectedDeliveryDate="2022-01-20T05:00:00+00:00" ExpectedShipmentDate="2022-01-20T05:00:00+00:00" TagNumber="">
            <KitDetails/>
          </Details>
        </OrderStatus>
      </OrderStatuses>
      <CapacityAllocations/>
    </OrderLine>
  </OrderLines>
  <Instructions NumberOfInstructions="0"/>
  <PersonInfoShipTo AddressLine1="Avenida Providencia 1144, Providencia, Chile" AddressLine2="" AddressLine3="" AddressLine4="Providencia" AddressLine5="" AddressLine6="" AlternateEmailID="" Beeper="" City="Providencia" Company="" Country="CL" DayFaxNo="" DayPhone="" Department="" EMailID="" EveningFaxNo="" EveningPhone="" FirstName="Sole" JobTitle="" LastName="Pruebas" MiddleName="" MobilePhone="" OtherPhone="" PersonID="" PersonInfoKey="2021111205145760313008" State="Región Metropolitana" Suffix="" Title="" ZipCode=""/>
  <PersonInfoBillTo AddressLine1="Avenida Providencia 1144, Providencia, Chile" AddressLine2="" AddressLine3="" AddressLine4="Providencia" AddressLine5="" AddressLine6="" AlternateEmailID="" Beeper="" City="Providencia" Company="" Country="CL" DayFaxNo="" DayPhone="" Department="" EMailID="correo@pruebas11.cl" EveningFaxNo="" EveningPhone="" FirstName="Sole" JobTitle="" LastName="Pruebas" MiddleName="" MobilePhone="" OtherPhone="" PersonID="" PersonInfoKey="2021111205095760312239" State="Región Metropolitana" Suffix="" Title="" ZipCode=""/>
  <AdditionalAddresses NumberOfAdditionalAddresses="0"/>
  <References>
    <Reference Name="MERCADOPAGO_PREFID" Value="488645542-a5c05724-9971-480e-ad86-a1b51b48ebaf"/>
    <Reference Name="BOLETA_ID" Value="14693402"/>
  </References>
  <PaymentMethods>
    <PaymentMethod CheckNo="" CheckReference="" CreditCardExpDate="102025" CreditCardName="Sole" CreditCardNo="371180" CreditCardType="AMEX" CustomerPONo="" DisplayCreditCardNo="7522" DisplayCustomerAccountNo="" DisplayPaymentReference1="" DisplaySvcNo="" FundsAvailable="0.00" GetFundsAvailableUserExitInvoked="N" PaymentReference1="" PaymentReference2="MPAGO_CREDIT" PaymentReference3="111111111" PaymentType="CREDIT_CARD"/>
  </PaymentMethods>
  <ChargeTransactionDetails AdditionalExpectedAuthorizations="0.00" TotalCredits="17660.00" TotalDebits="17660.00" TotalOpenAuthorizations="0.00" TotalOpenBookings="0.00" TotalTransferredIn="0.00" TotalTransferredOut="0.00">
    <ChargeTransactionDetail AuditTransactionID="" AuthorizationExpirationDate="2022-01-19T08:03:08+00:00" AuthorizationID="" BookAmount="0.00" ChargeTransactionKey="2022011908030868173806" ChargeType="CHARGE" CollectionDate="2022-01-19T08:03:08+00:00" CreditAmount="17660.00" DebitAmount="0.00" DistributedAmount="0.00" HoldAgainstBook="Y" OpenAuthorizedAmount="0.00" OrderHeaderKey="2022011908003168172864" OrderInvoiceKey="" PaymentKey="202201190888030868173805" RequestAmount="17660.00" SettledAmount="0.00" Status="CHECKED" TransactionDate="2022-01-19T08:03:13+00:00" TransferFromOhKey="" TransferToOhKey="" UserExitStatus="">
      <InvoiceCollectionDetails/>
      <CreditCardTransactions/>
      <TransferToOrder/>
      <TransferFromOrder/>
    </ChargeTransactionDetail>
    <ChargeTransactionDetail AuditTransactionID="" AuthorizationExpirationDate="2022-01-19T08:03:10+00:00" AuthorizationID="" BookAmount="17660.00" ChargeTransactionKey="2022011908031068173807" ChargeType="CREATE_ORDER" CollectionDate="2022-01-19T08:03:10+00:00" CreditAmount="0.00" DebitAmount="0.00" DistributedAmount="0.00" HoldAgainstBook="" OpenAuthorizedAmount="0.00" OrderHeaderKey="2022011908003168172864" OrderInvoiceKey="" PaymentKey="" RequestAmount="0.00" SettledAmount="0.00" Status="CHECKED" TransactionDate="2022-01-19T08:03:13+00:00" TransferFromOhKey="" TransferToOhKey="" UserExitStatus="">
      <InvoiceCollectionDetails/>
      <CreditCardTransactions/>
      <TransferToOrder/>
      <TransferFromOrder/>
    </ChargeTransactionDetail>
    <ChargeTransactionDetail AuditTransactionID="" AuthorizationExpirationDate="2022-01-19T08:04:22+00:00" AuthorizationID="" BookAmount="-17660.00" ChargeTransactionKey="2022011908042268173965" ChargeType="SHIPMENT" CollectionDate="2022-01-19T08:04:22+00:00" CreditAmount="0.00" DebitAmount="17660.00" DistributedAmount="0.00" HoldAgainstBook="" OpenAuthorizedAmount="0.00" OrderHeaderKey="2022011908003168172864" OrderInvoiceKey="202201190887042268173958" PaymentKey="" RequestAmount="0.00" SettledAmount="0.00" Status="OPEN" TransactionDate="2022-01-19T08:04:22+00:00" TransferFromOhKey="" TransferToOhKey="" UserExitStatus="">
      <InvoiceCollectionDetails/>
      <CreditCardTransactions/>
      <TransferToOrder/>
      <TransferFromOrder/>
    </ChargeTransactionDetail>
  </ChargeTransactionDetails>
  <ProductServiceAssocs/>
  <OverallTotals GrandCharges="2990.00" GrandDiscount="0.00" GrandTax="0.00" GrandTotal="17660.00" HdrCharges="2990.00" HdrDiscount="0.00" HdrTax="0.00" HdrTotal="2990.00" LineSubTotal="14670.00"/>
  <InvoicedTotals GrandCharges="2990.00" GrandDiscount="0.00" GrandTax="0.00" GrandTotal="17660.00" HdrCharges="2990.00" HdrDiscount="0.00" HdrTax="0.00" HdrTotal="2990.00" LineSubTotal="14670.00"/>
  <RemainingTotals GrandCharges="0.00" GrandDiscount="0.00" GrandTax="0.00" GrandTotal="0.00" HdrCharges="0.00" HdrDiscount="0.00" HdrTax="0.00" HdrTotal="0.00" LineSubTotal="0.00"/>
  <HeaderCharges>
    <HeaderCharge ChargeAmount="2990.00" ChargeCategory="SHIPPING" ChargeName="SHIPPING_CHARGE" ChargeNameKey="201911051207401838388" InvoicedChargeAmount="2990.00" IsBillable="Y" IsDiscount="N" Reference="" RemainingChargeAmount="0.00"/>
    <HeaderCharge ChargeAmount="0.00" ChargeCategory="DISCOUNT" ChargeName="SHIP_DISCOUNT" ChargeNameKey="201911051206481838382" InvoicedChargeAmount="0.00" IsBillable="Y" IsDiscount="Y" Reference="" RemainingChargeAmount="0.00"/>
  </HeaderCharges>
  <HeaderTaxes>
    <HeaderTax ChargeCategory="TAX" ChargeName="SHIPPING_TAX" ChargeNameKey="20200217045236576870517" InvoicedTax="477.00" Reference_1="" Reference_2="" Reference_3="" RemainingTax="0.00" Tax="477.00" TaxName="SHIPPING_TAX" TaxPercentage="0.00" TaxableFlag="N"/>
    <TaxSummary>
      <TaxSummaryDetail InvoicedTax="477.00" OverallTax="477.00" RemainingTax="0.00" TaxName="SHIPPING_TAX"/>
    </TaxSummary>
  </HeaderTaxes>
  <OrderStatuses>
    <OrderStatus OrderHeaderKey="2022011908003168172864" OrderLineKey="2022011908005968173409" OrderLineScheduleKey="202201190852012768173515" OrderReleaseKey="2022011908033668173837" OrderReleaseStatusKey="202201190846042268173952" PipelineKey="202004200522321016156546" ShipNode="466" Status="3700.1000" StatusDate="2022-01-19T08:04:22+00:00" StatusDescription="In Transit to Customer" StatusQty="2" TotalQuantity="2">
      <Details ExpectedDeliveryDate="2022-01-20T05:00:00+00:00" ExpectedShipmentDate="2022-01-20T05:00:00+00:00" TagNumber=""/>
    </OrderStatus>
    <OrderStatus OrderHeaderKey="2022011908003168172864" OrderLineKey="2022011908005968173410" OrderLineScheduleKey="202201190868012668173488" OrderReleaseKey="2022011908033668173837" OrderReleaseStatusKey="202201190840042268173953" PipelineKey="202004200522321016156546" ShipNode="466" Status="3700.1000" StatusDate="2022-01-19T08:04:22+00:00" StatusDescription="In Transit to Customer" StatusQty="1" TotalQuantity="1">
      <Details ExpectedDeliveryDate="2022-01-20T05:00:00+00:00" ExpectedShipmentDate="2022-01-20T05:00:00+00:00" TagNumber=""/>
    </OrderStatus>
  </OrderStatuses>
  <ExchangeOrders/>
</Order>

[INFO]-[2022-01-19 13:34:23.743]-[TestNG-test=OMS-1]-[requestCreationInOMS]-[RequestHelper.java:259]-Pre-condition for Test: getOrderReleaseList
[INFO]-[2022-01-19 13:34:23.745]-[TestNG-test=OMS-1]-[sendAPIRequest]-[RestAssuredRequest.java:20]-Calling POST request with end point : https://localhost:9443/smcfs/restapi/invoke/changeShipmentStatus
io.restassured.internal.RequestSpecificationImpl@4d328cc4
io.restassured.internal.RestAssuredResponseImpl@16b7318c
[INFO]-[2022-01-19 13:34:24.672]-[TestNG-test=OMS-1]-[logRequestResponse]-[RequestPayload.java:171]-API Request sent : 
[INFO]-[2022-01-19 13:34:24.673]-[TestNG-test=OMS-1]-[logRequestResponse]-[RequestPayload.java:172]-Request method:	POST
Request URI:	https://localhost:9443/smcfs/restapi/invoke/changeShipmentStatus
Proxy:			<none>
Request params:	<none>
Query params:	<none>
Form params:	<none>
Path params:	<none>
Headers:		Accept=application/xml
				Authorization=Basic YWRtaW46cGFzc3dvcmQ=
				Content-Type=application/xml
Cookies:		<none>
Multiparts:		<none>
Body:
<Shipment BaseDropStatus="1600.002.01" SellerOrganizationCode="FCV" ShipNode="466" ShipmentKey="2022011908040668173872" ShipmentNo="100013623" TransactionId="Delivery Status Update.0001.ex"/>

[INFO]-[2022-01-19 13:34:24.674]-[TestNG-test=OMS-1]-[logRequestResponse]-[RequestPayload.java:174]-API Response received : 
[INFO]-[2022-01-19 13:34:24.675]-[TestNG-test=OMS-1]-[logRequestResponse]-[RequestPayload.java:175]-HTTP/1.1 200 OK
X-FRAME-OPTIONS: SAMEORIGIN
X-UA-Compatible: IE=EmulateIE8
Access-Control-Max-Age: 3600
Access-Control-Allow-Credentials: true
Access-Control-Allow-Origin: *
Content-Type: application/xml; charset=UTF-8
Content-Encoding: gzip
Content-Language: en-US
Content-Length: 117
Date: Wed, 19 Jan 2022 08:04:25 GMT

<Shipment ShipmentKey="2022011908040668173872" ShipmentNo="100013623"/>

[INFO]-[2022-01-19 13:34:24.854]-[TestNG-test=OMS-1]-[requestCreationInOMS]-[RequestHelper.java:140]-Pre-condition for Test: getOrderDetails
[INFO]-[2022-01-19 13:34:24.855]-[TestNG-test=OMS-1]-[sendAPIRequest]-[RestAssuredRequest.java:20]-Calling POST request with end point : https://localhost:9443/smcfs/restapi/invoke/getOrderDetails
io.restassured.internal.RequestSpecificationImpl@8d6d12
io.restassured.internal.RestAssuredResponseImpl@5e97ae42
[INFO]-[2022-01-19 13:34:25.720]-[TestNG-test=OMS-1]-[logRequestResponse]-[RequestPayload.java:171]-API Request sent : 
[INFO]-[2022-01-19 13:34:25.721]-[TestNG-test=OMS-1]-[logRequestResponse]-[RequestPayload.java:172]-Request method:	POST
Request URI:	https://localhost:9443/smcfs/restapi/invoke/getOrderDetails
Proxy:			<none>
Request params:	<none>
Query params:	<none>
Form params:	<none>
Path params:	<none>
Headers:		Accept=application/xml
				Authorization=Basic YWRtaW46cGFzc3dvcmQ=
				Content-Type=application/xml
Cookies:		<none>
Multiparts:		<none>
Body:
<Order DocumentType="0001" EnterpriseCode="FCVChile" OrderHeaderKey="" OrderNo="CCC1004648"/>

[INFO]-[2022-01-19 13:34:25.721]-[TestNG-test=OMS-1]-[logRequestResponse]-[RequestPayload.java:174]-API Response received : 
[INFO]-[2022-01-19 13:34:25.722]-[TestNG-test=OMS-1]-[logRequestResponse]-[RequestPayload.java:175]-HTTP/1.1 200 OK
X-FRAME-OPTIONS: SAMEORIGIN
X-UA-Compatible: IE=EmulateIE8
Access-Control-Max-Age: 3600
Access-Control-Allow-Credentials: true
Access-Control-Allow-Origin: *
Content-Type: application/xml; charset=UTF-8
Content-Encoding: gzip
Content-Language: en-US
Content-Length: 4499
Date: Wed, 19 Jan 2022 08:04:25 GMT

<Order AllocationRuleID="DIF_SCH" AuthorizationExpirationDate="2022-01-19T08:04:22+00:00" BillToID="00398015" CarrierAccountNo="" CarrierServiceCode="" ChainType="" ChargeActualFreightFlag="N" CustCustPONo="" CustomerEMailID="correo@pruebas11.cl" CustomerPONo="" DeliveryCode="" Division="" DocumentType="0001" DraftOrderFlag="N" EnterpriseCode="FCVChile" EntryType="Call Center" FreightTerms="" HasDeliveryLines="N" HasProductLines="Y" HasServiceLines="N" HoldFlag="N" HoldReasonCode="" MaxOrderStatus="3700.2000" MaxOrderStatusDesc="Delivered To Customer" MinOrderStatus="3700.2000" MinOrderStatusDesc="Delivered To Customer" NotifyAfterShipmentFlag="N" OrderDate="2022-01-19T08:00:31+00:00" OrderHeaderKey="2022011908003168172864" OrderName="" OrderNo="CCC1004648" OrderType="SHP" OriginalTax="0.00" OriginalTotalAmount="17660.00" OtherCharges="2990.00" PaymentStatus="AUTHORIZED" PendingTransferIn="0.00" PersonalizeCode="" PriorityCode="" PriorityNumber="0" Purpose="" ReturnByGiftRecipient="" SCAC="" ScacAndService="" ScacAndServiceKey="" SearchCriteria1="" SearchCriteria2="" SellerOrganizationCode="FCV" ShipToID="00398015" Status="Delivered To Customer" TaxExemptFlag="N" TaxExemptionCertificate="" TaxJurisdiction="" TaxPayerId="" TermsCode="" TotalAdjustmentAmount="0.00" isHistory="N">
  <AllowedModifications>
    <Modification ModificationType="REMOVE_PROMOTION" ThroughOverride="Y"/>
    <Modification ModificationType="CONTACT_INFO" ThroughOverride="Y"/>
    <Modification ModificationType="CHANGE_ITERATION" ThroughOverride="Y"/>
    <Modification ModificationType="BILLTO" ThroughOverride="Y"/>
    <Modification ModificationType="TAX" ThroughOverride="N"/>
    <Modification ModificationType="CHANGE_PROMOTION" ThroughOverride="Y"/>
    <Modification ModificationType="FREIGHT_TERMS" ThroughOverride="Y"/>
    <Modification ModificationType="ADD_NOTE" ThroughOverride="N"/>
    <Modification ModificationType="CHANGE_STATUS" ThroughOverride="Y"/>
    <Modification ModificationType="ADD_LINE" ThroughOverride="Y"/>
    <Modification ModificationType="ADDITIONADDR" ThroughOverride="Y"/>
    <Modification ModificationType="SOLDTO" ThroughOverride="Y"/>
    <Modification ModificationType="REQ_SHIP_DATE" ThroughOverride="Y"/>
    <Modification ModificationType="PAYMENT_STATUS" ThroughOverride="Y"/>
    <Modification ModificationType="ADD_INSTRUCTION" ThroughOverride="Y"/>
    <Modification ModificationType="CHANGE_NOTE" ThroughOverride="Y"/>
    <Modification ModificationType="CHANGE_ORDER_DATE" ThroughOverride="Y"/>
    <Modification ModificationType="REMOVE_NOTE" ThroughOverride="Y"/>
    <Modification ModificationType="HOLD" ThroughOverride="Y"/>
    <Modification ModificationType="RULE_ID" ThroughOverride="Y"/>
    <Modification ModificationType="PRICE" ThroughOverride="N"/>
    <Modification ModificationType="PAYMENT_METHOD" ThroughOverride="Y"/>
    <Modification ModificationType="CHANGE_CUSTOM_ATTRIBUTES" ThroughOverride="N"/>
    <Modification ModificationType="RELEASE" ThroughOverride="Y"/>
    <Modification ModificationType="SHIP_NODE" ThroughOverride="Y"/>
    <Modification ModificationType="ANSWER_SET" ThroughOverride="Y"/>
    <Modification ModificationType="RECEIVING_NODE" ThroughOverride="Y"/>
    <Modification ModificationType="SHORT" ThroughOverride="Y"/>
    <Modification ModificationType="BUYER_USER_ID" ThroughOverride="Y"/>
    <Modification ModificationType="OTHERS" ThroughOverride="N"/>
    <Modification ModificationType="CHANGE_INSTRUCTION" ThroughOverride="Y"/>
    <Modification ModificationType="HOLD_TYPE" ThroughOverride="Y"/>
    <Modification ModificationType="REFERENCES" ThroughOverride="N"/>
  </AllowedModifications>
  <PriceInfo Currency="CLP" EnterpriseCurrency="CLP" ReportingConversionDate="2022-01-19T08:00:31+00:00" ReportingConversionRate="1.00" TotalAmount="17660.00"/>
  <OrderLines>
    <OrderLine AllocationDate="2022-01-20" ApptStatus="" AwaitingDeliveryRequest="N" CanAddServiceLines="N" CarrierAccountNo="" CarrierServiceCode="NextDay" CustomerLinePONo="" CustomerPONo="" DeliveryCode="" DeliveryMethod="SHP" DepartmentCode="" FreightTerms="" FulfillmentType="SHIP_TO_HOME" HasDeliveryLines="N" HasServiceLines="N" HoldFlag="N" HoldReasonCode="" ImportLicenseNo="" InvoicedQty="2" IsBundleParent="N" ItemGroupCode="PROD" KitCode="" LineSeqNo="1.1" LineType="" MaxLineStatus="3700.2000" MaxLineStatusDesc="Delivered To Customer" MinLineStatus="3700.2000" MinLineStatusDesc="Delivered To Customer" OpenQty="0" OrderHeaderKey="2022011908003168172864" OrderLineKey="2022011908005968173409" OrderedQty="2" OriginalOrderedQty="2" OtherCharges="0.00" PackListType="" PersonalizeCode="" PersonalizeFlag="" PickableFlag="Y" PrimeLineNo="1" Purpose="" RemainingQty="0" ReqShipDate="2022-01-20T05:00:00+00:00" ReservationID="SHP_CCC1004648" ReservationPool="" SCAC="" ScacAndService="" ScacAndServiceKey="" Segment="" SegmentType="" SerialNo="" ShipNode="466" ShipToID="00398015" ShipTogetherNo="" SplitQty="0" Status="Delivered To Customer" StatusQuantity="2" SubLineNo="1" SubstituteItemID="" SubstituteItemUOM="" isHistory="N">
      <Item CostCurrency="" CountryOfOrigin="" CustomerItem="111160" CustomerItemDesc="Fluarix Tetra 2020 Vacuna Influenza" ECCNNo="" HarmonizedCode="" ISBN="" ItemDesc="Fluarix Tetra 2020 Vacuna Influenza" ItemID="111160" ItemShortDesc="Fluarix Tetra 2020 Vacuna contra Influenza 1 Jeringa" ItemWeight="10.00" ItemWeightUOM="GRAM" ManufacturerItem="" ManufacturerItemDesc="" ManufacturerName="" NMFCClass="" NMFCCode="" NMFCDescription="" ProductClass="REGULAR" ProductLine="" ScheduleBCode="" SupplierItem="" SupplierItemDesc="" TaxProductCode="" UPCCode="" UnitCost="0.00" UnitOfMeasure="EACH"/>
      <LinePriceInfo ActualPricingQty="2" DiscountPercentage="0.00" InvoicedPricingQty="2" IsPriceLocked="N" LineTotal="11580.00" ListPrice="0.00" OrderedPricingQty="2" PricingQtyConversionFactor="0" PricingUOM="EACH" RetailPrice="0.00" SettledAmount="0.00" SettledQuantity="0" TaxableFlag="Y" UnitPrice="5790.00"/>
      <OrderLineOptions/>
      <WorkOrders NumberOfWorkOrders="0"/>
      <Instructions NumberOfInstructions="0"/>
      <References/>
      <KitLines NumberOfKitLines="0"/>
      <ProductItems/>
      <AdditionalAddresses NumberOfAdditionalAddresses="0"/>
      <Notes NumberOfNotes="0"/>
      <ServiceAssociations/>
      <ProductAssociations/>
      <DeliveryAssociations/>
      <Schedules>
        <Schedule ExpectedDeliveryDate="2022-01-20T05:00:00+00:00" ExpectedShipmentDate="2022-01-20T05:00:00+00:00" OrderHeaderKey="2022011908003168172864" OrderLineKey="2022011908005968173409" OrderLineScheduleKey="202201190852012768173515" Quantity="2" ScheduleNo="3" TagNumber=""/>
      </Schedules>
      <LineOverallTotals Charges="0.00" Discount="0.00" ExtendedPrice="11580.00" LineTotal="11580.00" OptionPrice="0.00" PricingQty="2.00" Tax="0.00" UnitPrice="5790.00"/>
      <LineInvoicedTotals AdditionalLinePriceTotal="0.00" Charges="0.00" Discount="0.00" ExtendedPrice="11580.00" LineTotal="11580.00" OptionPrice="0.00" PricingQty="2.00" Tax="0.00" UnitPrice="5790.00"/>
      <LineRemainingTotals AdditionalLinePriceTotal="0.00" Charges="0.00" Discount="0.00" ExtendedPrice="0.00" LineTotal="0.00" OptionPrice="0.00" PricingQty="0.00" Tax="0.00" UnitPrice="5790.00"/>
      <LineCharges/>
      <LineTaxes>
        <LineTax ChargeCategory="TAX" ChargeName="SALES_TAX" ChargeNameKey="20200217045213576867911" InvoicedTax="1849.00" Reference_1="standard" Reference_2="" Reference_3="" RemainingTax="0.00" Tax="1849.00" TaxName="SALES_TAX" TaxPercentage="0.19"/>
        <TaxSummary>
          <TaxSummaryDetail InvoicedTax="1849.00" OverallTax="1849.00" RemainingTax="0.00" TaxName="SALES_TAX"/>
        </TaxSummary>
      </LineTaxes>
      <OrderStatuses>
        <OrderStatus OrderHeaderKey="2022011908003168172864" OrderLineKey="2022011908005968173409" OrderLineScheduleKey="202201190852012768173515" OrderReleaseKey="2022011908033668173837" OrderReleaseStatusKey="202201190822042468173979" PipelineKey="202004200522321016156546" ShipNode="466" Status="3700.2000" StatusDate="2022-01-19T08:04:24+00:00" StatusDescription="Delivered To Customer" StatusQty="2" TotalQuantity="2">
          <Details ExpectedDeliveryDate="2022-01-20T05:00:00+00:00" ExpectedShipmentDate="2022-01-20T05:00:00+00:00" TagNumber="">
            <KitDetails/>
          </Details>
        </OrderStatus>
      </OrderStatuses>
      <CapacityAllocations/>
    </OrderLine>
    <OrderLine AllocationDate="2022-01-20" ApptStatus="" AwaitingDeliveryRequest="N" CanAddServiceLines="N" CarrierAccountNo="" CarrierServiceCode="NextDay" CustomerLinePONo="" CustomerPONo="" DeliveryCode="" DeliveryMethod="SHP" DepartmentCode="" FreightTerms="" FulfillmentType="SHIP_TO_HOME" HasDeliveryLines="N" HasServiceLines="N" HoldFlag="N" HoldReasonCode="" ImportLicenseNo="" InvoicedQty="1" IsBundleParent="N" ItemGroupCode="PROD" KitCode="" LineSeqNo="2.1" LineType="" MaxLineStatus="3700.2000" MaxLineStatusDesc="Delivered To Customer" MinLineStatus="3700.2000" MinLineStatusDesc="Delivered To Customer" OpenQty="0" OrderHeaderKey="2022011908003168172864" OrderLineKey="2022011908005968173410" OrderedQty="1" OriginalOrderedQty="1" OtherCharges="0.00" PackListType="" PersonalizeCode="" PersonalizeFlag="" PickableFlag="Y" PrimeLineNo="2" Purpose="" RemainingQty="0" ReqShipDate="2022-01-20T05:00:00+00:00" ReservationID="SHP_CCC1004648" ReservationPool="" SCAC="" ScacAndService="" ScacAndServiceKey="" Segment="" SegmentType="" SerialNo="" ShipNode="466" ShipToID="00398015" ShipTogetherNo="" SplitQty="0" Status="Delivered To Customer" StatusQuantity="1" SubLineNo="1" SubstituteItemID="" SubstituteItemUOM="" isHistory="N">
      <Item CostCurrency="" CountryOfOrigin="" CustomerItem="102417" CustomerItemDesc="Cerca de 48.000 pequeÃ±os tenderos en BogotÃ¡, que trabajan en tiendas de barrio, peluquerÃ­as, papelerÃ­as, miscelÃ¡neas y otros negocios que han ayudado prestando su servicio, estÃ¡n en crisis y necesitan nuestra mano solidaria. Por esta razÃ³n, la FundaciÃ³n Solidaridad por Chile, FENALCO, Cruz Verde, Fenaltiendas, Fundecomercio, tuboleta, ProbogotÃ¡ y Punto Red se unen a esta iniciativa." ECCNNo="" HarmonizedCode="" ISBN="" ItemDesc="Cerca de 48.000 pequeÃ±os tenderos en BogotÃ¡, que trabajan en tiendas de barrio, peluquerÃ­as, papelerÃ­as, miscelÃ¡neas y otros negocios que han ayudado prestando su servicio, estÃ¡n en crisis y necesitan nuestra mano solidaria. Por esta razÃ³n, la FundaciÃ³n Solidaridad por Chile, FENALCO, Cruz Verde, Fenaltiendas, Fundecomercio, tuboleta, ProbogotÃ¡ y Punto Red se unen a esta iniciativa." ItemID="102417" ItemShortDesc="DonaciÃ³n Coronaton â€“ FundaciÃ³n Solidaridad por Chile" ItemWeight="0.00" ItemWeightUOM="LBS" ManufacturerItem="" ManufacturerItemDesc="" ManufacturerName="FUNDACIÃ“N SOLIDARIDAD POR Chile" NMFCClass="" NMFCCode="" NMFCDescription="" ProductClass="REGULAR" ProductLine="" ScheduleBCode="" SupplierItem="" SupplierItemDesc="" TaxProductCode="" UPCCode="" UnitCost="0.00" UnitOfMeasure="EACH"/>
      <LinePriceInfo ActualPricingQty="1" DiscountPercentage="0.00" InvoicedPricingQty="1" IsPriceLocked="N" LineTotal="3090.00" ListPrice="0.00" OrderedPricingQty="1" PricingQtyConversionFactor="0" PricingUOM="EACH" RetailPrice="0.00" SettledAmount="0.00" SettledQuantity="0" TaxableFlag="Y" UnitPrice="3090.00"/>
      <OrderLineOptions/>
      <WorkOrders NumberOfWorkOrders="0"/>
      <Instructions NumberOfInstructions="0"/>
      <References/>
      <KitLines NumberOfKitLines="0"/>
      <ProductItems/>
      <AdditionalAddresses NumberOfAdditionalAddresses="0"/>
      <Notes NumberOfNotes="0"/>
      <ServiceAssociations/>
      <ProductAssociations/>
      <DeliveryAssociations/>
      <Schedules>
        <Schedule ExpectedDeliveryDate="2022-01-20T05:00:00+00:00" ExpectedShipmentDate="2022-01-20T05:00:00+00:00" OrderHeaderKey="2022011908003168172864" OrderLineKey="2022011908005968173410" OrderLineScheduleKey="202201190868012668173488" Quantity="1" ScheduleNo="3" TagNumber=""/>
      </Schedules>
      <LineOverallTotals Charges="0.00" Discount="0.00" ExtendedPrice="3090.00" LineTotal="3090.00" OptionPrice="0.00" PricingQty="1.00" Tax="0.00" UnitPrice="3090.00"/>
      <LineInvoicedTotals AdditionalLinePriceTotal="0.00" Charges="0.00" Discount="0.00" ExtendedPrice="3090.00" LineTotal="3090.00" OptionPrice="0.00" PricingQty="1.00" Tax="0.00" UnitPrice="3090.00"/>
      <LineRemainingTotals AdditionalLinePriceTotal="0.00" Charges="0.00" Discount="0.00" ExtendedPrice="0.00" LineTotal="0.00" OptionPrice="0.00" PricingQty="0.00" Tax="0.00" UnitPrice="3090.00"/>
      <LineCharges/>
      <LineTaxes>
        <LineTax ChargeCategory="TAX" ChargeName="SALES_TAX" ChargeNameKey="20200217045213576867911" InvoicedTax="493.00" Reference_1="standard" Reference_2="" Reference_3="" RemainingTax="0.00" Tax="493.00" TaxName="SALES_TAX" TaxPercentage="0.19"/>
        <TaxSummary>
          <TaxSummaryDetail InvoicedTax="493.00" OverallTax="493.00" RemainingTax="0.00" TaxName="SALES_TAX"/>
        </TaxSummary>
      </LineTaxes>
      <OrderStatuses>
        <OrderStatus OrderHeaderKey="2022011908003168172864" OrderLineKey="2022011908005968173410" OrderLineScheduleKey="202201190868012668173488" OrderReleaseKey="2022011908033668173837" OrderReleaseStatusKey="202201190884042468173980" PipelineKey="202004200522321016156546" ShipNode="466" Status="3700.2000" StatusDate="2022-01-19T08:04:25+00:00" StatusDescription="Delivered To Customer" StatusQty="1" TotalQuantity="1">
          <Details ExpectedDeliveryDate="2022-01-20T05:00:00+00:00" ExpectedShipmentDate="2022-01-20T05:00:00+00:00" TagNumber="">
            <KitDetails/>
          </Details>
        </OrderStatus>
      </OrderStatuses>
      <CapacityAllocations/>
    </OrderLine>
  </OrderLines>
  <Instructions NumberOfInstructions="0"/>
  <PersonInfoShipTo AddressLine1="Avenida Providencia 1144, Providencia, Chile" AddressLine2="" AddressLine3="" AddressLine4="Providencia" AddressLine5="" AddressLine6="" AlternateEmailID="" Beeper="" City="Providencia" Company="" Country="CL" DayFaxNo="" DayPhone="" Department="" EMailID="" EveningFaxNo="" EveningPhone="" FirstName="Sole" JobTitle="" LastName="Pruebas" MiddleName="" MobilePhone="" OtherPhone="" PersonID="" PersonInfoKey="2021111205145760313008" State="Región Metropolitana" Suffix="" Title="" ZipCode=""/>
  <PersonInfoBillTo AddressLine1="Avenida Providencia 1144, Providencia, Chile" AddressLine2="" AddressLine3="" AddressLine4="Providencia" AddressLine5="" AddressLine6="" AlternateEmailID="" Beeper="" City="Providencia" Company="" Country="CL" DayFaxNo="" DayPhone="" Department="" EMailID="correo@pruebas11.cl" EveningFaxNo="" EveningPhone="" FirstName="Sole" JobTitle="" LastName="Pruebas" MiddleName="" MobilePhone="" OtherPhone="" PersonID="" PersonInfoKey="2021111205095760312239" State="Región Metropolitana" Suffix="" Title="" ZipCode=""/>
  <AdditionalAddresses NumberOfAdditionalAddresses="0"/>
  <References>
    <Reference Name="MERCADOPAGO_PREFID" Value="488645542-a5c05724-9971-480e-ad86-a1b51b48ebaf"/>
    <Reference Name="BOLETA_ID" Value="14693402"/>
  </References>
  <PaymentMethods>
    <PaymentMethod CheckNo="" CheckReference="" CreditCardExpDate="102025" CreditCardName="Sole" CreditCardNo="371180" CreditCardType="AMEX" CustomerPONo="" DisplayCreditCardNo="7522" DisplayCustomerAccountNo="" DisplayPaymentReference1="" DisplaySvcNo="" FundsAvailable="0.00" GetFundsAvailableUserExitInvoked="N" PaymentReference1="" PaymentReference2="MPAGO_CREDIT" PaymentReference3="111111111" PaymentType="CREDIT_CARD"/>
  </PaymentMethods>
  <ChargeTransactionDetails AdditionalExpectedAuthorizations="0.00" TotalCredits="17660.00" TotalDebits="17660.00" TotalOpenAuthorizations="0.00" TotalOpenBookings="0.00" TotalTransferredIn="0.00" TotalTransferredOut="0.00">
    <ChargeTransactionDetail AuditTransactionID="" AuthorizationExpirationDate="2022-01-19T08:03:08+00:00" AuthorizationID="" BookAmount="0.00" ChargeTransactionKey="2022011908030868173806" ChargeType="CHARGE" CollectionDate="2022-01-19T08:03:08+00:00" CreditAmount="17660.00" DebitAmount="0.00" DistributedAmount="0.00" HoldAgainstBook="Y" OpenAuthorizedAmount="0.00" OrderHeaderKey="2022011908003168172864" OrderInvoiceKey="" PaymentKey="202201190888030868173805" RequestAmount="17660.00" SettledAmount="0.00" Status="CHECKED" TransactionDate="2022-01-19T08:03:13+00:00" TransferFromOhKey="" TransferToOhKey="" UserExitStatus="">
      <InvoiceCollectionDetails/>
      <CreditCardTransactions/>
      <TransferToOrder/>
      <TransferFromOrder/>
    </ChargeTransactionDetail>
    <ChargeTransactionDetail AuditTransactionID="" AuthorizationExpirationDate="2022-01-19T08:03:10+00:00" AuthorizationID="" BookAmount="17660.00" ChargeTransactionKey="2022011908031068173807" ChargeType="CREATE_ORDER" CollectionDate="2022-01-19T08:03:10+00:00" CreditAmount="0.00" DebitAmount="0.00" DistributedAmount="0.00" HoldAgainstBook="" OpenAuthorizedAmount="0.00" OrderHeaderKey="2022011908003168172864" OrderInvoiceKey="" PaymentKey="" RequestAmount="0.00" SettledAmount="0.00" Status="CHECKED" TransactionDate="2022-01-19T08:03:13+00:00" TransferFromOhKey="" TransferToOhKey="" UserExitStatus="">
      <InvoiceCollectionDetails/>
      <CreditCardTransactions/>
      <TransferToOrder/>
      <TransferFromOrder/>
    </ChargeTransactionDetail>
    <ChargeTransactionDetail AuditTransactionID="" AuthorizationExpirationDate="2022-01-19T08:04:22+00:00" AuthorizationID="" BookAmount="-17660.00" ChargeTransactionKey="2022011908042268173965" ChargeType="SHIPMENT" CollectionDate="2022-01-19T08:04:22+00:00" CreditAmount="0.00" DebitAmount="17660.00" DistributedAmount="0.00" HoldAgainstBook="" OpenAuthorizedAmount="0.00" OrderHeaderKey="2022011908003168172864" OrderInvoiceKey="202201190887042268173958" PaymentKey="" RequestAmount="0.00" SettledAmount="0.00" Status="OPEN" TransactionDate="2022-01-19T08:04:22+00:00" TransferFromOhKey="" TransferToOhKey="" UserExitStatus="">
      <InvoiceCollectionDetails/>
      <CreditCardTransactions/>
      <TransferToOrder/>
      <TransferFromOrder/>
    </ChargeTransactionDetail>
  </ChargeTransactionDetails>
  <ProductServiceAssocs/>
  <OverallTotals GrandCharges="2990.00" GrandDiscount="0.00" GrandTax="0.00" GrandTotal="17660.00" HdrCharges="2990.00" HdrDiscount="0.00" HdrTax="0.00" HdrTotal="2990.00" LineSubTotal="14670.00"/>
  <InvoicedTotals GrandCharges="2990.00" GrandDiscount="0.00" GrandTax="0.00" GrandTotal="17660.00" HdrCharges="2990.00" HdrDiscount="0.00" HdrTax="0.00" HdrTotal="2990.00" LineSubTotal="14670.00"/>
  <RemainingTotals GrandCharges="0.00" GrandDiscount="0.00" GrandTax="0.00" GrandTotal="0.00" HdrCharges="0.00" HdrDiscount="0.00" HdrTax="0.00" HdrTotal="0.00" LineSubTotal="0.00"/>
  <HeaderCharges>
    <HeaderCharge ChargeAmount="2990.00" ChargeCategory="SHIPPING" ChargeName="SHIPPING_CHARGE" ChargeNameKey="201911051207401838388" InvoicedChargeAmount="2990.00" IsBillable="Y" IsDiscount="N" Reference="" RemainingChargeAmount="0.00"/>
    <HeaderCharge ChargeAmount="0.00" ChargeCategory="DISCOUNT" ChargeName="SHIP_DISCOUNT" ChargeNameKey="201911051206481838382" InvoicedChargeAmount="0.00" IsBillable="Y" IsDiscount="Y" Reference="" RemainingChargeAmount="0.00"/>
  </HeaderCharges>
  <HeaderTaxes>
    <HeaderTax ChargeCategory="TAX" ChargeName="SHIPPING_TAX" ChargeNameKey="20200217045236576870517" InvoicedTax="477.00" Reference_1="" Reference_2="" Reference_3="" RemainingTax="0.00" Tax="477.00" TaxName="SHIPPING_TAX" TaxPercentage="0.00" TaxableFlag="N"/>
    <TaxSummary>
      <TaxSummaryDetail InvoicedTax="477.00" OverallTax="477.00" RemainingTax="0.00" TaxName="SHIPPING_TAX"/>
    </TaxSummary>
  </HeaderTaxes>
  <OrderStatuses>
    <OrderStatus OrderHeaderKey="2022011908003168172864" OrderLineKey="2022011908005968173409" OrderLineScheduleKey="202201190852012768173515" OrderReleaseKey="2022011908033668173837" OrderReleaseStatusKey="202201190822042468173979" PipelineKey="202004200522321016156546" ShipNode="466" Status="3700.2000" StatusDate="2022-01-19T08:04:24+00:00" StatusDescription="Delivered To Customer" StatusQty="2" TotalQuantity="2">
      <Details ExpectedDeliveryDate="2022-01-20T05:00:00+00:00" ExpectedShipmentDate="2022-01-20T05:00:00+00:00" TagNumber=""/>
    </OrderStatus>
    <OrderStatus OrderHeaderKey="2022011908003168172864" OrderLineKey="2022011908005968173410" OrderLineScheduleKey="202201190868012668173488" OrderReleaseKey="2022011908033668173837" OrderReleaseStatusKey="202201190884042468173980" PipelineKey="202004200522321016156546" ShipNode="466" Status="3700.2000" StatusDate="2022-01-19T08:04:25+00:00" StatusDescription="Delivered To Customer" StatusQty="1" TotalQuantity="1">
      <Details ExpectedDeliveryDate="2022-01-20T05:00:00+00:00" ExpectedShipmentDate="2022-01-20T05:00:00+00:00" TagNumber=""/>
    </OrderStatus>
  </OrderStatuses>
  <ExchangeOrders/>
</Order>

[INFO]-[2022-01-19 13:34:25.897]-[TestNG-test=OMS-1]-[onTestSuccess]-[TestListener.java:64]-Test successfully completed : TC04_COM_RegisteredUser_SFS_ML_OrderFulfillment[TestClass name=class com.perfaware.automation.oms.sterling.common.testcases.COM_RegisteredUser_SFS_OrderFulfillment]
]]></system-out>
  </testcase>
</testsuite>