<?xml version="1.0" encoding="UTF-8"?>
<!-- Generated by org.testng.reporters.JUnitReportReporter -->
<testsuite skipped="0" hostname="DESKTOP-FEJVQKG" name="com.perfaware.automation.oms.sterling.common.testcases.Testcases_COM_OrderCreation" tests="1" failures="0" timestamp="2021-11-27T23:39:13 IST" time="108.749" errors="0">
  <testcase name="TC01_COM_RegisteredUser_OrderCreation" time="108.749" classname="com.perfaware.automation.oms.sterling.common.testcases.Testcases_COM_OrderCreation"/>
  <system-out/>
</testsuite> <!-- com.perfaware.automation.oms.sterling.common.testcases.Testcases_COM_OrderCreation -->
