<?xml version="1.0" encoding="UTF-8"?>
<!-- Generated by org.testng.reporters.JUnitReportReporter -->
<testsuite skipped="2" hostname="DESKTOP-FEJVQKG" name="com.perfaware.automation.oms.sterling.common.testcases.COM_RegisteredUser_SFS_OrderFulfillment" tests="4" failures="0" timestamp="2022-01-18T23:57:47 IST" time="845.001" errors="0">
  <testcase name="TC03_COM_RegisteredUser_SFS_SL_OrderFulfillment" time="88.450" classname="com.perfaware.automation.oms.sterling.common.testcases.COM_RegisteredUser_SFS_OrderFulfillment">
    <skipped/>
  </testcase> <!-- TC03_COM_RegisteredUser_SFS_SL_OrderFulfillment -->
  <system-out/>
  <testcase name="TC04_COM_RegisteredUser_SFS_ML_OrderFulfillment" time="94.525" classname="com.perfaware.automation.oms.sterling.common.testcases.COM_RegisteredUser_SFS_OrderFulfillment">
    <skipped/>
  </testcase> <!-- TC04_COM_RegisteredUser_SFS_ML_OrderFulfillment -->
  <system-out/>
  <testcase name="TC04_COM_RegisteredUser_SFS_ML_OrderFulfillment" time="323.706" classname="com.perfaware.automation.oms.sterling.common.testcases.COM_RegisteredUser_SFS_OrderFulfillment"/>
  <system-out/>
  <testcase name="TC03_COM_RegisteredUser_SFS_SL_OrderFulfillment" time="338.320" classname="com.perfaware.automation.oms.sterling.common.testcases.COM_RegisteredUser_SFS_OrderFulfillment"/>
  <system-out/>
</testsuite> <!-- com.perfaware.automation.oms.sterling.common.testcases.COM_RegisteredUser_SFS_OrderFulfillment -->
