<?xml version="1.0" encoding="UTF-8"?>
<!-- Generated by org.testng.reporters.JUnitReportReporter -->
<testsuite skipped="0" hostname="DESKTOP-FEJVQKG" name="com.perfaware.automation.oms.sterling.common.testcases.OnlyForTesting" tests="1" failures="0" timestamp="2022-01-30T23:58:45 IST" time="22.068" errors="0">
  <testcase name="testApi" time="22.068" classname="com.perfaware.automation.oms.sterling.common.testcases.OnlyForTesting"/>
  <system-out/>
</testsuite> <!-- com.perfaware.automation.oms.sterling.common.testcases.OnlyForTesting -->
