<?xml version="1.0" encoding="UTF-8"?>
<!-- Generated by org.testng.reporters.JUnitReportReporter -->
<testsuite skipped="1" hostname="DESKTOP-FEJVQKG" name="com.perfaware.automation.oms.sterling.common.testcases.COM_OrderSearch" tests="2" failures="0" timestamp="2022-01-29T21:00:27 IST" time="185.121" errors="0">
  <testcase name="TC06_COM_CreateConsumer" time="92.651" classname="com.perfaware.automation.oms.sterling.common.testcases.COM_OrderSearch"/>
  <system-out/>
  <testcase name="TC06_COM_CreateConsumer" time="92.470" classname="com.perfaware.automation.oms.sterling.common.testcases.COM_OrderSearch">
    <skipped/>
  </testcase> <!-- TC06_COM_CreateConsumer -->
  <system-out/>
</testsuite> <!-- com.perfaware.automation.oms.sterling.common.testcases.COM_OrderSearch -->
