<?xml version="1.0" encoding="UTF-8"?>
<!-- Generated by org.testng.reporters.JUnitReportReporter -->
<testsuite skipped="0" hostname="DESKTOP-FEJVQKG" name="com.perfaware.automation.oms.sterling.common.testcases.XML_BOPIS_OrderFulfillment" tests="2" failures="0" timestamp="2022-01-31T12:53:15 IST" time="175.041" errors="0">
  <testcase name="TC02_XML_BOPIS_ML_OrderFulfillment" time="90.339" classname="com.perfaware.automation.oms.sterling.common.testcases.XML_BOPIS_OrderFulfillment"/>
  <system-out/>
  <testcase name="TC01_XML_BOPIS_SL_OrderFulfillment" time="84.702" classname="com.perfaware.automation.oms.sterling.common.testcases.XML_BOPIS_OrderFulfillment"/>
  <system-out/>
</testsuite> <!-- com.perfaware.automation.oms.sterling.common.testcases.XML_BOPIS_OrderFulfillment -->
