<?xml version="1.0" encoding="UTF-8"?>
<!-- Generated by org.testng.reporters.JUnitReportReporter -->
<testsuite skipped="2" hostname="DESKTOP-FEJVQKG" name="com.perfaware.automation.oms.sterling.common.testcases.COM_RegisteredUser_SFS_OrderFulfillment" tests="4" failures="0" timestamp="2022-01-21T12:25:14 IST" time="756.752" errors="0">
  <testcase name="TC05_COM_RegisteredUser_SFS_SL_OrderFulfillment" time="95.068" classname="com.perfaware.automation.oms.sterling.common.testcases.COM_RegisteredUser_SFS_OrderFulfillment">
    <skipped/>
  </testcase> <!-- TC05_COM_RegisteredUser_SFS_SL_OrderFulfillment -->
  <system-out/>
  <testcase name="TC03_COM_RegisteredUser_SFS_ML_OrderFulfillment" time="94.650" classname="com.perfaware.automation.oms.sterling.common.testcases.COM_RegisteredUser_SFS_OrderFulfillment">
    <skipped/>
  </testcase> <!-- TC03_COM_RegisteredUser_SFS_ML_OrderFulfillment -->
  <system-out/>
  <testcase name="TC03_COM_RegisteredUser_SFS_ML_OrderFulfillment" time="279.120" classname="com.perfaware.automation.oms.sterling.common.testcases.COM_RegisteredUser_SFS_OrderFulfillment"/>
  <system-out/>
  <testcase name="TC05_COM_RegisteredUser_SFS_SL_OrderFulfillment" time="287.914" classname="com.perfaware.automation.oms.sterling.common.testcases.COM_RegisteredUser_SFS_OrderFulfillment"/>
  <system-out/>
</testsuite> <!-- com.perfaware.automation.oms.sterling.common.testcases.COM_RegisteredUser_SFS_OrderFulfillment -->
