<?xml version="1.0" encoding="UTF-8"?>
<!-- Generated by org.testng.reporters.JUnitReportReporter -->
<testsuite skipped="0" hostname="DESKTOP-FEJVQKG" name="com.perfaware.automation.oms.sterling.common.testcases.COM_CustomerSearch" tests="1" failures="0" timestamp="2022-01-31T13:03:35 IST" time="89.853" errors="0">
  <testcase name="TC06_COM_CreateConsumer" time="89.853" classname="com.perfaware.automation.oms.sterling.common.testcases.COM_CustomerSearch"/>
  <system-out/>
</testsuite> <!-- com.perfaware.automation.oms.sterling.common.testcases.COM_CustomerSearch -->
