<?xml version="1.0" encoding="UTF-8"?>
<!-- Generated by org.testng.reporters.JUnitReportReporter -->
<testsuite skipped="0" hostname="DESKTOP-FEJVQKG" name="com.perfaware.automation.oms.sterling.common.testcases.Testcases_XML_BOPIS_OrderFulfillment" tests="2" failures="0" timestamp="2021-11-30T10:04:19 IST" time="99.789" errors="0">
  <testcase name="TC02_XML_BOPIS_ML_OrderFulfillment" time="44.038" classname="com.perfaware.automation.oms.sterling.common.testcases.Testcases_XML_BOPIS_OrderFulfillment"/>
  <system-out/>
  <testcase name="TC01_XML_BOPIS_SL_OrderFulfillment" time="55.751" classname="com.perfaware.automation.oms.sterling.common.testcases.Testcases_XML_BOPIS_OrderFulfillment"/>
  <system-out/>
</testsuite> <!-- com.perfaware.automation.oms.sterling.common.testcases.Testcases_XML_BOPIS_OrderFulfillment -->
