<?xml version="1.0" encoding="UTF-8"?>
<!-- Generated by org.testng.reporters.JUnitReportReporter -->
<testsuite skipped="0" hostname="DESKTOP-FEJVQKG" name="com.perfaware.automation.oms.sterling.common.testcases.RestAPI" tests="1" failures="0" timestamp="2021-11-29T01:04:58 IST" time="47.930" errors="0">
  <testcase name="TC01_create_schedule_release_Order" time="47.930" classname="com.perfaware.automation.oms.sterling.common.testcases.RestAPI"/>
  <system-out/>
</testsuite> <!-- com.perfaware.automation.oms.sterling.common.testcases.RestAPI -->
