<?xml version="1.0" encoding="UTF-8"?>
<!-- Generated by org.testng.reporters.JUnitReportReporter -->
<testsuite skipped="0" hostname="DESKTOP-TV3IFO6" name="com.perfaware.automation.oms.sterling.common.testcases.test" tests="1" failures="0" timestamp="2022-01-28T14:33:26 IST" time="13.591" errors="0">
  <testcase name="testApi" time="13.591" classname="com.perfaware.automation.oms.sterling.common.testcases.test"/>
  <system-out/>
</testsuite> <!-- com.perfaware.automation.oms.sterling.common.testcases.test -->
