<?xml version="1.0" encoding="UTF-8"?>
<!-- Generated by org.testng.reporters.JUnitReportReporter -->
<testsuite skipped="0" hostname="DESKTOP-FEJVQKG" name="com.perfaware.automation.oms.sterling.common.testcases.GenericOOBApis" tests="1" failures="0" timestamp="2022-01-27T08:50:28 IST" time="3.894" errors="0">
  <testcase name="TC01_XML_BOPIS_SL_OrderFulfillment" time="3.894" classname="com.perfaware.automation.oms.sterling.common.testcases.GenericOOBApis"/>
  <system-out/>
</testsuite> <!-- com.perfaware.automation.oms.sterling.common.testcases.GenericOOBApis -->
