<?xml version="1.0" encoding="UTF-8"?>
<!-- Generated by org.testng.reporters.JUnitReportReporter -->
<testsuite skipped="0" hostname="DESKTOP-FEJVQKG" name="com.perfaware.automation.oms.sterling.common.testcases.Testcases_COM_RegisteredUser_SFS_OrderFulfillment" tests="1" failures="0" timestamp="2021-11-30T10:04:19 IST" time="182.702" errors="0">
  <testcase name="TC01_COM_RegisteredUser_SFS_SL_OrderFulfillment" time="182.702" classname="com.perfaware.automation.oms.sterling.common.testcases.Testcases_COM_RegisteredUser_SFS_OrderFulfillment"/>
  <system-out/>
</testsuite> <!-- com.perfaware.automation.oms.sterling.common.testcases.Testcases_COM_RegisteredUser_SFS_OrderFulfillment -->
