<?xml version="1.0" encoding="UTF-8"?>
<!-- Generated by org.testng.reporters.JUnitReportReporter -->
<testsuite skipped="1" hostname="DESKTOP-FEJVQKG" name="com.perfaware.automation.oms.sterling.common.testcases.XML_BOPIS_OrderFulfillment" tests="3" failures="0" timestamp="2022-01-19T13:34:41 IST" time="170.561" errors="0">
  <testcase name="TC02_XML_BOPIS_ML_OrderFulfillment" time="62.622" classname="com.perfaware.automation.oms.sterling.common.testcases.XML_BOPIS_OrderFulfillment"/>
  <system-out/>
  <testcase name="TC01_XML_BOPIS_SL_OrderFulfillment" time="39.872" classname="com.perfaware.automation.oms.sterling.common.testcases.XML_BOPIS_OrderFulfillment"/>
  <system-out/>
  <testcase name="TC01_XML_BOPIS_SL_OrderFulfillment" time="68.067" classname="com.perfaware.automation.oms.sterling.common.testcases.XML_BOPIS_OrderFulfillment">
    <skipped/>
  </testcase> <!-- TC01_XML_BOPIS_SL_OrderFulfillment -->
  <system-out/>
</testsuite> <!-- com.perfaware.automation.oms.sterling.common.testcases.XML_BOPIS_OrderFulfillment -->
